<flow>
  <x>0.0</x>
  <y>0.0</y>
  <width>200.0</width>
  <height>150.0</height>
  <title>Node</title>
  <valueObject>
    <parentId>ROOT</parentId>
    <storage/>
  </valueObject>
  <vReq class="eu.mihosoft.vrl.workflow.VisualizationRequestImpl">
    <map class="com.sun.javafx.collections.ObservableMapWrapper">
      <backingMap/>
    </map>
  </vReq>
  <id>ROOT</id>
  <connectors/>
  <mainInputs/>
  <mainOutputs/>
  <connections>
    <connection>
      <id>0</id>
      <senderId>ROOT:1:c:1</senderId>
      <receiverId>ROOT:4:c:0</receiverId>
      <type>data</type>
      <vReq class="eu.mihosoft.vrl.workflow.VisualizationRequestImpl">
        <map class="com.sun.javafx.collections.ObservableMapWrapper">
          <backingMap/>
        </map>
      </vReq>
    </connection>
    <connection>
      <id>0</id>
      <senderId>ROOT:0:c:1</senderId>
      <receiverId>ROOT:3:c:0</receiverId>
      <type>control</type>
      <vReq class="eu.mihosoft.vrl.workflow.VisualizationRequestImpl">
        <map class="com.sun.javafx.collections.ObservableMapWrapper">
          <backingMap/>
        </map>
      </vReq>
    </connection>
  </connections>
  <nodes>
    <flow>
      <x>30.0</x>
      <y>30.0</y>
      <width>300.0</width>
      <height>200.0</height>
      <title>Node 0</title>
      <valueObject>
        <parentId>ROOT:0</parentId>
        <storage/>
      </valueObject>
      <vReq class="eu.mihosoft.vrl.workflow.VisualizationRequestImpl">
        <map class="com.sun.javafx.collections.ObservableMapWrapper">
          <backingMap/>
        </map>
      </vReq>
      <id>ROOT:0</id>
      <connectors>
        <connector>
          <type>control</type>
          <localId>0</localId>
          <input>true</input>
          <output>false</output>
          <passthru>false</passthru>
          <maxNumConnections>2147483647</maxNumConnections>
        </connector>
        <connector>
          <type>control</type>
          <localId>1</localId>
          <input>false</input>
          <output>true</output>
          <passthru>false</passthru>
          <maxNumConnections>2147483647</maxNumConnections>
        </connector>
      </connectors>
      <mainInputs/>
      <mainOutputs/>
      <connections>
        <connection>
          <id>0</id>
          <senderId>ROOT:0:1:c:1</senderId>
          <receiverId>ROOT:0:4:c:0</receiverId>
          <type>data</type>
          <vReq class="eu.mihosoft.vrl.workflow.VisualizationRequestImpl">
            <map class="com.sun.javafx.collections.ObservableMapWrapper">
              <backingMap/>
            </map>
          </vReq>
        </connection>
        <connection>
          <id>0</id>
          <senderId>ROOT:0:0:c:1</senderId>
          <receiverId>ROOT:0:3:c:0</receiverId>
          <type>control</type>
          <vReq class="eu.mihosoft.vrl.workflow.VisualizationRequestImpl">
            <map class="com.sun.javafx.collections.ObservableMapWrapper">
              <backingMap/>
            </map>
          </vReq>
        </connection>
      </connections>
      <nodes>
        <flow>
          <x>30.0</x>
          <y>30.0</y>
          <width>300.0</width>
          <height>200.0</height>
          <title>Node 0</title>
          <valueObject>
            <parentId>ROOT:0:0</parentId>
            <storage/>
          </valueObject>
          <vReq class="eu.mihosoft.vrl.workflow.VisualizationRequestImpl">
            <map class="com.sun.javafx.collections.ObservableMapWrapper">
              <backingMap/>
            </map>
          </vReq>
          <id>ROOT:0:0</id>
          <connectors>
            <connector>
              <type>control</type>
              <localId>0</localId>
              <input>true</input>
              <output>false</output>
              <passthru>false</passthru>
              <maxNumConnections>2147483647</maxNumConnections>
            </connector>
            <connector>
              <type>control</type>
              <localId>1</localId>
              <input>false</input>
              <output>true</output>
              <passthru>false</passthru>
              <maxNumConnections>2147483647</maxNumConnections>
            </connector>
          </connectors>
          <mainInputs/>
          <mainOutputs/>
          <connections>
            <connection>
              <id>0</id>
              <senderId>ROOT:0:0:1:c:1</senderId>
              <receiverId>ROOT:0:0:4:c:0</receiverId>
              <type>data</type>
              <vReq class="eu.mihosoft.vrl.workflow.VisualizationRequestImpl">
                <map class="com.sun.javafx.collections.ObservableMapWrapper">
                  <backingMap/>
                </map>
              </vReq>
            </connection>
            <connection>
              <id>0</id>
              <senderId>ROOT:0:0:0:c:1</senderId>
              <receiverId>ROOT:0:0:3:c:0</receiverId>
              <type>control</type>
              <vReq class="eu.mihosoft.vrl.workflow.VisualizationRequestImpl">
                <map class="com.sun.javafx.collections.ObservableMapWrapper">
                  <backingMap/>
                </map>
              </vReq>
            </connection>
          </connections>
          <nodes>
            <flow>
              <x>30.0</x>
              <y>30.0</y>
              <width>300.0</width>
              <height>200.0</height>
              <title>Node 0</title>
              <valueObject>
                <parentId>ROOT:0:0:0</parentId>
                <storage/>
              </valueObject>
              <vReq class="eu.mihosoft.vrl.workflow.VisualizationRequestImpl">
                <map class="com.sun.javafx.collections.ObservableMapWrapper">
                  <backingMap/>
                </map>
              </vReq>
              <id>ROOT:0:0:0</id>
              <connectors>
                <connector>
                  <type>control</type>
                  <localId>0</localId>
                  <input>true</input>
                  <output>false</output>
                  <passthru>false</passthru>
                  <maxNumConnections>2147483647</maxNumConnections>
                </connector>
                <connector>
                  <type>control</type>
                  <localId>1</localId>
                  <input>false</input>
                  <output>true</output>
                  <passthru>false</passthru>
                  <maxNumConnections>2147483647</maxNumConnections>
                </connector>
              </connectors>
              <mainInputs/>
              <mainOutputs/>
              <connections>
                <connection>
                  <id>0</id>
                  <senderId>ROOT:0:0:0:1:c:1</senderId>
                  <receiverId>ROOT:0:0:0:4:c:0</receiverId>
                  <type>data</type>
                  <vReq class="eu.mihosoft.vrl.workflow.VisualizationRequestImpl">
                    <map class="com.sun.javafx.collections.ObservableMapWrapper">
                      <backingMap/>
                    </map>
                  </vReq>
                </connection>
                <connection>
                  <id>0</id>
                  <senderId>ROOT:0:0:0:0:c:1</senderId>
                  <receiverId>ROOT:0:0:0:3:c:0</receiverId>
                  <type>control</type>
                  <vReq class="eu.mihosoft.vrl.workflow.VisualizationRequestImpl">
                    <map class="com.sun.javafx.collections.ObservableMapWrapper">
                      <backingMap/>
                    </map>
                  </vReq>
                </connection>
              </connections>
              <nodes>
                <flow>
                  <x>30.0</x>
                  <y>30.0</y>
                  <width>300.0</width>
                  <height>200.0</height>
                  <title>Node 0</title>
                  <valueObject>
                    <parentId>ROOT:0:0:0:0</parentId>
                    <storage/>
                  </valueObject>
                  <vReq class="eu.mihosoft.vrl.workflow.VisualizationRequestImpl">
                    <map class="com.sun.javafx.collections.ObservableMapWrapper">
                      <backingMap/>
                    </map>
                  </vReq>
                  <id>ROOT:0:0:0:0</id>
                  <connectors>
                    <connector>
                      <type>control</type>
                      <localId>0</localId>
                      <input>true</input>
                      <output>false</output>
                      <passthru>false</passthru>
                      <maxNumConnections>2147483647</maxNumConnections>
                    </connector>
                    <connector>
                      <type>control</type>
                      <localId>1</localId>
                      <input>false</input>
                      <output>true</output>
                      <passthru>false</passthru>
                      <maxNumConnections>2147483647</maxNumConnections>
                    </connector>
                  </connectors>
                  <mainInputs/>
                  <mainOutputs/>
                  <connections>
                    <connection>
                      <id>0</id>
                      <senderId>ROOT:0:0:0:0:1:c:1</senderId>
                      <receiverId>ROOT:0:0:0:0:4:c:0</receiverId>
                      <type>data</type>
                      <vReq class="eu.mihosoft.vrl.workflow.VisualizationRequestImpl">
                        <map class="com.sun.javafx.collections.ObservableMapWrapper">
                          <backingMap/>
                        </map>
                      </vReq>
                    </connection>
                    <connection>
                      <id>0</id>
                      <senderId>ROOT:0:0:0:0:0:c:1</senderId>
                      <receiverId>ROOT:0:0:0:0:3:c:0</receiverId>
                      <type>control</type>
                      <vReq class="eu.mihosoft.vrl.workflow.VisualizationRequestImpl">
                        <map class="com.sun.javafx.collections.ObservableMapWrapper">
                          <backingMap/>
                        </map>
                      </vReq>
                    </connection>
                  </connections>
                  <nodes>
                    <flow>
                      <x>30.0</x>
                      <y>30.0</y>
                      <width>300.0</width>
                      <height>200.0</height>
                      <title>Node 0</title>
                      <valueObject>
                        <parentId>ROOT:0:0:0:0:0</parentId>
                        <storage/>
                      </valueObject>
                      <vReq class="eu.mihosoft.vrl.workflow.VisualizationRequestImpl">
                        <map class="com.sun.javafx.collections.ObservableMapWrapper">
                          <backingMap/>
                        </map>
                      </vReq>
                      <id>ROOT:0:0:0:0:0</id>
                      <connectors>
                        <connector>
                          <type>control</type>
                          <localId>0</localId>
                          <input>true</input>
                          <output>false</output>
                          <passthru>false</passthru>
                          <maxNumConnections>2147483647</maxNumConnections>
                        </connector>
                        <connector>
                          <type>control</type>
                          <localId>1</localId>
                          <input>false</input>
                          <output>true</output>
                          <passthru>false</passthru>
                          <maxNumConnections>2147483647</maxNumConnections>
                        </connector>
                      </connectors>
                      <mainInputs/>
                      <mainOutputs/>
                      <connections/>
                      <nodes/>
                      <parent reference="../../.."/>
                      <visible>false</visible>
                    </flow>
                    <node>
                      <x>360.0</x>
                      <y>30.0</y>
                      <width>300.0</width>
                      <height>200.0</height>
                      <title>Node 1</title>
                      <valueObject>
                        <parentId>ROOT:0:0:0:0:1</parentId>
                        <storage/>
                      </valueObject>
                      <vReq class="eu.mihosoft.vrl.workflow.VisualizationRequestImpl">
                        <map class="com.sun.javafx.collections.ObservableMapWrapper">
                          <backingMap/>
                        </map>
                      </vReq>
                      <id>ROOT:0:0:0:0:1</id>
                      <connectors>
                        <connector>
                          <type>data</type>
                          <localId>0</localId>
                          <input>true</input>
                          <output>false</output>
                          <passthru>false</passthru>
                          <maxNumConnections>2147483647</maxNumConnections>
                        </connector>
                        <connector>
                          <type>data</type>
                          <localId>1</localId>
                          <input>false</input>
                          <output>true</output>
                          <passthru>false</passthru>
                          <maxNumConnections>2147483647</maxNumConnections>
                        </connector>
                      </connectors>
                      <mainInputs/>
                      <mainOutputs/>
                    </node>
                    <flow>
                      <x>690.0</x>
                      <y>30.0</y>
                      <width>300.0</width>
                      <height>200.0</height>
                      <title>Node 2</title>
                      <valueObject>
                        <parentId>ROOT:0:0:0:0:2</parentId>
                        <storage/>
                      </valueObject>
                      <vReq class="eu.mihosoft.vrl.workflow.VisualizationRequestImpl">
                        <map class="com.sun.javafx.collections.ObservableMapWrapper">
                          <backingMap/>
                        </map>
                      </vReq>
                      <id>ROOT:0:0:0:0:2</id>
                      <connectors>
                        <connector>
                          <type>event</type>
                          <localId>0</localId>
                          <input>true</input>
                          <output>false</output>
                          <passthru>false</passthru>
                          <maxNumConnections>2147483647</maxNumConnections>
                        </connector>
                        <connector>
                          <type>event</type>
                          <localId>1</localId>
                          <input>false</input>
                          <output>true</output>
                          <passthru>false</passthru>
                          <maxNumConnections>2147483647</maxNumConnections>
                        </connector>
                      </connectors>
                      <mainInputs/>
                      <mainOutputs/>
                      <connections/>
                      <nodes/>
                      <parent reference="../../.."/>
                      <visible>false</visible>
                    </flow>
                    <node>
                      <x>30.0</x>
                      <y>260.0</y>
                      <width>300.0</width>
                      <height>200.0</height>
                      <title>Node 3</title>
                      <valueObject>
                        <parentId>ROOT:0:0:0:0:3</parentId>
                        <storage/>
                      </valueObject>
                      <vReq class="eu.mihosoft.vrl.workflow.VisualizationRequestImpl">
                        <map class="com.sun.javafx.collections.ObservableMapWrapper">
                          <backingMap/>
                        </map>
                      </vReq>
                      <id>ROOT:0:0:0:0:3</id>
                      <connectors>
                        <connector>
                          <type>control</type>
                          <localId>0</localId>
                          <input>true</input>
                          <output>false</output>
                          <passthru>false</passthru>
                          <maxNumConnections>2147483647</maxNumConnections>
                        </connector>
                        <connector>
                          <type>control</type>
                          <localId>1</localId>
                          <input>false</input>
                          <output>true</output>
                          <passthru>false</passthru>
                          <maxNumConnections>2147483647</maxNumConnections>
                        </connector>
                      </connectors>
                      <mainInputs/>
                      <mainOutputs/>
                    </node>
                    <flow>
                      <x>360.0</x>
                      <y>260.0</y>
                      <width>300.0</width>
                      <height>200.0</height>
                      <title>Node 4</title>
                      <valueObject>
                        <parentId>ROOT:0:0:0:0:4</parentId>
                        <storage/>
                      </valueObject>
                      <vReq class="eu.mihosoft.vrl.workflow.VisualizationRequestImpl">
                        <map class="com.sun.javafx.collections.ObservableMapWrapper">
                          <backingMap/>
                        </map>
                      </vReq>
                      <id>ROOT:0:0:0:0:4</id>
                      <connectors>
                        <connector>
                          <type>data</type>
                          <localId>0</localId>
                          <input>true</input>
                          <output>false</output>
                          <passthru>false</passthru>
                          <maxNumConnections>2147483647</maxNumConnections>
                        </connector>
                        <connector>
                          <type>data</type>
                          <localId>1</localId>
                          <input>false</input>
                          <output>true</output>
                          <passthru>false</passthru>
                          <maxNumConnections>2147483647</maxNumConnections>
                        </connector>
                      </connectors>
                      <mainInputs/>
                      <mainOutputs/>
                      <connections/>
                      <nodes/>
                      <parent reference="../../.."/>
                      <visible>false</visible>
                    </flow>
                  </nodes>
                  <parent reference="../../.."/>
                  <visible>false</visible>
                </flow>
                <node>
                  <x>360.0</x>
                  <y>30.0</y>
                  <width>300.0</width>
                  <height>200.0</height>
                  <title>Node 1</title>
                  <valueObject>
                    <parentId>ROOT:0:0:0:1</parentId>
                    <storage/>
                  </valueObject>
                  <vReq class="eu.mihosoft.vrl.workflow.VisualizationRequestImpl">
                    <map class="com.sun.javafx.collections.ObservableMapWrapper">
                      <backingMap/>
                    </map>
                  </vReq>
                  <id>ROOT:0:0:0:1</id>
                  <connectors>
                    <connector>
                      <type>data</type>
                      <localId>0</localId>
                      <input>true</input>
                      <output>false</output>
                      <passthru>false</passthru>
                      <maxNumConnections>2147483647</maxNumConnections>
                    </connector>
                    <connector>
                      <type>data</type>
                      <localId>1</localId>
                      <input>false</input>
                      <output>true</output>
                      <passthru>false</passthru>
                      <maxNumConnections>2147483647</maxNumConnections>
                    </connector>
                  </connectors>
                  <mainInputs/>
                  <mainOutputs/>
                </node>
                <flow>
                  <x>690.0</x>
                  <y>30.0</y>
                  <width>300.0</width>
                  <height>200.0</height>
                  <title>Node 2</title>
                  <valueObject>
                    <parentId>ROOT:0:0:0:2</parentId>
                    <storage/>
                  </valueObject>
                  <vReq class="eu.mihosoft.vrl.workflow.VisualizationRequestImpl">
                    <map class="com.sun.javafx.collections.ObservableMapWrapper">
                      <backingMap/>
                    </map>
                  </vReq>
                  <id>ROOT:0:0:0:2</id>
                  <connectors>
                    <connector>
                      <type>event</type>
                      <localId>0</localId>
                      <input>true</input>
                      <output>false</output>
                      <passthru>false</passthru>
                      <maxNumConnections>2147483647</maxNumConnections>
                    </connector>
                    <connector>
                      <type>event</type>
                      <localId>1</localId>
                      <input>false</input>
                      <output>true</output>
                      <passthru>false</passthru>
                      <maxNumConnections>2147483647</maxNumConnections>
                    </connector>
                  </connectors>
                  <mainInputs/>
                  <mainOutputs/>
                  <connections>
                    <connection>
                      <id>0</id>
                      <senderId>ROOT:0:0:0:2:1:c:1</senderId>
                      <receiverId>ROOT:0:0:0:2:4:c:0</receiverId>
                      <type>data</type>
                      <vReq class="eu.mihosoft.vrl.workflow.VisualizationRequestImpl">
                        <map class="com.sun.javafx.collections.ObservableMapWrapper">
                          <backingMap/>
                        </map>
                      </vReq>
                    </connection>
                    <connection>
                      <id>0</id>
                      <senderId>ROOT:0:0:0:2:0:c:1</senderId>
                      <receiverId>ROOT:0:0:0:2:3:c:0</receiverId>
                      <type>control</type>
                      <vReq class="eu.mihosoft.vrl.workflow.VisualizationRequestImpl">
                        <map class="com.sun.javafx.collections.ObservableMapWrapper">
                          <backingMap/>
                        </map>
                      </vReq>
                    </connection>
                  </connections>
                  <nodes>
                    <flow>
                      <x>30.0</x>
                      <y>30.0</y>
                      <width>300.0</width>
                      <height>200.0</height>
                      <title>Node 0</title>
                      <valueObject>
                        <parentId>ROOT:0:0:0:2:0</parentId>
                        <storage/>
                      </valueObject>
                      <vReq class="eu.mihosoft.vrl.workflow.VisualizationRequestImpl">
                        <map class="com.sun.javafx.collections.ObservableMapWrapper">
                          <backingMap/>
                        </map>
                      </vReq>
                      <id>ROOT:0:0:0:2:0</id>
                      <connectors>
                        <connector>
                          <type>control</type>
                          <localId>0</localId>
                          <input>true</input>
                          <output>false</output>
                          <passthru>false</passthru>
                          <maxNumConnections>2147483647</maxNumConnections>
                        </connector>
                        <connector>
                          <type>control</type>
                          <localId>1</localId>
                          <input>false</input>
                          <output>true</output>
                          <passthru>false</passthru>
                          <maxNumConnections>2147483647</maxNumConnections>
                        </connector>
                      </connectors>
                      <mainInputs/>
                      <mainOutputs/>
                      <connections/>
                      <nodes/>
                      <parent reference="../../.."/>
                      <visible>false</visible>
                    </flow>
                    <node>
                      <x>360.0</x>
                      <y>30.0</y>
                      <width>300.0</width>
                      <height>200.0</height>
                      <title>Node 1</title>
                      <valueObject>
                        <parentId>ROOT:0:0:0:2:1</parentId>
                        <storage/>
                      </valueObject>
                      <vReq class="eu.mihosoft.vrl.workflow.VisualizationRequestImpl">
                        <map class="com.sun.javafx.collections.ObservableMapWrapper">
                          <backingMap/>
                        </map>
                      </vReq>
                      <id>ROOT:0:0:0:2:1</id>
                      <connectors>
                        <connector>
                          <type>data</type>
                          <localId>0</localId>
                          <input>true</input>
                          <output>false</output>
                          <passthru>false</passthru>
                          <maxNumConnections>2147483647</maxNumConnections>
                        </connector>
                        <connector>
                          <type>data</type>
                          <localId>1</localId>
                          <input>false</input>
                          <output>true</output>
                          <passthru>false</passthru>
                          <maxNumConnections>2147483647</maxNumConnections>
                        </connector>
                      </connectors>
                      <mainInputs/>
                      <mainOutputs/>
                    </node>
                    <flow>
                      <x>690.0</x>
                      <y>30.0</y>
                      <width>300.0</width>
                      <height>200.0</height>
                      <title>Node 2</title>
                      <valueObject>
                        <parentId>ROOT:0:0:0:2:2</parentId>
                        <storage/>
                      </valueObject>
                      <vReq class="eu.mihosoft.vrl.workflow.VisualizationRequestImpl">
                        <map class="com.sun.javafx.collections.ObservableMapWrapper">
                          <backingMap/>
                        </map>
                      </vReq>
                      <id>ROOT:0:0:0:2:2</id>
                      <connectors>
                        <connector>
                          <type>event</type>
                          <localId>0</localId>
                          <input>true</input>
                          <output>false</output>
                          <passthru>false</passthru>
                          <maxNumConnections>2147483647</maxNumConnections>
                        </connector>
                        <connector>
                          <type>event</type>
                          <localId>1</localId>
                          <input>false</input>
                          <output>true</output>
                          <passthru>false</passthru>
                          <maxNumConnections>2147483647</maxNumConnections>
                        </connector>
                      </connectors>
                      <mainInputs/>
                      <mainOutputs/>
                      <connections/>
                      <nodes/>
                      <parent reference="../../.."/>
                      <visible>false</visible>
                    </flow>
                    <node>
                      <x>30.0</x>
                      <y>260.0</y>
                      <width>300.0</width>
                      <height>200.0</height>
                      <title>Node 3</title>
                      <valueObject>
                        <parentId>ROOT:0:0:0:2:3</parentId>
                        <storage/>
                      </valueObject>
                      <vReq class="eu.mihosoft.vrl.workflow.VisualizationRequestImpl">
                        <map class="com.sun.javafx.collections.ObservableMapWrapper">
                          <backingMap/>
                        </map>
                      </vReq>
                      <id>ROOT:0:0:0:2:3</id>
                      <connectors>
                        <connector>
                          <type>control</type>
                          <localId>0</localId>
                          <input>true</input>
                          <output>false</output>
                          <passthru>false</passthru>
                          <maxNumConnections>2147483647</maxNumConnections>
                        </connector>
                        <connector>
                          <type>control</type>
                          <localId>1</localId>
                          <input>false</input>
                          <output>true</output>
                          <passthru>false</passthru>
                          <maxNumConnections>2147483647</maxNumConnections>
                        </connector>
                      </connectors>
                      <mainInputs/>
                      <mainOutputs/>
                    </node>
                    <flow>
                      <x>360.0</x>
                      <y>260.0</y>
                      <width>300.0</width>
                      <height>200.0</height>
                      <title>Node 4</title>
                      <valueObject>
                        <parentId>ROOT:0:0:0:2:4</parentId>
                        <storage/>
                      </valueObject>
                      <vReq class="eu.mihosoft.vrl.workflow.VisualizationRequestImpl">
                        <map class="com.sun.javafx.collections.ObservableMapWrapper">
                          <backingMap/>
                        </map>
                      </vReq>
                      <id>ROOT:0:0:0:2:4</id>
                      <connectors>
                        <connector>
                          <type>data</type>
                          <localId>0</localId>
                          <input>true</input>
                          <output>false</output>
                          <passthru>false</passthru>
                          <maxNumConnections>2147483647</maxNumConnections>
                        </connector>
                        <connector>
                          <type>data</type>
                          <localId>1</localId>
                          <input>false</input>
                          <output>true</output>
                          <passthru>false</passthru>
                          <maxNumConnections>2147483647</maxNumConnections>
                        </connector>
                      </connectors>
                      <mainInputs/>
                      <mainOutputs/>
                      <connections/>
                      <nodes/>
                      <parent reference="../../.."/>
                      <visible>false</visible>
                    </flow>
                  </nodes>
                  <parent reference="../../.."/>
                  <visible>false</visible>
                </flow>
                <node>
                  <x>30.0</x>
                  <y>260.0</y>
                  <width>300.0</width>
                  <height>200.0</height>
                  <title>Node 3</title>
                  <valueObject>
                    <parentId>ROOT:0:0:0:3</parentId>
                    <storage/>
                  </valueObject>
                  <vReq class="eu.mihosoft.vrl.workflow.VisualizationRequestImpl">
                    <map class="com.sun.javafx.collections.ObservableMapWrapper">
                      <backingMap/>
                    </map>
                  </vReq>
                  <id>ROOT:0:0:0:3</id>
                  <connectors>
                    <connector>
                      <type>control</type>
                      <localId>0</localId>
                      <input>true</input>
                      <output>false</output>
                      <passthru>false</passthru>
                      <maxNumConnections>2147483647</maxNumConnections>
                    </connector>
                    <connector>
                      <type>control</type>
                      <localId>1</localId>
                      <input>false</input>
                      <output>true</output>
                      <passthru>false</passthru>
                      <maxNumConnections>2147483647</maxNumConnections>
                    </connector>
                  </connectors>
                  <mainInputs/>
                  <mainOutputs/>
                </node>
                <flow>
                  <x>360.0</x>
                  <y>260.0</y>
                  <width>300.0</width>
                  <height>200.0</height>
                  <title>Node 4</title>
                  <valueObject>
                    <parentId>ROOT:0:0:0:4</parentId>
                    <storage/>
                  </valueObject>
                  <vReq class="eu.mihosoft.vrl.workflow.VisualizationRequestImpl">
                    <map class="com.sun.javafx.collections.ObservableMapWrapper">
                      <backingMap/>
                    </map>
                  </vReq>
                  <id>ROOT:0:0:0:4</id>
                  <connectors>
                    <connector>
                      <type>data</type>
                      <localId>0</localId>
                      <input>true</input>
                      <output>false</output>
                      <passthru>false</passthru>
                      <maxNumConnections>2147483647</maxNumConnections>
                    </connector>
                    <connector>
                      <type>data</type>
                      <localId>1</localId>
                      <input>false</input>
                      <output>true</output>
                      <passthru>false</passthru>
                      <maxNumConnections>2147483647</maxNumConnections>
                    </connector>
                  </connectors>
                  <mainInputs/>
                  <mainOutputs/>
                  <connections>
                    <connection>
                      <id>0</id>
                      <senderId>ROOT:0:0:0:4:1:c:1</senderId>
                      <receiverId>ROOT:0:0:0:4:4:c:0</receiverId>
                      <type>data</type>
                      <vReq class="eu.mihosoft.vrl.workflow.VisualizationRequestImpl">
                        <map class="com.sun.javafx.collections.ObservableMapWrapper">
                          <backingMap/>
                        </map>
                      </vReq>
                    </connection>
                    <connection>
                      <id>0</id>
                      <senderId>ROOT:0:0:0:4:0:c:1</senderId>
                      <receiverId>ROOT:0:0:0:4:3:c:0</receiverId>
                      <type>control</type>
                      <vReq class="eu.mihosoft.vrl.workflow.VisualizationRequestImpl">
                        <map class="com.sun.javafx.collections.ObservableMapWrapper">
                          <backingMap/>
                        </map>
                      </vReq>
                    </connection>
                  </connections>
                  <nodes>
                    <flow>
                      <x>30.0</x>
                      <y>30.0</y>
                      <width>300.0</width>
                      <height>200.0</height>
                      <title>Node 0</title>
                      <valueObject>
                        <parentId>ROOT:0:0:0:4:0</parentId>
                        <storage/>
                      </valueObject>
                      <vReq class="eu.mihosoft.vrl.workflow.VisualizationRequestImpl">
                        <map class="com.sun.javafx.collections.ObservableMapWrapper">
                          <backingMap/>
                        </map>
                      </vReq>
                      <id>ROOT:0:0:0:4:0</id>
                      <connectors>
                        <connector>
                          <type>control</type>
                          <localId>0</localId>
                          <input>true</input>
                          <output>false</output>
                          <passthru>false</passthru>
                          <maxNumConnections>2147483647</maxNumConnections>
                        </connector>
                        <connector>
                          <type>control</type>
                          <localId>1</localId>
                          <input>false</input>
                          <output>true</output>
                          <passthru>false</passthru>
                          <maxNumConnections>2147483647</maxNumConnections>
                        </connector>
                      </connectors>
                      <mainInputs/>
                      <mainOutputs/>
                      <connections/>
                      <nodes/>
                      <parent reference="../../.."/>
                      <visible>false</visible>
                    </flow>
                    <node>
                      <x>360.0</x>
                      <y>30.0</y>
                      <width>300.0</width>
                      <height>200.0</height>
                      <title>Node 1</title>
                      <valueObject>
                        <parentId>ROOT:0:0:0:4:1</parentId>
                        <storage/>
                      </valueObject>
                      <vReq class="eu.mihosoft.vrl.workflow.VisualizationRequestImpl">
                        <map class="com.sun.javafx.collections.ObservableMapWrapper">
                          <backingMap/>
                        </map>
                      </vReq>
                      <id>ROOT:0:0:0:4:1</id>
                      <connectors>
                        <connector>
                          <type>data</type>
                          <localId>0</localId>
                          <input>true</input>
                          <output>false</output>
                          <passthru>false</passthru>
                          <maxNumConnections>2147483647</maxNumConnections>
                        </connector>
                        <connector>
                          <type>data</type>
                          <localId>1</localId>
                          <input>false</input>
                          <output>true</output>
                          <passthru>false</passthru>
                          <maxNumConnections>2147483647</maxNumConnections>
                        </connector>
                      </connectors>
                      <mainInputs/>
                      <mainOutputs/>
                    </node>
                    <flow>
                      <x>690.0</x>
                      <y>30.0</y>
                      <width>300.0</width>
                      <height>200.0</height>
                      <title>Node 2</title>
                      <valueObject>
                        <parentId>ROOT:0:0:0:4:2</parentId>
                        <storage/>
                      </valueObject>
                      <vReq class="eu.mihosoft.vrl.workflow.VisualizationRequestImpl">
                        <map class="com.sun.javafx.collections.ObservableMapWrapper">
                          <backingMap/>
                        </map>
                      </vReq>
                      <id>ROOT:0:0:0:4:2</id>
                      <connectors>
                        <connector>
                          <type>event</type>
                          <localId>0</localId>
                          <input>true</input>
                          <output>false</output>
                          <passthru>false</passthru>
                          <maxNumConnections>2147483647</maxNumConnections>
                        </connector>
                        <connector>
                          <type>event</type>
                          <localId>1</localId>
                          <input>false</input>
                          <output>true</output>
                          <passthru>false</passthru>
                          <maxNumConnections>2147483647</maxNumConnections>
                        </connector>
                      </connectors>
                      <mainInputs/>
                      <mainOutputs/>
                      <connections/>
                      <nodes/>
                      <parent reference="../../.."/>
                      <visible>false</visible>
                    </flow>
                    <node>
                      <x>30.0</x>
                      <y>260.0</y>
                      <width>300.0</width>
                      <height>200.0</height>
                      <title>Node 3</title>
                      <valueObject>
                        <parentId>ROOT:0:0:0:4:3</parentId>
                        <storage/>
                      </valueObject>
                      <vReq class="eu.mihosoft.vrl.workflow.VisualizationRequestImpl">
                        <map class="com.sun.javafx.collections.ObservableMapWrapper">
                          <backingMap/>
                        </map>
                      </vReq>
                      <id>ROOT:0:0:0:4:3</id>
                      <connectors>
                        <connector>
                          <type>control</type>
                          <localId>0</localId>
                          <input>true</input>
                          <output>false</output>
                          <passthru>false</passthru>
                          <maxNumConnections>2147483647</maxNumConnections>
                        </connector>
                        <connector>
                          <type>control</type>
                          <localId>1</localId>
                          <input>false</input>
                          <output>true</output>
                          <passthru>false</passthru>
                          <maxNumConnections>2147483647</maxNumConnections>
                        </connector>
                      </connectors>
                      <mainInputs/>
                      <mainOutputs/>
                    </node>
                    <flow>
                      <x>360.0</x>
                      <y>260.0</y>
                      <width>300.0</width>
                      <height>200.0</height>
                      <title>Node 4</title>
                      <valueObject>
                        <parentId>ROOT:0:0:0:4:4</parentId>
                        <storage/>
                      </valueObject>
                      <vReq class="eu.mihosoft.vrl.workflow.VisualizationRequestImpl">
                        <map class="com.sun.javafx.collections.ObservableMapWrapper">
                          <backingMap/>
                        </map>
                      </vReq>
                      <id>ROOT:0:0:0:4:4</id>
                      <connectors>
                        <connector>
                          <type>data</type>
                          <localId>0</localId>
                          <input>true</input>
                          <output>false</output>
                          <passthru>false</passthru>
                          <maxNumConnections>2147483647</maxNumConnections>
                        </connector>
                        <connector>
                          <type>data</type>
                          <localId>1</localId>
                          <input>false</input>
                          <output>true</output>
                          <passthru>false</passthru>
                          <maxNumConnections>2147483647</maxNumConnections>
                        </connector>
                      </connectors>
                      <mainInputs/>
                      <mainOutputs/>
                      <connections/>
                      <nodes/>
                      <parent reference="../../.."/>
                      <visible>false</visible>
                    </flow>
                  </nodes>
                  <parent reference="../../.."/>
                  <visible>false</visible>
                </flow>
              </nodes>
              <parent reference="../../.."/>
              <visible>false</visible>
            </flow>
            <node>
              <x>360.0</x>
              <y>30.0</y>
              <width>300.0</width>
              <height>200.0</height>
              <title>Node 1</title>
              <valueObject>
                <parentId>ROOT:0:0:1</parentId>
                <storage/>
              </valueObject>
              <vReq class="eu.mihosoft.vrl.workflow.VisualizationRequestImpl">
                <map class="com.sun.javafx.collections.ObservableMapWrapper">
                  <backingMap/>
                </map>
              </vReq>
              <id>ROOT:0:0:1</id>
              <connectors>
                <connector>
                  <type>data</type>
                  <localId>0</localId>
                  <input>true</input>
                  <output>false</output>
                  <passthru>false</passthru>
                  <maxNumConnections>2147483647</maxNumConnections>
                </connector>
                <connector>
                  <type>data</type>
                  <localId>1</localId>
                  <input>false</input>
                  <output>true</output>
                  <passthru>false</passthru>
                  <maxNumConnections>2147483647</maxNumConnections>
                </connector>
              </connectors>
              <mainInputs/>
              <mainOutputs/>
            </node>
            <flow>
              <x>690.0</x>
              <y>30.0</y>
              <width>300.0</width>
              <height>200.0</height>
              <title>Node 2</title>
              <valueObject>
                <parentId>ROOT:0:0:2</parentId>
                <storage/>
              </valueObject>
              <vReq class="eu.mihosoft.vrl.workflow.VisualizationRequestImpl">
                <map class="com.sun.javafx.collections.ObservableMapWrapper">
                  <backingMap/>
                </map>
              </vReq>
              <id>ROOT:0:0:2</id>
              <connectors>
                <connector>
                  <type>event</type>
                  <localId>0</localId>
                  <input>true</input>
                  <output>false</output>
                  <passthru>false</passthru>
                  <maxNumConnections>2147483647</maxNumConnections>
                </connector>
                <connector>
                  <type>event</type>
                  <localId>1</localId>
                  <input>false</input>
                  <output>true</output>
                  <passthru>false</passthru>
                  <maxNumConnections>2147483647</maxNumConnections>
                </connector>
              </connectors>
              <mainInputs/>
              <mainOutputs/>
              <connections>
                <connection>
                  <id>0</id>
                  <senderId>ROOT:0:0:2:1:c:1</senderId>
                  <receiverId>ROOT:0:0:2:4:c:0</receiverId>
                  <type>data</type>
                  <vReq class="eu.mihosoft.vrl.workflow.VisualizationRequestImpl">
                    <map class="com.sun.javafx.collections.ObservableMapWrapper">
                      <backingMap/>
                    </map>
                  </vReq>
                </connection>
                <connection>
                  <id>0</id>
                  <senderId>ROOT:0:0:2:0:c:1</senderId>
                  <receiverId>ROOT:0:0:2:3:c:0</receiverId>
                  <type>control</type>
                  <vReq class="eu.mihosoft.vrl.workflow.VisualizationRequestImpl">
                    <map class="com.sun.javafx.collections.ObservableMapWrapper">
                      <backingMap/>
                    </map>
                  </vReq>
                </connection>
              </connections>
              <nodes>
                <flow>
                  <x>30.0</x>
                  <y>30.0</y>
                  <width>300.0</width>
                  <height>200.0</height>
                  <title>Node 0</title>
                  <valueObject>
                    <parentId>ROOT:0:0:2:0</parentId>
                    <storage/>
                  </valueObject>
                  <vReq class="eu.mihosoft.vrl.workflow.VisualizationRequestImpl">
                    <map class="com.sun.javafx.collections.ObservableMapWrapper">
                      <backingMap/>
                    </map>
                  </vReq>
                  <id>ROOT:0:0:2:0</id>
                  <connectors>
                    <connector>
                      <type>control</type>
                      <localId>0</localId>
                      <input>true</input>
                      <output>false</output>
                      <passthru>false</passthru>
                      <maxNumConnections>2147483647</maxNumConnections>
                    </connector>
                    <connector>
                      <type>control</type>
                      <localId>1</localId>
                      <input>false</input>
                      <output>true</output>
                      <passthru>false</passthru>
                      <maxNumConnections>2147483647</maxNumConnections>
                    </connector>
                  </connectors>
                  <mainInputs/>
                  <mainOutputs/>
                  <connections>
                    <connection>
                      <id>0</id>
                      <senderId>ROOT:0:0:2:0:1:c:1</senderId>
                      <receiverId>ROOT:0:0:2:0:4:c:0</receiverId>
                      <type>data</type>
                      <vReq class="eu.mihosoft.vrl.workflow.VisualizationRequestImpl">
                        <map class="com.sun.javafx.collections.ObservableMapWrapper">
                          <backingMap/>
                        </map>
                      </vReq>
                    </connection>
                    <connection>
                      <id>0</id>
                      <senderId>ROOT:0:0:2:0:0:c:1</senderId>
                      <receiverId>ROOT:0:0:2:0:3:c:0</receiverId>
                      <type>control</type>
                      <vReq class="eu.mihosoft.vrl.workflow.VisualizationRequestImpl">
                        <map class="com.sun.javafx.collections.ObservableMapWrapper">
                          <backingMap/>
                        </map>
                      </vReq>
                    </connection>
                  </connections>
                  <nodes>
                    <flow>
                      <x>30.0</x>
                      <y>30.0</y>
                      <width>300.0</width>
                      <height>200.0</height>
                      <title>Node 0</title>
                      <valueObject>
                        <parentId>ROOT:0:0:2:0:0</parentId>
                        <storage/>
                      </valueObject>
                      <vReq class="eu.mihosoft.vrl.workflow.VisualizationRequestImpl">
                        <map class="com.sun.javafx.collections.ObservableMapWrapper">
                          <backingMap/>
                        </map>
                      </vReq>
                      <id>ROOT:0:0:2:0:0</id>
                      <connectors>
                        <connector>
                          <type>control</type>
                          <localId>0</localId>
                          <input>true</input>
                          <output>false</output>
                          <passthru>false</passthru>
                          <maxNumConnections>2147483647</maxNumConnections>
                        </connector>
                        <connector>
                          <type>control</type>
                          <localId>1</localId>
                          <input>false</input>
                          <output>true</output>
                          <passthru>false</passthru>
                          <maxNumConnections>2147483647</maxNumConnections>
                        </connector>
                      </connectors>
                      <mainInputs/>
                      <mainOutputs/>
                      <connections/>
                      <nodes/>
                      <parent reference="../../.."/>
                      <visible>false</visible>
                    </flow>
                    <node>
                      <x>360.0</x>
                      <y>30.0</y>
                      <width>300.0</width>
                      <height>200.0</height>
                      <title>Node 1</title>
                      <valueObject>
                        <parentId>ROOT:0:0:2:0:1</parentId>
                        <storage/>
                      </valueObject>
                      <vReq class="eu.mihosoft.vrl.workflow.VisualizationRequestImpl">
                        <map class="com.sun.javafx.collections.ObservableMapWrapper">
                          <backingMap/>
                        </map>
                      </vReq>
                      <id>ROOT:0:0:2:0:1</id>
                      <connectors>
                        <connector>
                          <type>data</type>
                          <localId>0</localId>
                          <input>true</input>
                          <output>false</output>
                          <passthru>false</passthru>
                          <maxNumConnections>2147483647</maxNumConnections>
                        </connector>
                        <connector>
                          <type>data</type>
                          <localId>1</localId>
                          <input>false</input>
                          <output>true</output>
                          <passthru>false</passthru>
                          <maxNumConnections>2147483647</maxNumConnections>
                        </connector>
                      </connectors>
                      <mainInputs/>
                      <mainOutputs/>
                    </node>
                    <flow>
                      <x>690.0</x>
                      <y>30.0</y>
                      <width>300.0</width>
                      <height>200.0</height>
                      <title>Node 2</title>
                      <valueObject>
                        <parentId>ROOT:0:0:2:0:2</parentId>
                        <storage/>
                      </valueObject>
                      <vReq class="eu.mihosoft.vrl.workflow.VisualizationRequestImpl">
                        <map class="com.sun.javafx.collections.ObservableMapWrapper">
                          <backingMap/>
                        </map>
                      </vReq>
                      <id>ROOT:0:0:2:0:2</id>
                      <connectors>
                        <connector>
                          <type>event</type>
                          <localId>0</localId>
                          <input>true</input>
                          <output>false</output>
                          <passthru>false</passthru>
                          <maxNumConnections>2147483647</maxNumConnections>
                        </connector>
                        <connector>
                          <type>event</type>
                          <localId>1</localId>
                          <input>false</input>
                          <output>true</output>
                          <passthru>false</passthru>
                          <maxNumConnections>2147483647</maxNumConnections>
                        </connector>
                      </connectors>
                      <mainInputs/>
                      <mainOutputs/>
                      <connections/>
                      <nodes/>
                      <parent reference="../../.."/>
                      <visible>false</visible>
                    </flow>
                    <node>
                      <x>30.0</x>
                      <y>260.0</y>
                      <width>300.0</width>
                      <height>200.0</height>
                      <title>Node 3</title>
                      <valueObject>
                        <parentId>ROOT:0:0:2:0:3</parentId>
                        <storage/>
                      </valueObject>
                      <vReq class="eu.mihosoft.vrl.workflow.VisualizationRequestImpl">
                        <map class="com.sun.javafx.collections.ObservableMapWrapper">
                          <backingMap/>
                        </map>
                      </vReq>
                      <id>ROOT:0:0:2:0:3</id>
                      <connectors>
                        <connector>
                          <type>control</type>
                          <localId>0</localId>
                          <input>true</input>
                          <output>false</output>
                          <passthru>false</passthru>
                          <maxNumConnections>2147483647</maxNumConnections>
                        </connector>
                        <connector>
                          <type>control</type>
                          <localId>1</localId>
                          <input>false</input>
                          <output>true</output>
                          <passthru>false</passthru>
                          <maxNumConnections>2147483647</maxNumConnections>
                        </connector>
                      </connectors>
                      <mainInputs/>
                      <mainOutputs/>
                    </node>
                    <flow>
                      <x>360.0</x>
                      <y>260.0</y>
                      <width>300.0</width>
                      <height>200.0</height>
                      <title>Node 4</title>
                      <valueObject>
                        <parentId>ROOT:0:0:2:0:4</parentId>
                        <storage/>
                      </valueObject>
                      <vReq class="eu.mihosoft.vrl.workflow.VisualizationRequestImpl">
                        <map class="com.sun.javafx.collections.ObservableMapWrapper">
                          <backingMap/>
                        </map>
                      </vReq>
                      <id>ROOT:0:0:2:0:4</id>
                      <connectors>
                        <connector>
                          <type>data</type>
                          <localId>0</localId>
                          <input>true</input>
                          <output>false</output>
                          <passthru>false</passthru>
                          <maxNumConnections>2147483647</maxNumConnections>
                        </connector>
                        <connector>
                          <type>data</type>
                          <localId>1</localId>
                          <input>false</input>
                          <output>true</output>
                          <passthru>false</passthru>
                          <maxNumConnections>2147483647</maxNumConnections>
                        </connector>
                      </connectors>
                      <mainInputs/>
                      <mainOutputs/>
                      <connections/>
                      <nodes/>
                      <parent reference="../../.."/>
                      <visible>false</visible>
                    </flow>
                  </nodes>
                  <parent reference="../../.."/>
                  <visible>false</visible>
                </flow>
                <node>
                  <x>360.0</x>
                  <y>30.0</y>
                  <width>300.0</width>
                  <height>200.0</height>
                  <title>Node 1</title>
                  <valueObject>
                    <parentId>ROOT:0:0:2:1</parentId>
                    <storage/>
                  </valueObject>
                  <vReq class="eu.mihosoft.vrl.workflow.VisualizationRequestImpl">
                    <map class="com.sun.javafx.collections.ObservableMapWrapper">
                      <backingMap/>
                    </map>
                  </vReq>
                  <id>ROOT:0:0:2:1</id>
                  <connectors>
                    <connector>
                      <type>data</type>
                      <localId>0</localId>
                      <input>true</input>
                      <output>false</output>
                      <passthru>false</passthru>
                      <maxNumConnections>2147483647</maxNumConnections>
                    </connector>
                    <connector>
                      <type>data</type>
                      <localId>1</localId>
                      <input>false</input>
                      <output>true</output>
                      <passthru>false</passthru>
                      <maxNumConnections>2147483647</maxNumConnections>
                    </connector>
                  </connectors>
                  <mainInputs/>
                  <mainOutputs/>
                </node>
                <flow>
                  <x>690.0</x>
                  <y>30.0</y>
                  <width>300.0</width>
                  <height>200.0</height>
                  <title>Node 2</title>
                  <valueObject>
                    <parentId>ROOT:0:0:2:2</parentId>
                    <storage/>
                  </valueObject>
                  <vReq class="eu.mihosoft.vrl.workflow.VisualizationRequestImpl">
                    <map class="com.sun.javafx.collections.ObservableMapWrapper">
                      <backingMap/>
                    </map>
                  </vReq>
                  <id>ROOT:0:0:2:2</id>
                  <connectors>
                    <connector>
                      <type>event</type>
                      <localId>0</localId>
                      <input>true</input>
                      <output>false</output>
                      <passthru>false</passthru>
                      <maxNumConnections>2147483647</maxNumConnections>
                    </connector>
                    <connector>
                      <type>event</type>
                      <localId>1</localId>
                      <input>false</input>
                      <output>true</output>
                      <passthru>false</passthru>
                      <maxNumConnections>2147483647</maxNumConnections>
                    </connector>
                  </connectors>
                  <mainInputs/>
                  <mainOutputs/>
                  <connections>
                    <connection>
                      <id>0</id>
                      <senderId>ROOT:0:0:2:2:1:c:1</senderId>
                      <receiverId>ROOT:0:0:2:2:4:c:0</receiverId>
                      <type>data</type>
                      <vReq class="eu.mihosoft.vrl.workflow.VisualizationRequestImpl">
                        <map class="com.sun.javafx.collections.ObservableMapWrapper">
                          <backingMap/>
                        </map>
                      </vReq>
                    </connection>
                    <connection>
                      <id>0</id>
                      <senderId>ROOT:0:0:2:2:0:c:1</senderId>
                      <receiverId>ROOT:0:0:2:2:3:c:0</receiverId>
                      <type>control</type>
                      <vReq class="eu.mihosoft.vrl.workflow.VisualizationRequestImpl">
                        <map class="com.sun.javafx.collections.ObservableMapWrapper">
                          <backingMap/>
                        </map>
                      </vReq>
                    </connection>
                  </connections>
                  <nodes>
                    <flow>
                      <x>30.0</x>
                      <y>30.0</y>
                      <width>300.0</width>
                      <height>200.0</height>
                      <title>Node 0</title>
                      <valueObject>
                        <parentId>ROOT:0:0:2:2:0</parentId>
                        <storage/>
                      </valueObject>
                      <vReq class="eu.mihosoft.vrl.workflow.VisualizationRequestImpl">
                        <map class="com.sun.javafx.collections.ObservableMapWrapper">
                          <backingMap/>
                        </map>
                      </vReq>
                      <id>ROOT:0:0:2:2:0</id>
                      <connectors>
                        <connector>
                          <type>control</type>
                          <localId>0</localId>
                          <input>true</input>
                          <output>false</output>
                          <passthru>false</passthru>
                          <maxNumConnections>2147483647</maxNumConnections>
                        </connector>
                        <connector>
                          <type>control</type>
                          <localId>1</localId>
                          <input>false</input>
                          <output>true</output>
                          <passthru>false</passthru>
                          <maxNumConnections>2147483647</maxNumConnections>
                        </connector>
                      </connectors>
                      <mainInputs/>
                      <mainOutputs/>
                      <connections/>
                      <nodes/>
                      <parent reference="../../.."/>
                      <visible>false</visible>
                    </flow>
                    <node>
                      <x>360.0</x>
                      <y>30.0</y>
                      <width>300.0</width>
                      <height>200.0</height>
                      <title>Node 1</title>
                      <valueObject>
                        <parentId>ROOT:0:0:2:2:1</parentId>
                        <storage/>
                      </valueObject>
                      <vReq class="eu.mihosoft.vrl.workflow.VisualizationRequestImpl">
                        <map class="com.sun.javafx.collections.ObservableMapWrapper">
                          <backingMap/>
                        </map>
                      </vReq>
                      <id>ROOT:0:0:2:2:1</id>
                      <connectors>
                        <connector>
                          <type>data</type>
                          <localId>0</localId>
                          <input>true</input>
                          <output>false</output>
                          <passthru>false</passthru>
                          <maxNumConnections>2147483647</maxNumConnections>
                        </connector>
                        <connector>
                          <type>data</type>
                          <localId>1</localId>
                          <input>false</input>
                          <output>true</output>
                          <passthru>false</passthru>
                          <maxNumConnections>2147483647</maxNumConnections>
                        </connector>
                      </connectors>
                      <mainInputs/>
                      <mainOutputs/>
                    </node>
                    <flow>
                      <x>690.0</x>
                      <y>30.0</y>
                      <width>300.0</width>
                      <height>200.0</height>
                      <title>Node 2</title>
                      <valueObject>
                        <parentId>ROOT:0:0:2:2:2</parentId>
                        <storage/>
                      </valueObject>
                      <vReq class="eu.mihosoft.vrl.workflow.VisualizationRequestImpl">
                        <map class="com.sun.javafx.collections.ObservableMapWrapper">
                          <backingMap/>
                        </map>
                      </vReq>
                      <id>ROOT:0:0:2:2:2</id>
                      <connectors>
                        <connector>
                          <type>event</type>
                          <localId>0</localId>
                          <input>true</input>
                          <output>false</output>
                          <passthru>false</passthru>
                          <maxNumConnections>2147483647</maxNumConnections>
                        </connector>
                        <connector>
                          <type>event</type>
                          <localId>1</localId>
                          <input>false</input>
                          <output>true</output>
                          <passthru>false</passthru>
                          <maxNumConnections>2147483647</maxNumConnections>
                        </connector>
                      </connectors>
                      <mainInputs/>
                      <mainOutputs/>
                      <connections/>
                      <nodes/>
                      <parent reference="../../.."/>
                      <visible>false</visible>
                    </flow>
                    <node>
                      <x>30.0</x>
                      <y>260.0</y>
                      <width>300.0</width>
                      <height>200.0</height>
                      <title>Node 3</title>
                      <valueObject>
                        <parentId>ROOT:0:0:2:2:3</parentId>
                        <storage/>
                      </valueObject>
                      <vReq class="eu.mihosoft.vrl.workflow.VisualizationRequestImpl">
                        <map class="com.sun.javafx.collections.ObservableMapWrapper">
                          <backingMap/>
                        </map>
                      </vReq>
                      <id>ROOT:0:0:2:2:3</id>
                      <connectors>
                        <connector>
                          <type>control</type>
                          <localId>0</localId>
                          <input>true</input>
                          <output>false</output>
                          <passthru>false</passthru>
                          <maxNumConnections>2147483647</maxNumConnections>
                        </connector>
                        <connector>
                          <type>control</type>
                          <localId>1</localId>
                          <input>false</input>
                          <output>true</output>
                          <passthru>false</passthru>
                          <maxNumConnections>2147483647</maxNumConnections>
                        </connector>
                      </connectors>
                      <mainInputs/>
                      <mainOutputs/>
                    </node>
                    <flow>
                      <x>360.0</x>
                      <y>260.0</y>
                      <width>300.0</width>
                      <height>200.0</height>
                      <title>Node 4</title>
                      <valueObject>
                        <parentId>ROOT:0:0:2:2:4</parentId>
                        <storage/>
                      </valueObject>
                      <vReq class="eu.mihosoft.vrl.workflow.VisualizationRequestImpl">
                        <map class="com.sun.javafx.collections.ObservableMapWrapper">
                          <backingMap/>
                        </map>
                      </vReq>
                      <id>ROOT:0:0:2:2:4</id>
                      <connectors>
                        <connector>
                          <type>data</type>
                          <localId>0</localId>
                          <input>true</input>
                          <output>false</output>
                          <passthru>false</passthru>
                          <maxNumConnections>2147483647</maxNumConnections>
                        </connector>
                        <connector>
                          <type>data</type>
                          <localId>1</localId>
                          <input>false</input>
                          <output>true</output>
                          <passthru>false</passthru>
                          <maxNumConnections>2147483647</maxNumConnections>
                        </connector>
                      </connectors>
                      <mainInputs/>
                      <mainOutputs/>
                      <connections/>
                      <nodes/>
                      <parent reference="../../.."/>
                      <visible>false</visible>
                    </flow>
                  </nodes>
                  <parent reference="../../.."/>
                  <visible>false</visible>
                </flow>
                <node>
                  <x>30.0</x>
                  <y>260.0</y>
                  <width>300.0</width>
                  <height>200.0</height>
                  <title>Node 3</title>
                  <valueObject>
                    <parentId>ROOT:0:0:2:3</parentId>
                    <storage/>
                  </valueObject>
                  <vReq class="eu.mihosoft.vrl.workflow.VisualizationRequestImpl">
                    <map class="com.sun.javafx.collections.ObservableMapWrapper">
                      <backingMap/>
                    </map>
                  </vReq>
                  <id>ROOT:0:0:2:3</id>
                  <connectors>
                    <connector>
                      <type>control</type>
                      <localId>0</localId>
                      <input>true</input>
                      <output>false</output>
                      <passthru>false</passthru>
                      <maxNumConnections>2147483647</maxNumConnections>
                    </connector>
                    <connector>
                      <type>control</type>
                      <localId>1</localId>
                      <input>false</input>
                      <output>true</output>
                      <passthru>false</passthru>
                      <maxNumConnections>2147483647</maxNumConnections>
                    </connector>
                  </connectors>
                  <mainInputs/>
                  <mainOutputs/>
                </node>
                <flow>
                  <x>360.0</x>
                  <y>260.0</y>
                  <width>300.0</width>
                  <height>200.0</height>
                  <title>Node 4</title>
                  <valueObject>
                    <parentId>ROOT:0:0:2:4</parentId>
                    <storage/>
                  </valueObject>
                  <vReq class="eu.mihosoft.vrl.workflow.VisualizationRequestImpl">
                    <map class="com.sun.javafx.collections.ObservableMapWrapper">
                      <backingMap/>
                    </map>
                  </vReq>
                  <id>ROOT:0:0:2:4</id>
                  <connectors>
                    <connector>
                      <type>data</type>
                      <localId>0</localId>
                      <input>true</input>
                      <output>false</output>
                      <passthru>false</passthru>
                      <maxNumConnections>2147483647</maxNumConnections>
                    </connector>
                    <connector>
                      <type>data</type>
                      <localId>1</localId>
                      <input>false</input>
                      <output>true</output>
                      <passthru>false</passthru>
                      <maxNumConnections>2147483647</maxNumConnections>
                    </connector>
                  </connectors>
                  <mainInputs/>
                  <mainOutputs/>
                  <connections>
                    <connection>
                      <id>0</id>
                      <senderId>ROOT:0:0:2:4:1:c:1</senderId>
                      <receiverId>ROOT:0:0:2:4:4:c:0</receiverId>
                      <type>data</type>
                      <vReq class="eu.mihosoft.vrl.workflow.VisualizationRequestImpl">
                        <map class="com.sun.javafx.collections.ObservableMapWrapper">
                          <backingMap/>
                        </map>
                      </vReq>
                    </connection>
                    <connection>
                      <id>0</id>
                      <senderId>ROOT:0:0:2:4:0:c:1</senderId>
                      <receiverId>ROOT:0:0:2:4:3:c:0</receiverId>
                      <type>control</type>
                      <vReq class="eu.mihosoft.vrl.workflow.VisualizationRequestImpl">
                        <map class="com.sun.javafx.collections.ObservableMapWrapper">
                          <backingMap/>
                        </map>
                      </vReq>
                    </connection>
                  </connections>
                  <nodes>
                    <flow>
                      <x>30.0</x>
                      <y>30.0</y>
                      <width>300.0</width>
                      <height>200.0</height>
                      <title>Node 0</title>
                      <valueObject>
                        <parentId>ROOT:0:0:2:4:0</parentId>
                        <storage/>
                      </valueObject>
                      <vReq class="eu.mihosoft.vrl.workflow.VisualizationRequestImpl">
                        <map class="com.sun.javafx.collections.ObservableMapWrapper">
                          <backingMap/>
                        </map>
                      </vReq>
                      <id>ROOT:0:0:2:4:0</id>
                      <connectors>
                        <connector>
                          <type>control</type>
                          <localId>0</localId>
                          <input>true</input>
                          <output>false</output>
                          <passthru>false</passthru>
                          <maxNumConnections>2147483647</maxNumConnections>
                        </connector>
                        <connector>
                          <type>control</type>
                          <localId>1</localId>
                          <input>false</input>
                          <output>true</output>
                          <passthru>false</passthru>
                          <maxNumConnections>2147483647</maxNumConnections>
                        </connector>
                      </connectors>
                      <mainInputs/>
                      <mainOutputs/>
                      <connections/>
                      <nodes/>
                      <parent reference="../../.."/>
                      <visible>false</visible>
                    </flow>
                    <node>
                      <x>360.0</x>
                      <y>30.0</y>
                      <width>300.0</width>
                      <height>200.0</height>
                      <title>Node 1</title>
                      <valueObject>
                        <parentId>ROOT:0:0:2:4:1</parentId>
                        <storage/>
                      </valueObject>
                      <vReq class="eu.mihosoft.vrl.workflow.VisualizationRequestImpl">
                        <map class="com.sun.javafx.collections.ObservableMapWrapper">
                          <backingMap/>
                        </map>
                      </vReq>
                      <id>ROOT:0:0:2:4:1</id>
                      <connectors>
                        <connector>
                          <type>data</type>
                          <localId>0</localId>
                          <input>true</input>
                          <output>false</output>
                          <passthru>false</passthru>
                          <maxNumConnections>2147483647</maxNumConnections>
                        </connector>
                        <connector>
                          <type>data</type>
                          <localId>1</localId>
                          <input>false</input>
                          <output>true</output>
                          <passthru>false</passthru>
                          <maxNumConnections>2147483647</maxNumConnections>
                        </connector>
                      </connectors>
                      <mainInputs/>
                      <mainOutputs/>
                    </node>
                    <flow>
                      <x>690.0</x>
                      <y>30.0</y>
                      <width>300.0</width>
                      <height>200.0</height>
                      <title>Node 2</title>
                      <valueObject>
                        <parentId>ROOT:0:0:2:4:2</parentId>
                        <storage/>
                      </valueObject>
                      <vReq class="eu.mihosoft.vrl.workflow.VisualizationRequestImpl">
                        <map class="com.sun.javafx.collections.ObservableMapWrapper">
                          <backingMap/>
                        </map>
                      </vReq>
                      <id>ROOT:0:0:2:4:2</id>
                      <connectors>
                        <connector>
                          <type>event</type>
                          <localId>0</localId>
                          <input>true</input>
                          <output>false</output>
                          <passthru>false</passthru>
                          <maxNumConnections>2147483647</maxNumConnections>
                        </connector>
                        <connector>
                          <type>event</type>
                          <localId>1</localId>
                          <input>false</input>
                          <output>true</output>
                          <passthru>false</passthru>
                          <maxNumConnections>2147483647</maxNumConnections>
                        </connector>
                      </connectors>
                      <mainInputs/>
                      <mainOutputs/>
                      <connections/>
                      <nodes/>
                      <parent reference="../../.."/>
                      <visible>false</visible>
                    </flow>
                    <node>
                      <x>30.0</x>
                      <y>260.0</y>
                      <width>300.0</width>
                      <height>200.0</height>
                      <title>Node 3</title>
                      <valueObject>
                        <parentId>ROOT:0:0:2:4:3</parentId>
                        <storage/>
                      </valueObject>
                      <vReq class="eu.mihosoft.vrl.workflow.VisualizationRequestImpl">
                        <map class="com.sun.javafx.collections.ObservableMapWrapper">
                          <backingMap/>
                        </map>
                      </vReq>
                      <id>ROOT:0:0:2:4:3</id>
                      <connectors>
                        <connector>
                          <type>control</type>
                          <localId>0</localId>
                          <input>true</input>
                          <output>false</output>
                          <passthru>false</passthru>
                          <maxNumConnections>2147483647</maxNumConnections>
                        </connector>
                        <connector>
                          <type>control</type>
                          <localId>1</localId>
                          <input>false</input>
                          <output>true</output>
                          <passthru>false</passthru>
                          <maxNumConnections>2147483647</maxNumConnections>
                        </connector>
                      </connectors>
                      <mainInputs/>
                      <mainOutputs/>
                    </node>
                    <flow>
                      <x>360.0</x>
                      <y>260.0</y>
                      <width>300.0</width>
                      <height>200.0</height>
                      <title>Node 4</title>
                      <valueObject>
                        <parentId>ROOT:0:0:2:4:4</parentId>
                        <storage/>
                      </valueObject>
                      <vReq class="eu.mihosoft.vrl.workflow.VisualizationRequestImpl">
                        <map class="com.sun.javafx.collections.ObservableMapWrapper">
                          <backingMap/>
                        </map>
                      </vReq>
                      <id>ROOT:0:0:2:4:4</id>
                      <connectors>
                        <connector>
                          <type>data</type>
                          <localId>0</localId>
                          <input>true</input>
                          <output>false</output>
                          <passthru>false</passthru>
                          <maxNumConnections>2147483647</maxNumConnections>
                        </connector>
                        <connector>
                          <type>data</type>
                          <localId>1</localId>
                          <input>false</input>
                          <output>true</output>
                          <passthru>false</passthru>
                          <maxNumConnections>2147483647</maxNumConnections>
                        </connector>
                      </connectors>
                      <mainInputs/>
                      <mainOutputs/>
                      <connections/>
                      <nodes/>
                      <parent reference="../../.."/>
                      <visible>false</visible>
                    </flow>
                  </nodes>
                  <parent reference="../../.."/>
                  <visible>false</visible>
                </flow>
              </nodes>
              <parent reference="../../.."/>
              <visible>false</visible>
            </flow>
            <node>
              <x>30.0</x>
              <y>260.0</y>
              <width>300.0</width>
              <height>200.0</height>
              <title>Node 3</title>
              <valueObject>
                <parentId>ROOT:0:0:3</parentId>
                <storage/>
              </valueObject>
              <vReq class="eu.mihosoft.vrl.workflow.VisualizationRequestImpl">
                <map class="com.sun.javafx.collections.ObservableMapWrapper">
                  <backingMap/>
                </map>
              </vReq>
              <id>ROOT:0:0:3</id>
              <connectors>
                <connector>
                  <type>control</type>
                  <localId>0</localId>
                  <input>true</input>
                  <output>false</output>
                  <passthru>false</passthru>
                  <maxNumConnections>2147483647</maxNumConnections>
                </connector>
                <connector>
                  <type>control</type>
                  <localId>1</localId>
                  <input>false</input>
                  <output>true</output>
                  <passthru>false</passthru>
                  <maxNumConnections>2147483647</maxNumConnections>
                </connector>
              </connectors>
              <mainInputs/>
              <mainOutputs/>
            </node>
            <flow>
              <x>360.0</x>
              <y>260.0</y>
              <width>300.0</width>
              <height>200.0</height>
              <title>Node 4</title>
              <valueObject>
                <parentId>ROOT:0:0:4</parentId>
                <storage/>
              </valueObject>
              <vReq class="eu.mihosoft.vrl.workflow.VisualizationRequestImpl">
                <map class="com.sun.javafx.collections.ObservableMapWrapper">
                  <backingMap/>
                </map>
              </vReq>
              <id>ROOT:0:0:4</id>
              <connectors>
                <connector>
                  <type>data</type>
                  <localId>0</localId>
                  <input>true</input>
                  <output>false</output>
                  <passthru>false</passthru>
                  <maxNumConnections>2147483647</maxNumConnections>
                </connector>
                <connector>
                  <type>data</type>
                  <localId>1</localId>
                  <input>false</input>
                  <output>true</output>
                  <passthru>false</passthru>
                  <maxNumConnections>2147483647</maxNumConnections>
                </connector>
              </connectors>
              <mainInputs/>
              <mainOutputs/>
              <connections>
                <connection>
                  <id>0</id>
                  <senderId>ROOT:0:0:4:1:c:1</senderId>
                  <receiverId>ROOT:0:0:4:4:c:0</receiverId>
                  <type>data</type>
                  <vReq class="eu.mihosoft.vrl.workflow.VisualizationRequestImpl">
                    <map class="com.sun.javafx.collections.ObservableMapWrapper">
                      <backingMap/>
                    </map>
                  </vReq>
                </connection>
                <connection>
                  <id>0</id>
                  <senderId>ROOT:0:0:4:0:c:1</senderId>
                  <receiverId>ROOT:0:0:4:3:c:0</receiverId>
                  <type>control</type>
                  <vReq class="eu.mihosoft.vrl.workflow.VisualizationRequestImpl">
                    <map class="com.sun.javafx.collections.ObservableMapWrapper">
                      <backingMap/>
                    </map>
                  </vReq>
                </connection>
              </connections>
              <nodes>
                <flow>
                  <x>30.0</x>
                  <y>30.0</y>
                  <width>300.0</width>
                  <height>200.0</height>
                  <title>Node 0</title>
                  <valueObject>
                    <parentId>ROOT:0:0:4:0</parentId>
                    <storage/>
                  </valueObject>
                  <vReq class="eu.mihosoft.vrl.workflow.VisualizationRequestImpl">
                    <map class="com.sun.javafx.collections.ObservableMapWrapper">
                      <backingMap/>
                    </map>
                  </vReq>
                  <id>ROOT:0:0:4:0</id>
                  <connectors>
                    <connector>
                      <type>control</type>
                      <localId>0</localId>
                      <input>true</input>
                      <output>false</output>
                      <passthru>false</passthru>
                      <maxNumConnections>2147483647</maxNumConnections>
                    </connector>
                    <connector>
                      <type>control</type>
                      <localId>1</localId>
                      <input>false</input>
                      <output>true</output>
                      <passthru>false</passthru>
                      <maxNumConnections>2147483647</maxNumConnections>
                    </connector>
                  </connectors>
                  <mainInputs/>
                  <mainOutputs/>
                  <connections>
                    <connection>
                      <id>0</id>
                      <senderId>ROOT:0:0:4:0:1:c:1</senderId>
                      <receiverId>ROOT:0:0:4:0:4:c:0</receiverId>
                      <type>data</type>
                      <vReq class="eu.mihosoft.vrl.workflow.VisualizationRequestImpl">
                        <map class="com.sun.javafx.collections.ObservableMapWrapper">
                          <backingMap/>
                        </map>
                      </vReq>
                    </connection>
                    <connection>
                      <id>0</id>
                      <senderId>ROOT:0:0:4:0:0:c:1</senderId>
                      <receiverId>ROOT:0:0:4:0:3:c:0</receiverId>
                      <type>control</type>
                      <vReq class="eu.mihosoft.vrl.workflow.VisualizationRequestImpl">
                        <map class="com.sun.javafx.collections.ObservableMapWrapper">
                          <backingMap/>
                        </map>
                      </vReq>
                    </connection>
                  </connections>
                  <nodes>
                    <flow>
                      <x>30.0</x>
                      <y>30.0</y>
                      <width>300.0</width>
                      <height>200.0</height>
                      <title>Node 0</title>
                      <valueObject>
                        <parentId>ROOT:0:0:4:0:0</parentId>
                        <storage/>
                      </valueObject>
                      <vReq class="eu.mihosoft.vrl.workflow.VisualizationRequestImpl">
                        <map class="com.sun.javafx.collections.ObservableMapWrapper">
                          <backingMap/>
                        </map>
                      </vReq>
                      <id>ROOT:0:0:4:0:0</id>
                      <connectors>
                        <connector>
                          <type>control</type>
                          <localId>0</localId>
                          <input>true</input>
                          <output>false</output>
                          <passthru>false</passthru>
                          <maxNumConnections>2147483647</maxNumConnections>
                        </connector>
                        <connector>
                          <type>control</type>
                          <localId>1</localId>
                          <input>false</input>
                          <output>true</output>
                          <passthru>false</passthru>
                          <maxNumConnections>2147483647</maxNumConnections>
                        </connector>
                      </connectors>
                      <mainInputs/>
                      <mainOutputs/>
                      <connections/>
                      <nodes/>
                      <parent reference="../../.."/>
                      <visible>false</visible>
                    </flow>
                    <node>
                      <x>360.0</x>
                      <y>30.0</y>
                      <width>300.0</width>
                      <height>200.0</height>
                      <title>Node 1</title>
                      <valueObject>
                        <parentId>ROOT:0:0:4:0:1</parentId>
                        <storage/>
                      </valueObject>
                      <vReq class="eu.mihosoft.vrl.workflow.VisualizationRequestImpl">
                        <map class="com.sun.javafx.collections.ObservableMapWrapper">
                          <backingMap/>
                        </map>
                      </vReq>
                      <id>ROOT:0:0:4:0:1</id>
                      <connectors>
                        <connector>
                          <type>data</type>
                          <localId>0</localId>
                          <input>true</input>
                          <output>false</output>
                          <passthru>false</passthru>
                          <maxNumConnections>2147483647</maxNumConnections>
                        </connector>
                        <connector>
                          <type>data</type>
                          <localId>1</localId>
                          <input>false</input>
                          <output>true</output>
                          <passthru>false</passthru>
                          <maxNumConnections>2147483647</maxNumConnections>
                        </connector>
                      </connectors>
                      <mainInputs/>
                      <mainOutputs/>
                    </node>
                    <flow>
                      <x>690.0</x>
                      <y>30.0</y>
                      <width>300.0</width>
                      <height>200.0</height>
                      <title>Node 2</title>
                      <valueObject>
                        <parentId>ROOT:0:0:4:0:2</parentId>
                        <storage/>
                      </valueObject>
                      <vReq class="eu.mihosoft.vrl.workflow.VisualizationRequestImpl">
                        <map class="com.sun.javafx.collections.ObservableMapWrapper">
                          <backingMap/>
                        </map>
                      </vReq>
                      <id>ROOT:0:0:4:0:2</id>
                      <connectors>
                        <connector>
                          <type>event</type>
                          <localId>0</localId>
                          <input>true</input>
                          <output>false</output>
                          <passthru>false</passthru>
                          <maxNumConnections>2147483647</maxNumConnections>
                        </connector>
                        <connector>
                          <type>event</type>
                          <localId>1</localId>
                          <input>false</input>
                          <output>true</output>
                          <passthru>false</passthru>
                          <maxNumConnections>2147483647</maxNumConnections>
                        </connector>
                      </connectors>
                      <mainInputs/>
                      <mainOutputs/>
                      <connections/>
                      <nodes/>
                      <parent reference="../../.."/>
                      <visible>false</visible>
                    </flow>
                    <node>
                      <x>30.0</x>
                      <y>260.0</y>
                      <width>300.0</width>
                      <height>200.0</height>
                      <title>Node 3</title>
                      <valueObject>
                        <parentId>ROOT:0:0:4:0:3</parentId>
                        <storage/>
                      </valueObject>
                      <vReq class="eu.mihosoft.vrl.workflow.VisualizationRequestImpl">
                        <map class="com.sun.javafx.collections.ObservableMapWrapper">
                          <backingMap/>
                        </map>
                      </vReq>
                      <id>ROOT:0:0:4:0:3</id>
                      <connectors>
                        <connector>
                          <type>control</type>
                          <localId>0</localId>
                          <input>true</input>
                          <output>false</output>
                          <passthru>false</passthru>
                          <maxNumConnections>2147483647</maxNumConnections>
                        </connector>
                        <connector>
                          <type>control</type>
                          <localId>1</localId>
                          <input>false</input>
                          <output>true</output>
                          <passthru>false</passthru>
                          <maxNumConnections>2147483647</maxNumConnections>
                        </connector>
                      </connectors>
                      <mainInputs/>
                      <mainOutputs/>
                    </node>
                    <flow>
                      <x>360.0</x>
                      <y>260.0</y>
                      <width>300.0</width>
                      <height>200.0</height>
                      <title>Node 4</title>
                      <valueObject>
                        <parentId>ROOT:0:0:4:0:4</parentId>
                        <storage/>
                      </valueObject>
                      <vReq class="eu.mihosoft.vrl.workflow.VisualizationRequestImpl">
                        <map class="com.sun.javafx.collections.ObservableMapWrapper">
                          <backingMap/>
                        </map>
                      </vReq>
                      <id>ROOT:0:0:4:0:4</id>
                      <connectors>
                        <connector>
                          <type>data</type>
                          <localId>0</localId>
                          <input>true</input>
                          <output>false</output>
                          <passthru>false</passthru>
                          <maxNumConnections>2147483647</maxNumConnections>
                        </connector>
                        <connector>
                          <type>data</type>
                          <localId>1</localId>
                          <input>false</input>
                          <output>true</output>
                          <passthru>false</passthru>
                          <maxNumConnections>2147483647</maxNumConnections>
                        </connector>
                      </connectors>
                      <mainInputs/>
                      <mainOutputs/>
                      <connections/>
                      <nodes/>
                      <parent reference="../../.."/>
                      <visible>false</visible>
                    </flow>
                  </nodes>
                  <parent reference="../../.."/>
                  <visible>false</visible>
                </flow>
                <node>
                  <x>360.0</x>
                  <y>30.0</y>
                  <width>300.0</width>
                  <height>200.0</height>
                  <title>Node 1</title>
                  <valueObject>
                    <parentId>ROOT:0:0:4:1</parentId>
                    <storage/>
                  </valueObject>
                  <vReq class="eu.mihosoft.vrl.workflow.VisualizationRequestImpl">
                    <map class="com.sun.javafx.collections.ObservableMapWrapper">
                      <backingMap/>
                    </map>
                  </vReq>
                  <id>ROOT:0:0:4:1</id>
                  <connectors>
                    <connector>
                      <type>data</type>
                      <localId>0</localId>
                      <input>true</input>
                      <output>false</output>
                      <passthru>false</passthru>
                      <maxNumConnections>2147483647</maxNumConnections>
                    </connector>
                    <connector>
                      <type>data</type>
                      <localId>1</localId>
                      <input>false</input>
                      <output>true</output>
                      <passthru>false</passthru>
                      <maxNumConnections>2147483647</maxNumConnections>
                    </connector>
                  </connectors>
                  <mainInputs/>
                  <mainOutputs/>
                </node>
                <flow>
                  <x>690.0</x>
                  <y>30.0</y>
                  <width>300.0</width>
                  <height>200.0</height>
                  <title>Node 2</title>
                  <valueObject>
                    <parentId>ROOT:0:0:4:2</parentId>
                    <storage/>
                  </valueObject>
                  <vReq class="eu.mihosoft.vrl.workflow.VisualizationRequestImpl">
                    <map class="com.sun.javafx.collections.ObservableMapWrapper">
                      <backingMap/>
                    </map>
                  </vReq>
                  <id>ROOT:0:0:4:2</id>
                  <connectors>
                    <connector>
                      <type>event</type>
                      <localId>0</localId>
                      <input>true</input>
                      <output>false</output>
                      <passthru>false</passthru>
                      <maxNumConnections>2147483647</maxNumConnections>
                    </connector>
                    <connector>
                      <type>event</type>
                      <localId>1</localId>
                      <input>false</input>
                      <output>true</output>
                      <passthru>false</passthru>
                      <maxNumConnections>2147483647</maxNumConnections>
                    </connector>
                  </connectors>
                  <mainInputs/>
                  <mainOutputs/>
                  <connections>
                    <connection>
                      <id>0</id>
                      <senderId>ROOT:0:0:4:2:1:c:1</senderId>
                      <receiverId>ROOT:0:0:4:2:4:c:0</receiverId>
                      <type>data</type>
                      <vReq class="eu.mihosoft.vrl.workflow.VisualizationRequestImpl">
                        <map class="com.sun.javafx.collections.ObservableMapWrapper">
                          <backingMap/>
                        </map>
                      </vReq>
                    </connection>
                    <connection>
                      <id>0</id>
                      <senderId>ROOT:0:0:4:2:0:c:1</senderId>
                      <receiverId>ROOT:0:0:4:2:3:c:0</receiverId>
                      <type>control</type>
                      <vReq class="eu.mihosoft.vrl.workflow.VisualizationRequestImpl">
                        <map class="com.sun.javafx.collections.ObservableMapWrapper">
                          <backingMap/>
                        </map>
                      </vReq>
                    </connection>
                  </connections>
                  <nodes>
                    <flow>
                      <x>30.0</x>
                      <y>30.0</y>
                      <width>300.0</width>
                      <height>200.0</height>
                      <title>Node 0</title>
                      <valueObject>
                        <parentId>ROOT:0:0:4:2:0</parentId>
                        <storage/>
                      </valueObject>
                      <vReq class="eu.mihosoft.vrl.workflow.VisualizationRequestImpl">
                        <map class="com.sun.javafx.collections.ObservableMapWrapper">
                          <backingMap/>
                        </map>
                      </vReq>
                      <id>ROOT:0:0:4:2:0</id>
                      <connectors>
                        <connector>
                          <type>control</type>
                          <localId>0</localId>
                          <input>true</input>
                          <output>false</output>
                          <passthru>false</passthru>
                          <maxNumConnections>2147483647</maxNumConnections>
                        </connector>
                        <connector>
                          <type>control</type>
                          <localId>1</localId>
                          <input>false</input>
                          <output>true</output>
                          <passthru>false</passthru>
                          <maxNumConnections>2147483647</maxNumConnections>
                        </connector>
                      </connectors>
                      <mainInputs/>
                      <mainOutputs/>
                      <connections/>
                      <nodes/>
                      <parent reference="../../.."/>
                      <visible>false</visible>
                    </flow>
                    <node>
                      <x>360.0</x>
                      <y>30.0</y>
                      <width>300.0</width>
                      <height>200.0</height>
                      <title>Node 1</title>
                      <valueObject>
                        <parentId>ROOT:0:0:4:2:1</parentId>
                        <storage/>
                      </valueObject>
                      <vReq class="eu.mihosoft.vrl.workflow.VisualizationRequestImpl">
                        <map class="com.sun.javafx.collections.ObservableMapWrapper">
                          <backingMap/>
                        </map>
                      </vReq>
                      <id>ROOT:0:0:4:2:1</id>
                      <connectors>
                        <connector>
                          <type>data</type>
                          <localId>0</localId>
                          <input>true</input>
                          <output>false</output>
                          <passthru>false</passthru>
                          <maxNumConnections>2147483647</maxNumConnections>
                        </connector>
                        <connector>
                          <type>data</type>
                          <localId>1</localId>
                          <input>false</input>
                          <output>true</output>
                          <passthru>false</passthru>
                          <maxNumConnections>2147483647</maxNumConnections>
                        </connector>
                      </connectors>
                      <mainInputs/>
                      <mainOutputs/>
                    </node>
                    <flow>
                      <x>690.0</x>
                      <y>30.0</y>
                      <width>300.0</width>
                      <height>200.0</height>
                      <title>Node 2</title>
                      <valueObject>
                        <parentId>ROOT:0:0:4:2:2</parentId>
                        <storage/>
                      </valueObject>
                      <vReq class="eu.mihosoft.vrl.workflow.VisualizationRequestImpl">
                        <map class="com.sun.javafx.collections.ObservableMapWrapper">
                          <backingMap/>
                        </map>
                      </vReq>
                      <id>ROOT:0:0:4:2:2</id>
                      <connectors>
                        <connector>
                          <type>event</type>
                          <localId>0</localId>
                          <input>true</input>
                          <output>false</output>
                          <passthru>false</passthru>
                          <maxNumConnections>2147483647</maxNumConnections>
                        </connector>
                        <connector>
                          <type>event</type>
                          <localId>1</localId>
                          <input>false</input>
                          <output>true</output>
                          <passthru>false</passthru>
                          <maxNumConnections>2147483647</maxNumConnections>
                        </connector>
                      </connectors>
                      <mainInputs/>
                      <mainOutputs/>
                      <connections/>
                      <nodes/>
                      <parent reference="../../.."/>
                      <visible>false</visible>
                    </flow>
                    <node>
                      <x>30.0</x>
                      <y>260.0</y>
                      <width>300.0</width>
                      <height>200.0</height>
                      <title>Node 3</title>
                      <valueObject>
                        <parentId>ROOT:0:0:4:2:3</parentId>
                        <storage/>
                      </valueObject>
                      <vReq class="eu.mihosoft.vrl.workflow.VisualizationRequestImpl">
                        <map class="com.sun.javafx.collections.ObservableMapWrapper">
                          <backingMap/>
                        </map>
                      </vReq>
                      <id>ROOT:0:0:4:2:3</id>
                      <connectors>
                        <connector>
                          <type>control</type>
                          <localId>0</localId>
                          <input>true</input>
                          <output>false</output>
                          <passthru>false</passthru>
                          <maxNumConnections>2147483647</maxNumConnections>
                        </connector>
                        <connector>
                          <type>control</type>
                          <localId>1</localId>
                          <input>false</input>
                          <output>true</output>
                          <passthru>false</passthru>
                          <maxNumConnections>2147483647</maxNumConnections>
                        </connector>
                      </connectors>
                      <mainInputs/>
                      <mainOutputs/>
                    </node>
                    <flow>
                      <x>360.0</x>
                      <y>260.0</y>
                      <width>300.0</width>
                      <height>200.0</height>
                      <title>Node 4</title>
                      <valueObject>
                        <parentId>ROOT:0:0:4:2:4</parentId>
                        <storage/>
                      </valueObject>
                      <vReq class="eu.mihosoft.vrl.workflow.VisualizationRequestImpl">
                        <map class="com.sun.javafx.collections.ObservableMapWrapper">
                          <backingMap/>
                        </map>
                      </vReq>
                      <id>ROOT:0:0:4:2:4</id>
                      <connectors>
                        <connector>
                          <type>data</type>
                          <localId>0</localId>
                          <input>true</input>
                          <output>false</output>
                          <passthru>false</passthru>
                          <maxNumConnections>2147483647</maxNumConnections>
                        </connector>
                        <connector>
                          <type>data</type>
                          <localId>1</localId>
                          <input>false</input>
                          <output>true</output>
                          <passthru>false</passthru>
                          <maxNumConnections>2147483647</maxNumConnections>
                        </connector>
                      </connectors>
                      <mainInputs/>
                      <mainOutputs/>
                      <connections/>
                      <nodes/>
                      <parent reference="../../.."/>
                      <visible>false</visible>
                    </flow>
                  </nodes>
                  <parent reference="../../.."/>
                  <visible>false</visible>
                </flow>
                <node>
                  <x>30.0</x>
                  <y>260.0</y>
                  <width>300.0</width>
                  <height>200.0</height>
                  <title>Node 3</title>
                  <valueObject>
                    <parentId>ROOT:0:0:4:3</parentId>
                    <storage/>
                  </valueObject>
                  <vReq class="eu.mihosoft.vrl.workflow.VisualizationRequestImpl">
                    <map class="com.sun.javafx.collections.ObservableMapWrapper">
                      <backingMap/>
                    </map>
                  </vReq>
                  <id>ROOT:0:0:4:3</id>
                  <connectors>
                    <connector>
                      <type>control</type>
                      <localId>0</localId>
                      <input>true</input>
                      <output>false</output>
                      <passthru>false</passthru>
                      <maxNumConnections>2147483647</maxNumConnections>
                    </connector>
                    <connector>
                      <type>control</type>
                      <localId>1</localId>
                      <input>false</input>
                      <output>true</output>
                      <passthru>false</passthru>
                      <maxNumConnections>2147483647</maxNumConnections>
                    </connector>
                  </connectors>
                  <mainInputs/>
                  <mainOutputs/>
                </node>
                <flow>
                  <x>360.0</x>
                  <y>260.0</y>
                  <width>300.0</width>
                  <height>200.0</height>
                  <title>Node 4</title>
                  <valueObject>
                    <parentId>ROOT:0:0:4:4</parentId>
                    <storage/>
                  </valueObject>
                  <vReq class="eu.mihosoft.vrl.workflow.VisualizationRequestImpl">
                    <map class="com.sun.javafx.collections.ObservableMapWrapper">
                      <backingMap/>
                    </map>
                  </vReq>
                  <id>ROOT:0:0:4:4</id>
                  <connectors>
                    <connector>
                      <type>data</type>
                      <localId>0</localId>
                      <input>true</input>
                      <output>false</output>
                      <passthru>false</passthru>
                      <maxNumConnections>2147483647</maxNumConnections>
                    </connector>
                    <connector>
                      <type>data</type>
                      <localId>1</localId>
                      <input>false</input>
                      <output>true</output>
                      <passthru>false</passthru>
                      <maxNumConnections>2147483647</maxNumConnections>
                    </connector>
                  </connectors>
                  <mainInputs/>
                  <mainOutputs/>
                  <connections>
                    <connection>
                      <id>0</id>
                      <senderId>ROOT:0:0:4:4:1:c:1</senderId>
                      <receiverId>ROOT:0:0:4:4:4:c:0</receiverId>
                      <type>data</type>
                      <vReq class="eu.mihosoft.vrl.workflow.VisualizationRequestImpl">
                        <map class="com.sun.javafx.collections.ObservableMapWrapper">
                          <backingMap/>
                        </map>
                      </vReq>
                    </connection>
                    <connection>
                      <id>0</id>
                      <senderId>ROOT:0:0:4:4:0:c:1</senderId>
                      <receiverId>ROOT:0:0:4:4:3:c:0</receiverId>
                      <type>control</type>
                      <vReq class="eu.mihosoft.vrl.workflow.VisualizationRequestImpl">
                        <map class="com.sun.javafx.collections.ObservableMapWrapper">
                          <backingMap/>
                        </map>
                      </vReq>
                    </connection>
                  </connections>
                  <nodes>
                    <flow>
                      <x>30.0</x>
                      <y>30.0</y>
                      <width>300.0</width>
                      <height>200.0</height>
                      <title>Node 0</title>
                      <valueObject>
                        <parentId>ROOT:0:0:4:4:0</parentId>
                        <storage/>
                      </valueObject>
                      <vReq class="eu.mihosoft.vrl.workflow.VisualizationRequestImpl">
                        <map class="com.sun.javafx.collections.ObservableMapWrapper">
                          <backingMap/>
                        </map>
                      </vReq>
                      <id>ROOT:0:0:4:4:0</id>
                      <connectors>
                        <connector>
                          <type>control</type>
                          <localId>0</localId>
                          <input>true</input>
                          <output>false</output>
                          <passthru>false</passthru>
                          <maxNumConnections>2147483647</maxNumConnections>
                        </connector>
                        <connector>
                          <type>control</type>
                          <localId>1</localId>
                          <input>false</input>
                          <output>true</output>
                          <passthru>false</passthru>
                          <maxNumConnections>2147483647</maxNumConnections>
                        </connector>
                      </connectors>
                      <mainInputs/>
                      <mainOutputs/>
                      <connections/>
                      <nodes/>
                      <parent reference="../../.."/>
                      <visible>false</visible>
                    </flow>
                    <node>
                      <x>360.0</x>
                      <y>30.0</y>
                      <width>300.0</width>
                      <height>200.0</height>
                      <title>Node 1</title>
                      <valueObject>
                        <parentId>ROOT:0:0:4:4:1</parentId>
                        <storage/>
                      </valueObject>
                      <vReq class="eu.mihosoft.vrl.workflow.VisualizationRequestImpl">
                        <map class="com.sun.javafx.collections.ObservableMapWrapper">
                          <backingMap/>
                        </map>
                      </vReq>
                      <id>ROOT:0:0:4:4:1</id>
                      <connectors>
                        <connector>
                          <type>data</type>
                          <localId>0</localId>
                          <input>true</input>
                          <output>false</output>
                          <passthru>false</passthru>
                          <maxNumConnections>2147483647</maxNumConnections>
                        </connector>
                        <connector>
                          <type>data</type>
                          <localId>1</localId>
                          <input>false</input>
                          <output>true</output>
                          <passthru>false</passthru>
                          <maxNumConnections>2147483647</maxNumConnections>
                        </connector>
                      </connectors>
                      <mainInputs/>
                      <mainOutputs/>
                    </node>
                    <flow>
                      <x>690.0</x>
                      <y>30.0</y>
                      <width>300.0</width>
                      <height>200.0</height>
                      <title>Node 2</title>
                      <valueObject>
                        <parentId>ROOT:0:0:4:4:2</parentId>
                        <storage/>
                      </valueObject>
                      <vReq class="eu.mihosoft.vrl.workflow.VisualizationRequestImpl">
                        <map class="com.sun.javafx.collections.ObservableMapWrapper">
                          <backingMap/>
                        </map>
                      </vReq>
                      <id>ROOT:0:0:4:4:2</id>
                      <connectors>
                        <connector>
                          <type>event</type>
                          <localId>0</localId>
                          <input>true</input>
                          <output>false</output>
                          <passthru>false</passthru>
                          <maxNumConnections>2147483647</maxNumConnections>
                        </connector>
                        <connector>
                          <type>event</type>
                          <localId>1</localId>
                          <input>false</input>
                          <output>true</output>
                          <passthru>false</passthru>
                          <maxNumConnections>2147483647</maxNumConnections>
                        </connector>
                      </connectors>
                      <mainInputs/>
                      <mainOutputs/>
                      <connections/>
                      <nodes/>
                      <parent reference="../../.."/>
                      <visible>false</visible>
                    </flow>
                    <node>
                      <x>30.0</x>
                      <y>260.0</y>
                      <width>300.0</width>
                      <height>200.0</height>
                      <title>Node 3</title>
                      <valueObject>
                        <parentId>ROOT:0:0:4:4:3</parentId>
                        <storage/>
                      </valueObject>
                      <vReq class="eu.mihosoft.vrl.workflow.VisualizationRequestImpl">
                        <map class="com.sun.javafx.collections.ObservableMapWrapper">
                          <backingMap/>
                        </map>
                      </vReq>
                      <id>ROOT:0:0:4:4:3</id>
                      <connectors>
                        <connector>
                          <type>control</type>
                          <localId>0</localId>
                          <input>true</input>
                          <output>false</output>
                          <passthru>false</passthru>
                          <maxNumConnections>2147483647</maxNumConnections>
                        </connector>
                        <connector>
                          <type>control</type>
                          <localId>1</localId>
                          <input>false</input>
                          <output>true</output>
                          <passthru>false</passthru>
                          <maxNumConnections>2147483647</maxNumConnections>
                        </connector>
                      </connectors>
                      <mainInputs/>
                      <mainOutputs/>
                    </node>
                    <flow>
                      <x>360.0</x>
                      <y>260.0</y>
                      <width>300.0</width>
                      <height>200.0</height>
                      <title>Node 4</title>
                      <valueObject>
                        <parentId>ROOT:0:0:4:4:4</parentId>
                        <storage/>
                      </valueObject>
                      <vReq class="eu.mihosoft.vrl.workflow.VisualizationRequestImpl">
                        <map class="com.sun.javafx.collections.ObservableMapWrapper">
                          <backingMap/>
                        </map>
                      </vReq>
                      <id>ROOT:0:0:4:4:4</id>
                      <connectors>
                        <connector>
                          <type>data</type>
                          <localId>0</localId>
                          <input>true</input>
                          <output>false</output>
                          <passthru>false</passthru>
                          <maxNumConnections>2147483647</maxNumConnections>
                        </connector>
                        <connector>
                          <type>data</type>
                          <localId>1</localId>
                          <input>false</input>
                          <output>true</output>
                          <passthru>false</passthru>
                          <maxNumConnections>2147483647</maxNumConnections>
                        </connector>
                      </connectors>
                      <mainInputs/>
                      <mainOutputs/>
                      <connections/>
                      <nodes/>
                      <parent reference="../../.."/>
                      <visible>false</visible>
                    </flow>
                  </nodes>
                  <parent reference="../../.."/>
                  <visible>false</visible>
                </flow>
              </nodes>
              <parent reference="../../.."/>
              <visible>false</visible>
            </flow>
          </nodes>
          <parent reference="../../.."/>
          <visible>false</visible>
        </flow>
        <node>
          <x>360.0</x>
          <y>30.0</y>
          <width>300.0</width>
          <height>200.0</height>
          <title>Node 1</title>
          <valueObject>
            <parentId>ROOT:0:1</parentId>
            <storage/>
          </valueObject>
          <vReq class="eu.mihosoft.vrl.workflow.VisualizationRequestImpl">
            <map class="com.sun.javafx.collections.ObservableMapWrapper">
              <backingMap/>
            </map>
          </vReq>
          <id>ROOT:0:1</id>
          <connectors>
            <connector>
              <type>data</type>
              <localId>0</localId>
              <input>true</input>
              <output>false</output>
              <passthru>false</passthru>
              <maxNumConnections>2147483647</maxNumConnections>
            </connector>
            <connector>
              <type>data</type>
              <localId>1</localId>
              <input>false</input>
              <output>true</output>
              <passthru>false</passthru>
              <maxNumConnections>2147483647</maxNumConnections>
            </connector>
          </connectors>
          <mainInputs/>
          <mainOutputs/>
        </node>
        <flow>
          <x>690.0</x>
          <y>30.0</y>
          <width>300.0</width>
          <height>200.0</height>
          <title>Node 2</title>
          <valueObject>
            <parentId>ROOT:0:2</parentId>
            <storage/>
          </valueObject>
          <vReq class="eu.mihosoft.vrl.workflow.VisualizationRequestImpl">
            <map class="com.sun.javafx.collections.ObservableMapWrapper">
              <backingMap/>
            </map>
          </vReq>
          <id>ROOT:0:2</id>
          <connectors>
            <connector>
              <type>event</type>
              <localId>0</localId>
              <input>true</input>
              <output>false</output>
              <passthru>false</passthru>
              <maxNumConnections>2147483647</maxNumConnections>
            </connector>
            <connector>
              <type>event</type>
              <localId>1</localId>
              <input>false</input>
              <output>true</output>
              <passthru>false</passthru>
              <maxNumConnections>2147483647</maxNumConnections>
            </connector>
          </connectors>
          <mainInputs/>
          <mainOutputs/>
          <connections>
            <connection>
              <id>0</id>
              <senderId>ROOT:0:2:1:c:1</senderId>
              <receiverId>ROOT:0:2:4:c:0</receiverId>
              <type>data</type>
              <vReq class="eu.mihosoft.vrl.workflow.VisualizationRequestImpl">
                <map class="com.sun.javafx.collections.ObservableMapWrapper">
                  <backingMap/>
                </map>
              </vReq>
            </connection>
            <connection>
              <id>0</id>
              <senderId>ROOT:0:2:0:c:1</senderId>
              <receiverId>ROOT:0:2:3:c:0</receiverId>
              <type>control</type>
              <vReq class="eu.mihosoft.vrl.workflow.VisualizationRequestImpl">
                <map class="com.sun.javafx.collections.ObservableMapWrapper">
                  <backingMap/>
                </map>
              </vReq>
            </connection>
          </connections>
          <nodes>
            <flow>
              <x>30.0</x>
              <y>30.0</y>
              <width>300.0</width>
              <height>200.0</height>
              <title>Node 0</title>
              <valueObject>
                <parentId>ROOT:0:2:0</parentId>
                <storage/>
              </valueObject>
              <vReq class="eu.mihosoft.vrl.workflow.VisualizationRequestImpl">
                <map class="com.sun.javafx.collections.ObservableMapWrapper">
                  <backingMap/>
                </map>
              </vReq>
              <id>ROOT:0:2:0</id>
              <connectors>
                <connector>
                  <type>control</type>
                  <localId>0</localId>
                  <input>true</input>
                  <output>false</output>
                  <passthru>false</passthru>
                  <maxNumConnections>2147483647</maxNumConnections>
                </connector>
                <connector>
                  <type>control</type>
                  <localId>1</localId>
                  <input>false</input>
                  <output>true</output>
                  <passthru>false</passthru>
                  <maxNumConnections>2147483647</maxNumConnections>
                </connector>
              </connectors>
              <mainInputs/>
              <mainOutputs/>
              <connections>
                <connection>
                  <id>0</id>
                  <senderId>ROOT:0:2:0:1:c:1</senderId>
                  <receiverId>ROOT:0:2:0:4:c:0</receiverId>
                  <type>data</type>
                  <vReq class="eu.mihosoft.vrl.workflow.VisualizationRequestImpl">
                    <map class="com.sun.javafx.collections.ObservableMapWrapper">
                      <backingMap/>
                    </map>
                  </vReq>
                </connection>
                <connection>
                  <id>0</id>
                  <senderId>ROOT:0:2:0:0:c:1</senderId>
                  <receiverId>ROOT:0:2:0:3:c:0</receiverId>
                  <type>control</type>
                  <vReq class="eu.mihosoft.vrl.workflow.VisualizationRequestImpl">
                    <map class="com.sun.javafx.collections.ObservableMapWrapper">
                      <backingMap/>
                    </map>
                  </vReq>
                </connection>
              </connections>
              <nodes>
                <flow>
                  <x>30.0</x>
                  <y>30.0</y>
                  <width>300.0</width>
                  <height>200.0</height>
                  <title>Node 0</title>
                  <valueObject>
                    <parentId>ROOT:0:2:0:0</parentId>
                    <storage/>
                  </valueObject>
                  <vReq class="eu.mihosoft.vrl.workflow.VisualizationRequestImpl">
                    <map class="com.sun.javafx.collections.ObservableMapWrapper">
                      <backingMap/>
                    </map>
                  </vReq>
                  <id>ROOT:0:2:0:0</id>
                  <connectors>
                    <connector>
                      <type>control</type>
                      <localId>0</localId>
                      <input>true</input>
                      <output>false</output>
                      <passthru>false</passthru>
                      <maxNumConnections>2147483647</maxNumConnections>
                    </connector>
                    <connector>
                      <type>control</type>
                      <localId>1</localId>
                      <input>false</input>
                      <output>true</output>
                      <passthru>false</passthru>
                      <maxNumConnections>2147483647</maxNumConnections>
                    </connector>
                  </connectors>
                  <mainInputs/>
                  <mainOutputs/>
                  <connections>
                    <connection>
                      <id>0</id>
                      <senderId>ROOT:0:2:0:0:1:c:1</senderId>
                      <receiverId>ROOT:0:2:0:0:4:c:0</receiverId>
                      <type>data</type>
                      <vReq class="eu.mihosoft.vrl.workflow.VisualizationRequestImpl">
                        <map class="com.sun.javafx.collections.ObservableMapWrapper">
                          <backingMap/>
                        </map>
                      </vReq>
                    </connection>
                    <connection>
                      <id>0</id>
                      <senderId>ROOT:0:2:0:0:0:c:1</senderId>
                      <receiverId>ROOT:0:2:0:0:3:c:0</receiverId>
                      <type>control</type>
                      <vReq class="eu.mihosoft.vrl.workflow.VisualizationRequestImpl">
                        <map class="com.sun.javafx.collections.ObservableMapWrapper">
                          <backingMap/>
                        </map>
                      </vReq>
                    </connection>
                  </connections>
                  <nodes>
                    <flow>
                      <x>30.0</x>
                      <y>30.0</y>
                      <width>300.0</width>
                      <height>200.0</height>
                      <title>Node 0</title>
                      <valueObject>
                        <parentId>ROOT:0:2:0:0:0</parentId>
                        <storage/>
                      </valueObject>
                      <vReq class="eu.mihosoft.vrl.workflow.VisualizationRequestImpl">
                        <map class="com.sun.javafx.collections.ObservableMapWrapper">
                          <backingMap/>
                        </map>
                      </vReq>
                      <id>ROOT:0:2:0:0:0</id>
                      <connectors>
                        <connector>
                          <type>control</type>
                          <localId>0</localId>
                          <input>true</input>
                          <output>false</output>
                          <passthru>false</passthru>
                          <maxNumConnections>2147483647</maxNumConnections>
                        </connector>
                        <connector>
                          <type>control</type>
                          <localId>1</localId>
                          <input>false</input>
                          <output>true</output>
                          <passthru>false</passthru>
                          <maxNumConnections>2147483647</maxNumConnections>
                        </connector>
                      </connectors>
                      <mainInputs/>
                      <mainOutputs/>
                      <connections/>
                      <nodes/>
                      <parent reference="../../.."/>
                      <visible>false</visible>
                    </flow>
                    <node>
                      <x>360.0</x>
                      <y>30.0</y>
                      <width>300.0</width>
                      <height>200.0</height>
                      <title>Node 1</title>
                      <valueObject>
                        <parentId>ROOT:0:2:0:0:1</parentId>
                        <storage/>
                      </valueObject>
                      <vReq class="eu.mihosoft.vrl.workflow.VisualizationRequestImpl">
                        <map class="com.sun.javafx.collections.ObservableMapWrapper">
                          <backingMap/>
                        </map>
                      </vReq>
                      <id>ROOT:0:2:0:0:1</id>
                      <connectors>
                        <connector>
                          <type>data</type>
                          <localId>0</localId>
                          <input>true</input>
                          <output>false</output>
                          <passthru>false</passthru>
                          <maxNumConnections>2147483647</maxNumConnections>
                        </connector>
                        <connector>
                          <type>data</type>
                          <localId>1</localId>
                          <input>false</input>
                          <output>true</output>
                          <passthru>false</passthru>
                          <maxNumConnections>2147483647</maxNumConnections>
                        </connector>
                      </connectors>
                      <mainInputs/>
                      <mainOutputs/>
                    </node>
                    <flow>
                      <x>690.0</x>
                      <y>30.0</y>
                      <width>300.0</width>
                      <height>200.0</height>
                      <title>Node 2</title>
                      <valueObject>
                        <parentId>ROOT:0:2:0:0:2</parentId>
                        <storage/>
                      </valueObject>
                      <vReq class="eu.mihosoft.vrl.workflow.VisualizationRequestImpl">
                        <map class="com.sun.javafx.collections.ObservableMapWrapper">
                          <backingMap/>
                        </map>
                      </vReq>
                      <id>ROOT:0:2:0:0:2</id>
                      <connectors>
                        <connector>
                          <type>event</type>
                          <localId>0</localId>
                          <input>true</input>
                          <output>false</output>
                          <passthru>false</passthru>
                          <maxNumConnections>2147483647</maxNumConnections>
                        </connector>
                        <connector>
                          <type>event</type>
                          <localId>1</localId>
                          <input>false</input>
                          <output>true</output>
                          <passthru>false</passthru>
                          <maxNumConnections>2147483647</maxNumConnections>
                        </connector>
                      </connectors>
                      <mainInputs/>
                      <mainOutputs/>
                      <connections/>
                      <nodes/>
                      <parent reference="../../.."/>
                      <visible>false</visible>
                    </flow>
                    <node>
                      <x>30.0</x>
                      <y>260.0</y>
                      <width>300.0</width>
                      <height>200.0</height>
                      <title>Node 3</title>
                      <valueObject>
                        <parentId>ROOT:0:2:0:0:3</parentId>
                        <storage/>
                      </valueObject>
                      <vReq class="eu.mihosoft.vrl.workflow.VisualizationRequestImpl">
                        <map class="com.sun.javafx.collections.ObservableMapWrapper">
                          <backingMap/>
                        </map>
                      </vReq>
                      <id>ROOT:0:2:0:0:3</id>
                      <connectors>
                        <connector>
                          <type>control</type>
                          <localId>0</localId>
                          <input>true</input>
                          <output>false</output>
                          <passthru>false</passthru>
                          <maxNumConnections>2147483647</maxNumConnections>
                        </connector>
                        <connector>
                          <type>control</type>
                          <localId>1</localId>
                          <input>false</input>
                          <output>true</output>
                          <passthru>false</passthru>
                          <maxNumConnections>2147483647</maxNumConnections>
                        </connector>
                      </connectors>
                      <mainInputs/>
                      <mainOutputs/>
                    </node>
                    <flow>
                      <x>360.0</x>
                      <y>260.0</y>
                      <width>300.0</width>
                      <height>200.0</height>
                      <title>Node 4</title>
                      <valueObject>
                        <parentId>ROOT:0:2:0:0:4</parentId>
                        <storage/>
                      </valueObject>
                      <vReq class="eu.mihosoft.vrl.workflow.VisualizationRequestImpl">
                        <map class="com.sun.javafx.collections.ObservableMapWrapper">
                          <backingMap/>
                        </map>
                      </vReq>
                      <id>ROOT:0:2:0:0:4</id>
                      <connectors>
                        <connector>
                          <type>data</type>
                          <localId>0</localId>
                          <input>true</input>
                          <output>false</output>
                          <passthru>false</passthru>
                          <maxNumConnections>2147483647</maxNumConnections>
                        </connector>
                        <connector>
                          <type>data</type>
                          <localId>1</localId>
                          <input>false</input>
                          <output>true</output>
                          <passthru>false</passthru>
                          <maxNumConnections>2147483647</maxNumConnections>
                        </connector>
                      </connectors>
                      <mainInputs/>
                      <mainOutputs/>
                      <connections/>
                      <nodes/>
                      <parent reference="../../.."/>
                      <visible>false</visible>
                    </flow>
                  </nodes>
                  <parent reference="../../.."/>
                  <visible>false</visible>
                </flow>
                <node>
                  <x>360.0</x>
                  <y>30.0</y>
                  <width>300.0</width>
                  <height>200.0</height>
                  <title>Node 1</title>
                  <valueObject>
                    <parentId>ROOT:0:2:0:1</parentId>
                    <storage/>
                  </valueObject>
                  <vReq class="eu.mihosoft.vrl.workflow.VisualizationRequestImpl">
                    <map class="com.sun.javafx.collections.ObservableMapWrapper">
                      <backingMap/>
                    </map>
                  </vReq>
                  <id>ROOT:0:2:0:1</id>
                  <connectors>
                    <connector>
                      <type>data</type>
                      <localId>0</localId>
                      <input>true</input>
                      <output>false</output>
                      <passthru>false</passthru>
                      <maxNumConnections>2147483647</maxNumConnections>
                    </connector>
                    <connector>
                      <type>data</type>
                      <localId>1</localId>
                      <input>false</input>
                      <output>true</output>
                      <passthru>false</passthru>
                      <maxNumConnections>2147483647</maxNumConnections>
                    </connector>
                  </connectors>
                  <mainInputs/>
                  <mainOutputs/>
                </node>
                <flow>
                  <x>690.0</x>
                  <y>30.0</y>
                  <width>300.0</width>
                  <height>200.0</height>
                  <title>Node 2</title>
                  <valueObject>
                    <parentId>ROOT:0:2:0:2</parentId>
                    <storage/>
                  </valueObject>
                  <vReq class="eu.mihosoft.vrl.workflow.VisualizationRequestImpl">
                    <map class="com.sun.javafx.collections.ObservableMapWrapper">
                      <backingMap/>
                    </map>
                  </vReq>
                  <id>ROOT:0:2:0:2</id>
                  <connectors>
                    <connector>
                      <type>event</type>
                      <localId>0</localId>
                      <input>true</input>
                      <output>false</output>
                      <passthru>false</passthru>
                      <maxNumConnections>2147483647</maxNumConnections>
                    </connector>
                    <connector>
                      <type>event</type>
                      <localId>1</localId>
                      <input>false</input>
                      <output>true</output>
                      <passthru>false</passthru>
                      <maxNumConnections>2147483647</maxNumConnections>
                    </connector>
                  </connectors>
                  <mainInputs/>
                  <mainOutputs/>
                  <connections>
                    <connection>
                      <id>0</id>
                      <senderId>ROOT:0:2:0:2:1:c:1</senderId>
                      <receiverId>ROOT:0:2:0:2:4:c:0</receiverId>
                      <type>data</type>
                      <vReq class="eu.mihosoft.vrl.workflow.VisualizationRequestImpl">
                        <map class="com.sun.javafx.collections.ObservableMapWrapper">
                          <backingMap/>
                        </map>
                      </vReq>
                    </connection>
                    <connection>
                      <id>0</id>
                      <senderId>ROOT:0:2:0:2:0:c:1</senderId>
                      <receiverId>ROOT:0:2:0:2:3:c:0</receiverId>
                      <type>control</type>
                      <vReq class="eu.mihosoft.vrl.workflow.VisualizationRequestImpl">
                        <map class="com.sun.javafx.collections.ObservableMapWrapper">
                          <backingMap/>
                        </map>
                      </vReq>
                    </connection>
                  </connections>
                  <nodes>
                    <flow>
                      <x>30.0</x>
                      <y>30.0</y>
                      <width>300.0</width>
                      <height>200.0</height>
                      <title>Node 0</title>
                      <valueObject>
                        <parentId>ROOT:0:2:0:2:0</parentId>
                        <storage/>
                      </valueObject>
                      <vReq class="eu.mihosoft.vrl.workflow.VisualizationRequestImpl">
                        <map class="com.sun.javafx.collections.ObservableMapWrapper">
                          <backingMap/>
                        </map>
                      </vReq>
                      <id>ROOT:0:2:0:2:0</id>
                      <connectors>
                        <connector>
                          <type>control</type>
                          <localId>0</localId>
                          <input>true</input>
                          <output>false</output>
                          <passthru>false</passthru>
                          <maxNumConnections>2147483647</maxNumConnections>
                        </connector>
                        <connector>
                          <type>control</type>
                          <localId>1</localId>
                          <input>false</input>
                          <output>true</output>
                          <passthru>false</passthru>
                          <maxNumConnections>2147483647</maxNumConnections>
                        </connector>
                      </connectors>
                      <mainInputs/>
                      <mainOutputs/>
                      <connections/>
                      <nodes/>
                      <parent reference="../../.."/>
                      <visible>false</visible>
                    </flow>
                    <node>
                      <x>360.0</x>
                      <y>30.0</y>
                      <width>300.0</width>
                      <height>200.0</height>
                      <title>Node 1</title>
                      <valueObject>
                        <parentId>ROOT:0:2:0:2:1</parentId>
                        <storage/>
                      </valueObject>
                      <vReq class="eu.mihosoft.vrl.workflow.VisualizationRequestImpl">
                        <map class="com.sun.javafx.collections.ObservableMapWrapper">
                          <backingMap/>
                        </map>
                      </vReq>
                      <id>ROOT:0:2:0:2:1</id>
                      <connectors>
                        <connector>
                          <type>data</type>
                          <localId>0</localId>
                          <input>true</input>
                          <output>false</output>
                          <passthru>false</passthru>
                          <maxNumConnections>2147483647</maxNumConnections>
                        </connector>
                        <connector>
                          <type>data</type>
                          <localId>1</localId>
                          <input>false</input>
                          <output>true</output>
                          <passthru>false</passthru>
                          <maxNumConnections>2147483647</maxNumConnections>
                        </connector>
                      </connectors>
                      <mainInputs/>
                      <mainOutputs/>
                    </node>
                    <flow>
                      <x>690.0</x>
                      <y>30.0</y>
                      <width>300.0</width>
                      <height>200.0</height>
                      <title>Node 2</title>
                      <valueObject>
                        <parentId>ROOT:0:2:0:2:2</parentId>
                        <storage/>
                      </valueObject>
                      <vReq class="eu.mihosoft.vrl.workflow.VisualizationRequestImpl">
                        <map class="com.sun.javafx.collections.ObservableMapWrapper">
                          <backingMap/>
                        </map>
                      </vReq>
                      <id>ROOT:0:2:0:2:2</id>
                      <connectors>
                        <connector>
                          <type>event</type>
                          <localId>0</localId>
                          <input>true</input>
                          <output>false</output>
                          <passthru>false</passthru>
                          <maxNumConnections>2147483647</maxNumConnections>
                        </connector>
                        <connector>
                          <type>event</type>
                          <localId>1</localId>
                          <input>false</input>
                          <output>true</output>
                          <passthru>false</passthru>
                          <maxNumConnections>2147483647</maxNumConnections>
                        </connector>
                      </connectors>
                      <mainInputs/>
                      <mainOutputs/>
                      <connections/>
                      <nodes/>
                      <parent reference="../../.."/>
                      <visible>false</visible>
                    </flow>
                    <node>
                      <x>30.0</x>
                      <y>260.0</y>
                      <width>300.0</width>
                      <height>200.0</height>
                      <title>Node 3</title>
                      <valueObject>
                        <parentId>ROOT:0:2:0:2:3</parentId>
                        <storage/>
                      </valueObject>
                      <vReq class="eu.mihosoft.vrl.workflow.VisualizationRequestImpl">
                        <map class="com.sun.javafx.collections.ObservableMapWrapper">
                          <backingMap/>
                        </map>
                      </vReq>
                      <id>ROOT:0:2:0:2:3</id>
                      <connectors>
                        <connector>
                          <type>control</type>
                          <localId>0</localId>
                          <input>true</input>
                          <output>false</output>
                          <passthru>false</passthru>
                          <maxNumConnections>2147483647</maxNumConnections>
                        </connector>
                        <connector>
                          <type>control</type>
                          <localId>1</localId>
                          <input>false</input>
                          <output>true</output>
                          <passthru>false</passthru>
                          <maxNumConnections>2147483647</maxNumConnections>
                        </connector>
                      </connectors>
                      <mainInputs/>
                      <mainOutputs/>
                    </node>
                    <flow>
                      <x>360.0</x>
                      <y>260.0</y>
                      <width>300.0</width>
                      <height>200.0</height>
                      <title>Node 4</title>
                      <valueObject>
                        <parentId>ROOT:0:2:0:2:4</parentId>
                        <storage/>
                      </valueObject>
                      <vReq class="eu.mihosoft.vrl.workflow.VisualizationRequestImpl">
                        <map class="com.sun.javafx.collections.ObservableMapWrapper">
                          <backingMap/>
                        </map>
                      </vReq>
                      <id>ROOT:0:2:0:2:4</id>
                      <connectors>
                        <connector>
                          <type>data</type>
                          <localId>0</localId>
                          <input>true</input>
                          <output>false</output>
                          <passthru>false</passthru>
                          <maxNumConnections>2147483647</maxNumConnections>
                        </connector>
                        <connector>
                          <type>data</type>
                          <localId>1</localId>
                          <input>false</input>
                          <output>true</output>
                          <passthru>false</passthru>
                          <maxNumConnections>2147483647</maxNumConnections>
                        </connector>
                      </connectors>
                      <mainInputs/>
                      <mainOutputs/>
                      <connections/>
                      <nodes/>
                      <parent reference="../../.."/>
                      <visible>false</visible>
                    </flow>
                  </nodes>
                  <parent reference="../../.."/>
                  <visible>false</visible>
                </flow>
                <node>
                  <x>30.0</x>
                  <y>260.0</y>
                  <width>300.0</width>
                  <height>200.0</height>
                  <title>Node 3</title>
                  <valueObject>
                    <parentId>ROOT:0:2:0:3</parentId>
                    <storage/>
                  </valueObject>
                  <vReq class="eu.mihosoft.vrl.workflow.VisualizationRequestImpl">
                    <map class="com.sun.javafx.collections.ObservableMapWrapper">
                      <backingMap/>
                    </map>
                  </vReq>
                  <id>ROOT:0:2:0:3</id>
                  <connectors>
                    <connector>
                      <type>control</type>
                      <localId>0</localId>
                      <input>true</input>
                      <output>false</output>
                      <passthru>false</passthru>
                      <maxNumConnections>2147483647</maxNumConnections>
                    </connector>
                    <connector>
                      <type>control</type>
                      <localId>1</localId>
                      <input>false</input>
                      <output>true</output>
                      <passthru>false</passthru>
                      <maxNumConnections>2147483647</maxNumConnections>
                    </connector>
                  </connectors>
                  <mainInputs/>
                  <mainOutputs/>
                </node>
                <flow>
                  <x>360.0</x>
                  <y>260.0</y>
                  <width>300.0</width>
                  <height>200.0</height>
                  <title>Node 4</title>
                  <valueObject>
                    <parentId>ROOT:0:2:0:4</parentId>
                    <storage/>
                  </valueObject>
                  <vReq class="eu.mihosoft.vrl.workflow.VisualizationRequestImpl">
                    <map class="com.sun.javafx.collections.ObservableMapWrapper">
                      <backingMap/>
                    </map>
                  </vReq>
                  <id>ROOT:0:2:0:4</id>
                  <connectors>
                    <connector>
                      <type>data</type>
                      <localId>0</localId>
                      <input>true</input>
                      <output>false</output>
                      <passthru>false</passthru>
                      <maxNumConnections>2147483647</maxNumConnections>
                    </connector>
                    <connector>
                      <type>data</type>
                      <localId>1</localId>
                      <input>false</input>
                      <output>true</output>
                      <passthru>false</passthru>
                      <maxNumConnections>2147483647</maxNumConnections>
                    </connector>
                  </connectors>
                  <mainInputs/>
                  <mainOutputs/>
                  <connections>
                    <connection>
                      <id>0</id>
                      <senderId>ROOT:0:2:0:4:1:c:1</senderId>
                      <receiverId>ROOT:0:2:0:4:4:c:0</receiverId>
                      <type>data</type>
                      <vReq class="eu.mihosoft.vrl.workflow.VisualizationRequestImpl">
                        <map class="com.sun.javafx.collections.ObservableMapWrapper">
                          <backingMap/>
                        </map>
                      </vReq>
                    </connection>
                    <connection>
                      <id>0</id>
                      <senderId>ROOT:0:2:0:4:0:c:1</senderId>
                      <receiverId>ROOT:0:2:0:4:3:c:0</receiverId>
                      <type>control</type>
                      <vReq class="eu.mihosoft.vrl.workflow.VisualizationRequestImpl">
                        <map class="com.sun.javafx.collections.ObservableMapWrapper">
                          <backingMap/>
                        </map>
                      </vReq>
                    </connection>
                  </connections>
                  <nodes>
                    <flow>
                      <x>30.0</x>
                      <y>30.0</y>
                      <width>300.0</width>
                      <height>200.0</height>
                      <title>Node 0</title>
                      <valueObject>
                        <parentId>ROOT:0:2:0:4:0</parentId>
                        <storage/>
                      </valueObject>
                      <vReq class="eu.mihosoft.vrl.workflow.VisualizationRequestImpl">
                        <map class="com.sun.javafx.collections.ObservableMapWrapper">
                          <backingMap/>
                        </map>
                      </vReq>
                      <id>ROOT:0:2:0:4:0</id>
                      <connectors>
                        <connector>
                          <type>control</type>
                          <localId>0</localId>
                          <input>true</input>
                          <output>false</output>
                          <passthru>false</passthru>
                          <maxNumConnections>2147483647</maxNumConnections>
                        </connector>
                        <connector>
                          <type>control</type>
                          <localId>1</localId>
                          <input>false</input>
                          <output>true</output>
                          <passthru>false</passthru>
                          <maxNumConnections>2147483647</maxNumConnections>
                        </connector>
                      </connectors>
                      <mainInputs/>
                      <mainOutputs/>
                      <connections/>
                      <nodes/>
                      <parent reference="../../.."/>
                      <visible>false</visible>
                    </flow>
                    <node>
                      <x>360.0</x>
                      <y>30.0</y>
                      <width>300.0</width>
                      <height>200.0</height>
                      <title>Node 1</title>
                      <valueObject>
                        <parentId>ROOT:0:2:0:4:1</parentId>
                        <storage/>
                      </valueObject>
                      <vReq class="eu.mihosoft.vrl.workflow.VisualizationRequestImpl">
                        <map class="com.sun.javafx.collections.ObservableMapWrapper">
                          <backingMap/>
                        </map>
                      </vReq>
                      <id>ROOT:0:2:0:4:1</id>
                      <connectors>
                        <connector>
                          <type>data</type>
                          <localId>0</localId>
                          <input>true</input>
                          <output>false</output>
                          <passthru>false</passthru>
                          <maxNumConnections>2147483647</maxNumConnections>
                        </connector>
                        <connector>
                          <type>data</type>
                          <localId>1</localId>
                          <input>false</input>
                          <output>true</output>
                          <passthru>false</passthru>
                          <maxNumConnections>2147483647</maxNumConnections>
                        </connector>
                      </connectors>
                      <mainInputs/>
                      <mainOutputs/>
                    </node>
                    <flow>
                      <x>690.0</x>
                      <y>30.0</y>
                      <width>300.0</width>
                      <height>200.0</height>
                      <title>Node 2</title>
                      <valueObject>
                        <parentId>ROOT:0:2:0:4:2</parentId>
                        <storage/>
                      </valueObject>
                      <vReq class="eu.mihosoft.vrl.workflow.VisualizationRequestImpl">
                        <map class="com.sun.javafx.collections.ObservableMapWrapper">
                          <backingMap/>
                        </map>
                      </vReq>
                      <id>ROOT:0:2:0:4:2</id>
                      <connectors>
                        <connector>
                          <type>event</type>
                          <localId>0</localId>
                          <input>true</input>
                          <output>false</output>
                          <passthru>false</passthru>
                          <maxNumConnections>2147483647</maxNumConnections>
                        </connector>
                        <connector>
                          <type>event</type>
                          <localId>1</localId>
                          <input>false</input>
                          <output>true</output>
                          <passthru>false</passthru>
                          <maxNumConnections>2147483647</maxNumConnections>
                        </connector>
                      </connectors>
                      <mainInputs/>
                      <mainOutputs/>
                      <connections/>
                      <nodes/>
                      <parent reference="../../.."/>
                      <visible>false</visible>
                    </flow>
                    <node>
                      <x>30.0</x>
                      <y>260.0</y>
                      <width>300.0</width>
                      <height>200.0</height>
                      <title>Node 3</title>
                      <valueObject>
                        <parentId>ROOT:0:2:0:4:3</parentId>
                        <storage/>
                      </valueObject>
                      <vReq class="eu.mihosoft.vrl.workflow.VisualizationRequestImpl">
                        <map class="com.sun.javafx.collections.ObservableMapWrapper">
                          <backingMap/>
                        </map>
                      </vReq>
                      <id>ROOT:0:2:0:4:3</id>
                      <connectors>
                        <connector>
                          <type>control</type>
                          <localId>0</localId>
                          <input>true</input>
                          <output>false</output>
                          <passthru>false</passthru>
                          <maxNumConnections>2147483647</maxNumConnections>
                        </connector>
                        <connector>
                          <type>control</type>
                          <localId>1</localId>
                          <input>false</input>
                          <output>true</output>
                          <passthru>false</passthru>
                          <maxNumConnections>2147483647</maxNumConnections>
                        </connector>
                      </connectors>
                      <mainInputs/>
                      <mainOutputs/>
                    </node>
                    <flow>
                      <x>360.0</x>
                      <y>260.0</y>
                      <width>300.0</width>
                      <height>200.0</height>
                      <title>Node 4</title>
                      <valueObject>
                        <parentId>ROOT:0:2:0:4:4</parentId>
                        <storage/>
                      </valueObject>
                      <vReq class="eu.mihosoft.vrl.workflow.VisualizationRequestImpl">
                        <map class="com.sun.javafx.collections.ObservableMapWrapper">
                          <backingMap/>
                        </map>
                      </vReq>
                      <id>ROOT:0:2:0:4:4</id>
                      <connectors>
                        <connector>
                          <type>data</type>
                          <localId>0</localId>
                          <input>true</input>
                          <output>false</output>
                          <passthru>false</passthru>
                          <maxNumConnections>2147483647</maxNumConnections>
                        </connector>
                        <connector>
                          <type>data</type>
                          <localId>1</localId>
                          <input>false</input>
                          <output>true</output>
                          <passthru>false</passthru>
                          <maxNumConnections>2147483647</maxNumConnections>
                        </connector>
                      </connectors>
                      <mainInputs/>
                      <mainOutputs/>
                      <connections/>
                      <nodes/>
                      <parent reference="../../.."/>
                      <visible>false</visible>
                    </flow>
                  </nodes>
                  <parent reference="../../.."/>
                  <visible>false</visible>
                </flow>
              </nodes>
              <parent reference="../../.."/>
              <visible>false</visible>
            </flow>
            <node>
              <x>360.0</x>
              <y>30.0</y>
              <width>300.0</width>
              <height>200.0</height>
              <title>Node 1</title>
              <valueObject>
                <parentId>ROOT:0:2:1</parentId>
                <storage/>
              </valueObject>
              <vReq class="eu.mihosoft.vrl.workflow.VisualizationRequestImpl">
                <map class="com.sun.javafx.collections.ObservableMapWrapper">
                  <backingMap/>
                </map>
              </vReq>
              <id>ROOT:0:2:1</id>
              <connectors>
                <connector>
                  <type>data</type>
                  <localId>0</localId>
                  <input>true</input>
                  <output>false</output>
                  <passthru>false</passthru>
                  <maxNumConnections>2147483647</maxNumConnections>
                </connector>
                <connector>
                  <type>data</type>
                  <localId>1</localId>
                  <input>false</input>
                  <output>true</output>
                  <passthru>false</passthru>
                  <maxNumConnections>2147483647</maxNumConnections>
                </connector>
              </connectors>
              <mainInputs/>
              <mainOutputs/>
            </node>
            <flow>
              <x>690.0</x>
              <y>30.0</y>
              <width>300.0</width>
              <height>200.0</height>
              <title>Node 2</title>
              <valueObject>
                <parentId>ROOT:0:2:2</parentId>
                <storage/>
              </valueObject>
              <vReq class="eu.mihosoft.vrl.workflow.VisualizationRequestImpl">
                <map class="com.sun.javafx.collections.ObservableMapWrapper">
                  <backingMap/>
                </map>
              </vReq>
              <id>ROOT:0:2:2</id>
              <connectors>
                <connector>
                  <type>event</type>
                  <localId>0</localId>
                  <input>true</input>
                  <output>false</output>
                  <passthru>false</passthru>
                  <maxNumConnections>2147483647</maxNumConnections>
                </connector>
                <connector>
                  <type>event</type>
                  <localId>1</localId>
                  <input>false</input>
                  <output>true</output>
                  <passthru>false</passthru>
                  <maxNumConnections>2147483647</maxNumConnections>
                </connector>
              </connectors>
              <mainInputs/>
              <mainOutputs/>
              <connections>
                <connection>
                  <id>0</id>
                  <senderId>ROOT:0:2:2:1:c:1</senderId>
                  <receiverId>ROOT:0:2:2:4:c:0</receiverId>
                  <type>data</type>
                  <vReq class="eu.mihosoft.vrl.workflow.VisualizationRequestImpl">
                    <map class="com.sun.javafx.collections.ObservableMapWrapper">
                      <backingMap/>
                    </map>
                  </vReq>
                </connection>
                <connection>
                  <id>0</id>
                  <senderId>ROOT:0:2:2:0:c:1</senderId>
                  <receiverId>ROOT:0:2:2:3:c:0</receiverId>
                  <type>control</type>
                  <vReq class="eu.mihosoft.vrl.workflow.VisualizationRequestImpl">
                    <map class="com.sun.javafx.collections.ObservableMapWrapper">
                      <backingMap/>
                    </map>
                  </vReq>
                </connection>
              </connections>
              <nodes>
                <flow>
                  <x>30.0</x>
                  <y>30.0</y>
                  <width>300.0</width>
                  <height>200.0</height>
                  <title>Node 0</title>
                  <valueObject>
                    <parentId>ROOT:0:2:2:0</parentId>
                    <storage/>
                  </valueObject>
                  <vReq class="eu.mihosoft.vrl.workflow.VisualizationRequestImpl">
                    <map class="com.sun.javafx.collections.ObservableMapWrapper">
                      <backingMap/>
                    </map>
                  </vReq>
                  <id>ROOT:0:2:2:0</id>
                  <connectors>
                    <connector>
                      <type>control</type>
                      <localId>0</localId>
                      <input>true</input>
                      <output>false</output>
                      <passthru>false</passthru>
                      <maxNumConnections>2147483647</maxNumConnections>
                    </connector>
                    <connector>
                      <type>control</type>
                      <localId>1</localId>
                      <input>false</input>
                      <output>true</output>
                      <passthru>false</passthru>
                      <maxNumConnections>2147483647</maxNumConnections>
                    </connector>
                  </connectors>
                  <mainInputs/>
                  <mainOutputs/>
                  <connections>
                    <connection>
                      <id>0</id>
                      <senderId>ROOT:0:2:2:0:1:c:1</senderId>
                      <receiverId>ROOT:0:2:2:0:4:c:0</receiverId>
                      <type>data</type>
                      <vReq class="eu.mihosoft.vrl.workflow.VisualizationRequestImpl">
                        <map class="com.sun.javafx.collections.ObservableMapWrapper">
                          <backingMap/>
                        </map>
                      </vReq>
                    </connection>
                    <connection>
                      <id>0</id>
                      <senderId>ROOT:0:2:2:0:0:c:1</senderId>
                      <receiverId>ROOT:0:2:2:0:3:c:0</receiverId>
                      <type>control</type>
                      <vReq class="eu.mihosoft.vrl.workflow.VisualizationRequestImpl">
                        <map class="com.sun.javafx.collections.ObservableMapWrapper">
                          <backingMap/>
                        </map>
                      </vReq>
                    </connection>
                  </connections>
                  <nodes>
                    <flow>
                      <x>30.0</x>
                      <y>30.0</y>
                      <width>300.0</width>
                      <height>200.0</height>
                      <title>Node 0</title>
                      <valueObject>
                        <parentId>ROOT:0:2:2:0:0</parentId>
                        <storage/>
                      </valueObject>
                      <vReq class="eu.mihosoft.vrl.workflow.VisualizationRequestImpl">
                        <map class="com.sun.javafx.collections.ObservableMapWrapper">
                          <backingMap/>
                        </map>
                      </vReq>
                      <id>ROOT:0:2:2:0:0</id>
                      <connectors>
                        <connector>
                          <type>control</type>
                          <localId>0</localId>
                          <input>true</input>
                          <output>false</output>
                          <passthru>false</passthru>
                          <maxNumConnections>2147483647</maxNumConnections>
                        </connector>
                        <connector>
                          <type>control</type>
                          <localId>1</localId>
                          <input>false</input>
                          <output>true</output>
                          <passthru>false</passthru>
                          <maxNumConnections>2147483647</maxNumConnections>
                        </connector>
                      </connectors>
                      <mainInputs/>
                      <mainOutputs/>
                      <connections/>
                      <nodes/>
                      <parent reference="../../.."/>
                      <visible>false</visible>
                    </flow>
                    <node>
                      <x>360.0</x>
                      <y>30.0</y>
                      <width>300.0</width>
                      <height>200.0</height>
                      <title>Node 1</title>
                      <valueObject>
                        <parentId>ROOT:0:2:2:0:1</parentId>
                        <storage/>
                      </valueObject>
                      <vReq class="eu.mihosoft.vrl.workflow.VisualizationRequestImpl">
                        <map class="com.sun.javafx.collections.ObservableMapWrapper">
                          <backingMap/>
                        </map>
                      </vReq>
                      <id>ROOT:0:2:2:0:1</id>
                      <connectors>
                        <connector>
                          <type>data</type>
                          <localId>0</localId>
                          <input>true</input>
                          <output>false</output>
                          <passthru>false</passthru>
                          <maxNumConnections>2147483647</maxNumConnections>
                        </connector>
                        <connector>
                          <type>data</type>
                          <localId>1</localId>
                          <input>false</input>
                          <output>true</output>
                          <passthru>false</passthru>
                          <maxNumConnections>2147483647</maxNumConnections>
                        </connector>
                      </connectors>
                      <mainInputs/>
                      <mainOutputs/>
                    </node>
                    <flow>
                      <x>690.0</x>
                      <y>30.0</y>
                      <width>300.0</width>
                      <height>200.0</height>
                      <title>Node 2</title>
                      <valueObject>
                        <parentId>ROOT:0:2:2:0:2</parentId>
                        <storage/>
                      </valueObject>
                      <vReq class="eu.mihosoft.vrl.workflow.VisualizationRequestImpl">
                        <map class="com.sun.javafx.collections.ObservableMapWrapper">
                          <backingMap/>
                        </map>
                      </vReq>
                      <id>ROOT:0:2:2:0:2</id>
                      <connectors>
                        <connector>
                          <type>event</type>
                          <localId>0</localId>
                          <input>true</input>
                          <output>false</output>
                          <passthru>false</passthru>
                          <maxNumConnections>2147483647</maxNumConnections>
                        </connector>
                        <connector>
                          <type>event</type>
                          <localId>1</localId>
                          <input>false</input>
                          <output>true</output>
                          <passthru>false</passthru>
                          <maxNumConnections>2147483647</maxNumConnections>
                        </connector>
                      </connectors>
                      <mainInputs/>
                      <mainOutputs/>
                      <connections/>
                      <nodes/>
                      <parent reference="../../.."/>
                      <visible>false</visible>
                    </flow>
                    <node>
                      <x>30.0</x>
                      <y>260.0</y>
                      <width>300.0</width>
                      <height>200.0</height>
                      <title>Node 3</title>
                      <valueObject>
                        <parentId>ROOT:0:2:2:0:3</parentId>
                        <storage/>
                      </valueObject>
                      <vReq class="eu.mihosoft.vrl.workflow.VisualizationRequestImpl">
                        <map class="com.sun.javafx.collections.ObservableMapWrapper">
                          <backingMap/>
                        </map>
                      </vReq>
                      <id>ROOT:0:2:2:0:3</id>
                      <connectors>
                        <connector>
                          <type>control</type>
                          <localId>0</localId>
                          <input>true</input>
                          <output>false</output>
                          <passthru>false</passthru>
                          <maxNumConnections>2147483647</maxNumConnections>
                        </connector>
                        <connector>
                          <type>control</type>
                          <localId>1</localId>
                          <input>false</input>
                          <output>true</output>
                          <passthru>false</passthru>
                          <maxNumConnections>2147483647</maxNumConnections>
                        </connector>
                      </connectors>
                      <mainInputs/>
                      <mainOutputs/>
                    </node>
                    <flow>
                      <x>360.0</x>
                      <y>260.0</y>
                      <width>300.0</width>
                      <height>200.0</height>
                      <title>Node 4</title>
                      <valueObject>
                        <parentId>ROOT:0:2:2:0:4</parentId>
                        <storage/>
                      </valueObject>
                      <vReq class="eu.mihosoft.vrl.workflow.VisualizationRequestImpl">
                        <map class="com.sun.javafx.collections.ObservableMapWrapper">
                          <backingMap/>
                        </map>
                      </vReq>
                      <id>ROOT:0:2:2:0:4</id>
                      <connectors>
                        <connector>
                          <type>data</type>
                          <localId>0</localId>
                          <input>true</input>
                          <output>false</output>
                          <passthru>false</passthru>
                          <maxNumConnections>2147483647</maxNumConnections>
                        </connector>
                        <connector>
                          <type>data</type>
                          <localId>1</localId>
                          <input>false</input>
                          <output>true</output>
                          <passthru>false</passthru>
                          <maxNumConnections>2147483647</maxNumConnections>
                        </connector>
                      </connectors>
                      <mainInputs/>
                      <mainOutputs/>
                      <connections/>
                      <nodes/>
                      <parent reference="../../.."/>
                      <visible>false</visible>
                    </flow>
                  </nodes>
                  <parent reference="../../.."/>
                  <visible>false</visible>
                </flow>
                <node>
                  <x>360.0</x>
                  <y>30.0</y>
                  <width>300.0</width>
                  <height>200.0</height>
                  <title>Node 1</title>
                  <valueObject>
                    <parentId>ROOT:0:2:2:1</parentId>
                    <storage/>
                  </valueObject>
                  <vReq class="eu.mihosoft.vrl.workflow.VisualizationRequestImpl">
                    <map class="com.sun.javafx.collections.ObservableMapWrapper">
                      <backingMap/>
                    </map>
                  </vReq>
                  <id>ROOT:0:2:2:1</id>
                  <connectors>
                    <connector>
                      <type>data</type>
                      <localId>0</localId>
                      <input>true</input>
                      <output>false</output>
                      <passthru>false</passthru>
                      <maxNumConnections>2147483647</maxNumConnections>
                    </connector>
                    <connector>
                      <type>data</type>
                      <localId>1</localId>
                      <input>false</input>
                      <output>true</output>
                      <passthru>false</passthru>
                      <maxNumConnections>2147483647</maxNumConnections>
                    </connector>
                  </connectors>
                  <mainInputs/>
                  <mainOutputs/>
                </node>
                <flow>
                  <x>690.0</x>
                  <y>30.0</y>
                  <width>300.0</width>
                  <height>200.0</height>
                  <title>Node 2</title>
                  <valueObject>
                    <parentId>ROOT:0:2:2:2</parentId>
                    <storage/>
                  </valueObject>
                  <vReq class="eu.mihosoft.vrl.workflow.VisualizationRequestImpl">
                    <map class="com.sun.javafx.collections.ObservableMapWrapper">
                      <backingMap/>
                    </map>
                  </vReq>
                  <id>ROOT:0:2:2:2</id>
                  <connectors>
                    <connector>
                      <type>event</type>
                      <localId>0</localId>
                      <input>true</input>
                      <output>false</output>
                      <passthru>false</passthru>
                      <maxNumConnections>2147483647</maxNumConnections>
                    </connector>
                    <connector>
                      <type>event</type>
                      <localId>1</localId>
                      <input>false</input>
                      <output>true</output>
                      <passthru>false</passthru>
                      <maxNumConnections>2147483647</maxNumConnections>
                    </connector>
                  </connectors>
                  <mainInputs/>
                  <mainOutputs/>
                  <connections>
                    <connection>
                      <id>0</id>
                      <senderId>ROOT:0:2:2:2:1:c:1</senderId>
                      <receiverId>ROOT:0:2:2:2:4:c:0</receiverId>
                      <type>data</type>
                      <vReq class="eu.mihosoft.vrl.workflow.VisualizationRequestImpl">
                        <map class="com.sun.javafx.collections.ObservableMapWrapper">
                          <backingMap/>
                        </map>
                      </vReq>
                    </connection>
                    <connection>
                      <id>0</id>
                      <senderId>ROOT:0:2:2:2:0:c:1</senderId>
                      <receiverId>ROOT:0:2:2:2:3:c:0</receiverId>
                      <type>control</type>
                      <vReq class="eu.mihosoft.vrl.workflow.VisualizationRequestImpl">
                        <map class="com.sun.javafx.collections.ObservableMapWrapper">
                          <backingMap/>
                        </map>
                      </vReq>
                    </connection>
                  </connections>
                  <nodes>
                    <flow>
                      <x>30.0</x>
                      <y>30.0</y>
                      <width>300.0</width>
                      <height>200.0</height>
                      <title>Node 0</title>
                      <valueObject>
                        <parentId>ROOT:0:2:2:2:0</parentId>
                        <storage/>
                      </valueObject>
                      <vReq class="eu.mihosoft.vrl.workflow.VisualizationRequestImpl">
                        <map class="com.sun.javafx.collections.ObservableMapWrapper">
                          <backingMap/>
                        </map>
                      </vReq>
                      <id>ROOT:0:2:2:2:0</id>
                      <connectors>
                        <connector>
                          <type>control</type>
                          <localId>0</localId>
                          <input>true</input>
                          <output>false</output>
                          <passthru>false</passthru>
                          <maxNumConnections>2147483647</maxNumConnections>
                        </connector>
                        <connector>
                          <type>control</type>
                          <localId>1</localId>
                          <input>false</input>
                          <output>true</output>
                          <passthru>false</passthru>
                          <maxNumConnections>2147483647</maxNumConnections>
                        </connector>
                      </connectors>
                      <mainInputs/>
                      <mainOutputs/>
                      <connections/>
                      <nodes/>
                      <parent reference="../../.."/>
                      <visible>false</visible>
                    </flow>
                    <node>
                      <x>360.0</x>
                      <y>30.0</y>
                      <width>300.0</width>
                      <height>200.0</height>
                      <title>Node 1</title>
                      <valueObject>
                        <parentId>ROOT:0:2:2:2:1</parentId>
                        <storage/>
                      </valueObject>
                      <vReq class="eu.mihosoft.vrl.workflow.VisualizationRequestImpl">
                        <map class="com.sun.javafx.collections.ObservableMapWrapper">
                          <backingMap/>
                        </map>
                      </vReq>
                      <id>ROOT:0:2:2:2:1</id>
                      <connectors>
                        <connector>
                          <type>data</type>
                          <localId>0</localId>
                          <input>true</input>
                          <output>false</output>
                          <passthru>false</passthru>
                          <maxNumConnections>2147483647</maxNumConnections>
                        </connector>
                        <connector>
                          <type>data</type>
                          <localId>1</localId>
                          <input>false</input>
                          <output>true</output>
                          <passthru>false</passthru>
                          <maxNumConnections>2147483647</maxNumConnections>
                        </connector>
                      </connectors>
                      <mainInputs/>
                      <mainOutputs/>
                    </node>
                    <flow>
                      <x>690.0</x>
                      <y>30.0</y>
                      <width>300.0</width>
                      <height>200.0</height>
                      <title>Node 2</title>
                      <valueObject>
                        <parentId>ROOT:0:2:2:2:2</parentId>
                        <storage/>
                      </valueObject>
                      <vReq class="eu.mihosoft.vrl.workflow.VisualizationRequestImpl">
                        <map class="com.sun.javafx.collections.ObservableMapWrapper">
                          <backingMap/>
                        </map>
                      </vReq>
                      <id>ROOT:0:2:2:2:2</id>
                      <connectors>
                        <connector>
                          <type>event</type>
                          <localId>0</localId>
                          <input>true</input>
                          <output>false</output>
                          <passthru>false</passthru>
                          <maxNumConnections>2147483647</maxNumConnections>
                        </connector>
                        <connector>
                          <type>event</type>
                          <localId>1</localId>
                          <input>false</input>
                          <output>true</output>
                          <passthru>false</passthru>
                          <maxNumConnections>2147483647</maxNumConnections>
                        </connector>
                      </connectors>
                      <mainInputs/>
                      <mainOutputs/>
                      <connections/>
                      <nodes/>
                      <parent reference="../../.."/>
                      <visible>false</visible>
                    </flow>
                    <node>
                      <x>30.0</x>
                      <y>260.0</y>
                      <width>300.0</width>
                      <height>200.0</height>
                      <title>Node 3</title>
                      <valueObject>
                        <parentId>ROOT:0:2:2:2:3</parentId>
                        <storage/>
                      </valueObject>
                      <vReq class="eu.mihosoft.vrl.workflow.VisualizationRequestImpl">
                        <map class="com.sun.javafx.collections.ObservableMapWrapper">
                          <backingMap/>
                        </map>
                      </vReq>
                      <id>ROOT:0:2:2:2:3</id>
                      <connectors>
                        <connector>
                          <type>control</type>
                          <localId>0</localId>
                          <input>true</input>
                          <output>false</output>
                          <passthru>false</passthru>
                          <maxNumConnections>2147483647</maxNumConnections>
                        </connector>
                        <connector>
                          <type>control</type>
                          <localId>1</localId>
                          <input>false</input>
                          <output>true</output>
                          <passthru>false</passthru>
                          <maxNumConnections>2147483647</maxNumConnections>
                        </connector>
                      </connectors>
                      <mainInputs/>
                      <mainOutputs/>
                    </node>
                    <flow>
                      <x>360.0</x>
                      <y>260.0</y>
                      <width>300.0</width>
                      <height>200.0</height>
                      <title>Node 4</title>
                      <valueObject>
                        <parentId>ROOT:0:2:2:2:4</parentId>
                        <storage/>
                      </valueObject>
                      <vReq class="eu.mihosoft.vrl.workflow.VisualizationRequestImpl">
                        <map class="com.sun.javafx.collections.ObservableMapWrapper">
                          <backingMap/>
                        </map>
                      </vReq>
                      <id>ROOT:0:2:2:2:4</id>
                      <connectors>
                        <connector>
                          <type>data</type>
                          <localId>0</localId>
                          <input>true</input>
                          <output>false</output>
                          <passthru>false</passthru>
                          <maxNumConnections>2147483647</maxNumConnections>
                        </connector>
                        <connector>
                          <type>data</type>
                          <localId>1</localId>
                          <input>false</input>
                          <output>true</output>
                          <passthru>false</passthru>
                          <maxNumConnections>2147483647</maxNumConnections>
                        </connector>
                      </connectors>
                      <mainInputs/>
                      <mainOutputs/>
                      <connections/>
                      <nodes/>
                      <parent reference="../../.."/>
                      <visible>false</visible>
                    </flow>
                  </nodes>
                  <parent reference="../../.."/>
                  <visible>false</visible>
                </flow>
                <node>
                  <x>30.0</x>
                  <y>260.0</y>
                  <width>300.0</width>
                  <height>200.0</height>
                  <title>Node 3</title>
                  <valueObject>
                    <parentId>ROOT:0:2:2:3</parentId>
                    <storage/>
                  </valueObject>
                  <vReq class="eu.mihosoft.vrl.workflow.VisualizationRequestImpl">
                    <map class="com.sun.javafx.collections.ObservableMapWrapper">
                      <backingMap/>
                    </map>
                  </vReq>
                  <id>ROOT:0:2:2:3</id>
                  <connectors>
                    <connector>
                      <type>control</type>
                      <localId>0</localId>
                      <input>true</input>
                      <output>false</output>
                      <passthru>false</passthru>
                      <maxNumConnections>2147483647</maxNumConnections>
                    </connector>
                    <connector>
                      <type>control</type>
                      <localId>1</localId>
                      <input>false</input>
                      <output>true</output>
                      <passthru>false</passthru>
                      <maxNumConnections>2147483647</maxNumConnections>
                    </connector>
                  </connectors>
                  <mainInputs/>
                  <mainOutputs/>
                </node>
                <flow>
                  <x>360.0</x>
                  <y>260.0</y>
                  <width>300.0</width>
                  <height>200.0</height>
                  <title>Node 4</title>
                  <valueObject>
                    <parentId>ROOT:0:2:2:4</parentId>
                    <storage/>
                  </valueObject>
                  <vReq class="eu.mihosoft.vrl.workflow.VisualizationRequestImpl">
                    <map class="com.sun.javafx.collections.ObservableMapWrapper">
                      <backingMap/>
                    </map>
                  </vReq>
                  <id>ROOT:0:2:2:4</id>
                  <connectors>
                    <connector>
                      <type>data</type>
                      <localId>0</localId>
                      <input>true</input>
                      <output>false</output>
                      <passthru>false</passthru>
                      <maxNumConnections>2147483647</maxNumConnections>
                    </connector>
                    <connector>
                      <type>data</type>
                      <localId>1</localId>
                      <input>false</input>
                      <output>true</output>
                      <passthru>false</passthru>
                      <maxNumConnections>2147483647</maxNumConnections>
                    </connector>
                  </connectors>
                  <mainInputs/>
                  <mainOutputs/>
                  <connections>
                    <connection>
                      <id>0</id>
                      <senderId>ROOT:0:2:2:4:1:c:1</senderId>
                      <receiverId>ROOT:0:2:2:4:4:c:0</receiverId>
                      <type>data</type>
                      <vReq class="eu.mihosoft.vrl.workflow.VisualizationRequestImpl">
                        <map class="com.sun.javafx.collections.ObservableMapWrapper">
                          <backingMap/>
                        </map>
                      </vReq>
                    </connection>
                    <connection>
                      <id>0</id>
                      <senderId>ROOT:0:2:2:4:0:c:1</senderId>
                      <receiverId>ROOT:0:2:2:4:3:c:0</receiverId>
                      <type>control</type>
                      <vReq class="eu.mihosoft.vrl.workflow.VisualizationRequestImpl">
                        <map class="com.sun.javafx.collections.ObservableMapWrapper">
                          <backingMap/>
                        </map>
                      </vReq>
                    </connection>
                  </connections>
                  <nodes>
                    <flow>
                      <x>30.0</x>
                      <y>30.0</y>
                      <width>300.0</width>
                      <height>200.0</height>
                      <title>Node 0</title>
                      <valueObject>
                        <parentId>ROOT:0:2:2:4:0</parentId>
                        <storage/>
                      </valueObject>
                      <vReq class="eu.mihosoft.vrl.workflow.VisualizationRequestImpl">
                        <map class="com.sun.javafx.collections.ObservableMapWrapper">
                          <backingMap/>
                        </map>
                      </vReq>
                      <id>ROOT:0:2:2:4:0</id>
                      <connectors>
                        <connector>
                          <type>control</type>
                          <localId>0</localId>
                          <input>true</input>
                          <output>false</output>
                          <passthru>false</passthru>
                          <maxNumConnections>2147483647</maxNumConnections>
                        </connector>
                        <connector>
                          <type>control</type>
                          <localId>1</localId>
                          <input>false</input>
                          <output>true</output>
                          <passthru>false</passthru>
                          <maxNumConnections>2147483647</maxNumConnections>
                        </connector>
                      </connectors>
                      <mainInputs/>
                      <mainOutputs/>
                      <connections/>
                      <nodes/>
                      <parent reference="../../.."/>
                      <visible>false</visible>
                    </flow>
                    <node>
                      <x>360.0</x>
                      <y>30.0</y>
                      <width>300.0</width>
                      <height>200.0</height>
                      <title>Node 1</title>
                      <valueObject>
                        <parentId>ROOT:0:2:2:4:1</parentId>
                        <storage/>
                      </valueObject>
                      <vReq class="eu.mihosoft.vrl.workflow.VisualizationRequestImpl">
                        <map class="com.sun.javafx.collections.ObservableMapWrapper">
                          <backingMap/>
                        </map>
                      </vReq>
                      <id>ROOT:0:2:2:4:1</id>
                      <connectors>
                        <connector>
                          <type>data</type>
                          <localId>0</localId>
                          <input>true</input>
                          <output>false</output>
                          <passthru>false</passthru>
                          <maxNumConnections>2147483647</maxNumConnections>
                        </connector>
                        <connector>
                          <type>data</type>
                          <localId>1</localId>
                          <input>false</input>
                          <output>true</output>
                          <passthru>false</passthru>
                          <maxNumConnections>2147483647</maxNumConnections>
                        </connector>
                      </connectors>
                      <mainInputs/>
                      <mainOutputs/>
                    </node>
                    <flow>
                      <x>690.0</x>
                      <y>30.0</y>
                      <width>300.0</width>
                      <height>200.0</height>
                      <title>Node 2</title>
                      <valueObject>
                        <parentId>ROOT:0:2:2:4:2</parentId>
                        <storage/>
                      </valueObject>
                      <vReq class="eu.mihosoft.vrl.workflow.VisualizationRequestImpl">
                        <map class="com.sun.javafx.collections.ObservableMapWrapper">
                          <backingMap/>
                        </map>
                      </vReq>
                      <id>ROOT:0:2:2:4:2</id>
                      <connectors>
                        <connector>
                          <type>event</type>
                          <localId>0</localId>
                          <input>true</input>
                          <output>false</output>
                          <passthru>false</passthru>
                          <maxNumConnections>2147483647</maxNumConnections>
                        </connector>
                        <connector>
                          <type>event</type>
                          <localId>1</localId>
                          <input>false</input>
                          <output>true</output>
                          <passthru>false</passthru>
                          <maxNumConnections>2147483647</maxNumConnections>
                        </connector>
                      </connectors>
                      <mainInputs/>
                      <mainOutputs/>
                      <connections/>
                      <nodes/>
                      <parent reference="../../.."/>
                      <visible>false</visible>
                    </flow>
                    <node>
                      <x>30.0</x>
                      <y>260.0</y>
                      <width>300.0</width>
                      <height>200.0</height>
                      <title>Node 3</title>
                      <valueObject>
                        <parentId>ROOT:0:2:2:4:3</parentId>
                        <storage/>
                      </valueObject>
                      <vReq class="eu.mihosoft.vrl.workflow.VisualizationRequestImpl">
                        <map class="com.sun.javafx.collections.ObservableMapWrapper">
                          <backingMap/>
                        </map>
                      </vReq>
                      <id>ROOT:0:2:2:4:3</id>
                      <connectors>
                        <connector>
                          <type>control</type>
                          <localId>0</localId>
                          <input>true</input>
                          <output>false</output>
                          <passthru>false</passthru>
                          <maxNumConnections>2147483647</maxNumConnections>
                        </connector>
                        <connector>
                          <type>control</type>
                          <localId>1</localId>
                          <input>false</input>
                          <output>true</output>
                          <passthru>false</passthru>
                          <maxNumConnections>2147483647</maxNumConnections>
                        </connector>
                      </connectors>
                      <mainInputs/>
                      <mainOutputs/>
                    </node>
                    <flow>
                      <x>360.0</x>
                      <y>260.0</y>
                      <width>300.0</width>
                      <height>200.0</height>
                      <title>Node 4</title>
                      <valueObject>
                        <parentId>ROOT:0:2:2:4:4</parentId>
                        <storage/>
                      </valueObject>
                      <vReq class="eu.mihosoft.vrl.workflow.VisualizationRequestImpl">
                        <map class="com.sun.javafx.collections.ObservableMapWrapper">
                          <backingMap/>
                        </map>
                      </vReq>
                      <id>ROOT:0:2:2:4:4</id>
                      <connectors>
                        <connector>
                          <type>data</type>
                          <localId>0</localId>
                          <input>true</input>
                          <output>false</output>
                          <passthru>false</passthru>
                          <maxNumConnections>2147483647</maxNumConnections>
                        </connector>
                        <connector>
                          <type>data</type>
                          <localId>1</localId>
                          <input>false</input>
                          <output>true</output>
                          <passthru>false</passthru>
                          <maxNumConnections>2147483647</maxNumConnections>
                        </connector>
                      </connectors>
                      <mainInputs/>
                      <mainOutputs/>
                      <connections/>
                      <nodes/>
                      <parent reference="../../.."/>
                      <visible>false</visible>
                    </flow>
                  </nodes>
                  <parent reference="../../.."/>
                  <visible>false</visible>
                </flow>
              </nodes>
              <parent reference="../../.."/>
              <visible>false</visible>
            </flow>
            <node>
              <x>30.0</x>
              <y>260.0</y>
              <width>300.0</width>
              <height>200.0</height>
              <title>Node 3</title>
              <valueObject>
                <parentId>ROOT:0:2:3</parentId>
                <storage/>
              </valueObject>
              <vReq class="eu.mihosoft.vrl.workflow.VisualizationRequestImpl">
                <map class="com.sun.javafx.collections.ObservableMapWrapper">
                  <backingMap/>
                </map>
              </vReq>
              <id>ROOT:0:2:3</id>
              <connectors>
                <connector>
                  <type>control</type>
                  <localId>0</localId>
                  <input>true</input>
                  <output>false</output>
                  <passthru>false</passthru>
                  <maxNumConnections>2147483647</maxNumConnections>
                </connector>
                <connector>
                  <type>control</type>
                  <localId>1</localId>
                  <input>false</input>
                  <output>true</output>
                  <passthru>false</passthru>
                  <maxNumConnections>2147483647</maxNumConnections>
                </connector>
              </connectors>
              <mainInputs/>
              <mainOutputs/>
            </node>
            <flow>
              <x>360.0</x>
              <y>260.0</y>
              <width>300.0</width>
              <height>200.0</height>
              <title>Node 4</title>
              <valueObject>
                <parentId>ROOT:0:2:4</parentId>
                <storage/>
              </valueObject>
              <vReq class="eu.mihosoft.vrl.workflow.VisualizationRequestImpl">
                <map class="com.sun.javafx.collections.ObservableMapWrapper">
                  <backingMap/>
                </map>
              </vReq>
              <id>ROOT:0:2:4</id>
              <connectors>
                <connector>
                  <type>data</type>
                  <localId>0</localId>
                  <input>true</input>
                  <output>false</output>
                  <passthru>false</passthru>
                  <maxNumConnections>2147483647</maxNumConnections>
                </connector>
                <connector>
                  <type>data</type>
                  <localId>1</localId>
                  <input>false</input>
                  <output>true</output>
                  <passthru>false</passthru>
                  <maxNumConnections>2147483647</maxNumConnections>
                </connector>
              </connectors>
              <mainInputs/>
              <mainOutputs/>
              <connections>
                <connection>
                  <id>0</id>
                  <senderId>ROOT:0:2:4:1:c:1</senderId>
                  <receiverId>ROOT:0:2:4:4:c:0</receiverId>
                  <type>data</type>
                  <vReq class="eu.mihosoft.vrl.workflow.VisualizationRequestImpl">
                    <map class="com.sun.javafx.collections.ObservableMapWrapper">
                      <backingMap/>
                    </map>
                  </vReq>
                </connection>
                <connection>
                  <id>0</id>
                  <senderId>ROOT:0:2:4:0:c:1</senderId>
                  <receiverId>ROOT:0:2:4:3:c:0</receiverId>
                  <type>control</type>
                  <vReq class="eu.mihosoft.vrl.workflow.VisualizationRequestImpl">
                    <map class="com.sun.javafx.collections.ObservableMapWrapper">
                      <backingMap/>
                    </map>
                  </vReq>
                </connection>
              </connections>
              <nodes>
                <flow>
                  <x>30.0</x>
                  <y>30.0</y>
                  <width>300.0</width>
                  <height>200.0</height>
                  <title>Node 0</title>
                  <valueObject>
                    <parentId>ROOT:0:2:4:0</parentId>
                    <storage/>
                  </valueObject>
                  <vReq class="eu.mihosoft.vrl.workflow.VisualizationRequestImpl">
                    <map class="com.sun.javafx.collections.ObservableMapWrapper">
                      <backingMap/>
                    </map>
                  </vReq>
                  <id>ROOT:0:2:4:0</id>
                  <connectors>
                    <connector>
                      <type>control</type>
                      <localId>0</localId>
                      <input>true</input>
                      <output>false</output>
                      <passthru>false</passthru>
                      <maxNumConnections>2147483647</maxNumConnections>
                    </connector>
                    <connector>
                      <type>control</type>
                      <localId>1</localId>
                      <input>false</input>
                      <output>true</output>
                      <passthru>false</passthru>
                      <maxNumConnections>2147483647</maxNumConnections>
                    </connector>
                  </connectors>
                  <mainInputs/>
                  <mainOutputs/>
                  <connections>
                    <connection>
                      <id>0</id>
                      <senderId>ROOT:0:2:4:0:1:c:1</senderId>
                      <receiverId>ROOT:0:2:4:0:4:c:0</receiverId>
                      <type>data</type>
                      <vReq class="eu.mihosoft.vrl.workflow.VisualizationRequestImpl">
                        <map class="com.sun.javafx.collections.ObservableMapWrapper">
                          <backingMap/>
                        </map>
                      </vReq>
                    </connection>
                    <connection>
                      <id>0</id>
                      <senderId>ROOT:0:2:4:0:0:c:1</senderId>
                      <receiverId>ROOT:0:2:4:0:3:c:0</receiverId>
                      <type>control</type>
                      <vReq class="eu.mihosoft.vrl.workflow.VisualizationRequestImpl">
                        <map class="com.sun.javafx.collections.ObservableMapWrapper">
                          <backingMap/>
                        </map>
                      </vReq>
                    </connection>
                  </connections>
                  <nodes>
                    <flow>
                      <x>30.0</x>
                      <y>30.0</y>
                      <width>300.0</width>
                      <height>200.0</height>
                      <title>Node 0</title>
                      <valueObject>
                        <parentId>ROOT:0:2:4:0:0</parentId>
                        <storage/>
                      </valueObject>
                      <vReq class="eu.mihosoft.vrl.workflow.VisualizationRequestImpl">
                        <map class="com.sun.javafx.collections.ObservableMapWrapper">
                          <backingMap/>
                        </map>
                      </vReq>
                      <id>ROOT:0:2:4:0:0</id>
                      <connectors>
                        <connector>
                          <type>control</type>
                          <localId>0</localId>
                          <input>true</input>
                          <output>false</output>
                          <passthru>false</passthru>
                          <maxNumConnections>2147483647</maxNumConnections>
                        </connector>
                        <connector>
                          <type>control</type>
                          <localId>1</localId>
                          <input>false</input>
                          <output>true</output>
                          <passthru>false</passthru>
                          <maxNumConnections>2147483647</maxNumConnections>
                        </connector>
                      </connectors>
                      <mainInputs/>
                      <mainOutputs/>
                      <connections/>
                      <nodes/>
                      <parent reference="../../.."/>
                      <visible>false</visible>
                    </flow>
                    <node>
                      <x>360.0</x>
                      <y>30.0</y>
                      <width>300.0</width>
                      <height>200.0</height>
                      <title>Node 1</title>
                      <valueObject>
                        <parentId>ROOT:0:2:4:0:1</parentId>
                        <storage/>
                      </valueObject>
                      <vReq class="eu.mihosoft.vrl.workflow.VisualizationRequestImpl">
                        <map class="com.sun.javafx.collections.ObservableMapWrapper">
                          <backingMap/>
                        </map>
                      </vReq>
                      <id>ROOT:0:2:4:0:1</id>
                      <connectors>
                        <connector>
                          <type>data</type>
                          <localId>0</localId>
                          <input>true</input>
                          <output>false</output>
                          <passthru>false</passthru>
                          <maxNumConnections>2147483647</maxNumConnections>
                        </connector>
                        <connector>
                          <type>data</type>
                          <localId>1</localId>
                          <input>false</input>
                          <output>true</output>
                          <passthru>false</passthru>
                          <maxNumConnections>2147483647</maxNumConnections>
                        </connector>
                      </connectors>
                      <mainInputs/>
                      <mainOutputs/>
                    </node>
                    <flow>
                      <x>690.0</x>
                      <y>30.0</y>
                      <width>300.0</width>
                      <height>200.0</height>
                      <title>Node 2</title>
                      <valueObject>
                        <parentId>ROOT:0:2:4:0:2</parentId>
                        <storage/>
                      </valueObject>
                      <vReq class="eu.mihosoft.vrl.workflow.VisualizationRequestImpl">
                        <map class="com.sun.javafx.collections.ObservableMapWrapper">
                          <backingMap/>
                        </map>
                      </vReq>
                      <id>ROOT:0:2:4:0:2</id>
                      <connectors>
                        <connector>
                          <type>event</type>
                          <localId>0</localId>
                          <input>true</input>
                          <output>false</output>
                          <passthru>false</passthru>
                          <maxNumConnections>2147483647</maxNumConnections>
                        </connector>
                        <connector>
                          <type>event</type>
                          <localId>1</localId>
                          <input>false</input>
                          <output>true</output>
                          <passthru>false</passthru>
                          <maxNumConnections>2147483647</maxNumConnections>
                        </connector>
                      </connectors>
                      <mainInputs/>
                      <mainOutputs/>
                      <connections/>
                      <nodes/>
                      <parent reference="../../.."/>
                      <visible>false</visible>
                    </flow>
                    <node>
                      <x>30.0</x>
                      <y>260.0</y>
                      <width>300.0</width>
                      <height>200.0</height>
                      <title>Node 3</title>
                      <valueObject>
                        <parentId>ROOT:0:2:4:0:3</parentId>
                        <storage/>
                      </valueObject>
                      <vReq class="eu.mihosoft.vrl.workflow.VisualizationRequestImpl">
                        <map class="com.sun.javafx.collections.ObservableMapWrapper">
                          <backingMap/>
                        </map>
                      </vReq>
                      <id>ROOT:0:2:4:0:3</id>
                      <connectors>
                        <connector>
                          <type>control</type>
                          <localId>0</localId>
                          <input>true</input>
                          <output>false</output>
                          <passthru>false</passthru>
                          <maxNumConnections>2147483647</maxNumConnections>
                        </connector>
                        <connector>
                          <type>control</type>
                          <localId>1</localId>
                          <input>false</input>
                          <output>true</output>
                          <passthru>false</passthru>
                          <maxNumConnections>2147483647</maxNumConnections>
                        </connector>
                      </connectors>
                      <mainInputs/>
                      <mainOutputs/>
                    </node>
                    <flow>
                      <x>360.0</x>
                      <y>260.0</y>
                      <width>300.0</width>
                      <height>200.0</height>
                      <title>Node 4</title>
                      <valueObject>
                        <parentId>ROOT:0:2:4:0:4</parentId>
                        <storage/>
                      </valueObject>
                      <vReq class="eu.mihosoft.vrl.workflow.VisualizationRequestImpl">
                        <map class="com.sun.javafx.collections.ObservableMapWrapper">
                          <backingMap/>
                        </map>
                      </vReq>
                      <id>ROOT:0:2:4:0:4</id>
                      <connectors>
                        <connector>
                          <type>data</type>
                          <localId>0</localId>
                          <input>true</input>
                          <output>false</output>
                          <passthru>false</passthru>
                          <maxNumConnections>2147483647</maxNumConnections>
                        </connector>
                        <connector>
                          <type>data</type>
                          <localId>1</localId>
                          <input>false</input>
                          <output>true</output>
                          <passthru>false</passthru>
                          <maxNumConnections>2147483647</maxNumConnections>
                        </connector>
                      </connectors>
                      <mainInputs/>
                      <mainOutputs/>
                      <connections/>
                      <nodes/>
                      <parent reference="../../.."/>
                      <visible>false</visible>
                    </flow>
                  </nodes>
                  <parent reference="../../.."/>
                  <visible>false</visible>
                </flow>
                <node>
                  <x>360.0</x>
                  <y>30.0</y>
                  <width>300.0</width>
                  <height>200.0</height>
                  <title>Node 1</title>
                  <valueObject>
                    <parentId>ROOT:0:2:4:1</parentId>
                    <storage/>
                  </valueObject>
                  <vReq class="eu.mihosoft.vrl.workflow.VisualizationRequestImpl">
                    <map class="com.sun.javafx.collections.ObservableMapWrapper">
                      <backingMap/>
                    </map>
                  </vReq>
                  <id>ROOT:0:2:4:1</id>
                  <connectors>
                    <connector>
                      <type>data</type>
                      <localId>0</localId>
                      <input>true</input>
                      <output>false</output>
                      <passthru>false</passthru>
                      <maxNumConnections>2147483647</maxNumConnections>
                    </connector>
                    <connector>
                      <type>data</type>
                      <localId>1</localId>
                      <input>false</input>
                      <output>true</output>
                      <passthru>false</passthru>
                      <maxNumConnections>2147483647</maxNumConnections>
                    </connector>
                  </connectors>
                  <mainInputs/>
                  <mainOutputs/>
                </node>
                <flow>
                  <x>690.0</x>
                  <y>30.0</y>
                  <width>300.0</width>
                  <height>200.0</height>
                  <title>Node 2</title>
                  <valueObject>
                    <parentId>ROOT:0:2:4:2</parentId>
                    <storage/>
                  </valueObject>
                  <vReq class="eu.mihosoft.vrl.workflow.VisualizationRequestImpl">
                    <map class="com.sun.javafx.collections.ObservableMapWrapper">
                      <backingMap/>
                    </map>
                  </vReq>
                  <id>ROOT:0:2:4:2</id>
                  <connectors>
                    <connector>
                      <type>event</type>
                      <localId>0</localId>
                      <input>true</input>
                      <output>false</output>
                      <passthru>false</passthru>
                      <maxNumConnections>2147483647</maxNumConnections>
                    </connector>
                    <connector>
                      <type>event</type>
                      <localId>1</localId>
                      <input>false</input>
                      <output>true</output>
                      <passthru>false</passthru>
                      <maxNumConnections>2147483647</maxNumConnections>
                    </connector>
                  </connectors>
                  <mainInputs/>
                  <mainOutputs/>
                  <connections>
                    <connection>
                      <id>0</id>
                      <senderId>ROOT:0:2:4:2:1:c:1</senderId>
                      <receiverId>ROOT:0:2:4:2:4:c:0</receiverId>
                      <type>data</type>
                      <vReq class="eu.mihosoft.vrl.workflow.VisualizationRequestImpl">
                        <map class="com.sun.javafx.collections.ObservableMapWrapper">
                          <backingMap/>
                        </map>
                      </vReq>
                    </connection>
                    <connection>
                      <id>0</id>
                      <senderId>ROOT:0:2:4:2:0:c:1</senderId>
                      <receiverId>ROOT:0:2:4:2:3:c:0</receiverId>
                      <type>control</type>
                      <vReq class="eu.mihosoft.vrl.workflow.VisualizationRequestImpl">
                        <map class="com.sun.javafx.collections.ObservableMapWrapper">
                          <backingMap/>
                        </map>
                      </vReq>
                    </connection>
                  </connections>
                  <nodes>
                    <flow>
                      <x>30.0</x>
                      <y>30.0</y>
                      <width>300.0</width>
                      <height>200.0</height>
                      <title>Node 0</title>
                      <valueObject>
                        <parentId>ROOT:0:2:4:2:0</parentId>
                        <storage/>
                      </valueObject>
                      <vReq class="eu.mihosoft.vrl.workflow.VisualizationRequestImpl">
                        <map class="com.sun.javafx.collections.ObservableMapWrapper">
                          <backingMap/>
                        </map>
                      </vReq>
                      <id>ROOT:0:2:4:2:0</id>
                      <connectors>
                        <connector>
                          <type>control</type>
                          <localId>0</localId>
                          <input>true</input>
                          <output>false</output>
                          <passthru>false</passthru>
                          <maxNumConnections>2147483647</maxNumConnections>
                        </connector>
                        <connector>
                          <type>control</type>
                          <localId>1</localId>
                          <input>false</input>
                          <output>true</output>
                          <passthru>false</passthru>
                          <maxNumConnections>2147483647</maxNumConnections>
                        </connector>
                      </connectors>
                      <mainInputs/>
                      <mainOutputs/>
                      <connections/>
                      <nodes/>
                      <parent reference="../../.."/>
                      <visible>false</visible>
                    </flow>
                    <node>
                      <x>360.0</x>
                      <y>30.0</y>
                      <width>300.0</width>
                      <height>200.0</height>
                      <title>Node 1</title>
                      <valueObject>
                        <parentId>ROOT:0:2:4:2:1</parentId>
                        <storage/>
                      </valueObject>
                      <vReq class="eu.mihosoft.vrl.workflow.VisualizationRequestImpl">
                        <map class="com.sun.javafx.collections.ObservableMapWrapper">
                          <backingMap/>
                        </map>
                      </vReq>
                      <id>ROOT:0:2:4:2:1</id>
                      <connectors>
                        <connector>
                          <type>data</type>
                          <localId>0</localId>
                          <input>true</input>
                          <output>false</output>
                          <passthru>false</passthru>
                          <maxNumConnections>2147483647</maxNumConnections>
                        </connector>
                        <connector>
                          <type>data</type>
                          <localId>1</localId>
                          <input>false</input>
                          <output>true</output>
                          <passthru>false</passthru>
                          <maxNumConnections>2147483647</maxNumConnections>
                        </connector>
                      </connectors>
                      <mainInputs/>
                      <mainOutputs/>
                    </node>
                    <flow>
                      <x>690.0</x>
                      <y>30.0</y>
                      <width>300.0</width>
                      <height>200.0</height>
                      <title>Node 2</title>
                      <valueObject>
                        <parentId>ROOT:0:2:4:2:2</parentId>
                        <storage/>
                      </valueObject>
                      <vReq class="eu.mihosoft.vrl.workflow.VisualizationRequestImpl">
                        <map class="com.sun.javafx.collections.ObservableMapWrapper">
                          <backingMap/>
                        </map>
                      </vReq>
                      <id>ROOT:0:2:4:2:2</id>
                      <connectors>
                        <connector>
                          <type>event</type>
                          <localId>0</localId>
                          <input>true</input>
                          <output>false</output>
                          <passthru>false</passthru>
                          <maxNumConnections>2147483647</maxNumConnections>
                        </connector>
                        <connector>
                          <type>event</type>
                          <localId>1</localId>
                          <input>false</input>
                          <output>true</output>
                          <passthru>false</passthru>
                          <maxNumConnections>2147483647</maxNumConnections>
                        </connector>
                      </connectors>
                      <mainInputs/>
                      <mainOutputs/>
                      <connections/>
                      <nodes/>
                      <parent reference="../../.."/>
                      <visible>false</visible>
                    </flow>
                    <node>
                      <x>30.0</x>
                      <y>260.0</y>
                      <width>300.0</width>
                      <height>200.0</height>
                      <title>Node 3</title>
                      <valueObject>
                        <parentId>ROOT:0:2:4:2:3</parentId>
                        <storage/>
                      </valueObject>
                      <vReq class="eu.mihosoft.vrl.workflow.VisualizationRequestImpl">
                        <map class="com.sun.javafx.collections.ObservableMapWrapper">
                          <backingMap/>
                        </map>
                      </vReq>
                      <id>ROOT:0:2:4:2:3</id>
                      <connectors>
                        <connector>
                          <type>control</type>
                          <localId>0</localId>
                          <input>true</input>
                          <output>false</output>
                          <passthru>false</passthru>
                          <maxNumConnections>2147483647</maxNumConnections>
                        </connector>
                        <connector>
                          <type>control</type>
                          <localId>1</localId>
                          <input>false</input>
                          <output>true</output>
                          <passthru>false</passthru>
                          <maxNumConnections>2147483647</maxNumConnections>
                        </connector>
                      </connectors>
                      <mainInputs/>
                      <mainOutputs/>
                    </node>
                    <flow>
                      <x>360.0</x>
                      <y>260.0</y>
                      <width>300.0</width>
                      <height>200.0</height>
                      <title>Node 4</title>
                      <valueObject>
                        <parentId>ROOT:0:2:4:2:4</parentId>
                        <storage/>
                      </valueObject>
                      <vReq class="eu.mihosoft.vrl.workflow.VisualizationRequestImpl">
                        <map class="com.sun.javafx.collections.ObservableMapWrapper">
                          <backingMap/>
                        </map>
                      </vReq>
                      <id>ROOT:0:2:4:2:4</id>
                      <connectors>
                        <connector>
                          <type>data</type>
                          <localId>0</localId>
                          <input>true</input>
                          <output>false</output>
                          <passthru>false</passthru>
                          <maxNumConnections>2147483647</maxNumConnections>
                        </connector>
                        <connector>
                          <type>data</type>
                          <localId>1</localId>
                          <input>false</input>
                          <output>true</output>
                          <passthru>false</passthru>
                          <maxNumConnections>2147483647</maxNumConnections>
                        </connector>
                      </connectors>
                      <mainInputs/>
                      <mainOutputs/>
                      <connections/>
                      <nodes/>
                      <parent reference="../../.."/>
                      <visible>false</visible>
                    </flow>
                  </nodes>
                  <parent reference="../../.."/>
                  <visible>false</visible>
                </flow>
                <node>
                  <x>30.0</x>
                  <y>260.0</y>
                  <width>300.0</width>
                  <height>200.0</height>
                  <title>Node 3</title>
                  <valueObject>
                    <parentId>ROOT:0:2:4:3</parentId>
                    <storage/>
                  </valueObject>
                  <vReq class="eu.mihosoft.vrl.workflow.VisualizationRequestImpl">
                    <map class="com.sun.javafx.collections.ObservableMapWrapper">
                      <backingMap/>
                    </map>
                  </vReq>
                  <id>ROOT:0:2:4:3</id>
                  <connectors>
                    <connector>
                      <type>control</type>
                      <localId>0</localId>
                      <input>true</input>
                      <output>false</output>
                      <passthru>false</passthru>
                      <maxNumConnections>2147483647</maxNumConnections>
                    </connector>
                    <connector>
                      <type>control</type>
                      <localId>1</localId>
                      <input>false</input>
                      <output>true</output>
                      <passthru>false</passthru>
                      <maxNumConnections>2147483647</maxNumConnections>
                    </connector>
                  </connectors>
                  <mainInputs/>
                  <mainOutputs/>
                </node>
                <flow>
                  <x>360.0</x>
                  <y>260.0</y>
                  <width>300.0</width>
                  <height>200.0</height>
                  <title>Node 4</title>
                  <valueObject>
                    <parentId>ROOT:0:2:4:4</parentId>
                    <storage/>
                  </valueObject>
                  <vReq class="eu.mihosoft.vrl.workflow.VisualizationRequestImpl">
                    <map class="com.sun.javafx.collections.ObservableMapWrapper">
                      <backingMap/>
                    </map>
                  </vReq>
                  <id>ROOT:0:2:4:4</id>
                  <connectors>
                    <connector>
                      <type>data</type>
                      <localId>0</localId>
                      <input>true</input>
                      <output>false</output>
                      <passthru>false</passthru>
                      <maxNumConnections>2147483647</maxNumConnections>
                    </connector>
                    <connector>
                      <type>data</type>
                      <localId>1</localId>
                      <input>false</input>
                      <output>true</output>
                      <passthru>false</passthru>
                      <maxNumConnections>2147483647</maxNumConnections>
                    </connector>
                  </connectors>
                  <mainInputs/>
                  <mainOutputs/>
                  <connections>
                    <connection>
                      <id>0</id>
                      <senderId>ROOT:0:2:4:4:1:c:1</senderId>
                      <receiverId>ROOT:0:2:4:4:4:c:0</receiverId>
                      <type>data</type>
                      <vReq class="eu.mihosoft.vrl.workflow.VisualizationRequestImpl">
                        <map class="com.sun.javafx.collections.ObservableMapWrapper">
                          <backingMap/>
                        </map>
                      </vReq>
                    </connection>
                    <connection>
                      <id>0</id>
                      <senderId>ROOT:0:2:4:4:0:c:1</senderId>
                      <receiverId>ROOT:0:2:4:4:3:c:0</receiverId>
                      <type>control</type>
                      <vReq class="eu.mihosoft.vrl.workflow.VisualizationRequestImpl">
                        <map class="com.sun.javafx.collections.ObservableMapWrapper">
                          <backingMap/>
                        </map>
                      </vReq>
                    </connection>
                  </connections>
                  <nodes>
                    <flow>
                      <x>30.0</x>
                      <y>30.0</y>
                      <width>300.0</width>
                      <height>200.0</height>
                      <title>Node 0</title>
                      <valueObject>
                        <parentId>ROOT:0:2:4:4:0</parentId>
                        <storage/>
                      </valueObject>
                      <vReq class="eu.mihosoft.vrl.workflow.VisualizationRequestImpl">
                        <map class="com.sun.javafx.collections.ObservableMapWrapper">
                          <backingMap/>
                        </map>
                      </vReq>
                      <id>ROOT:0:2:4:4:0</id>
                      <connectors>
                        <connector>
                          <type>control</type>
                          <localId>0</localId>
                          <input>true</input>
                          <output>false</output>
                          <passthru>false</passthru>
                          <maxNumConnections>2147483647</maxNumConnections>
                        </connector>
                        <connector>
                          <type>control</type>
                          <localId>1</localId>
                          <input>false</input>
                          <output>true</output>
                          <passthru>false</passthru>
                          <maxNumConnections>2147483647</maxNumConnections>
                        </connector>
                      </connectors>
                      <mainInputs/>
                      <mainOutputs/>
                      <connections/>
                      <nodes/>
                      <parent reference="../../.."/>
                      <visible>false</visible>
                    </flow>
                    <node>
                      <x>360.0</x>
                      <y>30.0</y>
                      <width>300.0</width>
                      <height>200.0</height>
                      <title>Node 1</title>
                      <valueObject>
                        <parentId>ROOT:0:2:4:4:1</parentId>
                        <storage/>
                      </valueObject>
                      <vReq class="eu.mihosoft.vrl.workflow.VisualizationRequestImpl">
                        <map class="com.sun.javafx.collections.ObservableMapWrapper">
                          <backingMap/>
                        </map>
                      </vReq>
                      <id>ROOT:0:2:4:4:1</id>
                      <connectors>
                        <connector>
                          <type>data</type>
                          <localId>0</localId>
                          <input>true</input>
                          <output>false</output>
                          <passthru>false</passthru>
                          <maxNumConnections>2147483647</maxNumConnections>
                        </connector>
                        <connector>
                          <type>data</type>
                          <localId>1</localId>
                          <input>false</input>
                          <output>true</output>
                          <passthru>false</passthru>
                          <maxNumConnections>2147483647</maxNumConnections>
                        </connector>
                      </connectors>
                      <mainInputs/>
                      <mainOutputs/>
                    </node>
                    <flow>
                      <x>690.0</x>
                      <y>30.0</y>
                      <width>300.0</width>
                      <height>200.0</height>
                      <title>Node 2</title>
                      <valueObject>
                        <parentId>ROOT:0:2:4:4:2</parentId>
                        <storage/>
                      </valueObject>
                      <vReq class="eu.mihosoft.vrl.workflow.VisualizationRequestImpl">
                        <map class="com.sun.javafx.collections.ObservableMapWrapper">
                          <backingMap/>
                        </map>
                      </vReq>
                      <id>ROOT:0:2:4:4:2</id>
                      <connectors>
                        <connector>
                          <type>event</type>
                          <localId>0</localId>
                          <input>true</input>
                          <output>false</output>
                          <passthru>false</passthru>
                          <maxNumConnections>2147483647</maxNumConnections>
                        </connector>
                        <connector>
                          <type>event</type>
                          <localId>1</localId>
                          <input>false</input>
                          <output>true</output>
                          <passthru>false</passthru>
                          <maxNumConnections>2147483647</maxNumConnections>
                        </connector>
                      </connectors>
                      <mainInputs/>
                      <mainOutputs/>
                      <connections/>
                      <nodes/>
                      <parent reference="../../.."/>
                      <visible>false</visible>
                    </flow>
                    <node>
                      <x>30.0</x>
                      <y>260.0</y>
                      <width>300.0</width>
                      <height>200.0</height>
                      <title>Node 3</title>
                      <valueObject>
                        <parentId>ROOT:0:2:4:4:3</parentId>
                        <storage/>
                      </valueObject>
                      <vReq class="eu.mihosoft.vrl.workflow.VisualizationRequestImpl">
                        <map class="com.sun.javafx.collections.ObservableMapWrapper">
                          <backingMap/>
                        </map>
                      </vReq>
                      <id>ROOT:0:2:4:4:3</id>
                      <connectors>
                        <connector>
                          <type>control</type>
                          <localId>0</localId>
                          <input>true</input>
                          <output>false</output>
                          <passthru>false</passthru>
                          <maxNumConnections>2147483647</maxNumConnections>
                        </connector>
                        <connector>
                          <type>control</type>
                          <localId>1</localId>
                          <input>false</input>
                          <output>true</output>
                          <passthru>false</passthru>
                          <maxNumConnections>2147483647</maxNumConnections>
                        </connector>
                      </connectors>
                      <mainInputs/>
                      <mainOutputs/>
                    </node>
                    <flow>
                      <x>360.0</x>
                      <y>260.0</y>
                      <width>300.0</width>
                      <height>200.0</height>
                      <title>Node 4</title>
                      <valueObject>
                        <parentId>ROOT:0:2:4:4:4</parentId>
                        <storage/>
                      </valueObject>
                      <vReq class="eu.mihosoft.vrl.workflow.VisualizationRequestImpl">
                        <map class="com.sun.javafx.collections.ObservableMapWrapper">
                          <backingMap/>
                        </map>
                      </vReq>
                      <id>ROOT:0:2:4:4:4</id>
                      <connectors>
                        <connector>
                          <type>data</type>
                          <localId>0</localId>
                          <input>true</input>
                          <output>false</output>
                          <passthru>false</passthru>
                          <maxNumConnections>2147483647</maxNumConnections>
                        </connector>
                        <connector>
                          <type>data</type>
                          <localId>1</localId>
                          <input>false</input>
                          <output>true</output>
                          <passthru>false</passthru>
                          <maxNumConnections>2147483647</maxNumConnections>
                        </connector>
                      </connectors>
                      <mainInputs/>
                      <mainOutputs/>
                      <connections/>
                      <nodes/>
                      <parent reference="../../.."/>
                      <visible>false</visible>
                    </flow>
                  </nodes>
                  <parent reference="../../.."/>
                  <visible>false</visible>
                </flow>
              </nodes>
              <parent reference="../../.."/>
              <visible>false</visible>
            </flow>
          </nodes>
          <parent reference="../../.."/>
          <visible>false</visible>
        </flow>
        <node>
          <x>30.0</x>
          <y>260.0</y>
          <width>300.0</width>
          <height>200.0</height>
          <title>Node 3</title>
          <valueObject>
            <parentId>ROOT:0:3</parentId>
            <storage/>
          </valueObject>
          <vReq class="eu.mihosoft.vrl.workflow.VisualizationRequestImpl">
            <map class="com.sun.javafx.collections.ObservableMapWrapper">
              <backingMap/>
            </map>
          </vReq>
          <id>ROOT:0:3</id>
          <connectors>
            <connector>
              <type>control</type>
              <localId>0</localId>
              <input>true</input>
              <output>false</output>
              <passthru>false</passthru>
              <maxNumConnections>2147483647</maxNumConnections>
            </connector>
            <connector>
              <type>control</type>
              <localId>1</localId>
              <input>false</input>
              <output>true</output>
              <passthru>false</passthru>
              <maxNumConnections>2147483647</maxNumConnections>
            </connector>
          </connectors>
          <mainInputs/>
          <mainOutputs/>
        </node>
        <flow>
          <x>360.0</x>
          <y>260.0</y>
          <width>300.0</width>
          <height>200.0</height>
          <title>Node 4</title>
          <valueObject>
            <parentId>ROOT:0:4</parentId>
            <storage/>
          </valueObject>
          <vReq class="eu.mihosoft.vrl.workflow.VisualizationRequestImpl">
            <map class="com.sun.javafx.collections.ObservableMapWrapper">
              <backingMap/>
            </map>
          </vReq>
          <id>ROOT:0:4</id>
          <connectors>
            <connector>
              <type>data</type>
              <localId>0</localId>
              <input>true</input>
              <output>false</output>
              <passthru>false</passthru>
              <maxNumConnections>2147483647</maxNumConnections>
            </connector>
            <connector>
              <type>data</type>
              <localId>1</localId>
              <input>false</input>
              <output>true</output>
              <passthru>false</passthru>
              <maxNumConnections>2147483647</maxNumConnections>
            </connector>
          </connectors>
          <mainInputs/>
          <mainOutputs/>
          <connections>
            <connection>
              <id>0</id>
              <senderId>ROOT:0:4:1:c:1</senderId>
              <receiverId>ROOT:0:4:4:c:0</receiverId>
              <type>data</type>
              <vReq class="eu.mihosoft.vrl.workflow.VisualizationRequestImpl">
                <map class="com.sun.javafx.collections.ObservableMapWrapper">
                  <backingMap/>
                </map>
              </vReq>
            </connection>
            <connection>
              <id>0</id>
              <senderId>ROOT:0:4:0:c:1</senderId>
              <receiverId>ROOT:0:4:3:c:0</receiverId>
              <type>control</type>
              <vReq class="eu.mihosoft.vrl.workflow.VisualizationRequestImpl">
                <map class="com.sun.javafx.collections.ObservableMapWrapper">
                  <backingMap/>
                </map>
              </vReq>
            </connection>
          </connections>
          <nodes>
            <flow>
              <x>30.0</x>
              <y>30.0</y>
              <width>300.0</width>
              <height>200.0</height>
              <title>Node 0</title>
              <valueObject>
                <parentId>ROOT:0:4:0</parentId>
                <storage/>
              </valueObject>
              <vReq class="eu.mihosoft.vrl.workflow.VisualizationRequestImpl">
                <map class="com.sun.javafx.collections.ObservableMapWrapper">
                  <backingMap/>
                </map>
              </vReq>
              <id>ROOT:0:4:0</id>
              <connectors>
                <connector>
                  <type>control</type>
                  <localId>0</localId>
                  <input>true</input>
                  <output>false</output>
                  <passthru>false</passthru>
                  <maxNumConnections>2147483647</maxNumConnections>
                </connector>
                <connector>
                  <type>control</type>
                  <localId>1</localId>
                  <input>false</input>
                  <output>true</output>
                  <passthru>false</passthru>
                  <maxNumConnections>2147483647</maxNumConnections>
                </connector>
              </connectors>
              <mainInputs/>
              <mainOutputs/>
              <connections>
                <connection>
                  <id>0</id>
                  <senderId>ROOT:0:4:0:1:c:1</senderId>
                  <receiverId>ROOT:0:4:0:4:c:0</receiverId>
                  <type>data</type>
                  <vReq class="eu.mihosoft.vrl.workflow.VisualizationRequestImpl">
                    <map class="com.sun.javafx.collections.ObservableMapWrapper">
                      <backingMap/>
                    </map>
                  </vReq>
                </connection>
                <connection>
                  <id>0</id>
                  <senderId>ROOT:0:4:0:0:c:1</senderId>
                  <receiverId>ROOT:0:4:0:3:c:0</receiverId>
                  <type>control</type>
                  <vReq class="eu.mihosoft.vrl.workflow.VisualizationRequestImpl">
                    <map class="com.sun.javafx.collections.ObservableMapWrapper">
                      <backingMap/>
                    </map>
                  </vReq>
                </connection>
              </connections>
              <nodes>
                <flow>
                  <x>30.0</x>
                  <y>30.0</y>
                  <width>300.0</width>
                  <height>200.0</height>
                  <title>Node 0</title>
                  <valueObject>
                    <parentId>ROOT:0:4:0:0</parentId>
                    <storage/>
                  </valueObject>
                  <vReq class="eu.mihosoft.vrl.workflow.VisualizationRequestImpl">
                    <map class="com.sun.javafx.collections.ObservableMapWrapper">
                      <backingMap/>
                    </map>
                  </vReq>
                  <id>ROOT:0:4:0:0</id>
                  <connectors>
                    <connector>
                      <type>control</type>
                      <localId>0</localId>
                      <input>true</input>
                      <output>false</output>
                      <passthru>false</passthru>
                      <maxNumConnections>2147483647</maxNumConnections>
                    </connector>
                    <connector>
                      <type>control</type>
                      <localId>1</localId>
                      <input>false</input>
                      <output>true</output>
                      <passthru>false</passthru>
                      <maxNumConnections>2147483647</maxNumConnections>
                    </connector>
                  </connectors>
                  <mainInputs/>
                  <mainOutputs/>
                  <connections>
                    <connection>
                      <id>0</id>
                      <senderId>ROOT:0:4:0:0:1:c:1</senderId>
                      <receiverId>ROOT:0:4:0:0:4:c:0</receiverId>
                      <type>data</type>
                      <vReq class="eu.mihosoft.vrl.workflow.VisualizationRequestImpl">
                        <map class="com.sun.javafx.collections.ObservableMapWrapper">
                          <backingMap/>
                        </map>
                      </vReq>
                    </connection>
                    <connection>
                      <id>0</id>
                      <senderId>ROOT:0:4:0:0:0:c:1</senderId>
                      <receiverId>ROOT:0:4:0:0:3:c:0</receiverId>
                      <type>control</type>
                      <vReq class="eu.mihosoft.vrl.workflow.VisualizationRequestImpl">
                        <map class="com.sun.javafx.collections.ObservableMapWrapper">
                          <backingMap/>
                        </map>
                      </vReq>
                    </connection>
                  </connections>
                  <nodes>
                    <flow>
                      <x>30.0</x>
                      <y>30.0</y>
                      <width>300.0</width>
                      <height>200.0</height>
                      <title>Node 0</title>
                      <valueObject>
                        <parentId>ROOT:0:4:0:0:0</parentId>
                        <storage/>
                      </valueObject>
                      <vReq class="eu.mihosoft.vrl.workflow.VisualizationRequestImpl">
                        <map class="com.sun.javafx.collections.ObservableMapWrapper">
                          <backingMap/>
                        </map>
                      </vReq>
                      <id>ROOT:0:4:0:0:0</id>
                      <connectors>
                        <connector>
                          <type>control</type>
                          <localId>0</localId>
                          <input>true</input>
                          <output>false</output>
                          <passthru>false</passthru>
                          <maxNumConnections>2147483647</maxNumConnections>
                        </connector>
                        <connector>
                          <type>control</type>
                          <localId>1</localId>
                          <input>false</input>
                          <output>true</output>
                          <passthru>false</passthru>
                          <maxNumConnections>2147483647</maxNumConnections>
                        </connector>
                      </connectors>
                      <mainInputs/>
                      <mainOutputs/>
                      <connections/>
                      <nodes/>
                      <parent reference="../../.."/>
                      <visible>false</visible>
                    </flow>
                    <node>
                      <x>360.0</x>
                      <y>30.0</y>
                      <width>300.0</width>
                      <height>200.0</height>
                      <title>Node 1</title>
                      <valueObject>
                        <parentId>ROOT:0:4:0:0:1</parentId>
                        <storage/>
                      </valueObject>
                      <vReq class="eu.mihosoft.vrl.workflow.VisualizationRequestImpl">
                        <map class="com.sun.javafx.collections.ObservableMapWrapper">
                          <backingMap/>
                        </map>
                      </vReq>
                      <id>ROOT:0:4:0:0:1</id>
                      <connectors>
                        <connector>
                          <type>data</type>
                          <localId>0</localId>
                          <input>true</input>
                          <output>false</output>
                          <passthru>false</passthru>
                          <maxNumConnections>2147483647</maxNumConnections>
                        </connector>
                        <connector>
                          <type>data</type>
                          <localId>1</localId>
                          <input>false</input>
                          <output>true</output>
                          <passthru>false</passthru>
                          <maxNumConnections>2147483647</maxNumConnections>
                        </connector>
                      </connectors>
                      <mainInputs/>
                      <mainOutputs/>
                    </node>
                    <flow>
                      <x>690.0</x>
                      <y>30.0</y>
                      <width>300.0</width>
                      <height>200.0</height>
                      <title>Node 2</title>
                      <valueObject>
                        <parentId>ROOT:0:4:0:0:2</parentId>
                        <storage/>
                      </valueObject>
                      <vReq class="eu.mihosoft.vrl.workflow.VisualizationRequestImpl">
                        <map class="com.sun.javafx.collections.ObservableMapWrapper">
                          <backingMap/>
                        </map>
                      </vReq>
                      <id>ROOT:0:4:0:0:2</id>
                      <connectors>
                        <connector>
                          <type>event</type>
                          <localId>0</localId>
                          <input>true</input>
                          <output>false</output>
                          <passthru>false</passthru>
                          <maxNumConnections>2147483647</maxNumConnections>
                        </connector>
                        <connector>
                          <type>event</type>
                          <localId>1</localId>
                          <input>false</input>
                          <output>true</output>
                          <passthru>false</passthru>
                          <maxNumConnections>2147483647</maxNumConnections>
                        </connector>
                      </connectors>
                      <mainInputs/>
                      <mainOutputs/>
                      <connections/>
                      <nodes/>
                      <parent reference="../../.."/>
                      <visible>false</visible>
                    </flow>
                    <node>
                      <x>30.0</x>
                      <y>260.0</y>
                      <width>300.0</width>
                      <height>200.0</height>
                      <title>Node 3</title>
                      <valueObject>
                        <parentId>ROOT:0:4:0:0:3</parentId>
                        <storage/>
                      </valueObject>
                      <vReq class="eu.mihosoft.vrl.workflow.VisualizationRequestImpl">
                        <map class="com.sun.javafx.collections.ObservableMapWrapper">
                          <backingMap/>
                        </map>
                      </vReq>
                      <id>ROOT:0:4:0:0:3</id>
                      <connectors>
                        <connector>
                          <type>control</type>
                          <localId>0</localId>
                          <input>true</input>
                          <output>false</output>
                          <passthru>false</passthru>
                          <maxNumConnections>2147483647</maxNumConnections>
                        </connector>
                        <connector>
                          <type>control</type>
                          <localId>1</localId>
                          <input>false</input>
                          <output>true</output>
                          <passthru>false</passthru>
                          <maxNumConnections>2147483647</maxNumConnections>
                        </connector>
                      </connectors>
                      <mainInputs/>
                      <mainOutputs/>
                    </node>
                    <flow>
                      <x>360.0</x>
                      <y>260.0</y>
                      <width>300.0</width>
                      <height>200.0</height>
                      <title>Node 4</title>
                      <valueObject>
                        <parentId>ROOT:0:4:0:0:4</parentId>
                        <storage/>
                      </valueObject>
                      <vReq class="eu.mihosoft.vrl.workflow.VisualizationRequestImpl">
                        <map class="com.sun.javafx.collections.ObservableMapWrapper">
                          <backingMap/>
                        </map>
                      </vReq>
                      <id>ROOT:0:4:0:0:4</id>
                      <connectors>
                        <connector>
                          <type>data</type>
                          <localId>0</localId>
                          <input>true</input>
                          <output>false</output>
                          <passthru>false</passthru>
                          <maxNumConnections>2147483647</maxNumConnections>
                        </connector>
                        <connector>
                          <type>data</type>
                          <localId>1</localId>
                          <input>false</input>
                          <output>true</output>
                          <passthru>false</passthru>
                          <maxNumConnections>2147483647</maxNumConnections>
                        </connector>
                      </connectors>
                      <mainInputs/>
                      <mainOutputs/>
                      <connections/>
                      <nodes/>
                      <parent reference="../../.."/>
                      <visible>false</visible>
                    </flow>
                  </nodes>
                  <parent reference="../../.."/>
                  <visible>false</visible>
                </flow>
                <node>
                  <x>360.0</x>
                  <y>30.0</y>
                  <width>300.0</width>
                  <height>200.0</height>
                  <title>Node 1</title>
                  <valueObject>
                    <parentId>ROOT:0:4:0:1</parentId>
                    <storage/>
                  </valueObject>
                  <vReq class="eu.mihosoft.vrl.workflow.VisualizationRequestImpl">
                    <map class="com.sun.javafx.collections.ObservableMapWrapper">
                      <backingMap/>
                    </map>
                  </vReq>
                  <id>ROOT:0:4:0:1</id>
                  <connectors>
                    <connector>
                      <type>data</type>
                      <localId>0</localId>
                      <input>true</input>
                      <output>false</output>
                      <passthru>false</passthru>
                      <maxNumConnections>2147483647</maxNumConnections>
                    </connector>
                    <connector>
                      <type>data</type>
                      <localId>1</localId>
                      <input>false</input>
                      <output>true</output>
                      <passthru>false</passthru>
                      <maxNumConnections>2147483647</maxNumConnections>
                    </connector>
                  </connectors>
                  <mainInputs/>
                  <mainOutputs/>
                </node>
                <flow>
                  <x>690.0</x>
                  <y>30.0</y>
                  <width>300.0</width>
                  <height>200.0</height>
                  <title>Node 2</title>
                  <valueObject>
                    <parentId>ROOT:0:4:0:2</parentId>
                    <storage/>
                  </valueObject>
                  <vReq class="eu.mihosoft.vrl.workflow.VisualizationRequestImpl">
                    <map class="com.sun.javafx.collections.ObservableMapWrapper">
                      <backingMap/>
                    </map>
                  </vReq>
                  <id>ROOT:0:4:0:2</id>
                  <connectors>
                    <connector>
                      <type>event</type>
                      <localId>0</localId>
                      <input>true</input>
                      <output>false</output>
                      <passthru>false</passthru>
                      <maxNumConnections>2147483647</maxNumConnections>
                    </connector>
                    <connector>
                      <type>event</type>
                      <localId>1</localId>
                      <input>false</input>
                      <output>true</output>
                      <passthru>false</passthru>
                      <maxNumConnections>2147483647</maxNumConnections>
                    </connector>
                  </connectors>
                  <mainInputs/>
                  <mainOutputs/>
                  <connections>
                    <connection>
                      <id>0</id>
                      <senderId>ROOT:0:4:0:2:1:c:1</senderId>
                      <receiverId>ROOT:0:4:0:2:4:c:0</receiverId>
                      <type>data</type>
                      <vReq class="eu.mihosoft.vrl.workflow.VisualizationRequestImpl">
                        <map class="com.sun.javafx.collections.ObservableMapWrapper">
                          <backingMap/>
                        </map>
                      </vReq>
                    </connection>
                    <connection>
                      <id>0</id>
                      <senderId>ROOT:0:4:0:2:0:c:1</senderId>
                      <receiverId>ROOT:0:4:0:2:3:c:0</receiverId>
                      <type>control</type>
                      <vReq class="eu.mihosoft.vrl.workflow.VisualizationRequestImpl">
                        <map class="com.sun.javafx.collections.ObservableMapWrapper">
                          <backingMap/>
                        </map>
                      </vReq>
                    </connection>
                  </connections>
                  <nodes>
                    <flow>
                      <x>30.0</x>
                      <y>30.0</y>
                      <width>300.0</width>
                      <height>200.0</height>
                      <title>Node 0</title>
                      <valueObject>
                        <parentId>ROOT:0:4:0:2:0</parentId>
                        <storage/>
                      </valueObject>
                      <vReq class="eu.mihosoft.vrl.workflow.VisualizationRequestImpl">
                        <map class="com.sun.javafx.collections.ObservableMapWrapper">
                          <backingMap/>
                        </map>
                      </vReq>
                      <id>ROOT:0:4:0:2:0</id>
                      <connectors>
                        <connector>
                          <type>control</type>
                          <localId>0</localId>
                          <input>true</input>
                          <output>false</output>
                          <passthru>false</passthru>
                          <maxNumConnections>2147483647</maxNumConnections>
                        </connector>
                        <connector>
                          <type>control</type>
                          <localId>1</localId>
                          <input>false</input>
                          <output>true</output>
                          <passthru>false</passthru>
                          <maxNumConnections>2147483647</maxNumConnections>
                        </connector>
                      </connectors>
                      <mainInputs/>
                      <mainOutputs/>
                      <connections/>
                      <nodes/>
                      <parent reference="../../.."/>
                      <visible>false</visible>
                    </flow>
                    <node>
                      <x>360.0</x>
                      <y>30.0</y>
                      <width>300.0</width>
                      <height>200.0</height>
                      <title>Node 1</title>
                      <valueObject>
                        <parentId>ROOT:0:4:0:2:1</parentId>
                        <storage/>
                      </valueObject>
                      <vReq class="eu.mihosoft.vrl.workflow.VisualizationRequestImpl">
                        <map class="com.sun.javafx.collections.ObservableMapWrapper">
                          <backingMap/>
                        </map>
                      </vReq>
                      <id>ROOT:0:4:0:2:1</id>
                      <connectors>
                        <connector>
                          <type>data</type>
                          <localId>0</localId>
                          <input>true</input>
                          <output>false</output>
                          <passthru>false</passthru>
                          <maxNumConnections>2147483647</maxNumConnections>
                        </connector>
                        <connector>
                          <type>data</type>
                          <localId>1</localId>
                          <input>false</input>
                          <output>true</output>
                          <passthru>false</passthru>
                          <maxNumConnections>2147483647</maxNumConnections>
                        </connector>
                      </connectors>
                      <mainInputs/>
                      <mainOutputs/>
                    </node>
                    <flow>
                      <x>690.0</x>
                      <y>30.0</y>
                      <width>300.0</width>
                      <height>200.0</height>
                      <title>Node 2</title>
                      <valueObject>
                        <parentId>ROOT:0:4:0:2:2</parentId>
                        <storage/>
                      </valueObject>
                      <vReq class="eu.mihosoft.vrl.workflow.VisualizationRequestImpl">
                        <map class="com.sun.javafx.collections.ObservableMapWrapper">
                          <backingMap/>
                        </map>
                      </vReq>
                      <id>ROOT:0:4:0:2:2</id>
                      <connectors>
                        <connector>
                          <type>event</type>
                          <localId>0</localId>
                          <input>true</input>
                          <output>false</output>
                          <passthru>false</passthru>
                          <maxNumConnections>2147483647</maxNumConnections>
                        </connector>
                        <connector>
                          <type>event</type>
                          <localId>1</localId>
                          <input>false</input>
                          <output>true</output>
                          <passthru>false</passthru>
                          <maxNumConnections>2147483647</maxNumConnections>
                        </connector>
                      </connectors>
                      <mainInputs/>
                      <mainOutputs/>
                      <connections/>
                      <nodes/>
                      <parent reference="../../.."/>
                      <visible>false</visible>
                    </flow>
                    <node>
                      <x>30.0</x>
                      <y>260.0</y>
                      <width>300.0</width>
                      <height>200.0</height>
                      <title>Node 3</title>
                      <valueObject>
                        <parentId>ROOT:0:4:0:2:3</parentId>
                        <storage/>
                      </valueObject>
                      <vReq class="eu.mihosoft.vrl.workflow.VisualizationRequestImpl">
                        <map class="com.sun.javafx.collections.ObservableMapWrapper">
                          <backingMap/>
                        </map>
                      </vReq>
                      <id>ROOT:0:4:0:2:3</id>
                      <connectors>
                        <connector>
                          <type>control</type>
                          <localId>0</localId>
                          <input>true</input>
                          <output>false</output>
                          <passthru>false</passthru>
                          <maxNumConnections>2147483647</maxNumConnections>
                        </connector>
                        <connector>
                          <type>control</type>
                          <localId>1</localId>
                          <input>false</input>
                          <output>true</output>
                          <passthru>false</passthru>
                          <maxNumConnections>2147483647</maxNumConnections>
                        </connector>
                      </connectors>
                      <mainInputs/>
                      <mainOutputs/>
                    </node>
                    <flow>
                      <x>360.0</x>
                      <y>260.0</y>
                      <width>300.0</width>
                      <height>200.0</height>
                      <title>Node 4</title>
                      <valueObject>
                        <parentId>ROOT:0:4:0:2:4</parentId>
                        <storage/>
                      </valueObject>
                      <vReq class="eu.mihosoft.vrl.workflow.VisualizationRequestImpl">
                        <map class="com.sun.javafx.collections.ObservableMapWrapper">
                          <backingMap/>
                        </map>
                      </vReq>
                      <id>ROOT:0:4:0:2:4</id>
                      <connectors>
                        <connector>
                          <type>data</type>
                          <localId>0</localId>
                          <input>true</input>
                          <output>false</output>
                          <passthru>false</passthru>
                          <maxNumConnections>2147483647</maxNumConnections>
                        </connector>
                        <connector>
                          <type>data</type>
                          <localId>1</localId>
                          <input>false</input>
                          <output>true</output>
                          <passthru>false</passthru>
                          <maxNumConnections>2147483647</maxNumConnections>
                        </connector>
                      </connectors>
                      <mainInputs/>
                      <mainOutputs/>
                      <connections/>
                      <nodes/>
                      <parent reference="../../.."/>
                      <visible>false</visible>
                    </flow>
                  </nodes>
                  <parent reference="../../.."/>
                  <visible>false</visible>
                </flow>
                <node>
                  <x>30.0</x>
                  <y>260.0</y>
                  <width>300.0</width>
                  <height>200.0</height>
                  <title>Node 3</title>
                  <valueObject>
                    <parentId>ROOT:0:4:0:3</parentId>
                    <storage/>
                  </valueObject>
                  <vReq class="eu.mihosoft.vrl.workflow.VisualizationRequestImpl">
                    <map class="com.sun.javafx.collections.ObservableMapWrapper">
                      <backingMap/>
                    </map>
                  </vReq>
                  <id>ROOT:0:4:0:3</id>
                  <connectors>
                    <connector>
                      <type>control</type>
                      <localId>0</localId>
                      <input>true</input>
                      <output>false</output>
                      <passthru>false</passthru>
                      <maxNumConnections>2147483647</maxNumConnections>
                    </connector>
                    <connector>
                      <type>control</type>
                      <localId>1</localId>
                      <input>false</input>
                      <output>true</output>
                      <passthru>false</passthru>
                      <maxNumConnections>2147483647</maxNumConnections>
                    </connector>
                  </connectors>
                  <mainInputs/>
                  <mainOutputs/>
                </node>
                <flow>
                  <x>360.0</x>
                  <y>260.0</y>
                  <width>300.0</width>
                  <height>200.0</height>
                  <title>Node 4</title>
                  <valueObject>
                    <parentId>ROOT:0:4:0:4</parentId>
                    <storage/>
                  </valueObject>
                  <vReq class="eu.mihosoft.vrl.workflow.VisualizationRequestImpl">
                    <map class="com.sun.javafx.collections.ObservableMapWrapper">
                      <backingMap/>
                    </map>
                  </vReq>
                  <id>ROOT:0:4:0:4</id>
                  <connectors>
                    <connector>
                      <type>data</type>
                      <localId>0</localId>
                      <input>true</input>
                      <output>false</output>
                      <passthru>false</passthru>
                      <maxNumConnections>2147483647</maxNumConnections>
                    </connector>
                    <connector>
                      <type>data</type>
                      <localId>1</localId>
                      <input>false</input>
                      <output>true</output>
                      <passthru>false</passthru>
                      <maxNumConnections>2147483647</maxNumConnections>
                    </connector>
                  </connectors>
                  <mainInputs/>
                  <mainOutputs/>
                  <connections>
                    <connection>
                      <id>0</id>
                      <senderId>ROOT:0:4:0:4:1:c:1</senderId>
                      <receiverId>ROOT:0:4:0:4:4:c:0</receiverId>
                      <type>data</type>
                      <vReq class="eu.mihosoft.vrl.workflow.VisualizationRequestImpl">
                        <map class="com.sun.javafx.collections.ObservableMapWrapper">
                          <backingMap/>
                        </map>
                      </vReq>
                    </connection>
                    <connection>
                      <id>0</id>
                      <senderId>ROOT:0:4:0:4:0:c:1</senderId>
                      <receiverId>ROOT:0:4:0:4:3:c:0</receiverId>
                      <type>control</type>
                      <vReq class="eu.mihosoft.vrl.workflow.VisualizationRequestImpl">
                        <map class="com.sun.javafx.collections.ObservableMapWrapper">
                          <backingMap/>
                        </map>
                      </vReq>
                    </connection>
                  </connections>
                  <nodes>
                    <flow>
                      <x>30.0</x>
                      <y>30.0</y>
                      <width>300.0</width>
                      <height>200.0</height>
                      <title>Node 0</title>
                      <valueObject>
                        <parentId>ROOT:0:4:0:4:0</parentId>
                        <storage/>
                      </valueObject>
                      <vReq class="eu.mihosoft.vrl.workflow.VisualizationRequestImpl">
                        <map class="com.sun.javafx.collections.ObservableMapWrapper">
                          <backingMap/>
                        </map>
                      </vReq>
                      <id>ROOT:0:4:0:4:0</id>
                      <connectors>
                        <connector>
                          <type>control</type>
                          <localId>0</localId>
                          <input>true</input>
                          <output>false</output>
                          <passthru>false</passthru>
                          <maxNumConnections>2147483647</maxNumConnections>
                        </connector>
                        <connector>
                          <type>control</type>
                          <localId>1</localId>
                          <input>false</input>
                          <output>true</output>
                          <passthru>false</passthru>
                          <maxNumConnections>2147483647</maxNumConnections>
                        </connector>
                      </connectors>
                      <mainInputs/>
                      <mainOutputs/>
                      <connections/>
                      <nodes/>
                      <parent reference="../../.."/>
                      <visible>false</visible>
                    </flow>
                    <node>
                      <x>360.0</x>
                      <y>30.0</y>
                      <width>300.0</width>
                      <height>200.0</height>
                      <title>Node 1</title>
                      <valueObject>
                        <parentId>ROOT:0:4:0:4:1</parentId>
                        <storage/>
                      </valueObject>
                      <vReq class="eu.mihosoft.vrl.workflow.VisualizationRequestImpl">
                        <map class="com.sun.javafx.collections.ObservableMapWrapper">
                          <backingMap/>
                        </map>
                      </vReq>
                      <id>ROOT:0:4:0:4:1</id>
                      <connectors>
                        <connector>
                          <type>data</type>
                          <localId>0</localId>
                          <input>true</input>
                          <output>false</output>
                          <passthru>false</passthru>
                          <maxNumConnections>2147483647</maxNumConnections>
                        </connector>
                        <connector>
                          <type>data</type>
                          <localId>1</localId>
                          <input>false</input>
                          <output>true</output>
                          <passthru>false</passthru>
                          <maxNumConnections>2147483647</maxNumConnections>
                        </connector>
                      </connectors>
                      <mainInputs/>
                      <mainOutputs/>
                    </node>
                    <flow>
                      <x>690.0</x>
                      <y>30.0</y>
                      <width>300.0</width>
                      <height>200.0</height>
                      <title>Node 2</title>
                      <valueObject>
                        <parentId>ROOT:0:4:0:4:2</parentId>
                        <storage/>
                      </valueObject>
                      <vReq class="eu.mihosoft.vrl.workflow.VisualizationRequestImpl">
                        <map class="com.sun.javafx.collections.ObservableMapWrapper">
                          <backingMap/>
                        </map>
                      </vReq>
                      <id>ROOT:0:4:0:4:2</id>
                      <connectors>
                        <connector>
                          <type>event</type>
                          <localId>0</localId>
                          <input>true</input>
                          <output>false</output>
                          <passthru>false</passthru>
                          <maxNumConnections>2147483647</maxNumConnections>
                        </connector>
                        <connector>
                          <type>event</type>
                          <localId>1</localId>
                          <input>false</input>
                          <output>true</output>
                          <passthru>false</passthru>
                          <maxNumConnections>2147483647</maxNumConnections>
                        </connector>
                      </connectors>
                      <mainInputs/>
                      <mainOutputs/>
                      <connections/>
                      <nodes/>
                      <parent reference="../../.."/>
                      <visible>false</visible>
                    </flow>
                    <node>
                      <x>30.0</x>
                      <y>260.0</y>
                      <width>300.0</width>
                      <height>200.0</height>
                      <title>Node 3</title>
                      <valueObject>
                        <parentId>ROOT:0:4:0:4:3</parentId>
                        <storage/>
                      </valueObject>
                      <vReq class="eu.mihosoft.vrl.workflow.VisualizationRequestImpl">
                        <map class="com.sun.javafx.collections.ObservableMapWrapper">
                          <backingMap/>
                        </map>
                      </vReq>
                      <id>ROOT:0:4:0:4:3</id>
                      <connectors>
                        <connector>
                          <type>control</type>
                          <localId>0</localId>
                          <input>true</input>
                          <output>false</output>
                          <passthru>false</passthru>
                          <maxNumConnections>2147483647</maxNumConnections>
                        </connector>
                        <connector>
                          <type>control</type>
                          <localId>1</localId>
                          <input>false</input>
                          <output>true</output>
                          <passthru>false</passthru>
                          <maxNumConnections>2147483647</maxNumConnections>
                        </connector>
                      </connectors>
                      <mainInputs/>
                      <mainOutputs/>
                    </node>
                    <flow>
                      <x>360.0</x>
                      <y>260.0</y>
                      <width>300.0</width>
                      <height>200.0</height>
                      <title>Node 4</title>
                      <valueObject>
                        <parentId>ROOT:0:4:0:4:4</parentId>
                        <storage/>
                      </valueObject>
                      <vReq class="eu.mihosoft.vrl.workflow.VisualizationRequestImpl">
                        <map class="com.sun.javafx.collections.ObservableMapWrapper">
                          <backingMap/>
                        </map>
                      </vReq>
                      <id>ROOT:0:4:0:4:4</id>
                      <connectors>
                        <connector>
                          <type>data</type>
                          <localId>0</localId>
                          <input>true</input>
                          <output>false</output>
                          <passthru>false</passthru>
                          <maxNumConnections>2147483647</maxNumConnections>
                        </connector>
                        <connector>
                          <type>data</type>
                          <localId>1</localId>
                          <input>false</input>
                          <output>true</output>
                          <passthru>false</passthru>
                          <maxNumConnections>2147483647</maxNumConnections>
                        </connector>
                      </connectors>
                      <mainInputs/>
                      <mainOutputs/>
                      <connections/>
                      <nodes/>
                      <parent reference="../../.."/>
                      <visible>false</visible>
                    </flow>
                  </nodes>
                  <parent reference="../../.."/>
                  <visible>false</visible>
                </flow>
              </nodes>
              <parent reference="../../.."/>
              <visible>false</visible>
            </flow>
            <node>
              <x>360.0</x>
              <y>30.0</y>
              <width>300.0</width>
              <height>200.0</height>
              <title>Node 1</title>
              <valueObject>
                <parentId>ROOT:0:4:1</parentId>
                <storage/>
              </valueObject>
              <vReq class="eu.mihosoft.vrl.workflow.VisualizationRequestImpl">
                <map class="com.sun.javafx.collections.ObservableMapWrapper">
                  <backingMap/>
                </map>
              </vReq>
              <id>ROOT:0:4:1</id>
              <connectors>
                <connector>
                  <type>data</type>
                  <localId>0</localId>
                  <input>true</input>
                  <output>false</output>
                  <passthru>false</passthru>
                  <maxNumConnections>2147483647</maxNumConnections>
                </connector>
                <connector>
                  <type>data</type>
                  <localId>1</localId>
                  <input>false</input>
                  <output>true</output>
                  <passthru>false</passthru>
                  <maxNumConnections>2147483647</maxNumConnections>
                </connector>
              </connectors>
              <mainInputs/>
              <mainOutputs/>
            </node>
            <flow>
              <x>690.0</x>
              <y>30.0</y>
              <width>300.0</width>
              <height>200.0</height>
              <title>Node 2</title>
              <valueObject>
                <parentId>ROOT:0:4:2</parentId>
                <storage/>
              </valueObject>
              <vReq class="eu.mihosoft.vrl.workflow.VisualizationRequestImpl">
                <map class="com.sun.javafx.collections.ObservableMapWrapper">
                  <backingMap/>
                </map>
              </vReq>
              <id>ROOT:0:4:2</id>
              <connectors>
                <connector>
                  <type>event</type>
                  <localId>0</localId>
                  <input>true</input>
                  <output>false</output>
                  <passthru>false</passthru>
                  <maxNumConnections>2147483647</maxNumConnections>
                </connector>
                <connector>
                  <type>event</type>
                  <localId>1</localId>
                  <input>false</input>
                  <output>true</output>
                  <passthru>false</passthru>
                  <maxNumConnections>2147483647</maxNumConnections>
                </connector>
              </connectors>
              <mainInputs/>
              <mainOutputs/>
              <connections>
                <connection>
                  <id>0</id>
                  <senderId>ROOT:0:4:2:1:c:1</senderId>
                  <receiverId>ROOT:0:4:2:4:c:0</receiverId>
                  <type>data</type>
                  <vReq class="eu.mihosoft.vrl.workflow.VisualizationRequestImpl">
                    <map class="com.sun.javafx.collections.ObservableMapWrapper">
                      <backingMap/>
                    </map>
                  </vReq>
                </connection>
                <connection>
                  <id>0</id>
                  <senderId>ROOT:0:4:2:0:c:1</senderId>
                  <receiverId>ROOT:0:4:2:3:c:0</receiverId>
                  <type>control</type>
                  <vReq class="eu.mihosoft.vrl.workflow.VisualizationRequestImpl">
                    <map class="com.sun.javafx.collections.ObservableMapWrapper">
                      <backingMap/>
                    </map>
                  </vReq>
                </connection>
              </connections>
              <nodes>
                <flow>
                  <x>30.0</x>
                  <y>30.0</y>
                  <width>300.0</width>
                  <height>200.0</height>
                  <title>Node 0</title>
                  <valueObject>
                    <parentId>ROOT:0:4:2:0</parentId>
                    <storage/>
                  </valueObject>
                  <vReq class="eu.mihosoft.vrl.workflow.VisualizationRequestImpl">
                    <map class="com.sun.javafx.collections.ObservableMapWrapper">
                      <backingMap/>
                    </map>
                  </vReq>
                  <id>ROOT:0:4:2:0</id>
                  <connectors>
                    <connector>
                      <type>control</type>
                      <localId>0</localId>
                      <input>true</input>
                      <output>false</output>
                      <passthru>false</passthru>
                      <maxNumConnections>2147483647</maxNumConnections>
                    </connector>
                    <connector>
                      <type>control</type>
                      <localId>1</localId>
                      <input>false</input>
                      <output>true</output>
                      <passthru>false</passthru>
                      <maxNumConnections>2147483647</maxNumConnections>
                    </connector>
                  </connectors>
                  <mainInputs/>
                  <mainOutputs/>
                  <connections>
                    <connection>
                      <id>0</id>
                      <senderId>ROOT:0:4:2:0:1:c:1</senderId>
                      <receiverId>ROOT:0:4:2:0:4:c:0</receiverId>
                      <type>data</type>
                      <vReq class="eu.mihosoft.vrl.workflow.VisualizationRequestImpl">
                        <map class="com.sun.javafx.collections.ObservableMapWrapper">
                          <backingMap/>
                        </map>
                      </vReq>
                    </connection>
                    <connection>
                      <id>0</id>
                      <senderId>ROOT:0:4:2:0:0:c:1</senderId>
                      <receiverId>ROOT:0:4:2:0:3:c:0</receiverId>
                      <type>control</type>
                      <vReq class="eu.mihosoft.vrl.workflow.VisualizationRequestImpl">
                        <map class="com.sun.javafx.collections.ObservableMapWrapper">
                          <backingMap/>
                        </map>
                      </vReq>
                    </connection>
                  </connections>
                  <nodes>
                    <flow>
                      <x>30.0</x>
                      <y>30.0</y>
                      <width>300.0</width>
                      <height>200.0</height>
                      <title>Node 0</title>
                      <valueObject>
                        <parentId>ROOT:0:4:2:0:0</parentId>
                        <storage/>
                      </valueObject>
                      <vReq class="eu.mihosoft.vrl.workflow.VisualizationRequestImpl">
                        <map class="com.sun.javafx.collections.ObservableMapWrapper">
                          <backingMap/>
                        </map>
                      </vReq>
                      <id>ROOT:0:4:2:0:0</id>
                      <connectors>
                        <connector>
                          <type>control</type>
                          <localId>0</localId>
                          <input>true</input>
                          <output>false</output>
                          <passthru>false</passthru>
                          <maxNumConnections>2147483647</maxNumConnections>
                        </connector>
                        <connector>
                          <type>control</type>
                          <localId>1</localId>
                          <input>false</input>
                          <output>true</output>
                          <passthru>false</passthru>
                          <maxNumConnections>2147483647</maxNumConnections>
                        </connector>
                      </connectors>
                      <mainInputs/>
                      <mainOutputs/>
                      <connections/>
                      <nodes/>
                      <parent reference="../../.."/>
                      <visible>false</visible>
                    </flow>
                    <node>
                      <x>360.0</x>
                      <y>30.0</y>
                      <width>300.0</width>
                      <height>200.0</height>
                      <title>Node 1</title>
                      <valueObject>
                        <parentId>ROOT:0:4:2:0:1</parentId>
                        <storage/>
                      </valueObject>
                      <vReq class="eu.mihosoft.vrl.workflow.VisualizationRequestImpl">
                        <map class="com.sun.javafx.collections.ObservableMapWrapper">
                          <backingMap/>
                        </map>
                      </vReq>
                      <id>ROOT:0:4:2:0:1</id>
                      <connectors>
                        <connector>
                          <type>data</type>
                          <localId>0</localId>
                          <input>true</input>
                          <output>false</output>
                          <passthru>false</passthru>
                          <maxNumConnections>2147483647</maxNumConnections>
                        </connector>
                        <connector>
                          <type>data</type>
                          <localId>1</localId>
                          <input>false</input>
                          <output>true</output>
                          <passthru>false</passthru>
                          <maxNumConnections>2147483647</maxNumConnections>
                        </connector>
                      </connectors>
                      <mainInputs/>
                      <mainOutputs/>
                    </node>
                    <flow>
                      <x>690.0</x>
                      <y>30.0</y>
                      <width>300.0</width>
                      <height>200.0</height>
                      <title>Node 2</title>
                      <valueObject>
                        <parentId>ROOT:0:4:2:0:2</parentId>
                        <storage/>
                      </valueObject>
                      <vReq class="eu.mihosoft.vrl.workflow.VisualizationRequestImpl">
                        <map class="com.sun.javafx.collections.ObservableMapWrapper">
                          <backingMap/>
                        </map>
                      </vReq>
                      <id>ROOT:0:4:2:0:2</id>
                      <connectors>
                        <connector>
                          <type>event</type>
                          <localId>0</localId>
                          <input>true</input>
                          <output>false</output>
                          <passthru>false</passthru>
                          <maxNumConnections>2147483647</maxNumConnections>
                        </connector>
                        <connector>
                          <type>event</type>
                          <localId>1</localId>
                          <input>false</input>
                          <output>true</output>
                          <passthru>false</passthru>
                          <maxNumConnections>2147483647</maxNumConnections>
                        </connector>
                      </connectors>
                      <mainInputs/>
                      <mainOutputs/>
                      <connections/>
                      <nodes/>
                      <parent reference="../../.."/>
                      <visible>false</visible>
                    </flow>
                    <node>
                      <x>30.0</x>
                      <y>260.0</y>
                      <width>300.0</width>
                      <height>200.0</height>
                      <title>Node 3</title>
                      <valueObject>
                        <parentId>ROOT:0:4:2:0:3</parentId>
                        <storage/>
                      </valueObject>
                      <vReq class="eu.mihosoft.vrl.workflow.VisualizationRequestImpl">
                        <map class="com.sun.javafx.collections.ObservableMapWrapper">
                          <backingMap/>
                        </map>
                      </vReq>
                      <id>ROOT:0:4:2:0:3</id>
                      <connectors>
                        <connector>
                          <type>control</type>
                          <localId>0</localId>
                          <input>true</input>
                          <output>false</output>
                          <passthru>false</passthru>
                          <maxNumConnections>2147483647</maxNumConnections>
                        </connector>
                        <connector>
                          <type>control</type>
                          <localId>1</localId>
                          <input>false</input>
                          <output>true</output>
                          <passthru>false</passthru>
                          <maxNumConnections>2147483647</maxNumConnections>
                        </connector>
                      </connectors>
                      <mainInputs/>
                      <mainOutputs/>
                    </node>
                    <flow>
                      <x>360.0</x>
                      <y>260.0</y>
                      <width>300.0</width>
                      <height>200.0</height>
                      <title>Node 4</title>
                      <valueObject>
                        <parentId>ROOT:0:4:2:0:4</parentId>
                        <storage/>
                      </valueObject>
                      <vReq class="eu.mihosoft.vrl.workflow.VisualizationRequestImpl">
                        <map class="com.sun.javafx.collections.ObservableMapWrapper">
                          <backingMap/>
                        </map>
                      </vReq>
                      <id>ROOT:0:4:2:0:4</id>
                      <connectors>
                        <connector>
                          <type>data</type>
                          <localId>0</localId>
                          <input>true</input>
                          <output>false</output>
                          <passthru>false</passthru>
                          <maxNumConnections>2147483647</maxNumConnections>
                        </connector>
                        <connector>
                          <type>data</type>
                          <localId>1</localId>
                          <input>false</input>
                          <output>true</output>
                          <passthru>false</passthru>
                          <maxNumConnections>2147483647</maxNumConnections>
                        </connector>
                      </connectors>
                      <mainInputs/>
                      <mainOutputs/>
                      <connections/>
                      <nodes/>
                      <parent reference="../../.."/>
                      <visible>false</visible>
                    </flow>
                  </nodes>
                  <parent reference="../../.."/>
                  <visible>false</visible>
                </flow>
                <node>
                  <x>360.0</x>
                  <y>30.0</y>
                  <width>300.0</width>
                  <height>200.0</height>
                  <title>Node 1</title>
                  <valueObject>
                    <parentId>ROOT:0:4:2:1</parentId>
                    <storage/>
                  </valueObject>
                  <vReq class="eu.mihosoft.vrl.workflow.VisualizationRequestImpl">
                    <map class="com.sun.javafx.collections.ObservableMapWrapper">
                      <backingMap/>
                    </map>
                  </vReq>
                  <id>ROOT:0:4:2:1</id>
                  <connectors>
                    <connector>
                      <type>data</type>
                      <localId>0</localId>
                      <input>true</input>
                      <output>false</output>
                      <passthru>false</passthru>
                      <maxNumConnections>2147483647</maxNumConnections>
                    </connector>
                    <connector>
                      <type>data</type>
                      <localId>1</localId>
                      <input>false</input>
                      <output>true</output>
                      <passthru>false</passthru>
                      <maxNumConnections>2147483647</maxNumConnections>
                    </connector>
                  </connectors>
                  <mainInputs/>
                  <mainOutputs/>
                </node>
                <flow>
                  <x>690.0</x>
                  <y>30.0</y>
                  <width>300.0</width>
                  <height>200.0</height>
                  <title>Node 2</title>
                  <valueObject>
                    <parentId>ROOT:0:4:2:2</parentId>
                    <storage/>
                  </valueObject>
                  <vReq class="eu.mihosoft.vrl.workflow.VisualizationRequestImpl">
                    <map class="com.sun.javafx.collections.ObservableMapWrapper">
                      <backingMap/>
                    </map>
                  </vReq>
                  <id>ROOT:0:4:2:2</id>
                  <connectors>
                    <connector>
                      <type>event</type>
                      <localId>0</localId>
                      <input>true</input>
                      <output>false</output>
                      <passthru>false</passthru>
                      <maxNumConnections>2147483647</maxNumConnections>
                    </connector>
                    <connector>
                      <type>event</type>
                      <localId>1</localId>
                      <input>false</input>
                      <output>true</output>
                      <passthru>false</passthru>
                      <maxNumConnections>2147483647</maxNumConnections>
                    </connector>
                  </connectors>
                  <mainInputs/>
                  <mainOutputs/>
                  <connections>
                    <connection>
                      <id>0</id>
                      <senderId>ROOT:0:4:2:2:1:c:1</senderId>
                      <receiverId>ROOT:0:4:2:2:4:c:0</receiverId>
                      <type>data</type>
                      <vReq class="eu.mihosoft.vrl.workflow.VisualizationRequestImpl">
                        <map class="com.sun.javafx.collections.ObservableMapWrapper">
                          <backingMap/>
                        </map>
                      </vReq>
                    </connection>
                    <connection>
                      <id>0</id>
                      <senderId>ROOT:0:4:2:2:0:c:1</senderId>
                      <receiverId>ROOT:0:4:2:2:3:c:0</receiverId>
                      <type>control</type>
                      <vReq class="eu.mihosoft.vrl.workflow.VisualizationRequestImpl">
                        <map class="com.sun.javafx.collections.ObservableMapWrapper">
                          <backingMap/>
                        </map>
                      </vReq>
                    </connection>
                  </connections>
                  <nodes>
                    <flow>
                      <x>30.0</x>
                      <y>30.0</y>
                      <width>300.0</width>
                      <height>200.0</height>
                      <title>Node 0</title>
                      <valueObject>
                        <parentId>ROOT:0:4:2:2:0</parentId>
                        <storage/>
                      </valueObject>
                      <vReq class="eu.mihosoft.vrl.workflow.VisualizationRequestImpl">
                        <map class="com.sun.javafx.collections.ObservableMapWrapper">
                          <backingMap/>
                        </map>
                      </vReq>
                      <id>ROOT:0:4:2:2:0</id>
                      <connectors>
                        <connector>
                          <type>control</type>
                          <localId>0</localId>
                          <input>true</input>
                          <output>false</output>
                          <passthru>false</passthru>
                          <maxNumConnections>2147483647</maxNumConnections>
                        </connector>
                        <connector>
                          <type>control</type>
                          <localId>1</localId>
                          <input>false</input>
                          <output>true</output>
                          <passthru>false</passthru>
                          <maxNumConnections>2147483647</maxNumConnections>
                        </connector>
                      </connectors>
                      <mainInputs/>
                      <mainOutputs/>
                      <connections/>
                      <nodes/>
                      <parent reference="../../.."/>
                      <visible>false</visible>
                    </flow>
                    <node>
                      <x>360.0</x>
                      <y>30.0</y>
                      <width>300.0</width>
                      <height>200.0</height>
                      <title>Node 1</title>
                      <valueObject>
                        <parentId>ROOT:0:4:2:2:1</parentId>
                        <storage/>
                      </valueObject>
                      <vReq class="eu.mihosoft.vrl.workflow.VisualizationRequestImpl">
                        <map class="com.sun.javafx.collections.ObservableMapWrapper">
                          <backingMap/>
                        </map>
                      </vReq>
                      <id>ROOT:0:4:2:2:1</id>
                      <connectors>
                        <connector>
                          <type>data</type>
                          <localId>0</localId>
                          <input>true</input>
                          <output>false</output>
                          <passthru>false</passthru>
                          <maxNumConnections>2147483647</maxNumConnections>
                        </connector>
                        <connector>
                          <type>data</type>
                          <localId>1</localId>
                          <input>false</input>
                          <output>true</output>
                          <passthru>false</passthru>
                          <maxNumConnections>2147483647</maxNumConnections>
                        </connector>
                      </connectors>
                      <mainInputs/>
                      <mainOutputs/>
                    </node>
                    <flow>
                      <x>690.0</x>
                      <y>30.0</y>
                      <width>300.0</width>
                      <height>200.0</height>
                      <title>Node 2</title>
                      <valueObject>
                        <parentId>ROOT:0:4:2:2:2</parentId>
                        <storage/>
                      </valueObject>
                      <vReq class="eu.mihosoft.vrl.workflow.VisualizationRequestImpl">
                        <map class="com.sun.javafx.collections.ObservableMapWrapper">
                          <backingMap/>
                        </map>
                      </vReq>
                      <id>ROOT:0:4:2:2:2</id>
                      <connectors>
                        <connector>
                          <type>event</type>
                          <localId>0</localId>
                          <input>true</input>
                          <output>false</output>
                          <passthru>false</passthru>
                          <maxNumConnections>2147483647</maxNumConnections>
                        </connector>
                        <connector>
                          <type>event</type>
                          <localId>1</localId>
                          <input>false</input>
                          <output>true</output>
                          <passthru>false</passthru>
                          <maxNumConnections>2147483647</maxNumConnections>
                        </connector>
                      </connectors>
                      <mainInputs/>
                      <mainOutputs/>
                      <connections/>
                      <nodes/>
                      <parent reference="../../.."/>
                      <visible>false</visible>
                    </flow>
                    <node>
                      <x>30.0</x>
                      <y>260.0</y>
                      <width>300.0</width>
                      <height>200.0</height>
                      <title>Node 3</title>
                      <valueObject>
                        <parentId>ROOT:0:4:2:2:3</parentId>
                        <storage/>
                      </valueObject>
                      <vReq class="eu.mihosoft.vrl.workflow.VisualizationRequestImpl">
                        <map class="com.sun.javafx.collections.ObservableMapWrapper">
                          <backingMap/>
                        </map>
                      </vReq>
                      <id>ROOT:0:4:2:2:3</id>
                      <connectors>
                        <connector>
                          <type>control</type>
                          <localId>0</localId>
                          <input>true</input>
                          <output>false</output>
                          <passthru>false</passthru>
                          <maxNumConnections>2147483647</maxNumConnections>
                        </connector>
                        <connector>
                          <type>control</type>
                          <localId>1</localId>
                          <input>false</input>
                          <output>true</output>
                          <passthru>false</passthru>
                          <maxNumConnections>2147483647</maxNumConnections>
                        </connector>
                      </connectors>
                      <mainInputs/>
                      <mainOutputs/>
                    </node>
                    <flow>
                      <x>360.0</x>
                      <y>260.0</y>
                      <width>300.0</width>
                      <height>200.0</height>
                      <title>Node 4</title>
                      <valueObject>
                        <parentId>ROOT:0:4:2:2:4</parentId>
                        <storage/>
                      </valueObject>
                      <vReq class="eu.mihosoft.vrl.workflow.VisualizationRequestImpl">
                        <map class="com.sun.javafx.collections.ObservableMapWrapper">
                          <backingMap/>
                        </map>
                      </vReq>
                      <id>ROOT:0:4:2:2:4</id>
                      <connectors>
                        <connector>
                          <type>data</type>
                          <localId>0</localId>
                          <input>true</input>
                          <output>false</output>
                          <passthru>false</passthru>
                          <maxNumConnections>2147483647</maxNumConnections>
                        </connector>
                        <connector>
                          <type>data</type>
                          <localId>1</localId>
                          <input>false</input>
                          <output>true</output>
                          <passthru>false</passthru>
                          <maxNumConnections>2147483647</maxNumConnections>
                        </connector>
                      </connectors>
                      <mainInputs/>
                      <mainOutputs/>
                      <connections/>
                      <nodes/>
                      <parent reference="../../.."/>
                      <visible>false</visible>
                    </flow>
                  </nodes>
                  <parent reference="../../.."/>
                  <visible>false</visible>
                </flow>
                <node>
                  <x>30.0</x>
                  <y>260.0</y>
                  <width>300.0</width>
                  <height>200.0</height>
                  <title>Node 3</title>
                  <valueObject>
                    <parentId>ROOT:0:4:2:3</parentId>
                    <storage/>
                  </valueObject>
                  <vReq class="eu.mihosoft.vrl.workflow.VisualizationRequestImpl">
                    <map class="com.sun.javafx.collections.ObservableMapWrapper">
                      <backingMap/>
                    </map>
                  </vReq>
                  <id>ROOT:0:4:2:3</id>
                  <connectors>
                    <connector>
                      <type>control</type>
                      <localId>0</localId>
                      <input>true</input>
                      <output>false</output>
                      <passthru>false</passthru>
                      <maxNumConnections>2147483647</maxNumConnections>
                    </connector>
                    <connector>
                      <type>control</type>
                      <localId>1</localId>
                      <input>false</input>
                      <output>true</output>
                      <passthru>false</passthru>
                      <maxNumConnections>2147483647</maxNumConnections>
                    </connector>
                  </connectors>
                  <mainInputs/>
                  <mainOutputs/>
                </node>
                <flow>
                  <x>360.0</x>
                  <y>260.0</y>
                  <width>300.0</width>
                  <height>200.0</height>
                  <title>Node 4</title>
                  <valueObject>
                    <parentId>ROOT:0:4:2:4</parentId>
                    <storage/>
                  </valueObject>
                  <vReq class="eu.mihosoft.vrl.workflow.VisualizationRequestImpl">
                    <map class="com.sun.javafx.collections.ObservableMapWrapper">
                      <backingMap/>
                    </map>
                  </vReq>
                  <id>ROOT:0:4:2:4</id>
                  <connectors>
                    <connector>
                      <type>data</type>
                      <localId>0</localId>
                      <input>true</input>
                      <output>false</output>
                      <passthru>false</passthru>
                      <maxNumConnections>2147483647</maxNumConnections>
                    </connector>
                    <connector>
                      <type>data</type>
                      <localId>1</localId>
                      <input>false</input>
                      <output>true</output>
                      <passthru>false</passthru>
                      <maxNumConnections>2147483647</maxNumConnections>
                    </connector>
                  </connectors>
                  <mainInputs/>
                  <mainOutputs/>
                  <connections>
                    <connection>
                      <id>0</id>
                      <senderId>ROOT:0:4:2:4:1:c:1</senderId>
                      <receiverId>ROOT:0:4:2:4:4:c:0</receiverId>
                      <type>data</type>
                      <vReq class="eu.mihosoft.vrl.workflow.VisualizationRequestImpl">
                        <map class="com.sun.javafx.collections.ObservableMapWrapper">
                          <backingMap/>
                        </map>
                      </vReq>
                    </connection>
                    <connection>
                      <id>0</id>
                      <senderId>ROOT:0:4:2:4:0:c:1</senderId>
                      <receiverId>ROOT:0:4:2:4:3:c:0</receiverId>
                      <type>control</type>
                      <vReq class="eu.mihosoft.vrl.workflow.VisualizationRequestImpl">
                        <map class="com.sun.javafx.collections.ObservableMapWrapper">
                          <backingMap/>
                        </map>
                      </vReq>
                    </connection>
                  </connections>
                  <nodes>
                    <flow>
                      <x>30.0</x>
                      <y>30.0</y>
                      <width>300.0</width>
                      <height>200.0</height>
                      <title>Node 0</title>
                      <valueObject>
                        <parentId>ROOT:0:4:2:4:0</parentId>
                        <storage/>
                      </valueObject>
                      <vReq class="eu.mihosoft.vrl.workflow.VisualizationRequestImpl">
                        <map class="com.sun.javafx.collections.ObservableMapWrapper">
                          <backingMap/>
                        </map>
                      </vReq>
                      <id>ROOT:0:4:2:4:0</id>
                      <connectors>
                        <connector>
                          <type>control</type>
                          <localId>0</localId>
                          <input>true</input>
                          <output>false</output>
                          <passthru>false</passthru>
                          <maxNumConnections>2147483647</maxNumConnections>
                        </connector>
                        <connector>
                          <type>control</type>
                          <localId>1</localId>
                          <input>false</input>
                          <output>true</output>
                          <passthru>false</passthru>
                          <maxNumConnections>2147483647</maxNumConnections>
                        </connector>
                      </connectors>
                      <mainInputs/>
                      <mainOutputs/>
                      <connections/>
                      <nodes/>
                      <parent reference="../../.."/>
                      <visible>false</visible>
                    </flow>
                    <node>
                      <x>360.0</x>
                      <y>30.0</y>
                      <width>300.0</width>
                      <height>200.0</height>
                      <title>Node 1</title>
                      <valueObject>
                        <parentId>ROOT:0:4:2:4:1</parentId>
                        <storage/>
                      </valueObject>
                      <vReq class="eu.mihosoft.vrl.workflow.VisualizationRequestImpl">
                        <map class="com.sun.javafx.collections.ObservableMapWrapper">
                          <backingMap/>
                        </map>
                      </vReq>
                      <id>ROOT:0:4:2:4:1</id>
                      <connectors>
                        <connector>
                          <type>data</type>
                          <localId>0</localId>
                          <input>true</input>
                          <output>false</output>
                          <passthru>false</passthru>
                          <maxNumConnections>2147483647</maxNumConnections>
                        </connector>
                        <connector>
                          <type>data</type>
                          <localId>1</localId>
                          <input>false</input>
                          <output>true</output>
                          <passthru>false</passthru>
                          <maxNumConnections>2147483647</maxNumConnections>
                        </connector>
                      </connectors>
                      <mainInputs/>
                      <mainOutputs/>
                    </node>
                    <flow>
                      <x>690.0</x>
                      <y>30.0</y>
                      <width>300.0</width>
                      <height>200.0</height>
                      <title>Node 2</title>
                      <valueObject>
                        <parentId>ROOT:0:4:2:4:2</parentId>
                        <storage/>
                      </valueObject>
                      <vReq class="eu.mihosoft.vrl.workflow.VisualizationRequestImpl">
                        <map class="com.sun.javafx.collections.ObservableMapWrapper">
                          <backingMap/>
                        </map>
                      </vReq>
                      <id>ROOT:0:4:2:4:2</id>
                      <connectors>
                        <connector>
                          <type>event</type>
                          <localId>0</localId>
                          <input>true</input>
                          <output>false</output>
                          <passthru>false</passthru>
                          <maxNumConnections>2147483647</maxNumConnections>
                        </connector>
                        <connector>
                          <type>event</type>
                          <localId>1</localId>
                          <input>false</input>
                          <output>true</output>
                          <passthru>false</passthru>
                          <maxNumConnections>2147483647</maxNumConnections>
                        </connector>
                      </connectors>
                      <mainInputs/>
                      <mainOutputs/>
                      <connections/>
                      <nodes/>
                      <parent reference="../../.."/>
                      <visible>false</visible>
                    </flow>
                    <node>
                      <x>30.0</x>
                      <y>260.0</y>
                      <width>300.0</width>
                      <height>200.0</height>
                      <title>Node 3</title>
                      <valueObject>
                        <parentId>ROOT:0:4:2:4:3</parentId>
                        <storage/>
                      </valueObject>
                      <vReq class="eu.mihosoft.vrl.workflow.VisualizationRequestImpl">
                        <map class="com.sun.javafx.collections.ObservableMapWrapper">
                          <backingMap/>
                        </map>
                      </vReq>
                      <id>ROOT:0:4:2:4:3</id>
                      <connectors>
                        <connector>
                          <type>control</type>
                          <localId>0</localId>
                          <input>true</input>
                          <output>false</output>
                          <passthru>false</passthru>
                          <maxNumConnections>2147483647</maxNumConnections>
                        </connector>
                        <connector>
                          <type>control</type>
                          <localId>1</localId>
                          <input>false</input>
                          <output>true</output>
                          <passthru>false</passthru>
                          <maxNumConnections>2147483647</maxNumConnections>
                        </connector>
                      </connectors>
                      <mainInputs/>
                      <mainOutputs/>
                    </node>
                    <flow>
                      <x>360.0</x>
                      <y>260.0</y>
                      <width>300.0</width>
                      <height>200.0</height>
                      <title>Node 4</title>
                      <valueObject>
                        <parentId>ROOT:0:4:2:4:4</parentId>
                        <storage/>
                      </valueObject>
                      <vReq class="eu.mihosoft.vrl.workflow.VisualizationRequestImpl">
                        <map class="com.sun.javafx.collections.ObservableMapWrapper">
                          <backingMap/>
                        </map>
                      </vReq>
                      <id>ROOT:0:4:2:4:4</id>
                      <connectors>
                        <connector>
                          <type>data</type>
                          <localId>0</localId>
                          <input>true</input>
                          <output>false</output>
                          <passthru>false</passthru>
                          <maxNumConnections>2147483647</maxNumConnections>
                        </connector>
                        <connector>
                          <type>data</type>
                          <localId>1</localId>
                          <input>false</input>
                          <output>true</output>
                          <passthru>false</passthru>
                          <maxNumConnections>2147483647</maxNumConnections>
                        </connector>
                      </connectors>
                      <mainInputs/>
                      <mainOutputs/>
                      <connections/>
                      <nodes/>
                      <parent reference="../../.."/>
                      <visible>false</visible>
                    </flow>
                  </nodes>
                  <parent reference="../../.."/>
                  <visible>false</visible>
                </flow>
              </nodes>
              <parent reference="../../.."/>
              <visible>false</visible>
            </flow>
            <node>
              <x>30.0</x>
              <y>260.0</y>
              <width>300.0</width>
              <height>200.0</height>
              <title>Node 3</title>
              <valueObject>
                <parentId>ROOT:0:4:3</parentId>
                <storage/>
              </valueObject>
              <vReq class="eu.mihosoft.vrl.workflow.VisualizationRequestImpl">
                <map class="com.sun.javafx.collections.ObservableMapWrapper">
                  <backingMap/>
                </map>
              </vReq>
              <id>ROOT:0:4:3</id>
              <connectors>
                <connector>
                  <type>control</type>
                  <localId>0</localId>
                  <input>true</input>
                  <output>false</output>
                  <passthru>false</passthru>
                  <maxNumConnections>2147483647</maxNumConnections>
                </connector>
                <connector>
                  <type>control</type>
                  <localId>1</localId>
                  <input>false</input>
                  <output>true</output>
                  <passthru>false</passthru>
                  <maxNumConnections>2147483647</maxNumConnections>
                </connector>
              </connectors>
              <mainInputs/>
              <mainOutputs/>
            </node>
            <flow>
              <x>360.0</x>
              <y>260.0</y>
              <width>300.0</width>
              <height>200.0</height>
              <title>Node 4</title>
              <valueObject>
                <parentId>ROOT:0:4:4</parentId>
                <storage/>
              </valueObject>
              <vReq class="eu.mihosoft.vrl.workflow.VisualizationRequestImpl">
                <map class="com.sun.javafx.collections.ObservableMapWrapper">
                  <backingMap/>
                </map>
              </vReq>
              <id>ROOT:0:4:4</id>
              <connectors>
                <connector>
                  <type>data</type>
                  <localId>0</localId>
                  <input>true</input>
                  <output>false</output>
                  <passthru>false</passthru>
                  <maxNumConnections>2147483647</maxNumConnections>
                </connector>
                <connector>
                  <type>data</type>
                  <localId>1</localId>
                  <input>false</input>
                  <output>true</output>
                  <passthru>false</passthru>
                  <maxNumConnections>2147483647</maxNumConnections>
                </connector>
              </connectors>
              <mainInputs/>
              <mainOutputs/>
              <connections>
                <connection>
                  <id>0</id>
                  <senderId>ROOT:0:4:4:1:c:1</senderId>
                  <receiverId>ROOT:0:4:4:4:c:0</receiverId>
                  <type>data</type>
                  <vReq class="eu.mihosoft.vrl.workflow.VisualizationRequestImpl">
                    <map class="com.sun.javafx.collections.ObservableMapWrapper">
                      <backingMap/>
                    </map>
                  </vReq>
                </connection>
                <connection>
                  <id>0</id>
                  <senderId>ROOT:0:4:4:0:c:1</senderId>
                  <receiverId>ROOT:0:4:4:3:c:0</receiverId>
                  <type>control</type>
                  <vReq class="eu.mihosoft.vrl.workflow.VisualizationRequestImpl">
                    <map class="com.sun.javafx.collections.ObservableMapWrapper">
                      <backingMap/>
                    </map>
                  </vReq>
                </connection>
              </connections>
              <nodes>
                <flow>
                  <x>30.0</x>
                  <y>30.0</y>
                  <width>300.0</width>
                  <height>200.0</height>
                  <title>Node 0</title>
                  <valueObject>
                    <parentId>ROOT:0:4:4:0</parentId>
                    <storage/>
                  </valueObject>
                  <vReq class="eu.mihosoft.vrl.workflow.VisualizationRequestImpl">
                    <map class="com.sun.javafx.collections.ObservableMapWrapper">
                      <backingMap/>
                    </map>
                  </vReq>
                  <id>ROOT:0:4:4:0</id>
                  <connectors>
                    <connector>
                      <type>control</type>
                      <localId>0</localId>
                      <input>true</input>
                      <output>false</output>
                      <passthru>false</passthru>
                      <maxNumConnections>2147483647</maxNumConnections>
                    </connector>
                    <connector>
                      <type>control</type>
                      <localId>1</localId>
                      <input>false</input>
                      <output>true</output>
                      <passthru>false</passthru>
                      <maxNumConnections>2147483647</maxNumConnections>
                    </connector>
                  </connectors>
                  <mainInputs/>
                  <mainOutputs/>
                  <connections>
                    <connection>
                      <id>0</id>
                      <senderId>ROOT:0:4:4:0:1:c:1</senderId>
                      <receiverId>ROOT:0:4:4:0:4:c:0</receiverId>
                      <type>data</type>
                      <vReq class="eu.mihosoft.vrl.workflow.VisualizationRequestImpl">
                        <map class="com.sun.javafx.collections.ObservableMapWrapper">
                          <backingMap/>
                        </map>
                      </vReq>
                    </connection>
                    <connection>
                      <id>0</id>
                      <senderId>ROOT:0:4:4:0:0:c:1</senderId>
                      <receiverId>ROOT:0:4:4:0:3:c:0</receiverId>
                      <type>control</type>
                      <vReq class="eu.mihosoft.vrl.workflow.VisualizationRequestImpl">
                        <map class="com.sun.javafx.collections.ObservableMapWrapper">
                          <backingMap/>
                        </map>
                      </vReq>
                    </connection>
                  </connections>
                  <nodes>
                    <flow>
                      <x>30.0</x>
                      <y>30.0</y>
                      <width>300.0</width>
                      <height>200.0</height>
                      <title>Node 0</title>
                      <valueObject>
                        <parentId>ROOT:0:4:4:0:0</parentId>
                        <storage/>
                      </valueObject>
                      <vReq class="eu.mihosoft.vrl.workflow.VisualizationRequestImpl">
                        <map class="com.sun.javafx.collections.ObservableMapWrapper">
                          <backingMap/>
                        </map>
                      </vReq>
                      <id>ROOT:0:4:4:0:0</id>
                      <connectors>
                        <connector>
                          <type>control</type>
                          <localId>0</localId>
                          <input>true</input>
                          <output>false</output>
                          <passthru>false</passthru>
                          <maxNumConnections>2147483647</maxNumConnections>
                        </connector>
                        <connector>
                          <type>control</type>
                          <localId>1</localId>
                          <input>false</input>
                          <output>true</output>
                          <passthru>false</passthru>
                          <maxNumConnections>2147483647</maxNumConnections>
                        </connector>
                      </connectors>
                      <mainInputs/>
                      <mainOutputs/>
                      <connections/>
                      <nodes/>
                      <parent reference="../../.."/>
                      <visible>false</visible>
                    </flow>
                    <node>
                      <x>360.0</x>
                      <y>30.0</y>
                      <width>300.0</width>
                      <height>200.0</height>
                      <title>Node 1</title>
                      <valueObject>
                        <parentId>ROOT:0:4:4:0:1</parentId>
                        <storage/>
                      </valueObject>
                      <vReq class="eu.mihosoft.vrl.workflow.VisualizationRequestImpl">
                        <map class="com.sun.javafx.collections.ObservableMapWrapper">
                          <backingMap/>
                        </map>
                      </vReq>
                      <id>ROOT:0:4:4:0:1</id>
                      <connectors>
                        <connector>
                          <type>data</type>
                          <localId>0</localId>
                          <input>true</input>
                          <output>false</output>
                          <passthru>false</passthru>
                          <maxNumConnections>2147483647</maxNumConnections>
                        </connector>
                        <connector>
                          <type>data</type>
                          <localId>1</localId>
                          <input>false</input>
                          <output>true</output>
                          <passthru>false</passthru>
                          <maxNumConnections>2147483647</maxNumConnections>
                        </connector>
                      </connectors>
                      <mainInputs/>
                      <mainOutputs/>
                    </node>
                    <flow>
                      <x>690.0</x>
                      <y>30.0</y>
                      <width>300.0</width>
                      <height>200.0</height>
                      <title>Node 2</title>
                      <valueObject>
                        <parentId>ROOT:0:4:4:0:2</parentId>
                        <storage/>
                      </valueObject>
                      <vReq class="eu.mihosoft.vrl.workflow.VisualizationRequestImpl">
                        <map class="com.sun.javafx.collections.ObservableMapWrapper">
                          <backingMap/>
                        </map>
                      </vReq>
                      <id>ROOT:0:4:4:0:2</id>
                      <connectors>
                        <connector>
                          <type>event</type>
                          <localId>0</localId>
                          <input>true</input>
                          <output>false</output>
                          <passthru>false</passthru>
                          <maxNumConnections>2147483647</maxNumConnections>
                        </connector>
                        <connector>
                          <type>event</type>
                          <localId>1</localId>
                          <input>false</input>
                          <output>true</output>
                          <passthru>false</passthru>
                          <maxNumConnections>2147483647</maxNumConnections>
                        </connector>
                      </connectors>
                      <mainInputs/>
                      <mainOutputs/>
                      <connections/>
                      <nodes/>
                      <parent reference="../../.."/>
                      <visible>false</visible>
                    </flow>
                    <node>
                      <x>30.0</x>
                      <y>260.0</y>
                      <width>300.0</width>
                      <height>200.0</height>
                      <title>Node 3</title>
                      <valueObject>
                        <parentId>ROOT:0:4:4:0:3</parentId>
                        <storage/>
                      </valueObject>
                      <vReq class="eu.mihosoft.vrl.workflow.VisualizationRequestImpl">
                        <map class="com.sun.javafx.collections.ObservableMapWrapper">
                          <backingMap/>
                        </map>
                      </vReq>
                      <id>ROOT:0:4:4:0:3</id>
                      <connectors>
                        <connector>
                          <type>control</type>
                          <localId>0</localId>
                          <input>true</input>
                          <output>false</output>
                          <passthru>false</passthru>
                          <maxNumConnections>2147483647</maxNumConnections>
                        </connector>
                        <connector>
                          <type>control</type>
                          <localId>1</localId>
                          <input>false</input>
                          <output>true</output>
                          <passthru>false</passthru>
                          <maxNumConnections>2147483647</maxNumConnections>
                        </connector>
                      </connectors>
                      <mainInputs/>
                      <mainOutputs/>
                    </node>
                    <flow>
                      <x>360.0</x>
                      <y>260.0</y>
                      <width>300.0</width>
                      <height>200.0</height>
                      <title>Node 4</title>
                      <valueObject>
                        <parentId>ROOT:0:4:4:0:4</parentId>
                        <storage/>
                      </valueObject>
                      <vReq class="eu.mihosoft.vrl.workflow.VisualizationRequestImpl">
                        <map class="com.sun.javafx.collections.ObservableMapWrapper">
                          <backingMap/>
                        </map>
                      </vReq>
                      <id>ROOT:0:4:4:0:4</id>
                      <connectors>
                        <connector>
                          <type>data</type>
                          <localId>0</localId>
                          <input>true</input>
                          <output>false</output>
                          <passthru>false</passthru>
                          <maxNumConnections>2147483647</maxNumConnections>
                        </connector>
                        <connector>
                          <type>data</type>
                          <localId>1</localId>
                          <input>false</input>
                          <output>true</output>
                          <passthru>false</passthru>
                          <maxNumConnections>2147483647</maxNumConnections>
                        </connector>
                      </connectors>
                      <mainInputs/>
                      <mainOutputs/>
                      <connections/>
                      <nodes/>
                      <parent reference="../../.."/>
                      <visible>false</visible>
                    </flow>
                  </nodes>
                  <parent reference="../../.."/>
                  <visible>false</visible>
                </flow>
                <node>
                  <x>360.0</x>
                  <y>30.0</y>
                  <width>300.0</width>
                  <height>200.0</height>
                  <title>Node 1</title>
                  <valueObject>
                    <parentId>ROOT:0:4:4:1</parentId>
                    <storage/>
                  </valueObject>
                  <vReq class="eu.mihosoft.vrl.workflow.VisualizationRequestImpl">
                    <map class="com.sun.javafx.collections.ObservableMapWrapper">
                      <backingMap/>
                    </map>
                  </vReq>
                  <id>ROOT:0:4:4:1</id>
                  <connectors>
                    <connector>
                      <type>data</type>
                      <localId>0</localId>
                      <input>true</input>
                      <output>false</output>
                      <passthru>false</passthru>
                      <maxNumConnections>2147483647</maxNumConnections>
                    </connector>
                    <connector>
                      <type>data</type>
                      <localId>1</localId>
                      <input>false</input>
                      <output>true</output>
                      <passthru>false</passthru>
                      <maxNumConnections>2147483647</maxNumConnections>
                    </connector>
                  </connectors>
                  <mainInputs/>
                  <mainOutputs/>
                </node>
                <flow>
                  <x>690.0</x>
                  <y>30.0</y>
                  <width>300.0</width>
                  <height>200.0</height>
                  <title>Node 2</title>
                  <valueObject>
                    <parentId>ROOT:0:4:4:2</parentId>
                    <storage/>
                  </valueObject>
                  <vReq class="eu.mihosoft.vrl.workflow.VisualizationRequestImpl">
                    <map class="com.sun.javafx.collections.ObservableMapWrapper">
                      <backingMap/>
                    </map>
                  </vReq>
                  <id>ROOT:0:4:4:2</id>
                  <connectors>
                    <connector>
                      <type>event</type>
                      <localId>0</localId>
                      <input>true</input>
                      <output>false</output>
                      <passthru>false</passthru>
                      <maxNumConnections>2147483647</maxNumConnections>
                    </connector>
                    <connector>
                      <type>event</type>
                      <localId>1</localId>
                      <input>false</input>
                      <output>true</output>
                      <passthru>false</passthru>
                      <maxNumConnections>2147483647</maxNumConnections>
                    </connector>
                  </connectors>
                  <mainInputs/>
                  <mainOutputs/>
                  <connections>
                    <connection>
                      <id>0</id>
                      <senderId>ROOT:0:4:4:2:1:c:1</senderId>
                      <receiverId>ROOT:0:4:4:2:4:c:0</receiverId>
                      <type>data</type>
                      <vReq class="eu.mihosoft.vrl.workflow.VisualizationRequestImpl">
                        <map class="com.sun.javafx.collections.ObservableMapWrapper">
                          <backingMap/>
                        </map>
                      </vReq>
                    </connection>
                    <connection>
                      <id>0</id>
                      <senderId>ROOT:0:4:4:2:0:c:1</senderId>
                      <receiverId>ROOT:0:4:4:2:3:c:0</receiverId>
                      <type>control</type>
                      <vReq class="eu.mihosoft.vrl.workflow.VisualizationRequestImpl">
                        <map class="com.sun.javafx.collections.ObservableMapWrapper">
                          <backingMap/>
                        </map>
                      </vReq>
                    </connection>
                  </connections>
                  <nodes>
                    <flow>
                      <x>30.0</x>
                      <y>30.0</y>
                      <width>300.0</width>
                      <height>200.0</height>
                      <title>Node 0</title>
                      <valueObject>
                        <parentId>ROOT:0:4:4:2:0</parentId>
                        <storage/>
                      </valueObject>
                      <vReq class="eu.mihosoft.vrl.workflow.VisualizationRequestImpl">
                        <map class="com.sun.javafx.collections.ObservableMapWrapper">
                          <backingMap/>
                        </map>
                      </vReq>
                      <id>ROOT:0:4:4:2:0</id>
                      <connectors>
                        <connector>
                          <type>control</type>
                          <localId>0</localId>
                          <input>true</input>
                          <output>false</output>
                          <passthru>false</passthru>
                          <maxNumConnections>2147483647</maxNumConnections>
                        </connector>
                        <connector>
                          <type>control</type>
                          <localId>1</localId>
                          <input>false</input>
                          <output>true</output>
                          <passthru>false</passthru>
                          <maxNumConnections>2147483647</maxNumConnections>
                        </connector>
                      </connectors>
                      <mainInputs/>
                      <mainOutputs/>
                      <connections/>
                      <nodes/>
                      <parent reference="../../.."/>
                      <visible>false</visible>
                    </flow>
                    <node>
                      <x>360.0</x>
                      <y>30.0</y>
                      <width>300.0</width>
                      <height>200.0</height>
                      <title>Node 1</title>
                      <valueObject>
                        <parentId>ROOT:0:4:4:2:1</parentId>
                        <storage/>
                      </valueObject>
                      <vReq class="eu.mihosoft.vrl.workflow.VisualizationRequestImpl">
                        <map class="com.sun.javafx.collections.ObservableMapWrapper">
                          <backingMap/>
                        </map>
                      </vReq>
                      <id>ROOT:0:4:4:2:1</id>
                      <connectors>
                        <connector>
                          <type>data</type>
                          <localId>0</localId>
                          <input>true</input>
                          <output>false</output>
                          <passthru>false</passthru>
                          <maxNumConnections>2147483647</maxNumConnections>
                        </connector>
                        <connector>
                          <type>data</type>
                          <localId>1</localId>
                          <input>false</input>
                          <output>true</output>
                          <passthru>false</passthru>
                          <maxNumConnections>2147483647</maxNumConnections>
                        </connector>
                      </connectors>
                      <mainInputs/>
                      <mainOutputs/>
                    </node>
                    <flow>
                      <x>690.0</x>
                      <y>30.0</y>
                      <width>300.0</width>
                      <height>200.0</height>
                      <title>Node 2</title>
                      <valueObject>
                        <parentId>ROOT:0:4:4:2:2</parentId>
                        <storage/>
                      </valueObject>
                      <vReq class="eu.mihosoft.vrl.workflow.VisualizationRequestImpl">
                        <map class="com.sun.javafx.collections.ObservableMapWrapper">
                          <backingMap/>
                        </map>
                      </vReq>
                      <id>ROOT:0:4:4:2:2</id>
                      <connectors>
                        <connector>
                          <type>event</type>
                          <localId>0</localId>
                          <input>true</input>
                          <output>false</output>
                          <passthru>false</passthru>
                          <maxNumConnections>2147483647</maxNumConnections>
                        </connector>
                        <connector>
                          <type>event</type>
                          <localId>1</localId>
                          <input>false</input>
                          <output>true</output>
                          <passthru>false</passthru>
                          <maxNumConnections>2147483647</maxNumConnections>
                        </connector>
                      </connectors>
                      <mainInputs/>
                      <mainOutputs/>
                      <connections/>
                      <nodes/>
                      <parent reference="../../.."/>
                      <visible>false</visible>
                    </flow>
                    <node>
                      <x>30.0</x>
                      <y>260.0</y>
                      <width>300.0</width>
                      <height>200.0</height>
                      <title>Node 3</title>
                      <valueObject>
                        <parentId>ROOT:0:4:4:2:3</parentId>
                        <storage/>
                      </valueObject>
                      <vReq class="eu.mihosoft.vrl.workflow.VisualizationRequestImpl">
                        <map class="com.sun.javafx.collections.ObservableMapWrapper">
                          <backingMap/>
                        </map>
                      </vReq>
                      <id>ROOT:0:4:4:2:3</id>
                      <connectors>
                        <connector>
                          <type>control</type>
                          <localId>0</localId>
                          <input>true</input>
                          <output>false</output>
                          <passthru>false</passthru>
                          <maxNumConnections>2147483647</maxNumConnections>
                        </connector>
                        <connector>
                          <type>control</type>
                          <localId>1</localId>
                          <input>false</input>
                          <output>true</output>
                          <passthru>false</passthru>
                          <maxNumConnections>2147483647</maxNumConnections>
                        </connector>
                      </connectors>
                      <mainInputs/>
                      <mainOutputs/>
                    </node>
                    <flow>
                      <x>360.0</x>
                      <y>260.0</y>
                      <width>300.0</width>
                      <height>200.0</height>
                      <title>Node 4</title>
                      <valueObject>
                        <parentId>ROOT:0:4:4:2:4</parentId>
                        <storage/>
                      </valueObject>
                      <vReq class="eu.mihosoft.vrl.workflow.VisualizationRequestImpl">
                        <map class="com.sun.javafx.collections.ObservableMapWrapper">
                          <backingMap/>
                        </map>
                      </vReq>
                      <id>ROOT:0:4:4:2:4</id>
                      <connectors>
                        <connector>
                          <type>data</type>
                          <localId>0</localId>
                          <input>true</input>
                          <output>false</output>
                          <passthru>false</passthru>
                          <maxNumConnections>2147483647</maxNumConnections>
                        </connector>
                        <connector>
                          <type>data</type>
                          <localId>1</localId>
                          <input>false</input>
                          <output>true</output>
                          <passthru>false</passthru>
                          <maxNumConnections>2147483647</maxNumConnections>
                        </connector>
                      </connectors>
                      <mainInputs/>
                      <mainOutputs/>
                      <connections/>
                      <nodes/>
                      <parent reference="../../.."/>
                      <visible>false</visible>
                    </flow>
                  </nodes>
                  <parent reference="../../.."/>
                  <visible>false</visible>
                </flow>
                <node>
                  <x>30.0</x>
                  <y>260.0</y>
                  <width>300.0</width>
                  <height>200.0</height>
                  <title>Node 3</title>
                  <valueObject>
                    <parentId>ROOT:0:4:4:3</parentId>
                    <storage/>
                  </valueObject>
                  <vReq class="eu.mihosoft.vrl.workflow.VisualizationRequestImpl">
                    <map class="com.sun.javafx.collections.ObservableMapWrapper">
                      <backingMap/>
                    </map>
                  </vReq>
                  <id>ROOT:0:4:4:3</id>
                  <connectors>
                    <connector>
                      <type>control</type>
                      <localId>0</localId>
                      <input>true</input>
                      <output>false</output>
                      <passthru>false</passthru>
                      <maxNumConnections>2147483647</maxNumConnections>
                    </connector>
                    <connector>
                      <type>control</type>
                      <localId>1</localId>
                      <input>false</input>
                      <output>true</output>
                      <passthru>false</passthru>
                      <maxNumConnections>2147483647</maxNumConnections>
                    </connector>
                  </connectors>
                  <mainInputs/>
                  <mainOutputs/>
                </node>
                <flow>
                  <x>360.0</x>
                  <y>260.0</y>
                  <width>300.0</width>
                  <height>200.0</height>
                  <title>Node 4</title>
                  <valueObject>
                    <parentId>ROOT:0:4:4:4</parentId>
                    <storage/>
                  </valueObject>
                  <vReq class="eu.mihosoft.vrl.workflow.VisualizationRequestImpl">
                    <map class="com.sun.javafx.collections.ObservableMapWrapper">
                      <backingMap/>
                    </map>
                  </vReq>
                  <id>ROOT:0:4:4:4</id>
                  <connectors>
                    <connector>
                      <type>data</type>
                      <localId>0</localId>
                      <input>true</input>
                      <output>false</output>
                      <passthru>false</passthru>
                      <maxNumConnections>2147483647</maxNumConnections>
                    </connector>
                    <connector>
                      <type>data</type>
                      <localId>1</localId>
                      <input>false</input>
                      <output>true</output>
                      <passthru>false</passthru>
                      <maxNumConnections>2147483647</maxNumConnections>
                    </connector>
                  </connectors>
                  <mainInputs/>
                  <mainOutputs/>
                  <connections>
                    <connection>
                      <id>0</id>
                      <senderId>ROOT:0:4:4:4:1:c:1</senderId>
                      <receiverId>ROOT:0:4:4:4:4:c:0</receiverId>
                      <type>data</type>
                      <vReq class="eu.mihosoft.vrl.workflow.VisualizationRequestImpl">
                        <map class="com.sun.javafx.collections.ObservableMapWrapper">
                          <backingMap/>
                        </map>
                      </vReq>
                    </connection>
                    <connection>
                      <id>0</id>
                      <senderId>ROOT:0:4:4:4:0:c:1</senderId>
                      <receiverId>ROOT:0:4:4:4:3:c:0</receiverId>
                      <type>control</type>
                      <vReq class="eu.mihosoft.vrl.workflow.VisualizationRequestImpl">
                        <map class="com.sun.javafx.collections.ObservableMapWrapper">
                          <backingMap/>
                        </map>
                      </vReq>
                    </connection>
                  </connections>
                  <nodes>
                    <flow>
                      <x>30.0</x>
                      <y>30.0</y>
                      <width>300.0</width>
                      <height>200.0</height>
                      <title>Node 0</title>
                      <valueObject>
                        <parentId>ROOT:0:4:4:4:0</parentId>
                        <storage/>
                      </valueObject>
                      <vReq class="eu.mihosoft.vrl.workflow.VisualizationRequestImpl">
                        <map class="com.sun.javafx.collections.ObservableMapWrapper">
                          <backingMap/>
                        </map>
                      </vReq>
                      <id>ROOT:0:4:4:4:0</id>
                      <connectors>
                        <connector>
                          <type>control</type>
                          <localId>0</localId>
                          <input>true</input>
                          <output>false</output>
                          <passthru>false</passthru>
                          <maxNumConnections>2147483647</maxNumConnections>
                        </connector>
                        <connector>
                          <type>control</type>
                          <localId>1</localId>
                          <input>false</input>
                          <output>true</output>
                          <passthru>false</passthru>
                          <maxNumConnections>2147483647</maxNumConnections>
                        </connector>
                      </connectors>
                      <mainInputs/>
                      <mainOutputs/>
                      <connections/>
                      <nodes/>
                      <parent reference="../../.."/>
                      <visible>false</visible>
                    </flow>
                    <node>
                      <x>360.0</x>
                      <y>30.0</y>
                      <width>300.0</width>
                      <height>200.0</height>
                      <title>Node 1</title>
                      <valueObject>
                        <parentId>ROOT:0:4:4:4:1</parentId>
                        <storage/>
                      </valueObject>
                      <vReq class="eu.mihosoft.vrl.workflow.VisualizationRequestImpl">
                        <map class="com.sun.javafx.collections.ObservableMapWrapper">
                          <backingMap/>
                        </map>
                      </vReq>
                      <id>ROOT:0:4:4:4:1</id>
                      <connectors>
                        <connector>
                          <type>data</type>
                          <localId>0</localId>
                          <input>true</input>
                          <output>false</output>
                          <passthru>false</passthru>
                          <maxNumConnections>2147483647</maxNumConnections>
                        </connector>
                        <connector>
                          <type>data</type>
                          <localId>1</localId>
                          <input>false</input>
                          <output>true</output>
                          <passthru>false</passthru>
                          <maxNumConnections>2147483647</maxNumConnections>
                        </connector>
                      </connectors>
                      <mainInputs/>
                      <mainOutputs/>
                    </node>
                    <flow>
                      <x>690.0</x>
                      <y>30.0</y>
                      <width>300.0</width>
                      <height>200.0</height>
                      <title>Node 2</title>
                      <valueObject>
                        <parentId>ROOT:0:4:4:4:2</parentId>
                        <storage/>
                      </valueObject>
                      <vReq class="eu.mihosoft.vrl.workflow.VisualizationRequestImpl">
                        <map class="com.sun.javafx.collections.ObservableMapWrapper">
                          <backingMap/>
                        </map>
                      </vReq>
                      <id>ROOT:0:4:4:4:2</id>
                      <connectors>
                        <connector>
                          <type>event</type>
                          <localId>0</localId>
                          <input>true</input>
                          <output>false</output>
                          <passthru>false</passthru>
                          <maxNumConnections>2147483647</maxNumConnections>
                        </connector>
                        <connector>
                          <type>event</type>
                          <localId>1</localId>
                          <input>false</input>
                          <output>true</output>
                          <passthru>false</passthru>
                          <maxNumConnections>2147483647</maxNumConnections>
                        </connector>
                      </connectors>
                      <mainInputs/>
                      <mainOutputs/>
                      <connections/>
                      <nodes/>
                      <parent reference="../../.."/>
                      <visible>false</visible>
                    </flow>
                    <node>
                      <x>30.0</x>
                      <y>260.0</y>
                      <width>300.0</width>
                      <height>200.0</height>
                      <title>Node 3</title>
                      <valueObject>
                        <parentId>ROOT:0:4:4:4:3</parentId>
                        <storage/>
                      </valueObject>
                      <vReq class="eu.mihosoft.vrl.workflow.VisualizationRequestImpl">
                        <map class="com.sun.javafx.collections.ObservableMapWrapper">
                          <backingMap/>
                        </map>
                      </vReq>
                      <id>ROOT:0:4:4:4:3</id>
                      <connectors>
                        <connector>
                          <type>control</type>
                          <localId>0</localId>
                          <input>true</input>
                          <output>false</output>
                          <passthru>false</passthru>
                          <maxNumConnections>2147483647</maxNumConnections>
                        </connector>
                        <connector>
                          <type>control</type>
                          <localId>1</localId>
                          <input>false</input>
                          <output>true</output>
                          <passthru>false</passthru>
                          <maxNumConnections>2147483647</maxNumConnections>
                        </connector>
                      </connectors>
                      <mainInputs/>
                      <mainOutputs/>
                    </node>
                    <flow>
                      <x>360.0</x>
                      <y>260.0</y>
                      <width>300.0</width>
                      <height>200.0</height>
                      <title>Node 4</title>
                      <valueObject>
                        <parentId>ROOT:0:4:4:4:4</parentId>
                        <storage/>
                      </valueObject>
                      <vReq class="eu.mihosoft.vrl.workflow.VisualizationRequestImpl">
                        <map class="com.sun.javafx.collections.ObservableMapWrapper">
                          <backingMap/>
                        </map>
                      </vReq>
                      <id>ROOT:0:4:4:4:4</id>
                      <connectors>
                        <connector>
                          <type>data</type>
                          <localId>0</localId>
                          <input>true</input>
                          <output>false</output>
                          <passthru>false</passthru>
                          <maxNumConnections>2147483647</maxNumConnections>
                        </connector>
                        <connector>
                          <type>data</type>
                          <localId>1</localId>
                          <input>false</input>
                          <output>true</output>
                          <passthru>false</passthru>
                          <maxNumConnections>2147483647</maxNumConnections>
                        </connector>
                      </connectors>
                      <mainInputs/>
                      <mainOutputs/>
                      <connections/>
                      <nodes/>
                      <parent reference="../../.."/>
                      <visible>false</visible>
                    </flow>
                  </nodes>
                  <parent reference="../../.."/>
                  <visible>false</visible>
                </flow>
              </nodes>
              <parent reference="../../.."/>
              <visible>false</visible>
            </flow>
          </nodes>
          <parent reference="../../.."/>
          <visible>false</visible>
        </flow>
      </nodes>
      <parent reference="../../.."/>
      <visible>false</visible>
    </flow>
    <node>
      <x>360.0</x>
      <y>30.0</y>
      <width>300.0</width>
      <height>200.0</height>
      <title>Node 1</title>
      <valueObject>
        <parentId>ROOT:1</parentId>
        <storage/>
      </valueObject>
      <vReq class="eu.mihosoft.vrl.workflow.VisualizationRequestImpl">
        <map class="com.sun.javafx.collections.ObservableMapWrapper">
          <backingMap/>
        </map>
      </vReq>
      <id>ROOT:1</id>
      <connectors>
        <connector>
          <type>data</type>
          <localId>0</localId>
          <input>true</input>
          <output>false</output>
          <passthru>false</passthru>
          <maxNumConnections>2147483647</maxNumConnections>
        </connector>
        <connector>
          <type>data</type>
          <localId>1</localId>
          <input>false</input>
          <output>true</output>
          <passthru>false</passthru>
          <maxNumConnections>2147483647</maxNumConnections>
        </connector>
      </connectors>
      <mainInputs/>
      <mainOutputs/>
    </node>
    <flow>
      <x>690.0</x>
      <y>30.0</y>
      <width>300.0</width>
      <height>200.0</height>
      <title>Node 2</title>
      <valueObject>
        <parentId>ROOT:2</parentId>
        <storage/>
      </valueObject>
      <vReq class="eu.mihosoft.vrl.workflow.VisualizationRequestImpl">
        <map class="com.sun.javafx.collections.ObservableMapWrapper">
          <backingMap/>
        </map>
      </vReq>
      <id>ROOT:2</id>
      <connectors>
        <connector>
          <type>event</type>
          <localId>0</localId>
          <input>true</input>
          <output>false</output>
          <passthru>false</passthru>
          <maxNumConnections>2147483647</maxNumConnections>
        </connector>
        <connector>
          <type>event</type>
          <localId>1</localId>
          <input>false</input>
          <output>true</output>
          <passthru>false</passthru>
          <maxNumConnections>2147483647</maxNumConnections>
        </connector>
      </connectors>
      <mainInputs/>
      <mainOutputs/>
      <connections>
        <connection>
          <id>0</id>
          <senderId>ROOT:2:1:c:1</senderId>
          <receiverId>ROOT:2:4:c:0</receiverId>
          <type>data</type>
          <vReq class="eu.mihosoft.vrl.workflow.VisualizationRequestImpl">
            <map class="com.sun.javafx.collections.ObservableMapWrapper">
              <backingMap/>
            </map>
          </vReq>
        </connection>
        <connection>
          <id>0</id>
          <senderId>ROOT:2:0:c:1</senderId>
          <receiverId>ROOT:2:3:c:0</receiverId>
          <type>control</type>
          <vReq class="eu.mihosoft.vrl.workflow.VisualizationRequestImpl">
            <map class="com.sun.javafx.collections.ObservableMapWrapper">
              <backingMap/>
            </map>
          </vReq>
        </connection>
      </connections>
      <nodes>
        <flow>
          <x>30.0</x>
          <y>30.0</y>
          <width>300.0</width>
          <height>200.0</height>
          <title>Node 0</title>
          <valueObject>
            <parentId>ROOT:2:0</parentId>
            <storage/>
          </valueObject>
          <vReq class="eu.mihosoft.vrl.workflow.VisualizationRequestImpl">
            <map class="com.sun.javafx.collections.ObservableMapWrapper">
              <backingMap/>
            </map>
          </vReq>
          <id>ROOT:2:0</id>
          <connectors>
            <connector>
              <type>control</type>
              <localId>0</localId>
              <input>true</input>
              <output>false</output>
              <passthru>false</passthru>
              <maxNumConnections>2147483647</maxNumConnections>
            </connector>
            <connector>
              <type>control</type>
              <localId>1</localId>
              <input>false</input>
              <output>true</output>
              <passthru>false</passthru>
              <maxNumConnections>2147483647</maxNumConnections>
            </connector>
          </connectors>
          <mainInputs/>
          <mainOutputs/>
          <connections>
            <connection>
              <id>0</id>
              <senderId>ROOT:2:0:1:c:1</senderId>
              <receiverId>ROOT:2:0:4:c:0</receiverId>
              <type>data</type>
              <vReq class="eu.mihosoft.vrl.workflow.VisualizationRequestImpl">
                <map class="com.sun.javafx.collections.ObservableMapWrapper">
                  <backingMap/>
                </map>
              </vReq>
            </connection>
            <connection>
              <id>0</id>
              <senderId>ROOT:2:0:0:c:1</senderId>
              <receiverId>ROOT:2:0:3:c:0</receiverId>
              <type>control</type>
              <vReq class="eu.mihosoft.vrl.workflow.VisualizationRequestImpl">
                <map class="com.sun.javafx.collections.ObservableMapWrapper">
                  <backingMap/>
                </map>
              </vReq>
            </connection>
          </connections>
          <nodes>
            <flow>
              <x>30.0</x>
              <y>30.0</y>
              <width>300.0</width>
              <height>200.0</height>
              <title>Node 0</title>
              <valueObject>
                <parentId>ROOT:2:0:0</parentId>
                <storage/>
              </valueObject>
              <vReq class="eu.mihosoft.vrl.workflow.VisualizationRequestImpl">
                <map class="com.sun.javafx.collections.ObservableMapWrapper">
                  <backingMap/>
                </map>
              </vReq>
              <id>ROOT:2:0:0</id>
              <connectors>
                <connector>
                  <type>control</type>
                  <localId>0</localId>
                  <input>true</input>
                  <output>false</output>
                  <passthru>false</passthru>
                  <maxNumConnections>2147483647</maxNumConnections>
                </connector>
                <connector>
                  <type>control</type>
                  <localId>1</localId>
                  <input>false</input>
                  <output>true</output>
                  <passthru>false</passthru>
                  <maxNumConnections>2147483647</maxNumConnections>
                </connector>
              </connectors>
              <mainInputs/>
              <mainOutputs/>
              <connections>
                <connection>
                  <id>0</id>
                  <senderId>ROOT:2:0:0:1:c:1</senderId>
                  <receiverId>ROOT:2:0:0:4:c:0</receiverId>
                  <type>data</type>
                  <vReq class="eu.mihosoft.vrl.workflow.VisualizationRequestImpl">
                    <map class="com.sun.javafx.collections.ObservableMapWrapper">
                      <backingMap/>
                    </map>
                  </vReq>
                </connection>
                <connection>
                  <id>0</id>
                  <senderId>ROOT:2:0:0:0:c:1</senderId>
                  <receiverId>ROOT:2:0:0:3:c:0</receiverId>
                  <type>control</type>
                  <vReq class="eu.mihosoft.vrl.workflow.VisualizationRequestImpl">
                    <map class="com.sun.javafx.collections.ObservableMapWrapper">
                      <backingMap/>
                    </map>
                  </vReq>
                </connection>
              </connections>
              <nodes>
                <flow>
                  <x>30.0</x>
                  <y>30.0</y>
                  <width>300.0</width>
                  <height>200.0</height>
                  <title>Node 0</title>
                  <valueObject>
                    <parentId>ROOT:2:0:0:0</parentId>
                    <storage/>
                  </valueObject>
                  <vReq class="eu.mihosoft.vrl.workflow.VisualizationRequestImpl">
                    <map class="com.sun.javafx.collections.ObservableMapWrapper">
                      <backingMap/>
                    </map>
                  </vReq>
                  <id>ROOT:2:0:0:0</id>
                  <connectors>
                    <connector>
                      <type>control</type>
                      <localId>0</localId>
                      <input>true</input>
                      <output>false</output>
                      <passthru>false</passthru>
                      <maxNumConnections>2147483647</maxNumConnections>
                    </connector>
                    <connector>
                      <type>control</type>
                      <localId>1</localId>
                      <input>false</input>
                      <output>true</output>
                      <passthru>false</passthru>
                      <maxNumConnections>2147483647</maxNumConnections>
                    </connector>
                  </connectors>
                  <mainInputs/>
                  <mainOutputs/>
                  <connections>
                    <connection>
                      <id>0</id>
                      <senderId>ROOT:2:0:0:0:1:c:1</senderId>
                      <receiverId>ROOT:2:0:0:0:4:c:0</receiverId>
                      <type>data</type>
                      <vReq class="eu.mihosoft.vrl.workflow.VisualizationRequestImpl">
                        <map class="com.sun.javafx.collections.ObservableMapWrapper">
                          <backingMap/>
                        </map>
                      </vReq>
                    </connection>
                    <connection>
                      <id>0</id>
                      <senderId>ROOT:2:0:0:0:0:c:1</senderId>
                      <receiverId>ROOT:2:0:0:0:3:c:0</receiverId>
                      <type>control</type>
                      <vReq class="eu.mihosoft.vrl.workflow.VisualizationRequestImpl">
                        <map class="com.sun.javafx.collections.ObservableMapWrapper">
                          <backingMap/>
                        </map>
                      </vReq>
                    </connection>
                  </connections>
                  <nodes>
                    <flow>
                      <x>30.0</x>
                      <y>30.0</y>
                      <width>300.0</width>
                      <height>200.0</height>
                      <title>Node 0</title>
                      <valueObject>
                        <parentId>ROOT:2:0:0:0:0</parentId>
                        <storage/>
                      </valueObject>
                      <vReq class="eu.mihosoft.vrl.workflow.VisualizationRequestImpl">
                        <map class="com.sun.javafx.collections.ObservableMapWrapper">
                          <backingMap/>
                        </map>
                      </vReq>
                      <id>ROOT:2:0:0:0:0</id>
                      <connectors>
                        <connector>
                          <type>control</type>
                          <localId>0</localId>
                          <input>true</input>
                          <output>false</output>
                          <passthru>false</passthru>
                          <maxNumConnections>2147483647</maxNumConnections>
                        </connector>
                        <connector>
                          <type>control</type>
                          <localId>1</localId>
                          <input>false</input>
                          <output>true</output>
                          <passthru>false</passthru>
                          <maxNumConnections>2147483647</maxNumConnections>
                        </connector>
                      </connectors>
                      <mainInputs/>
                      <mainOutputs/>
                      <connections/>
                      <nodes/>
                      <parent reference="../../.."/>
                      <visible>false</visible>
                    </flow>
                    <node>
                      <x>360.0</x>
                      <y>30.0</y>
                      <width>300.0</width>
                      <height>200.0</height>
                      <title>Node 1</title>
                      <valueObject>
                        <parentId>ROOT:2:0:0:0:1</parentId>
                        <storage/>
                      </valueObject>
                      <vReq class="eu.mihosoft.vrl.workflow.VisualizationRequestImpl">
                        <map class="com.sun.javafx.collections.ObservableMapWrapper">
                          <backingMap/>
                        </map>
                      </vReq>
                      <id>ROOT:2:0:0:0:1</id>
                      <connectors>
                        <connector>
                          <type>data</type>
                          <localId>0</localId>
                          <input>true</input>
                          <output>false</output>
                          <passthru>false</passthru>
                          <maxNumConnections>2147483647</maxNumConnections>
                        </connector>
                        <connector>
                          <type>data</type>
                          <localId>1</localId>
                          <input>false</input>
                          <output>true</output>
                          <passthru>false</passthru>
                          <maxNumConnections>2147483647</maxNumConnections>
                        </connector>
                      </connectors>
                      <mainInputs/>
                      <mainOutputs/>
                    </node>
                    <flow>
                      <x>690.0</x>
                      <y>30.0</y>
                      <width>300.0</width>
                      <height>200.0</height>
                      <title>Node 2</title>
                      <valueObject>
                        <parentId>ROOT:2:0:0:0:2</parentId>
                        <storage/>
                      </valueObject>
                      <vReq class="eu.mihosoft.vrl.workflow.VisualizationRequestImpl">
                        <map class="com.sun.javafx.collections.ObservableMapWrapper">
                          <backingMap/>
                        </map>
                      </vReq>
                      <id>ROOT:2:0:0:0:2</id>
                      <connectors>
                        <connector>
                          <type>event</type>
                          <localId>0</localId>
                          <input>true</input>
                          <output>false</output>
                          <passthru>false</passthru>
                          <maxNumConnections>2147483647</maxNumConnections>
                        </connector>
                        <connector>
                          <type>event</type>
                          <localId>1</localId>
                          <input>false</input>
                          <output>true</output>
                          <passthru>false</passthru>
                          <maxNumConnections>2147483647</maxNumConnections>
                        </connector>
                      </connectors>
                      <mainInputs/>
                      <mainOutputs/>
                      <connections/>
                      <nodes/>
                      <parent reference="../../.."/>
                      <visible>false</visible>
                    </flow>
                    <node>
                      <x>30.0</x>
                      <y>260.0</y>
                      <width>300.0</width>
                      <height>200.0</height>
                      <title>Node 3</title>
                      <valueObject>
                        <parentId>ROOT:2:0:0:0:3</parentId>
                        <storage/>
                      </valueObject>
                      <vReq class="eu.mihosoft.vrl.workflow.VisualizationRequestImpl">
                        <map class="com.sun.javafx.collections.ObservableMapWrapper">
                          <backingMap/>
                        </map>
                      </vReq>
                      <id>ROOT:2:0:0:0:3</id>
                      <connectors>
                        <connector>
                          <type>control</type>
                          <localId>0</localId>
                          <input>true</input>
                          <output>false</output>
                          <passthru>false</passthru>
                          <maxNumConnections>2147483647</maxNumConnections>
                        </connector>
                        <connector>
                          <type>control</type>
                          <localId>1</localId>
                          <input>false</input>
                          <output>true</output>
                          <passthru>false</passthru>
                          <maxNumConnections>2147483647</maxNumConnections>
                        </connector>
                      </connectors>
                      <mainInputs/>
                      <mainOutputs/>
                    </node>
                    <flow>
                      <x>360.0</x>
                      <y>260.0</y>
                      <width>300.0</width>
                      <height>200.0</height>
                      <title>Node 4</title>
                      <valueObject>
                        <parentId>ROOT:2:0:0:0:4</parentId>
                        <storage/>
                      </valueObject>
                      <vReq class="eu.mihosoft.vrl.workflow.VisualizationRequestImpl">
                        <map class="com.sun.javafx.collections.ObservableMapWrapper">
                          <backingMap/>
                        </map>
                      </vReq>
                      <id>ROOT:2:0:0:0:4</id>
                      <connectors>
                        <connector>
                          <type>data</type>
                          <localId>0</localId>
                          <input>true</input>
                          <output>false</output>
                          <passthru>false</passthru>
                          <maxNumConnections>2147483647</maxNumConnections>
                        </connector>
                        <connector>
                          <type>data</type>
                          <localId>1</localId>
                          <input>false</input>
                          <output>true</output>
                          <passthru>false</passthru>
                          <maxNumConnections>2147483647</maxNumConnections>
                        </connector>
                      </connectors>
                      <mainInputs/>
                      <mainOutputs/>
                      <connections/>
                      <nodes/>
                      <parent reference="../../.."/>
                      <visible>false</visible>
                    </flow>
                  </nodes>
                  <parent reference="../../.."/>
                  <visible>false</visible>
                </flow>
                <node>
                  <x>360.0</x>
                  <y>30.0</y>
                  <width>300.0</width>
                  <height>200.0</height>
                  <title>Node 1</title>
                  <valueObject>
                    <parentId>ROOT:2:0:0:1</parentId>
                    <storage/>
                  </valueObject>
                  <vReq class="eu.mihosoft.vrl.workflow.VisualizationRequestImpl">
                    <map class="com.sun.javafx.collections.ObservableMapWrapper">
                      <backingMap/>
                    </map>
                  </vReq>
                  <id>ROOT:2:0:0:1</id>
                  <connectors>
                    <connector>
                      <type>data</type>
                      <localId>0</localId>
                      <input>true</input>
                      <output>false</output>
                      <passthru>false</passthru>
                      <maxNumConnections>2147483647</maxNumConnections>
                    </connector>
                    <connector>
                      <type>data</type>
                      <localId>1</localId>
                      <input>false</input>
                      <output>true</output>
                      <passthru>false</passthru>
                      <maxNumConnections>2147483647</maxNumConnections>
                    </connector>
                  </connectors>
                  <mainInputs/>
                  <mainOutputs/>
                </node>
                <flow>
                  <x>690.0</x>
                  <y>30.0</y>
                  <width>300.0</width>
                  <height>200.0</height>
                  <title>Node 2</title>
                  <valueObject>
                    <parentId>ROOT:2:0:0:2</parentId>
                    <storage/>
                  </valueObject>
                  <vReq class="eu.mihosoft.vrl.workflow.VisualizationRequestImpl">
                    <map class="com.sun.javafx.collections.ObservableMapWrapper">
                      <backingMap/>
                    </map>
                  </vReq>
                  <id>ROOT:2:0:0:2</id>
                  <connectors>
                    <connector>
                      <type>event</type>
                      <localId>0</localId>
                      <input>true</input>
                      <output>false</output>
                      <passthru>false</passthru>
                      <maxNumConnections>2147483647</maxNumConnections>
                    </connector>
                    <connector>
                      <type>event</type>
                      <localId>1</localId>
                      <input>false</input>
                      <output>true</output>
                      <passthru>false</passthru>
                      <maxNumConnections>2147483647</maxNumConnections>
                    </connector>
                  </connectors>
                  <mainInputs/>
                  <mainOutputs/>
                  <connections>
                    <connection>
                      <id>0</id>
                      <senderId>ROOT:2:0:0:2:1:c:1</senderId>
                      <receiverId>ROOT:2:0:0:2:4:c:0</receiverId>
                      <type>data</type>
                      <vReq class="eu.mihosoft.vrl.workflow.VisualizationRequestImpl">
                        <map class="com.sun.javafx.collections.ObservableMapWrapper">
                          <backingMap/>
                        </map>
                      </vReq>
                    </connection>
                    <connection>
                      <id>0</id>
                      <senderId>ROOT:2:0:0:2:0:c:1</senderId>
                      <receiverId>ROOT:2:0:0:2:3:c:0</receiverId>
                      <type>control</type>
                      <vReq class="eu.mihosoft.vrl.workflow.VisualizationRequestImpl">
                        <map class="com.sun.javafx.collections.ObservableMapWrapper">
                          <backingMap/>
                        </map>
                      </vReq>
                    </connection>
                  </connections>
                  <nodes>
                    <flow>
                      <x>30.0</x>
                      <y>30.0</y>
                      <width>300.0</width>
                      <height>200.0</height>
                      <title>Node 0</title>
                      <valueObject>
                        <parentId>ROOT:2:0:0:2:0</parentId>
                        <storage/>
                      </valueObject>
                      <vReq class="eu.mihosoft.vrl.workflow.VisualizationRequestImpl">
                        <map class="com.sun.javafx.collections.ObservableMapWrapper">
                          <backingMap/>
                        </map>
                      </vReq>
                      <id>ROOT:2:0:0:2:0</id>
                      <connectors>
                        <connector>
                          <type>control</type>
                          <localId>0</localId>
                          <input>true</input>
                          <output>false</output>
                          <passthru>false</passthru>
                          <maxNumConnections>2147483647</maxNumConnections>
                        </connector>
                        <connector>
                          <type>control</type>
                          <localId>1</localId>
                          <input>false</input>
                          <output>true</output>
                          <passthru>false</passthru>
                          <maxNumConnections>2147483647</maxNumConnections>
                        </connector>
                      </connectors>
                      <mainInputs/>
                      <mainOutputs/>
                      <connections/>
                      <nodes/>
                      <parent reference="../../.."/>
                      <visible>false</visible>
                    </flow>
                    <node>
                      <x>360.0</x>
                      <y>30.0</y>
                      <width>300.0</width>
                      <height>200.0</height>
                      <title>Node 1</title>
                      <valueObject>
                        <parentId>ROOT:2:0:0:2:1</parentId>
                        <storage/>
                      </valueObject>
                      <vReq class="eu.mihosoft.vrl.workflow.VisualizationRequestImpl">
                        <map class="com.sun.javafx.collections.ObservableMapWrapper">
                          <backingMap/>
                        </map>
                      </vReq>
                      <id>ROOT:2:0:0:2:1</id>
                      <connectors>
                        <connector>
                          <type>data</type>
                          <localId>0</localId>
                          <input>true</input>
                          <output>false</output>
                          <passthru>false</passthru>
                          <maxNumConnections>2147483647</maxNumConnections>
                        </connector>
                        <connector>
                          <type>data</type>
                          <localId>1</localId>
                          <input>false</input>
                          <output>true</output>
                          <passthru>false</passthru>
                          <maxNumConnections>2147483647</maxNumConnections>
                        </connector>
                      </connectors>
                      <mainInputs/>
                      <mainOutputs/>
                    </node>
                    <flow>
                      <x>690.0</x>
                      <y>30.0</y>
                      <width>300.0</width>
                      <height>200.0</height>
                      <title>Node 2</title>
                      <valueObject>
                        <parentId>ROOT:2:0:0:2:2</parentId>
                        <storage/>
                      </valueObject>
                      <vReq class="eu.mihosoft.vrl.workflow.VisualizationRequestImpl">
                        <map class="com.sun.javafx.collections.ObservableMapWrapper">
                          <backingMap/>
                        </map>
                      </vReq>
                      <id>ROOT:2:0:0:2:2</id>
                      <connectors>
                        <connector>
                          <type>event</type>
                          <localId>0</localId>
                          <input>true</input>
                          <output>false</output>
                          <passthru>false</passthru>
                          <maxNumConnections>2147483647</maxNumConnections>
                        </connector>
                        <connector>
                          <type>event</type>
                          <localId>1</localId>
                          <input>false</input>
                          <output>true</output>
                          <passthru>false</passthru>
                          <maxNumConnections>2147483647</maxNumConnections>
                        </connector>
                      </connectors>
                      <mainInputs/>
                      <mainOutputs/>
                      <connections/>
                      <nodes/>
                      <parent reference="../../.."/>
                      <visible>false</visible>
                    </flow>
                    <node>
                      <x>30.0</x>
                      <y>260.0</y>
                      <width>300.0</width>
                      <height>200.0</height>
                      <title>Node 3</title>
                      <valueObject>
                        <parentId>ROOT:2:0:0:2:3</parentId>
                        <storage/>
                      </valueObject>
                      <vReq class="eu.mihosoft.vrl.workflow.VisualizationRequestImpl">
                        <map class="com.sun.javafx.collections.ObservableMapWrapper">
                          <backingMap/>
                        </map>
                      </vReq>
                      <id>ROOT:2:0:0:2:3</id>
                      <connectors>
                        <connector>
                          <type>control</type>
                          <localId>0</localId>
                          <input>true</input>
                          <output>false</output>
                          <passthru>false</passthru>
                          <maxNumConnections>2147483647</maxNumConnections>
                        </connector>
                        <connector>
                          <type>control</type>
                          <localId>1</localId>
                          <input>false</input>
                          <output>true</output>
                          <passthru>false</passthru>
                          <maxNumConnections>2147483647</maxNumConnections>
                        </connector>
                      </connectors>
                      <mainInputs/>
                      <mainOutputs/>
                    </node>
                    <flow>
                      <x>360.0</x>
                      <y>260.0</y>
                      <width>300.0</width>
                      <height>200.0</height>
                      <title>Node 4</title>
                      <valueObject>
                        <parentId>ROOT:2:0:0:2:4</parentId>
                        <storage/>
                      </valueObject>
                      <vReq class="eu.mihosoft.vrl.workflow.VisualizationRequestImpl">
                        <map class="com.sun.javafx.collections.ObservableMapWrapper">
                          <backingMap/>
                        </map>
                      </vReq>
                      <id>ROOT:2:0:0:2:4</id>
                      <connectors>
                        <connector>
                          <type>data</type>
                          <localId>0</localId>
                          <input>true</input>
                          <output>false</output>
                          <passthru>false</passthru>
                          <maxNumConnections>2147483647</maxNumConnections>
                        </connector>
                        <connector>
                          <type>data</type>
                          <localId>1</localId>
                          <input>false</input>
                          <output>true</output>
                          <passthru>false</passthru>
                          <maxNumConnections>2147483647</maxNumConnections>
                        </connector>
                      </connectors>
                      <mainInputs/>
                      <mainOutputs/>
                      <connections/>
                      <nodes/>
                      <parent reference="../../.."/>
                      <visible>false</visible>
                    </flow>
                  </nodes>
                  <parent reference="../../.."/>
                  <visible>false</visible>
                </flow>
                <node>
                  <x>30.0</x>
                  <y>260.0</y>
                  <width>300.0</width>
                  <height>200.0</height>
                  <title>Node 3</title>
                  <valueObject>
                    <parentId>ROOT:2:0:0:3</parentId>
                    <storage/>
                  </valueObject>
                  <vReq class="eu.mihosoft.vrl.workflow.VisualizationRequestImpl">
                    <map class="com.sun.javafx.collections.ObservableMapWrapper">
                      <backingMap/>
                    </map>
                  </vReq>
                  <id>ROOT:2:0:0:3</id>
                  <connectors>
                    <connector>
                      <type>control</type>
                      <localId>0</localId>
                      <input>true</input>
                      <output>false</output>
                      <passthru>false</passthru>
                      <maxNumConnections>2147483647</maxNumConnections>
                    </connector>
                    <connector>
                      <type>control</type>
                      <localId>1</localId>
                      <input>false</input>
                      <output>true</output>
                      <passthru>false</passthru>
                      <maxNumConnections>2147483647</maxNumConnections>
                    </connector>
                  </connectors>
                  <mainInputs/>
                  <mainOutputs/>
                </node>
                <flow>
                  <x>360.0</x>
                  <y>260.0</y>
                  <width>300.0</width>
                  <height>200.0</height>
                  <title>Node 4</title>
                  <valueObject>
                    <parentId>ROOT:2:0:0:4</parentId>
                    <storage/>
                  </valueObject>
                  <vReq class="eu.mihosoft.vrl.workflow.VisualizationRequestImpl">
                    <map class="com.sun.javafx.collections.ObservableMapWrapper">
                      <backingMap/>
                    </map>
                  </vReq>
                  <id>ROOT:2:0:0:4</id>
                  <connectors>
                    <connector>
                      <type>data</type>
                      <localId>0</localId>
                      <input>true</input>
                      <output>false</output>
                      <passthru>false</passthru>
                      <maxNumConnections>2147483647</maxNumConnections>
                    </connector>
                    <connector>
                      <type>data</type>
                      <localId>1</localId>
                      <input>false</input>
                      <output>true</output>
                      <passthru>false</passthru>
                      <maxNumConnections>2147483647</maxNumConnections>
                    </connector>
                  </connectors>
                  <mainInputs/>
                  <mainOutputs/>
                  <connections>
                    <connection>
                      <id>0</id>
                      <senderId>ROOT:2:0:0:4:1:c:1</senderId>
                      <receiverId>ROOT:2:0:0:4:4:c:0</receiverId>
                      <type>data</type>
                      <vReq class="eu.mihosoft.vrl.workflow.VisualizationRequestImpl">
                        <map class="com.sun.javafx.collections.ObservableMapWrapper">
                          <backingMap/>
                        </map>
                      </vReq>
                    </connection>
                    <connection>
                      <id>0</id>
                      <senderId>ROOT:2:0:0:4:0:c:1</senderId>
                      <receiverId>ROOT:2:0:0:4:3:c:0</receiverId>
                      <type>control</type>
                      <vReq class="eu.mihosoft.vrl.workflow.VisualizationRequestImpl">
                        <map class="com.sun.javafx.collections.ObservableMapWrapper">
                          <backingMap/>
                        </map>
                      </vReq>
                    </connection>
                  </connections>
                  <nodes>
                    <flow>
                      <x>30.0</x>
                      <y>30.0</y>
                      <width>300.0</width>
                      <height>200.0</height>
                      <title>Node 0</title>
                      <valueObject>
                        <parentId>ROOT:2:0:0:4:0</parentId>
                        <storage/>
                      </valueObject>
                      <vReq class="eu.mihosoft.vrl.workflow.VisualizationRequestImpl">
                        <map class="com.sun.javafx.collections.ObservableMapWrapper">
                          <backingMap/>
                        </map>
                      </vReq>
                      <id>ROOT:2:0:0:4:0</id>
                      <connectors>
                        <connector>
                          <type>control</type>
                          <localId>0</localId>
                          <input>true</input>
                          <output>false</output>
                          <passthru>false</passthru>
                          <maxNumConnections>2147483647</maxNumConnections>
                        </connector>
                        <connector>
                          <type>control</type>
                          <localId>1</localId>
                          <input>false</input>
                          <output>true</output>
                          <passthru>false</passthru>
                          <maxNumConnections>2147483647</maxNumConnections>
                        </connector>
                      </connectors>
                      <mainInputs/>
                      <mainOutputs/>
                      <connections/>
                      <nodes/>
                      <parent reference="../../.."/>
                      <visible>false</visible>
                    </flow>
                    <node>
                      <x>360.0</x>
                      <y>30.0</y>
                      <width>300.0</width>
                      <height>200.0</height>
                      <title>Node 1</title>
                      <valueObject>
                        <parentId>ROOT:2:0:0:4:1</parentId>
                        <storage/>
                      </valueObject>
                      <vReq class="eu.mihosoft.vrl.workflow.VisualizationRequestImpl">
                        <map class="com.sun.javafx.collections.ObservableMapWrapper">
                          <backingMap/>
                        </map>
                      </vReq>
                      <id>ROOT:2:0:0:4:1</id>
                      <connectors>
                        <connector>
                          <type>data</type>
                          <localId>0</localId>
                          <input>true</input>
                          <output>false</output>
                          <passthru>false</passthru>
                          <maxNumConnections>2147483647</maxNumConnections>
                        </connector>
                        <connector>
                          <type>data</type>
                          <localId>1</localId>
                          <input>false</input>
                          <output>true</output>
                          <passthru>false</passthru>
                          <maxNumConnections>2147483647</maxNumConnections>
                        </connector>
                      </connectors>
                      <mainInputs/>
                      <mainOutputs/>
                    </node>
                    <flow>
                      <x>690.0</x>
                      <y>30.0</y>
                      <width>300.0</width>
                      <height>200.0</height>
                      <title>Node 2</title>
                      <valueObject>
                        <parentId>ROOT:2:0:0:4:2</parentId>
                        <storage/>
                      </valueObject>
                      <vReq class="eu.mihosoft.vrl.workflow.VisualizationRequestImpl">
                        <map class="com.sun.javafx.collections.ObservableMapWrapper">
                          <backingMap/>
                        </map>
                      </vReq>
                      <id>ROOT:2:0:0:4:2</id>
                      <connectors>
                        <connector>
                          <type>event</type>
                          <localId>0</localId>
                          <input>true</input>
                          <output>false</output>
                          <passthru>false</passthru>
                          <maxNumConnections>2147483647</maxNumConnections>
                        </connector>
                        <connector>
                          <type>event</type>
                          <localId>1</localId>
                          <input>false</input>
                          <output>true</output>
                          <passthru>false</passthru>
                          <maxNumConnections>2147483647</maxNumConnections>
                        </connector>
                      </connectors>
                      <mainInputs/>
                      <mainOutputs/>
                      <connections/>
                      <nodes/>
                      <parent reference="../../.."/>
                      <visible>false</visible>
                    </flow>
                    <node>
                      <x>30.0</x>
                      <y>260.0</y>
                      <width>300.0</width>
                      <height>200.0</height>
                      <title>Node 3</title>
                      <valueObject>
                        <parentId>ROOT:2:0:0:4:3</parentId>
                        <storage/>
                      </valueObject>
                      <vReq class="eu.mihosoft.vrl.workflow.VisualizationRequestImpl">
                        <map class="com.sun.javafx.collections.ObservableMapWrapper">
                          <backingMap/>
                        </map>
                      </vReq>
                      <id>ROOT:2:0:0:4:3</id>
                      <connectors>
                        <connector>
                          <type>control</type>
                          <localId>0</localId>
                          <input>true</input>
                          <output>false</output>
                          <passthru>false</passthru>
                          <maxNumConnections>2147483647</maxNumConnections>
                        </connector>
                        <connector>
                          <type>control</type>
                          <localId>1</localId>
                          <input>false</input>
                          <output>true</output>
                          <passthru>false</passthru>
                          <maxNumConnections>2147483647</maxNumConnections>
                        </connector>
                      </connectors>
                      <mainInputs/>
                      <mainOutputs/>
                    </node>
                    <flow>
                      <x>360.0</x>
                      <y>260.0</y>
                      <width>300.0</width>
                      <height>200.0</height>
                      <title>Node 4</title>
                      <valueObject>
                        <parentId>ROOT:2:0:0:4:4</parentId>
                        <storage/>
                      </valueObject>
                      <vReq class="eu.mihosoft.vrl.workflow.VisualizationRequestImpl">
                        <map class="com.sun.javafx.collections.ObservableMapWrapper">
                          <backingMap/>
                        </map>
                      </vReq>
                      <id>ROOT:2:0:0:4:4</id>
                      <connectors>
                        <connector>
                          <type>data</type>
                          <localId>0</localId>
                          <input>true</input>
                          <output>false</output>
                          <passthru>false</passthru>
                          <maxNumConnections>2147483647</maxNumConnections>
                        </connector>
                        <connector>
                          <type>data</type>
                          <localId>1</localId>
                          <input>false</input>
                          <output>true</output>
                          <passthru>false</passthru>
                          <maxNumConnections>2147483647</maxNumConnections>
                        </connector>
                      </connectors>
                      <mainInputs/>
                      <mainOutputs/>
                      <connections/>
                      <nodes/>
                      <parent reference="../../.."/>
                      <visible>false</visible>
                    </flow>
                  </nodes>
                  <parent reference="../../.."/>
                  <visible>false</visible>
                </flow>
              </nodes>
              <parent reference="../../.."/>
              <visible>false</visible>
            </flow>
            <node>
              <x>360.0</x>
              <y>30.0</y>
              <width>300.0</width>
              <height>200.0</height>
              <title>Node 1</title>
              <valueObject>
                <parentId>ROOT:2:0:1</parentId>
                <storage/>
              </valueObject>
              <vReq class="eu.mihosoft.vrl.workflow.VisualizationRequestImpl">
                <map class="com.sun.javafx.collections.ObservableMapWrapper">
                  <backingMap/>
                </map>
              </vReq>
              <id>ROOT:2:0:1</id>
              <connectors>
                <connector>
                  <type>data</type>
                  <localId>0</localId>
                  <input>true</input>
                  <output>false</output>
                  <passthru>false</passthru>
                  <maxNumConnections>2147483647</maxNumConnections>
                </connector>
                <connector>
                  <type>data</type>
                  <localId>1</localId>
                  <input>false</input>
                  <output>true</output>
                  <passthru>false</passthru>
                  <maxNumConnections>2147483647</maxNumConnections>
                </connector>
              </connectors>
              <mainInputs/>
              <mainOutputs/>
            </node>
            <flow>
              <x>690.0</x>
              <y>30.0</y>
              <width>300.0</width>
              <height>200.0</height>
              <title>Node 2</title>
              <valueObject>
                <parentId>ROOT:2:0:2</parentId>
                <storage/>
              </valueObject>
              <vReq class="eu.mihosoft.vrl.workflow.VisualizationRequestImpl">
                <map class="com.sun.javafx.collections.ObservableMapWrapper">
                  <backingMap/>
                </map>
              </vReq>
              <id>ROOT:2:0:2</id>
              <connectors>
                <connector>
                  <type>event</type>
                  <localId>0</localId>
                  <input>true</input>
                  <output>false</output>
                  <passthru>false</passthru>
                  <maxNumConnections>2147483647</maxNumConnections>
                </connector>
                <connector>
                  <type>event</type>
                  <localId>1</localId>
                  <input>false</input>
                  <output>true</output>
                  <passthru>false</passthru>
                  <maxNumConnections>2147483647</maxNumConnections>
                </connector>
              </connectors>
              <mainInputs/>
              <mainOutputs/>
              <connections>
                <connection>
                  <id>0</id>
                  <senderId>ROOT:2:0:2:1:c:1</senderId>
                  <receiverId>ROOT:2:0:2:4:c:0</receiverId>
                  <type>data</type>
                  <vReq class="eu.mihosoft.vrl.workflow.VisualizationRequestImpl">
                    <map class="com.sun.javafx.collections.ObservableMapWrapper">
                      <backingMap/>
                    </map>
                  </vReq>
                </connection>
                <connection>
                  <id>0</id>
                  <senderId>ROOT:2:0:2:0:c:1</senderId>
                  <receiverId>ROOT:2:0:2:3:c:0</receiverId>
                  <type>control</type>
                  <vReq class="eu.mihosoft.vrl.workflow.VisualizationRequestImpl">
                    <map class="com.sun.javafx.collections.ObservableMapWrapper">
                      <backingMap/>
                    </map>
                  </vReq>
                </connection>
              </connections>
              <nodes>
                <flow>
                  <x>30.0</x>
                  <y>30.0</y>
                  <width>300.0</width>
                  <height>200.0</height>
                  <title>Node 0</title>
                  <valueObject>
                    <parentId>ROOT:2:0:2:0</parentId>
                    <storage/>
                  </valueObject>
                  <vReq class="eu.mihosoft.vrl.workflow.VisualizationRequestImpl">
                    <map class="com.sun.javafx.collections.ObservableMapWrapper">
                      <backingMap/>
                    </map>
                  </vReq>
                  <id>ROOT:2:0:2:0</id>
                  <connectors>
                    <connector>
                      <type>control</type>
                      <localId>0</localId>
                      <input>true</input>
                      <output>false</output>
                      <passthru>false</passthru>
                      <maxNumConnections>2147483647</maxNumConnections>
                    </connector>
                    <connector>
                      <type>control</type>
                      <localId>1</localId>
                      <input>false</input>
                      <output>true</output>
                      <passthru>false</passthru>
                      <maxNumConnections>2147483647</maxNumConnections>
                    </connector>
                  </connectors>
                  <mainInputs/>
                  <mainOutputs/>
                  <connections>
                    <connection>
                      <id>0</id>
                      <senderId>ROOT:2:0:2:0:1:c:1</senderId>
                      <receiverId>ROOT:2:0:2:0:4:c:0</receiverId>
                      <type>data</type>
                      <vReq class="eu.mihosoft.vrl.workflow.VisualizationRequestImpl">
                        <map class="com.sun.javafx.collections.ObservableMapWrapper">
                          <backingMap/>
                        </map>
                      </vReq>
                    </connection>
                    <connection>
                      <id>0</id>
                      <senderId>ROOT:2:0:2:0:0:c:1</senderId>
                      <receiverId>ROOT:2:0:2:0:3:c:0</receiverId>
                      <type>control</type>
                      <vReq class="eu.mihosoft.vrl.workflow.VisualizationRequestImpl">
                        <map class="com.sun.javafx.collections.ObservableMapWrapper">
                          <backingMap/>
                        </map>
                      </vReq>
                    </connection>
                  </connections>
                  <nodes>
                    <flow>
                      <x>30.0</x>
                      <y>30.0</y>
                      <width>300.0</width>
                      <height>200.0</height>
                      <title>Node 0</title>
                      <valueObject>
                        <parentId>ROOT:2:0:2:0:0</parentId>
                        <storage/>
                      </valueObject>
                      <vReq class="eu.mihosoft.vrl.workflow.VisualizationRequestImpl">
                        <map class="com.sun.javafx.collections.ObservableMapWrapper">
                          <backingMap/>
                        </map>
                      </vReq>
                      <id>ROOT:2:0:2:0:0</id>
                      <connectors>
                        <connector>
                          <type>control</type>
                          <localId>0</localId>
                          <input>true</input>
                          <output>false</output>
                          <passthru>false</passthru>
                          <maxNumConnections>2147483647</maxNumConnections>
                        </connector>
                        <connector>
                          <type>control</type>
                          <localId>1</localId>
                          <input>false</input>
                          <output>true</output>
                          <passthru>false</passthru>
                          <maxNumConnections>2147483647</maxNumConnections>
                        </connector>
                      </connectors>
                      <mainInputs/>
                      <mainOutputs/>
                      <connections/>
                      <nodes/>
                      <parent reference="../../.."/>
                      <visible>false</visible>
                    </flow>
                    <node>
                      <x>360.0</x>
                      <y>30.0</y>
                      <width>300.0</width>
                      <height>200.0</height>
                      <title>Node 1</title>
                      <valueObject>
                        <parentId>ROOT:2:0:2:0:1</parentId>
                        <storage/>
                      </valueObject>
                      <vReq class="eu.mihosoft.vrl.workflow.VisualizationRequestImpl">
                        <map class="com.sun.javafx.collections.ObservableMapWrapper">
                          <backingMap/>
                        </map>
                      </vReq>
                      <id>ROOT:2:0:2:0:1</id>
                      <connectors>
                        <connector>
                          <type>data</type>
                          <localId>0</localId>
                          <input>true</input>
                          <output>false</output>
                          <passthru>false</passthru>
                          <maxNumConnections>2147483647</maxNumConnections>
                        </connector>
                        <connector>
                          <type>data</type>
                          <localId>1</localId>
                          <input>false</input>
                          <output>true</output>
                          <passthru>false</passthru>
                          <maxNumConnections>2147483647</maxNumConnections>
                        </connector>
                      </connectors>
                      <mainInputs/>
                      <mainOutputs/>
                    </node>
                    <flow>
                      <x>690.0</x>
                      <y>30.0</y>
                      <width>300.0</width>
                      <height>200.0</height>
                      <title>Node 2</title>
                      <valueObject>
                        <parentId>ROOT:2:0:2:0:2</parentId>
                        <storage/>
                      </valueObject>
                      <vReq class="eu.mihosoft.vrl.workflow.VisualizationRequestImpl">
                        <map class="com.sun.javafx.collections.ObservableMapWrapper">
                          <backingMap/>
                        </map>
                      </vReq>
                      <id>ROOT:2:0:2:0:2</id>
                      <connectors>
                        <connector>
                          <type>event</type>
                          <localId>0</localId>
                          <input>true</input>
                          <output>false</output>
                          <passthru>false</passthru>
                          <maxNumConnections>2147483647</maxNumConnections>
                        </connector>
                        <connector>
                          <type>event</type>
                          <localId>1</localId>
                          <input>false</input>
                          <output>true</output>
                          <passthru>false</passthru>
                          <maxNumConnections>2147483647</maxNumConnections>
                        </connector>
                      </connectors>
                      <mainInputs/>
                      <mainOutputs/>
                      <connections/>
                      <nodes/>
                      <parent reference="../../.."/>
                      <visible>false</visible>
                    </flow>
                    <node>
                      <x>30.0</x>
                      <y>260.0</y>
                      <width>300.0</width>
                      <height>200.0</height>
                      <title>Node 3</title>
                      <valueObject>
                        <parentId>ROOT:2:0:2:0:3</parentId>
                        <storage/>
                      </valueObject>
                      <vReq class="eu.mihosoft.vrl.workflow.VisualizationRequestImpl">
                        <map class="com.sun.javafx.collections.ObservableMapWrapper">
                          <backingMap/>
                        </map>
                      </vReq>
                      <id>ROOT:2:0:2:0:3</id>
                      <connectors>
                        <connector>
                          <type>control</type>
                          <localId>0</localId>
                          <input>true</input>
                          <output>false</output>
                          <passthru>false</passthru>
                          <maxNumConnections>2147483647</maxNumConnections>
                        </connector>
                        <connector>
                          <type>control</type>
                          <localId>1</localId>
                          <input>false</input>
                          <output>true</output>
                          <passthru>false</passthru>
                          <maxNumConnections>2147483647</maxNumConnections>
                        </connector>
                      </connectors>
                      <mainInputs/>
                      <mainOutputs/>
                    </node>
                    <flow>
                      <x>360.0</x>
                      <y>260.0</y>
                      <width>300.0</width>
                      <height>200.0</height>
                      <title>Node 4</title>
                      <valueObject>
                        <parentId>ROOT:2:0:2:0:4</parentId>
                        <storage/>
                      </valueObject>
                      <vReq class="eu.mihosoft.vrl.workflow.VisualizationRequestImpl">
                        <map class="com.sun.javafx.collections.ObservableMapWrapper">
                          <backingMap/>
                        </map>
                      </vReq>
                      <id>ROOT:2:0:2:0:4</id>
                      <connectors>
                        <connector>
                          <type>data</type>
                          <localId>0</localId>
                          <input>true</input>
                          <output>false</output>
                          <passthru>false</passthru>
                          <maxNumConnections>2147483647</maxNumConnections>
                        </connector>
                        <connector>
                          <type>data</type>
                          <localId>1</localId>
                          <input>false</input>
                          <output>true</output>
                          <passthru>false</passthru>
                          <maxNumConnections>2147483647</maxNumConnections>
                        </connector>
                      </connectors>
                      <mainInputs/>
                      <mainOutputs/>
                      <connections/>
                      <nodes/>
                      <parent reference="../../.."/>
                      <visible>false</visible>
                    </flow>
                  </nodes>
                  <parent reference="../../.."/>
                  <visible>false</visible>
                </flow>
                <node>
                  <x>360.0</x>
                  <y>30.0</y>
                  <width>300.0</width>
                  <height>200.0</height>
                  <title>Node 1</title>
                  <valueObject>
                    <parentId>ROOT:2:0:2:1</parentId>
                    <storage/>
                  </valueObject>
                  <vReq class="eu.mihosoft.vrl.workflow.VisualizationRequestImpl">
                    <map class="com.sun.javafx.collections.ObservableMapWrapper">
                      <backingMap/>
                    </map>
                  </vReq>
                  <id>ROOT:2:0:2:1</id>
                  <connectors>
                    <connector>
                      <type>data</type>
                      <localId>0</localId>
                      <input>true</input>
                      <output>false</output>
                      <passthru>false</passthru>
                      <maxNumConnections>2147483647</maxNumConnections>
                    </connector>
                    <connector>
                      <type>data</type>
                      <localId>1</localId>
                      <input>false</input>
                      <output>true</output>
                      <passthru>false</passthru>
                      <maxNumConnections>2147483647</maxNumConnections>
                    </connector>
                  </connectors>
                  <mainInputs/>
                  <mainOutputs/>
                </node>
                <flow>
                  <x>690.0</x>
                  <y>30.0</y>
                  <width>300.0</width>
                  <height>200.0</height>
                  <title>Node 2</title>
                  <valueObject>
                    <parentId>ROOT:2:0:2:2</parentId>
                    <storage/>
                  </valueObject>
                  <vReq class="eu.mihosoft.vrl.workflow.VisualizationRequestImpl">
                    <map class="com.sun.javafx.collections.ObservableMapWrapper">
                      <backingMap/>
                    </map>
                  </vReq>
                  <id>ROOT:2:0:2:2</id>
                  <connectors>
                    <connector>
                      <type>event</type>
                      <localId>0</localId>
                      <input>true</input>
                      <output>false</output>
                      <passthru>false</passthru>
                      <maxNumConnections>2147483647</maxNumConnections>
                    </connector>
                    <connector>
                      <type>event</type>
                      <localId>1</localId>
                      <input>false</input>
                      <output>true</output>
                      <passthru>false</passthru>
                      <maxNumConnections>2147483647</maxNumConnections>
                    </connector>
                  </connectors>
                  <mainInputs/>
                  <mainOutputs/>
                  <connections>
                    <connection>
                      <id>0</id>
                      <senderId>ROOT:2:0:2:2:1:c:1</senderId>
                      <receiverId>ROOT:2:0:2:2:4:c:0</receiverId>
                      <type>data</type>
                      <vReq class="eu.mihosoft.vrl.workflow.VisualizationRequestImpl">
                        <map class="com.sun.javafx.collections.ObservableMapWrapper">
                          <backingMap/>
                        </map>
                      </vReq>
                    </connection>
                    <connection>
                      <id>0</id>
                      <senderId>ROOT:2:0:2:2:0:c:1</senderId>
                      <receiverId>ROOT:2:0:2:2:3:c:0</receiverId>
                      <type>control</type>
                      <vReq class="eu.mihosoft.vrl.workflow.VisualizationRequestImpl">
                        <map class="com.sun.javafx.collections.ObservableMapWrapper">
                          <backingMap/>
                        </map>
                      </vReq>
                    </connection>
                  </connections>
                  <nodes>
                    <flow>
                      <x>30.0</x>
                      <y>30.0</y>
                      <width>300.0</width>
                      <height>200.0</height>
                      <title>Node 0</title>
                      <valueObject>
                        <parentId>ROOT:2:0:2:2:0</parentId>
                        <storage/>
                      </valueObject>
                      <vReq class="eu.mihosoft.vrl.workflow.VisualizationRequestImpl">
                        <map class="com.sun.javafx.collections.ObservableMapWrapper">
                          <backingMap/>
                        </map>
                      </vReq>
                      <id>ROOT:2:0:2:2:0</id>
                      <connectors>
                        <connector>
                          <type>control</type>
                          <localId>0</localId>
                          <input>true</input>
                          <output>false</output>
                          <passthru>false</passthru>
                          <maxNumConnections>2147483647</maxNumConnections>
                        </connector>
                        <connector>
                          <type>control</type>
                          <localId>1</localId>
                          <input>false</input>
                          <output>true</output>
                          <passthru>false</passthru>
                          <maxNumConnections>2147483647</maxNumConnections>
                        </connector>
                      </connectors>
                      <mainInputs/>
                      <mainOutputs/>
                      <connections/>
                      <nodes/>
                      <parent reference="../../.."/>
                      <visible>false</visible>
                    </flow>
                    <node>
                      <x>360.0</x>
                      <y>30.0</y>
                      <width>300.0</width>
                      <height>200.0</height>
                      <title>Node 1</title>
                      <valueObject>
                        <parentId>ROOT:2:0:2:2:1</parentId>
                        <storage/>
                      </valueObject>
                      <vReq class="eu.mihosoft.vrl.workflow.VisualizationRequestImpl">
                        <map class="com.sun.javafx.collections.ObservableMapWrapper">
                          <backingMap/>
                        </map>
                      </vReq>
                      <id>ROOT:2:0:2:2:1</id>
                      <connectors>
                        <connector>
                          <type>data</type>
                          <localId>0</localId>
                          <input>true</input>
                          <output>false</output>
                          <passthru>false</passthru>
                          <maxNumConnections>2147483647</maxNumConnections>
                        </connector>
                        <connector>
                          <type>data</type>
                          <localId>1</localId>
                          <input>false</input>
                          <output>true</output>
                          <passthru>false</passthru>
                          <maxNumConnections>2147483647</maxNumConnections>
                        </connector>
                      </connectors>
                      <mainInputs/>
                      <mainOutputs/>
                    </node>
                    <flow>
                      <x>690.0</x>
                      <y>30.0</y>
                      <width>300.0</width>
                      <height>200.0</height>
                      <title>Node 2</title>
                      <valueObject>
                        <parentId>ROOT:2:0:2:2:2</parentId>
                        <storage/>
                      </valueObject>
                      <vReq class="eu.mihosoft.vrl.workflow.VisualizationRequestImpl">
                        <map class="com.sun.javafx.collections.ObservableMapWrapper">
                          <backingMap/>
                        </map>
                      </vReq>
                      <id>ROOT:2:0:2:2:2</id>
                      <connectors>
                        <connector>
                          <type>event</type>
                          <localId>0</localId>
                          <input>true</input>
                          <output>false</output>
                          <passthru>false</passthru>
                          <maxNumConnections>2147483647</maxNumConnections>
                        </connector>
                        <connector>
                          <type>event</type>
                          <localId>1</localId>
                          <input>false</input>
                          <output>true</output>
                          <passthru>false</passthru>
                          <maxNumConnections>2147483647</maxNumConnections>
                        </connector>
                      </connectors>
                      <mainInputs/>
                      <mainOutputs/>
                      <connections/>
                      <nodes/>
                      <parent reference="../../.."/>
                      <visible>false</visible>
                    </flow>
                    <node>
                      <x>30.0</x>
                      <y>260.0</y>
                      <width>300.0</width>
                      <height>200.0</height>
                      <title>Node 3</title>
                      <valueObject>
                        <parentId>ROOT:2:0:2:2:3</parentId>
                        <storage/>
                      </valueObject>
                      <vReq class="eu.mihosoft.vrl.workflow.VisualizationRequestImpl">
                        <map class="com.sun.javafx.collections.ObservableMapWrapper">
                          <backingMap/>
                        </map>
                      </vReq>
                      <id>ROOT:2:0:2:2:3</id>
                      <connectors>
                        <connector>
                          <type>control</type>
                          <localId>0</localId>
                          <input>true</input>
                          <output>false</output>
                          <passthru>false</passthru>
                          <maxNumConnections>2147483647</maxNumConnections>
                        </connector>
                        <connector>
                          <type>control</type>
                          <localId>1</localId>
                          <input>false</input>
                          <output>true</output>
                          <passthru>false</passthru>
                          <maxNumConnections>2147483647</maxNumConnections>
                        </connector>
                      </connectors>
                      <mainInputs/>
                      <mainOutputs/>
                    </node>
                    <flow>
                      <x>360.0</x>
                      <y>260.0</y>
                      <width>300.0</width>
                      <height>200.0</height>
                      <title>Node 4</title>
                      <valueObject>
                        <parentId>ROOT:2:0:2:2:4</parentId>
                        <storage/>
                      </valueObject>
                      <vReq class="eu.mihosoft.vrl.workflow.VisualizationRequestImpl">
                        <map class="com.sun.javafx.collections.ObservableMapWrapper">
                          <backingMap/>
                        </map>
                      </vReq>
                      <id>ROOT:2:0:2:2:4</id>
                      <connectors>
                        <connector>
                          <type>data</type>
                          <localId>0</localId>
                          <input>true</input>
                          <output>false</output>
                          <passthru>false</passthru>
                          <maxNumConnections>2147483647</maxNumConnections>
                        </connector>
                        <connector>
                          <type>data</type>
                          <localId>1</localId>
                          <input>false</input>
                          <output>true</output>
                          <passthru>false</passthru>
                          <maxNumConnections>2147483647</maxNumConnections>
                        </connector>
                      </connectors>
                      <mainInputs/>
                      <mainOutputs/>
                      <connections/>
                      <nodes/>
                      <parent reference="../../.."/>
                      <visible>false</visible>
                    </flow>
                  </nodes>
                  <parent reference="../../.."/>
                  <visible>false</visible>
                </flow>
                <node>
                  <x>30.0</x>
                  <y>260.0</y>
                  <width>300.0</width>
                  <height>200.0</height>
                  <title>Node 3</title>
                  <valueObject>
                    <parentId>ROOT:2:0:2:3</parentId>
                    <storage/>
                  </valueObject>
                  <vReq class="eu.mihosoft.vrl.workflow.VisualizationRequestImpl">
                    <map class="com.sun.javafx.collections.ObservableMapWrapper">
                      <backingMap/>
                    </map>
                  </vReq>
                  <id>ROOT:2:0:2:3</id>
                  <connectors>
                    <connector>
                      <type>control</type>
                      <localId>0</localId>
                      <input>true</input>
                      <output>false</output>
                      <passthru>false</passthru>
                      <maxNumConnections>2147483647</maxNumConnections>
                    </connector>
                    <connector>
                      <type>control</type>
                      <localId>1</localId>
                      <input>false</input>
                      <output>true</output>
                      <passthru>false</passthru>
                      <maxNumConnections>2147483647</maxNumConnections>
                    </connector>
                  </connectors>
                  <mainInputs/>
                  <mainOutputs/>
                </node>
                <flow>
                  <x>360.0</x>
                  <y>260.0</y>
                  <width>300.0</width>
                  <height>200.0</height>
                  <title>Node 4</title>
                  <valueObject>
                    <parentId>ROOT:2:0:2:4</parentId>
                    <storage/>
                  </valueObject>
                  <vReq class="eu.mihosoft.vrl.workflow.VisualizationRequestImpl">
                    <map class="com.sun.javafx.collections.ObservableMapWrapper">
                      <backingMap/>
                    </map>
                  </vReq>
                  <id>ROOT:2:0:2:4</id>
                  <connectors>
                    <connector>
                      <type>data</type>
                      <localId>0</localId>
                      <input>true</input>
                      <output>false</output>
                      <passthru>false</passthru>
                      <maxNumConnections>2147483647</maxNumConnections>
                    </connector>
                    <connector>
                      <type>data</type>
                      <localId>1</localId>
                      <input>false</input>
                      <output>true</output>
                      <passthru>false</passthru>
                      <maxNumConnections>2147483647</maxNumConnections>
                    </connector>
                  </connectors>
                  <mainInputs/>
                  <mainOutputs/>
                  <connections>
                    <connection>
                      <id>0</id>
                      <senderId>ROOT:2:0:2:4:1:c:1</senderId>
                      <receiverId>ROOT:2:0:2:4:4:c:0</receiverId>
                      <type>data</type>
                      <vReq class="eu.mihosoft.vrl.workflow.VisualizationRequestImpl">
                        <map class="com.sun.javafx.collections.ObservableMapWrapper">
                          <backingMap/>
                        </map>
                      </vReq>
                    </connection>
                    <connection>
                      <id>0</id>
                      <senderId>ROOT:2:0:2:4:0:c:1</senderId>
                      <receiverId>ROOT:2:0:2:4:3:c:0</receiverId>
                      <type>control</type>
                      <vReq class="eu.mihosoft.vrl.workflow.VisualizationRequestImpl">
                        <map class="com.sun.javafx.collections.ObservableMapWrapper">
                          <backingMap/>
                        </map>
                      </vReq>
                    </connection>
                  </connections>
                  <nodes>
                    <flow>
                      <x>30.0</x>
                      <y>30.0</y>
                      <width>300.0</width>
                      <height>200.0</height>
                      <title>Node 0</title>
                      <valueObject>
                        <parentId>ROOT:2:0:2:4:0</parentId>
                        <storage/>
                      </valueObject>
                      <vReq class="eu.mihosoft.vrl.workflow.VisualizationRequestImpl">
                        <map class="com.sun.javafx.collections.ObservableMapWrapper">
                          <backingMap/>
                        </map>
                      </vReq>
                      <id>ROOT:2:0:2:4:0</id>
                      <connectors>
                        <connector>
                          <type>control</type>
                          <localId>0</localId>
                          <input>true</input>
                          <output>false</output>
                          <passthru>false</passthru>
                          <maxNumConnections>2147483647</maxNumConnections>
                        </connector>
                        <connector>
                          <type>control</type>
                          <localId>1</localId>
                          <input>false</input>
                          <output>true</output>
                          <passthru>false</passthru>
                          <maxNumConnections>2147483647</maxNumConnections>
                        </connector>
                      </connectors>
                      <mainInputs/>
                      <mainOutputs/>
                      <connections/>
                      <nodes/>
                      <parent reference="../../.."/>
                      <visible>false</visible>
                    </flow>
                    <node>
                      <x>360.0</x>
                      <y>30.0</y>
                      <width>300.0</width>
                      <height>200.0</height>
                      <title>Node 1</title>
                      <valueObject>
                        <parentId>ROOT:2:0:2:4:1</parentId>
                        <storage/>
                      </valueObject>
                      <vReq class="eu.mihosoft.vrl.workflow.VisualizationRequestImpl">
                        <map class="com.sun.javafx.collections.ObservableMapWrapper">
                          <backingMap/>
                        </map>
                      </vReq>
                      <id>ROOT:2:0:2:4:1</id>
                      <connectors>
                        <connector>
                          <type>data</type>
                          <localId>0</localId>
                          <input>true</input>
                          <output>false</output>
                          <passthru>false</passthru>
                          <maxNumConnections>2147483647</maxNumConnections>
                        </connector>
                        <connector>
                          <type>data</type>
                          <localId>1</localId>
                          <input>false</input>
                          <output>true</output>
                          <passthru>false</passthru>
                          <maxNumConnections>2147483647</maxNumConnections>
                        </connector>
                      </connectors>
                      <mainInputs/>
                      <mainOutputs/>
                    </node>
                    <flow>
                      <x>690.0</x>
                      <y>30.0</y>
                      <width>300.0</width>
                      <height>200.0</height>
                      <title>Node 2</title>
                      <valueObject>
                        <parentId>ROOT:2:0:2:4:2</parentId>
                        <storage/>
                      </valueObject>
                      <vReq class="eu.mihosoft.vrl.workflow.VisualizationRequestImpl">
                        <map class="com.sun.javafx.collections.ObservableMapWrapper">
                          <backingMap/>
                        </map>
                      </vReq>
                      <id>ROOT:2:0:2:4:2</id>
                      <connectors>
                        <connector>
                          <type>event</type>
                          <localId>0</localId>
                          <input>true</input>
                          <output>false</output>
                          <passthru>false</passthru>
                          <maxNumConnections>2147483647</maxNumConnections>
                        </connector>
                        <connector>
                          <type>event</type>
                          <localId>1</localId>
                          <input>false</input>
                          <output>true</output>
                          <passthru>false</passthru>
                          <maxNumConnections>2147483647</maxNumConnections>
                        </connector>
                      </connectors>
                      <mainInputs/>
                      <mainOutputs/>
                      <connections/>
                      <nodes/>
                      <parent reference="../../.."/>
                      <visible>false</visible>
                    </flow>
                    <node>
                      <x>30.0</x>
                      <y>260.0</y>
                      <width>300.0</width>
                      <height>200.0</height>
                      <title>Node 3</title>
                      <valueObject>
                        <parentId>ROOT:2:0:2:4:3</parentId>
                        <storage/>
                      </valueObject>
                      <vReq class="eu.mihosoft.vrl.workflow.VisualizationRequestImpl">
                        <map class="com.sun.javafx.collections.ObservableMapWrapper">
                          <backingMap/>
                        </map>
                      </vReq>
                      <id>ROOT:2:0:2:4:3</id>
                      <connectors>
                        <connector>
                          <type>control</type>
                          <localId>0</localId>
                          <input>true</input>
                          <output>false</output>
                          <passthru>false</passthru>
                          <maxNumConnections>2147483647</maxNumConnections>
                        </connector>
                        <connector>
                          <type>control</type>
                          <localId>1</localId>
                          <input>false</input>
                          <output>true</output>
                          <passthru>false</passthru>
                          <maxNumConnections>2147483647</maxNumConnections>
                        </connector>
                      </connectors>
                      <mainInputs/>
                      <mainOutputs/>
                    </node>
                    <flow>
                      <x>360.0</x>
                      <y>260.0</y>
                      <width>300.0</width>
                      <height>200.0</height>
                      <title>Node 4</title>
                      <valueObject>
                        <parentId>ROOT:2:0:2:4:4</parentId>
                        <storage/>
                      </valueObject>
                      <vReq class="eu.mihosoft.vrl.workflow.VisualizationRequestImpl">
                        <map class="com.sun.javafx.collections.ObservableMapWrapper">
                          <backingMap/>
                        </map>
                      </vReq>
                      <id>ROOT:2:0:2:4:4</id>
                      <connectors>
                        <connector>
                          <type>data</type>
                          <localId>0</localId>
                          <input>true</input>
                          <output>false</output>
                          <passthru>false</passthru>
                          <maxNumConnections>2147483647</maxNumConnections>
                        </connector>
                        <connector>
                          <type>data</type>
                          <localId>1</localId>
                          <input>false</input>
                          <output>true</output>
                          <passthru>false</passthru>
                          <maxNumConnections>2147483647</maxNumConnections>
                        </connector>
                      </connectors>
                      <mainInputs/>
                      <mainOutputs/>
                      <connections/>
                      <nodes/>
                      <parent reference="../../.."/>
                      <visible>false</visible>
                    </flow>
                  </nodes>
                  <parent reference="../../.."/>
                  <visible>false</visible>
                </flow>
              </nodes>
              <parent reference="../../.."/>
              <visible>false</visible>
            </flow>
            <node>
              <x>30.0</x>
              <y>260.0</y>
              <width>300.0</width>
              <height>200.0</height>
              <title>Node 3</title>
              <valueObject>
                <parentId>ROOT:2:0:3</parentId>
                <storage/>
              </valueObject>
              <vReq class="eu.mihosoft.vrl.workflow.VisualizationRequestImpl">
                <map class="com.sun.javafx.collections.ObservableMapWrapper">
                  <backingMap/>
                </map>
              </vReq>
              <id>ROOT:2:0:3</id>
              <connectors>
                <connector>
                  <type>control</type>
                  <localId>0</localId>
                  <input>true</input>
                  <output>false</output>
                  <passthru>false</passthru>
                  <maxNumConnections>2147483647</maxNumConnections>
                </connector>
                <connector>
                  <type>control</type>
                  <localId>1</localId>
                  <input>false</input>
                  <output>true</output>
                  <passthru>false</passthru>
                  <maxNumConnections>2147483647</maxNumConnections>
                </connector>
              </connectors>
              <mainInputs/>
              <mainOutputs/>
            </node>
            <flow>
              <x>360.0</x>
              <y>260.0</y>
              <width>300.0</width>
              <height>200.0</height>
              <title>Node 4</title>
              <valueObject>
                <parentId>ROOT:2:0:4</parentId>
                <storage/>
              </valueObject>
              <vReq class="eu.mihosoft.vrl.workflow.VisualizationRequestImpl">
                <map class="com.sun.javafx.collections.ObservableMapWrapper">
                  <backingMap/>
                </map>
              </vReq>
              <id>ROOT:2:0:4</id>
              <connectors>
                <connector>
                  <type>data</type>
                  <localId>0</localId>
                  <input>true</input>
                  <output>false</output>
                  <passthru>false</passthru>
                  <maxNumConnections>2147483647</maxNumConnections>
                </connector>
                <connector>
                  <type>data</type>
                  <localId>1</localId>
                  <input>false</input>
                  <output>true</output>
                  <passthru>false</passthru>
                  <maxNumConnections>2147483647</maxNumConnections>
                </connector>
              </connectors>
              <mainInputs/>
              <mainOutputs/>
              <connections>
                <connection>
                  <id>0</id>
                  <senderId>ROOT:2:0:4:1:c:1</senderId>
                  <receiverId>ROOT:2:0:4:4:c:0</receiverId>
                  <type>data</type>
                  <vReq class="eu.mihosoft.vrl.workflow.VisualizationRequestImpl">
                    <map class="com.sun.javafx.collections.ObservableMapWrapper">
                      <backingMap/>
                    </map>
                  </vReq>
                </connection>
                <connection>
                  <id>0</id>
                  <senderId>ROOT:2:0:4:0:c:1</senderId>
                  <receiverId>ROOT:2:0:4:3:c:0</receiverId>
                  <type>control</type>
                  <vReq class="eu.mihosoft.vrl.workflow.VisualizationRequestImpl">
                    <map class="com.sun.javafx.collections.ObservableMapWrapper">
                      <backingMap/>
                    </map>
                  </vReq>
                </connection>
              </connections>
              <nodes>
                <flow>
                  <x>30.0</x>
                  <y>30.0</y>
                  <width>300.0</width>
                  <height>200.0</height>
                  <title>Node 0</title>
                  <valueObject>
                    <parentId>ROOT:2:0:4:0</parentId>
                    <storage/>
                  </valueObject>
                  <vReq class="eu.mihosoft.vrl.workflow.VisualizationRequestImpl">
                    <map class="com.sun.javafx.collections.ObservableMapWrapper">
                      <backingMap/>
                    </map>
                  </vReq>
                  <id>ROOT:2:0:4:0</id>
                  <connectors>
                    <connector>
                      <type>control</type>
                      <localId>0</localId>
                      <input>true</input>
                      <output>false</output>
                      <passthru>false</passthru>
                      <maxNumConnections>2147483647</maxNumConnections>
                    </connector>
                    <connector>
                      <type>control</type>
                      <localId>1</localId>
                      <input>false</input>
                      <output>true</output>
                      <passthru>false</passthru>
                      <maxNumConnections>2147483647</maxNumConnections>
                    </connector>
                  </connectors>
                  <mainInputs/>
                  <mainOutputs/>
                  <connections>
                    <connection>
                      <id>0</id>
                      <senderId>ROOT:2:0:4:0:1:c:1</senderId>
                      <receiverId>ROOT:2:0:4:0:4:c:0</receiverId>
                      <type>data</type>
                      <vReq class="eu.mihosoft.vrl.workflow.VisualizationRequestImpl">
                        <map class="com.sun.javafx.collections.ObservableMapWrapper">
                          <backingMap/>
                        </map>
                      </vReq>
                    </connection>
                    <connection>
                      <id>0</id>
                      <senderId>ROOT:2:0:4:0:0:c:1</senderId>
                      <receiverId>ROOT:2:0:4:0:3:c:0</receiverId>
                      <type>control</type>
                      <vReq class="eu.mihosoft.vrl.workflow.VisualizationRequestImpl">
                        <map class="com.sun.javafx.collections.ObservableMapWrapper">
                          <backingMap/>
                        </map>
                      </vReq>
                    </connection>
                  </connections>
                  <nodes>
                    <flow>
                      <x>30.0</x>
                      <y>30.0</y>
                      <width>300.0</width>
                      <height>200.0</height>
                      <title>Node 0</title>
                      <valueObject>
                        <parentId>ROOT:2:0:4:0:0</parentId>
                        <storage/>
                      </valueObject>
                      <vReq class="eu.mihosoft.vrl.workflow.VisualizationRequestImpl">
                        <map class="com.sun.javafx.collections.ObservableMapWrapper">
                          <backingMap/>
                        </map>
                      </vReq>
                      <id>ROOT:2:0:4:0:0</id>
                      <connectors>
                        <connector>
                          <type>control</type>
                          <localId>0</localId>
                          <input>true</input>
                          <output>false</output>
                          <passthru>false</passthru>
                          <maxNumConnections>2147483647</maxNumConnections>
                        </connector>
                        <connector>
                          <type>control</type>
                          <localId>1</localId>
                          <input>false</input>
                          <output>true</output>
                          <passthru>false</passthru>
                          <maxNumConnections>2147483647</maxNumConnections>
                        </connector>
                      </connectors>
                      <mainInputs/>
                      <mainOutputs/>
                      <connections/>
                      <nodes/>
                      <parent reference="../../.."/>
                      <visible>false</visible>
                    </flow>
                    <node>
                      <x>360.0</x>
                      <y>30.0</y>
                      <width>300.0</width>
                      <height>200.0</height>
                      <title>Node 1</title>
                      <valueObject>
                        <parentId>ROOT:2:0:4:0:1</parentId>
                        <storage/>
                      </valueObject>
                      <vReq class="eu.mihosoft.vrl.workflow.VisualizationRequestImpl">
                        <map class="com.sun.javafx.collections.ObservableMapWrapper">
                          <backingMap/>
                        </map>
                      </vReq>
                      <id>ROOT:2:0:4:0:1</id>
                      <connectors>
                        <connector>
                          <type>data</type>
                          <localId>0</localId>
                          <input>true</input>
                          <output>false</output>
                          <passthru>false</passthru>
                          <maxNumConnections>2147483647</maxNumConnections>
                        </connector>
                        <connector>
                          <type>data</type>
                          <localId>1</localId>
                          <input>false</input>
                          <output>true</output>
                          <passthru>false</passthru>
                          <maxNumConnections>2147483647</maxNumConnections>
                        </connector>
                      </connectors>
                      <mainInputs/>
                      <mainOutputs/>
                    </node>
                    <flow>
                      <x>690.0</x>
                      <y>30.0</y>
                      <width>300.0</width>
                      <height>200.0</height>
                      <title>Node 2</title>
                      <valueObject>
                        <parentId>ROOT:2:0:4:0:2</parentId>
                        <storage/>
                      </valueObject>
                      <vReq class="eu.mihosoft.vrl.workflow.VisualizationRequestImpl">
                        <map class="com.sun.javafx.collections.ObservableMapWrapper">
                          <backingMap/>
                        </map>
                      </vReq>
                      <id>ROOT:2:0:4:0:2</id>
                      <connectors>
                        <connector>
                          <type>event</type>
                          <localId>0</localId>
                          <input>true</input>
                          <output>false</output>
                          <passthru>false</passthru>
                          <maxNumConnections>2147483647</maxNumConnections>
                        </connector>
                        <connector>
                          <type>event</type>
                          <localId>1</localId>
                          <input>false</input>
                          <output>true</output>
                          <passthru>false</passthru>
                          <maxNumConnections>2147483647</maxNumConnections>
                        </connector>
                      </connectors>
                      <mainInputs/>
                      <mainOutputs/>
                      <connections/>
                      <nodes/>
                      <parent reference="../../.."/>
                      <visible>false</visible>
                    </flow>
                    <node>
                      <x>30.0</x>
                      <y>260.0</y>
                      <width>300.0</width>
                      <height>200.0</height>
                      <title>Node 3</title>
                      <valueObject>
                        <parentId>ROOT:2:0:4:0:3</parentId>
                        <storage/>
                      </valueObject>
                      <vReq class="eu.mihosoft.vrl.workflow.VisualizationRequestImpl">
                        <map class="com.sun.javafx.collections.ObservableMapWrapper">
                          <backingMap/>
                        </map>
                      </vReq>
                      <id>ROOT:2:0:4:0:3</id>
                      <connectors>
                        <connector>
                          <type>control</type>
                          <localId>0</localId>
                          <input>true</input>
                          <output>false</output>
                          <passthru>false</passthru>
                          <maxNumConnections>2147483647</maxNumConnections>
                        </connector>
                        <connector>
                          <type>control</type>
                          <localId>1</localId>
                          <input>false</input>
                          <output>true</output>
                          <passthru>false</passthru>
                          <maxNumConnections>2147483647</maxNumConnections>
                        </connector>
                      </connectors>
                      <mainInputs/>
                      <mainOutputs/>
                    </node>
                    <flow>
                      <x>360.0</x>
                      <y>260.0</y>
                      <width>300.0</width>
                      <height>200.0</height>
                      <title>Node 4</title>
                      <valueObject>
                        <parentId>ROOT:2:0:4:0:4</parentId>
                        <storage/>
                      </valueObject>
                      <vReq class="eu.mihosoft.vrl.workflow.VisualizationRequestImpl">
                        <map class="com.sun.javafx.collections.ObservableMapWrapper">
                          <backingMap/>
                        </map>
                      </vReq>
                      <id>ROOT:2:0:4:0:4</id>
                      <connectors>
                        <connector>
                          <type>data</type>
                          <localId>0</localId>
                          <input>true</input>
                          <output>false</output>
                          <passthru>false</passthru>
                          <maxNumConnections>2147483647</maxNumConnections>
                        </connector>
                        <connector>
                          <type>data</type>
                          <localId>1</localId>
                          <input>false</input>
                          <output>true</output>
                          <passthru>false</passthru>
                          <maxNumConnections>2147483647</maxNumConnections>
                        </connector>
                      </connectors>
                      <mainInputs/>
                      <mainOutputs/>
                      <connections/>
                      <nodes/>
                      <parent reference="../../.."/>
                      <visible>false</visible>
                    </flow>
                  </nodes>
                  <parent reference="../../.."/>
                  <visible>false</visible>
                </flow>
                <node>
                  <x>360.0</x>
                  <y>30.0</y>
                  <width>300.0</width>
                  <height>200.0</height>
                  <title>Node 1</title>
                  <valueObject>
                    <parentId>ROOT:2:0:4:1</parentId>
                    <storage/>
                  </valueObject>
                  <vReq class="eu.mihosoft.vrl.workflow.VisualizationRequestImpl">
                    <map class="com.sun.javafx.collections.ObservableMapWrapper">
                      <backingMap/>
                    </map>
                  </vReq>
                  <id>ROOT:2:0:4:1</id>
                  <connectors>
                    <connector>
                      <type>data</type>
                      <localId>0</localId>
                      <input>true</input>
                      <output>false</output>
                      <passthru>false</passthru>
                      <maxNumConnections>2147483647</maxNumConnections>
                    </connector>
                    <connector>
                      <type>data</type>
                      <localId>1</localId>
                      <input>false</input>
                      <output>true</output>
                      <passthru>false</passthru>
                      <maxNumConnections>2147483647</maxNumConnections>
                    </connector>
                  </connectors>
                  <mainInputs/>
                  <mainOutputs/>
                </node>
                <flow>
                  <x>690.0</x>
                  <y>30.0</y>
                  <width>300.0</width>
                  <height>200.0</height>
                  <title>Node 2</title>
                  <valueObject>
                    <parentId>ROOT:2:0:4:2</parentId>
                    <storage/>
                  </valueObject>
                  <vReq class="eu.mihosoft.vrl.workflow.VisualizationRequestImpl">
                    <map class="com.sun.javafx.collections.ObservableMapWrapper">
                      <backingMap/>
                    </map>
                  </vReq>
                  <id>ROOT:2:0:4:2</id>
                  <connectors>
                    <connector>
                      <type>event</type>
                      <localId>0</localId>
                      <input>true</input>
                      <output>false</output>
                      <passthru>false</passthru>
                      <maxNumConnections>2147483647</maxNumConnections>
                    </connector>
                    <connector>
                      <type>event</type>
                      <localId>1</localId>
                      <input>false</input>
                      <output>true</output>
                      <passthru>false</passthru>
                      <maxNumConnections>2147483647</maxNumConnections>
                    </connector>
                  </connectors>
                  <mainInputs/>
                  <mainOutputs/>
                  <connections>
                    <connection>
                      <id>0</id>
                      <senderId>ROOT:2:0:4:2:1:c:1</senderId>
                      <receiverId>ROOT:2:0:4:2:4:c:0</receiverId>
                      <type>data</type>
                      <vReq class="eu.mihosoft.vrl.workflow.VisualizationRequestImpl">
                        <map class="com.sun.javafx.collections.ObservableMapWrapper">
                          <backingMap/>
                        </map>
                      </vReq>
                    </connection>
                    <connection>
                      <id>0</id>
                      <senderId>ROOT:2:0:4:2:0:c:1</senderId>
                      <receiverId>ROOT:2:0:4:2:3:c:0</receiverId>
                      <type>control</type>
                      <vReq class="eu.mihosoft.vrl.workflow.VisualizationRequestImpl">
                        <map class="com.sun.javafx.collections.ObservableMapWrapper">
                          <backingMap/>
                        </map>
                      </vReq>
                    </connection>
                  </connections>
                  <nodes>
                    <flow>
                      <x>30.0</x>
                      <y>30.0</y>
                      <width>300.0</width>
                      <height>200.0</height>
                      <title>Node 0</title>
                      <valueObject>
                        <parentId>ROOT:2:0:4:2:0</parentId>
                        <storage/>
                      </valueObject>
                      <vReq class="eu.mihosoft.vrl.workflow.VisualizationRequestImpl">
                        <map class="com.sun.javafx.collections.ObservableMapWrapper">
                          <backingMap/>
                        </map>
                      </vReq>
                      <id>ROOT:2:0:4:2:0</id>
                      <connectors>
                        <connector>
                          <type>control</type>
                          <localId>0</localId>
                          <input>true</input>
                          <output>false</output>
                          <passthru>false</passthru>
                          <maxNumConnections>2147483647</maxNumConnections>
                        </connector>
                        <connector>
                          <type>control</type>
                          <localId>1</localId>
                          <input>false</input>
                          <output>true</output>
                          <passthru>false</passthru>
                          <maxNumConnections>2147483647</maxNumConnections>
                        </connector>
                      </connectors>
                      <mainInputs/>
                      <mainOutputs/>
                      <connections/>
                      <nodes/>
                      <parent reference="../../.."/>
                      <visible>false</visible>
                    </flow>
                    <node>
                      <x>360.0</x>
                      <y>30.0</y>
                      <width>300.0</width>
                      <height>200.0</height>
                      <title>Node 1</title>
                      <valueObject>
                        <parentId>ROOT:2:0:4:2:1</parentId>
                        <storage/>
                      </valueObject>
                      <vReq class="eu.mihosoft.vrl.workflow.VisualizationRequestImpl">
                        <map class="com.sun.javafx.collections.ObservableMapWrapper">
                          <backingMap/>
                        </map>
                      </vReq>
                      <id>ROOT:2:0:4:2:1</id>
                      <connectors>
                        <connector>
                          <type>data</type>
                          <localId>0</localId>
                          <input>true</input>
                          <output>false</output>
                          <passthru>false</passthru>
                          <maxNumConnections>2147483647</maxNumConnections>
                        </connector>
                        <connector>
                          <type>data</type>
                          <localId>1</localId>
                          <input>false</input>
                          <output>true</output>
                          <passthru>false</passthru>
                          <maxNumConnections>2147483647</maxNumConnections>
                        </connector>
                      </connectors>
                      <mainInputs/>
                      <mainOutputs/>
                    </node>
                    <flow>
                      <x>690.0</x>
                      <y>30.0</y>
                      <width>300.0</width>
                      <height>200.0</height>
                      <title>Node 2</title>
                      <valueObject>
                        <parentId>ROOT:2:0:4:2:2</parentId>
                        <storage/>
                      </valueObject>
                      <vReq class="eu.mihosoft.vrl.workflow.VisualizationRequestImpl">
                        <map class="com.sun.javafx.collections.ObservableMapWrapper">
                          <backingMap/>
                        </map>
                      </vReq>
                      <id>ROOT:2:0:4:2:2</id>
                      <connectors>
                        <connector>
                          <type>event</type>
                          <localId>0</localId>
                          <input>true</input>
                          <output>false</output>
                          <passthru>false</passthru>
                          <maxNumConnections>2147483647</maxNumConnections>
                        </connector>
                        <connector>
                          <type>event</type>
                          <localId>1</localId>
                          <input>false</input>
                          <output>true</output>
                          <passthru>false</passthru>
                          <maxNumConnections>2147483647</maxNumConnections>
                        </connector>
                      </connectors>
                      <mainInputs/>
                      <mainOutputs/>
                      <connections/>
                      <nodes/>
                      <parent reference="../../.."/>
                      <visible>false</visible>
                    </flow>
                    <node>
                      <x>30.0</x>
                      <y>260.0</y>
                      <width>300.0</width>
                      <height>200.0</height>
                      <title>Node 3</title>
                      <valueObject>
                        <parentId>ROOT:2:0:4:2:3</parentId>
                        <storage/>
                      </valueObject>
                      <vReq class="eu.mihosoft.vrl.workflow.VisualizationRequestImpl">
                        <map class="com.sun.javafx.collections.ObservableMapWrapper">
                          <backingMap/>
                        </map>
                      </vReq>
                      <id>ROOT:2:0:4:2:3</id>
                      <connectors>
                        <connector>
                          <type>control</type>
                          <localId>0</localId>
                          <input>true</input>
                          <output>false</output>
                          <passthru>false</passthru>
                          <maxNumConnections>2147483647</maxNumConnections>
                        </connector>
                        <connector>
                          <type>control</type>
                          <localId>1</localId>
                          <input>false</input>
                          <output>true</output>
                          <passthru>false</passthru>
                          <maxNumConnections>2147483647</maxNumConnections>
                        </connector>
                      </connectors>
                      <mainInputs/>
                      <mainOutputs/>
                    </node>
                    <flow>
                      <x>360.0</x>
                      <y>260.0</y>
                      <width>300.0</width>
                      <height>200.0</height>
                      <title>Node 4</title>
                      <valueObject>
                        <parentId>ROOT:2:0:4:2:4</parentId>
                        <storage/>
                      </valueObject>
                      <vReq class="eu.mihosoft.vrl.workflow.VisualizationRequestImpl">
                        <map class="com.sun.javafx.collections.ObservableMapWrapper">
                          <backingMap/>
                        </map>
                      </vReq>
                      <id>ROOT:2:0:4:2:4</id>
                      <connectors>
                        <connector>
                          <type>data</type>
                          <localId>0</localId>
                          <input>true</input>
                          <output>false</output>
                          <passthru>false</passthru>
                          <maxNumConnections>2147483647</maxNumConnections>
                        </connector>
                        <connector>
                          <type>data</type>
                          <localId>1</localId>
                          <input>false</input>
                          <output>true</output>
                          <passthru>false</passthru>
                          <maxNumConnections>2147483647</maxNumConnections>
                        </connector>
                      </connectors>
                      <mainInputs/>
                      <mainOutputs/>
                      <connections/>
                      <nodes/>
                      <parent reference="../../.."/>
                      <visible>false</visible>
                    </flow>
                  </nodes>
                  <parent reference="../../.."/>
                  <visible>false</visible>
                </flow>
                <node>
                  <x>30.0</x>
                  <y>260.0</y>
                  <width>300.0</width>
                  <height>200.0</height>
                  <title>Node 3</title>
                  <valueObject>
                    <parentId>ROOT:2:0:4:3</parentId>
                    <storage/>
                  </valueObject>
                  <vReq class="eu.mihosoft.vrl.workflow.VisualizationRequestImpl">
                    <map class="com.sun.javafx.collections.ObservableMapWrapper">
                      <backingMap/>
                    </map>
                  </vReq>
                  <id>ROOT:2:0:4:3</id>
                  <connectors>
                    <connector>
                      <type>control</type>
                      <localId>0</localId>
                      <input>true</input>
                      <output>false</output>
                      <passthru>false</passthru>
                      <maxNumConnections>2147483647</maxNumConnections>
                    </connector>
                    <connector>
                      <type>control</type>
                      <localId>1</localId>
                      <input>false</input>
                      <output>true</output>
                      <passthru>false</passthru>
                      <maxNumConnections>2147483647</maxNumConnections>
                    </connector>
                  </connectors>
                  <mainInputs/>
                  <mainOutputs/>
                </node>
                <flow>
                  <x>360.0</x>
                  <y>260.0</y>
                  <width>300.0</width>
                  <height>200.0</height>
                  <title>Node 4</title>
                  <valueObject>
                    <parentId>ROOT:2:0:4:4</parentId>
                    <storage/>
                  </valueObject>
                  <vReq class="eu.mihosoft.vrl.workflow.VisualizationRequestImpl">
                    <map class="com.sun.javafx.collections.ObservableMapWrapper">
                      <backingMap/>
                    </map>
                  </vReq>
                  <id>ROOT:2:0:4:4</id>
                  <connectors>
                    <connector>
                      <type>data</type>
                      <localId>0</localId>
                      <input>true</input>
                      <output>false</output>
                      <passthru>false</passthru>
                      <maxNumConnections>2147483647</maxNumConnections>
                    </connector>
                    <connector>
                      <type>data</type>
                      <localId>1</localId>
                      <input>false</input>
                      <output>true</output>
                      <passthru>false</passthru>
                      <maxNumConnections>2147483647</maxNumConnections>
                    </connector>
                  </connectors>
                  <mainInputs/>
                  <mainOutputs/>
                  <connections>
                    <connection>
                      <id>0</id>
                      <senderId>ROOT:2:0:4:4:1:c:1</senderId>
                      <receiverId>ROOT:2:0:4:4:4:c:0</receiverId>
                      <type>data</type>
                      <vReq class="eu.mihosoft.vrl.workflow.VisualizationRequestImpl">
                        <map class="com.sun.javafx.collections.ObservableMapWrapper">
                          <backingMap/>
                        </map>
                      </vReq>
                    </connection>
                    <connection>
                      <id>0</id>
                      <senderId>ROOT:2:0:4:4:0:c:1</senderId>
                      <receiverId>ROOT:2:0:4:4:3:c:0</receiverId>
                      <type>control</type>
                      <vReq class="eu.mihosoft.vrl.workflow.VisualizationRequestImpl">
                        <map class="com.sun.javafx.collections.ObservableMapWrapper">
                          <backingMap/>
                        </map>
                      </vReq>
                    </connection>
                  </connections>
                  <nodes>
                    <flow>
                      <x>30.0</x>
                      <y>30.0</y>
                      <width>300.0</width>
                      <height>200.0</height>
                      <title>Node 0</title>
                      <valueObject>
                        <parentId>ROOT:2:0:4:4:0</parentId>
                        <storage/>
                      </valueObject>
                      <vReq class="eu.mihosoft.vrl.workflow.VisualizationRequestImpl">
                        <map class="com.sun.javafx.collections.ObservableMapWrapper">
                          <backingMap/>
                        </map>
                      </vReq>
                      <id>ROOT:2:0:4:4:0</id>
                      <connectors>
                        <connector>
                          <type>control</type>
                          <localId>0</localId>
                          <input>true</input>
                          <output>false</output>
                          <passthru>false</passthru>
                          <maxNumConnections>2147483647</maxNumConnections>
                        </connector>
                        <connector>
                          <type>control</type>
                          <localId>1</localId>
                          <input>false</input>
                          <output>true</output>
                          <passthru>false</passthru>
                          <maxNumConnections>2147483647</maxNumConnections>
                        </connector>
                      </connectors>
                      <mainInputs/>
                      <mainOutputs/>
                      <connections/>
                      <nodes/>
                      <parent reference="../../.."/>
                      <visible>false</visible>
                    </flow>
                    <node>
                      <x>360.0</x>
                      <y>30.0</y>
                      <width>300.0</width>
                      <height>200.0</height>
                      <title>Node 1</title>
                      <valueObject>
                        <parentId>ROOT:2:0:4:4:1</parentId>
                        <storage/>
                      </valueObject>
                      <vReq class="eu.mihosoft.vrl.workflow.VisualizationRequestImpl">
                        <map class="com.sun.javafx.collections.ObservableMapWrapper">
                          <backingMap/>
                        </map>
                      </vReq>
                      <id>ROOT:2:0:4:4:1</id>
                      <connectors>
                        <connector>
                          <type>data</type>
                          <localId>0</localId>
                          <input>true</input>
                          <output>false</output>
                          <passthru>false</passthru>
                          <maxNumConnections>2147483647</maxNumConnections>
                        </connector>
                        <connector>
                          <type>data</type>
                          <localId>1</localId>
                          <input>false</input>
                          <output>true</output>
                          <passthru>false</passthru>
                          <maxNumConnections>2147483647</maxNumConnections>
                        </connector>
                      </connectors>
                      <mainInputs/>
                      <mainOutputs/>
                    </node>
                    <flow>
                      <x>690.0</x>
                      <y>30.0</y>
                      <width>300.0</width>
                      <height>200.0</height>
                      <title>Node 2</title>
                      <valueObject>
                        <parentId>ROOT:2:0:4:4:2</parentId>
                        <storage/>
                      </valueObject>
                      <vReq class="eu.mihosoft.vrl.workflow.VisualizationRequestImpl">
                        <map class="com.sun.javafx.collections.ObservableMapWrapper">
                          <backingMap/>
                        </map>
                      </vReq>
                      <id>ROOT:2:0:4:4:2</id>
                      <connectors>
                        <connector>
                          <type>event</type>
                          <localId>0</localId>
                          <input>true</input>
                          <output>false</output>
                          <passthru>false</passthru>
                          <maxNumConnections>2147483647</maxNumConnections>
                        </connector>
                        <connector>
                          <type>event</type>
                          <localId>1</localId>
                          <input>false</input>
                          <output>true</output>
                          <passthru>false</passthru>
                          <maxNumConnections>2147483647</maxNumConnections>
                        </connector>
                      </connectors>
                      <mainInputs/>
                      <mainOutputs/>
                      <connections/>
                      <nodes/>
                      <parent reference="../../.."/>
                      <visible>false</visible>
                    </flow>
                    <node>
                      <x>30.0</x>
                      <y>260.0</y>
                      <width>300.0</width>
                      <height>200.0</height>
                      <title>Node 3</title>
                      <valueObject>
                        <parentId>ROOT:2:0:4:4:3</parentId>
                        <storage/>
                      </valueObject>
                      <vReq class="eu.mihosoft.vrl.workflow.VisualizationRequestImpl">
                        <map class="com.sun.javafx.collections.ObservableMapWrapper">
                          <backingMap/>
                        </map>
                      </vReq>
                      <id>ROOT:2:0:4:4:3</id>
                      <connectors>
                        <connector>
                          <type>control</type>
                          <localId>0</localId>
                          <input>true</input>
                          <output>false</output>
                          <passthru>false</passthru>
                          <maxNumConnections>2147483647</maxNumConnections>
                        </connector>
                        <connector>
                          <type>control</type>
                          <localId>1</localId>
                          <input>false</input>
                          <output>true</output>
                          <passthru>false</passthru>
                          <maxNumConnections>2147483647</maxNumConnections>
                        </connector>
                      </connectors>
                      <mainInputs/>
                      <mainOutputs/>
                    </node>
                    <flow>
                      <x>360.0</x>
                      <y>260.0</y>
                      <width>300.0</width>
                      <height>200.0</height>
                      <title>Node 4</title>
                      <valueObject>
                        <parentId>ROOT:2:0:4:4:4</parentId>
                        <storage/>
                      </valueObject>
                      <vReq class="eu.mihosoft.vrl.workflow.VisualizationRequestImpl">
                        <map class="com.sun.javafx.collections.ObservableMapWrapper">
                          <backingMap/>
                        </map>
                      </vReq>
                      <id>ROOT:2:0:4:4:4</id>
                      <connectors>
                        <connector>
                          <type>data</type>
                          <localId>0</localId>
                          <input>true</input>
                          <output>false</output>
                          <passthru>false</passthru>
                          <maxNumConnections>2147483647</maxNumConnections>
                        </connector>
                        <connector>
                          <type>data</type>
                          <localId>1</localId>
                          <input>false</input>
                          <output>true</output>
                          <passthru>false</passthru>
                          <maxNumConnections>2147483647</maxNumConnections>
                        </connector>
                      </connectors>
                      <mainInputs/>
                      <mainOutputs/>
                      <connections/>
                      <nodes/>
                      <parent reference="../../.."/>
                      <visible>false</visible>
                    </flow>
                  </nodes>
                  <parent reference="../../.."/>
                  <visible>false</visible>
                </flow>
              </nodes>
              <parent reference="../../.."/>
              <visible>false</visible>
            </flow>
          </nodes>
          <parent reference="../../.."/>
          <visible>false</visible>
        </flow>
        <node>
          <x>360.0</x>
          <y>30.0</y>
          <width>300.0</width>
          <height>200.0</height>
          <title>Node 1</title>
          <valueObject>
            <parentId>ROOT:2:1</parentId>
            <storage/>
          </valueObject>
          <vReq class="eu.mihosoft.vrl.workflow.VisualizationRequestImpl">
            <map class="com.sun.javafx.collections.ObservableMapWrapper">
              <backingMap/>
            </map>
          </vReq>
          <id>ROOT:2:1</id>
          <connectors>
            <connector>
              <type>data</type>
              <localId>0</localId>
              <input>true</input>
              <output>false</output>
              <passthru>false</passthru>
              <maxNumConnections>2147483647</maxNumConnections>
            </connector>
            <connector>
              <type>data</type>
              <localId>1</localId>
              <input>false</input>
              <output>true</output>
              <passthru>false</passthru>
              <maxNumConnections>2147483647</maxNumConnections>
            </connector>
          </connectors>
          <mainInputs/>
          <mainOutputs/>
        </node>
        <flow>
          <x>690.0</x>
          <y>30.0</y>
          <width>300.0</width>
          <height>200.0</height>
          <title>Node 2</title>
          <valueObject>
            <parentId>ROOT:2:2</parentId>
            <storage/>
          </valueObject>
          <vReq class="eu.mihosoft.vrl.workflow.VisualizationRequestImpl">
            <map class="com.sun.javafx.collections.ObservableMapWrapper">
              <backingMap/>
            </map>
          </vReq>
          <id>ROOT:2:2</id>
          <connectors>
            <connector>
              <type>event</type>
              <localId>0</localId>
              <input>true</input>
              <output>false</output>
              <passthru>false</passthru>
              <maxNumConnections>2147483647</maxNumConnections>
            </connector>
            <connector>
              <type>event</type>
              <localId>1</localId>
              <input>false</input>
              <output>true</output>
              <passthru>false</passthru>
              <maxNumConnections>2147483647</maxNumConnections>
            </connector>
          </connectors>
          <mainInputs/>
          <mainOutputs/>
          <connections>
            <connection>
              <id>0</id>
              <senderId>ROOT:2:2:1:c:1</senderId>
              <receiverId>ROOT:2:2:4:c:0</receiverId>
              <type>data</type>
              <vReq class="eu.mihosoft.vrl.workflow.VisualizationRequestImpl">
                <map class="com.sun.javafx.collections.ObservableMapWrapper">
                  <backingMap/>
                </map>
              </vReq>
            </connection>
            <connection>
              <id>0</id>
              <senderId>ROOT:2:2:0:c:1</senderId>
              <receiverId>ROOT:2:2:3:c:0</receiverId>
              <type>control</type>
              <vReq class="eu.mihosoft.vrl.workflow.VisualizationRequestImpl">
                <map class="com.sun.javafx.collections.ObservableMapWrapper">
                  <backingMap/>
                </map>
              </vReq>
            </connection>
          </connections>
          <nodes>
            <flow>
              <x>30.0</x>
              <y>30.0</y>
              <width>300.0</width>
              <height>200.0</height>
              <title>Node 0</title>
              <valueObject>
                <parentId>ROOT:2:2:0</parentId>
                <storage/>
              </valueObject>
              <vReq class="eu.mihosoft.vrl.workflow.VisualizationRequestImpl">
                <map class="com.sun.javafx.collections.ObservableMapWrapper">
                  <backingMap/>
                </map>
              </vReq>
              <id>ROOT:2:2:0</id>
              <connectors>
                <connector>
                  <type>control</type>
                  <localId>0</localId>
                  <input>true</input>
                  <output>false</output>
                  <passthru>false</passthru>
                  <maxNumConnections>2147483647</maxNumConnections>
                </connector>
                <connector>
                  <type>control</type>
                  <localId>1</localId>
                  <input>false</input>
                  <output>true</output>
                  <passthru>false</passthru>
                  <maxNumConnections>2147483647</maxNumConnections>
                </connector>
              </connectors>
              <mainInputs/>
              <mainOutputs/>
              <connections>
                <connection>
                  <id>0</id>
                  <senderId>ROOT:2:2:0:1:c:1</senderId>
                  <receiverId>ROOT:2:2:0:4:c:0</receiverId>
                  <type>data</type>
                  <vReq class="eu.mihosoft.vrl.workflow.VisualizationRequestImpl">
                    <map class="com.sun.javafx.collections.ObservableMapWrapper">
                      <backingMap/>
                    </map>
                  </vReq>
                </connection>
                <connection>
                  <id>0</id>
                  <senderId>ROOT:2:2:0:0:c:1</senderId>
                  <receiverId>ROOT:2:2:0:3:c:0</receiverId>
                  <type>control</type>
                  <vReq class="eu.mihosoft.vrl.workflow.VisualizationRequestImpl">
                    <map class="com.sun.javafx.collections.ObservableMapWrapper">
                      <backingMap/>
                    </map>
                  </vReq>
                </connection>
              </connections>
              <nodes>
                <flow>
                  <x>30.0</x>
                  <y>30.0</y>
                  <width>300.0</width>
                  <height>200.0</height>
                  <title>Node 0</title>
                  <valueObject>
                    <parentId>ROOT:2:2:0:0</parentId>
                    <storage/>
                  </valueObject>
                  <vReq class="eu.mihosoft.vrl.workflow.VisualizationRequestImpl">
                    <map class="com.sun.javafx.collections.ObservableMapWrapper">
                      <backingMap/>
                    </map>
                  </vReq>
                  <id>ROOT:2:2:0:0</id>
                  <connectors>
                    <connector>
                      <type>control</type>
                      <localId>0</localId>
                      <input>true</input>
                      <output>false</output>
                      <passthru>false</passthru>
                      <maxNumConnections>2147483647</maxNumConnections>
                    </connector>
                    <connector>
                      <type>control</type>
                      <localId>1</localId>
                      <input>false</input>
                      <output>true</output>
                      <passthru>false</passthru>
                      <maxNumConnections>2147483647</maxNumConnections>
                    </connector>
                  </connectors>
                  <mainInputs/>
                  <mainOutputs/>
                  <connections>
                    <connection>
                      <id>0</id>
                      <senderId>ROOT:2:2:0:0:1:c:1</senderId>
                      <receiverId>ROOT:2:2:0:0:4:c:0</receiverId>
                      <type>data</type>
                      <vReq class="eu.mihosoft.vrl.workflow.VisualizationRequestImpl">
                        <map class="com.sun.javafx.collections.ObservableMapWrapper">
                          <backingMap/>
                        </map>
                      </vReq>
                    </connection>
                    <connection>
                      <id>0</id>
                      <senderId>ROOT:2:2:0:0:0:c:1</senderId>
                      <receiverId>ROOT:2:2:0:0:3:c:0</receiverId>
                      <type>control</type>
                      <vReq class="eu.mihosoft.vrl.workflow.VisualizationRequestImpl">
                        <map class="com.sun.javafx.collections.ObservableMapWrapper">
                          <backingMap/>
                        </map>
                      </vReq>
                    </connection>
                  </connections>
                  <nodes>
                    <flow>
                      <x>30.0</x>
                      <y>30.0</y>
                      <width>300.0</width>
                      <height>200.0</height>
                      <title>Node 0</title>
                      <valueObject>
                        <parentId>ROOT:2:2:0:0:0</parentId>
                        <storage/>
                      </valueObject>
                      <vReq class="eu.mihosoft.vrl.workflow.VisualizationRequestImpl">
                        <map class="com.sun.javafx.collections.ObservableMapWrapper">
                          <backingMap/>
                        </map>
                      </vReq>
                      <id>ROOT:2:2:0:0:0</id>
                      <connectors>
                        <connector>
                          <type>control</type>
                          <localId>0</localId>
                          <input>true</input>
                          <output>false</output>
                          <passthru>false</passthru>
                          <maxNumConnections>2147483647</maxNumConnections>
                        </connector>
                        <connector>
                          <type>control</type>
                          <localId>1</localId>
                          <input>false</input>
                          <output>true</output>
                          <passthru>false</passthru>
                          <maxNumConnections>2147483647</maxNumConnections>
                        </connector>
                      </connectors>
                      <mainInputs/>
                      <mainOutputs/>
                      <connections/>
                      <nodes/>
                      <parent reference="../../.."/>
                      <visible>false</visible>
                    </flow>
                    <node>
                      <x>360.0</x>
                      <y>30.0</y>
                      <width>300.0</width>
                      <height>200.0</height>
                      <title>Node 1</title>
                      <valueObject>
                        <parentId>ROOT:2:2:0:0:1</parentId>
                        <storage/>
                      </valueObject>
                      <vReq class="eu.mihosoft.vrl.workflow.VisualizationRequestImpl">
                        <map class="com.sun.javafx.collections.ObservableMapWrapper">
                          <backingMap/>
                        </map>
                      </vReq>
                      <id>ROOT:2:2:0:0:1</id>
                      <connectors>
                        <connector>
                          <type>data</type>
                          <localId>0</localId>
                          <input>true</input>
                          <output>false</output>
                          <passthru>false</passthru>
                          <maxNumConnections>2147483647</maxNumConnections>
                        </connector>
                        <connector>
                          <type>data</type>
                          <localId>1</localId>
                          <input>false</input>
                          <output>true</output>
                          <passthru>false</passthru>
                          <maxNumConnections>2147483647</maxNumConnections>
                        </connector>
                      </connectors>
                      <mainInputs/>
                      <mainOutputs/>
                    </node>
                    <flow>
                      <x>690.0</x>
                      <y>30.0</y>
                      <width>300.0</width>
                      <height>200.0</height>
                      <title>Node 2</title>
                      <valueObject>
                        <parentId>ROOT:2:2:0:0:2</parentId>
                        <storage/>
                      </valueObject>
                      <vReq class="eu.mihosoft.vrl.workflow.VisualizationRequestImpl">
                        <map class="com.sun.javafx.collections.ObservableMapWrapper">
                          <backingMap/>
                        </map>
                      </vReq>
                      <id>ROOT:2:2:0:0:2</id>
                      <connectors>
                        <connector>
                          <type>event</type>
                          <localId>0</localId>
                          <input>true</input>
                          <output>false</output>
                          <passthru>false</passthru>
                          <maxNumConnections>2147483647</maxNumConnections>
                        </connector>
                        <connector>
                          <type>event</type>
                          <localId>1</localId>
                          <input>false</input>
                          <output>true</output>
                          <passthru>false</passthru>
                          <maxNumConnections>2147483647</maxNumConnections>
                        </connector>
                      </connectors>
                      <mainInputs/>
                      <mainOutputs/>
                      <connections/>
                      <nodes/>
                      <parent reference="../../.."/>
                      <visible>false</visible>
                    </flow>
                    <node>
                      <x>30.0</x>
                      <y>260.0</y>
                      <width>300.0</width>
                      <height>200.0</height>
                      <title>Node 3</title>
                      <valueObject>
                        <parentId>ROOT:2:2:0:0:3</parentId>
                        <storage/>
                      </valueObject>
                      <vReq class="eu.mihosoft.vrl.workflow.VisualizationRequestImpl">
                        <map class="com.sun.javafx.collections.ObservableMapWrapper">
                          <backingMap/>
                        </map>
                      </vReq>
                      <id>ROOT:2:2:0:0:3</id>
                      <connectors>
                        <connector>
                          <type>control</type>
                          <localId>0</localId>
                          <input>true</input>
                          <output>false</output>
                          <passthru>false</passthru>
                          <maxNumConnections>2147483647</maxNumConnections>
                        </connector>
                        <connector>
                          <type>control</type>
                          <localId>1</localId>
                          <input>false</input>
                          <output>true</output>
                          <passthru>false</passthru>
                          <maxNumConnections>2147483647</maxNumConnections>
                        </connector>
                      </connectors>
                      <mainInputs/>
                      <mainOutputs/>
                    </node>
                    <flow>
                      <x>360.0</x>
                      <y>260.0</y>
                      <width>300.0</width>
                      <height>200.0</height>
                      <title>Node 4</title>
                      <valueObject>
                        <parentId>ROOT:2:2:0:0:4</parentId>
                        <storage/>
                      </valueObject>
                      <vReq class="eu.mihosoft.vrl.workflow.VisualizationRequestImpl">
                        <map class="com.sun.javafx.collections.ObservableMapWrapper">
                          <backingMap/>
                        </map>
                      </vReq>
                      <id>ROOT:2:2:0:0:4</id>
                      <connectors>
                        <connector>
                          <type>data</type>
                          <localId>0</localId>
                          <input>true</input>
                          <output>false</output>
                          <passthru>false</passthru>
                          <maxNumConnections>2147483647</maxNumConnections>
                        </connector>
                        <connector>
                          <type>data</type>
                          <localId>1</localId>
                          <input>false</input>
                          <output>true</output>
                          <passthru>false</passthru>
                          <maxNumConnections>2147483647</maxNumConnections>
                        </connector>
                      </connectors>
                      <mainInputs/>
                      <mainOutputs/>
                      <connections/>
                      <nodes/>
                      <parent reference="../../.."/>
                      <visible>false</visible>
                    </flow>
                  </nodes>
                  <parent reference="../../.."/>
                  <visible>false</visible>
                </flow>
                <node>
                  <x>360.0</x>
                  <y>30.0</y>
                  <width>300.0</width>
                  <height>200.0</height>
                  <title>Node 1</title>
                  <valueObject>
                    <parentId>ROOT:2:2:0:1</parentId>
                    <storage/>
                  </valueObject>
                  <vReq class="eu.mihosoft.vrl.workflow.VisualizationRequestImpl">
                    <map class="com.sun.javafx.collections.ObservableMapWrapper">
                      <backingMap/>
                    </map>
                  </vReq>
                  <id>ROOT:2:2:0:1</id>
                  <connectors>
                    <connector>
                      <type>data</type>
                      <localId>0</localId>
                      <input>true</input>
                      <output>false</output>
                      <passthru>false</passthru>
                      <maxNumConnections>2147483647</maxNumConnections>
                    </connector>
                    <connector>
                      <type>data</type>
                      <localId>1</localId>
                      <input>false</input>
                      <output>true</output>
                      <passthru>false</passthru>
                      <maxNumConnections>2147483647</maxNumConnections>
                    </connector>
                  </connectors>
                  <mainInputs/>
                  <mainOutputs/>
                </node>
                <flow>
                  <x>690.0</x>
                  <y>30.0</y>
                  <width>300.0</width>
                  <height>200.0</height>
                  <title>Node 2</title>
                  <valueObject>
                    <parentId>ROOT:2:2:0:2</parentId>
                    <storage/>
                  </valueObject>
                  <vReq class="eu.mihosoft.vrl.workflow.VisualizationRequestImpl">
                    <map class="com.sun.javafx.collections.ObservableMapWrapper">
                      <backingMap/>
                    </map>
                  </vReq>
                  <id>ROOT:2:2:0:2</id>
                  <connectors>
                    <connector>
                      <type>event</type>
                      <localId>0</localId>
                      <input>true</input>
                      <output>false</output>
                      <passthru>false</passthru>
                      <maxNumConnections>2147483647</maxNumConnections>
                    </connector>
                    <connector>
                      <type>event</type>
                      <localId>1</localId>
                      <input>false</input>
                      <output>true</output>
                      <passthru>false</passthru>
                      <maxNumConnections>2147483647</maxNumConnections>
                    </connector>
                  </connectors>
                  <mainInputs/>
                  <mainOutputs/>
                  <connections>
                    <connection>
                      <id>0</id>
                      <senderId>ROOT:2:2:0:2:1:c:1</senderId>
                      <receiverId>ROOT:2:2:0:2:4:c:0</receiverId>
                      <type>data</type>
                      <vReq class="eu.mihosoft.vrl.workflow.VisualizationRequestImpl">
                        <map class="com.sun.javafx.collections.ObservableMapWrapper">
                          <backingMap/>
                        </map>
                      </vReq>
                    </connection>
                    <connection>
                      <id>0</id>
                      <senderId>ROOT:2:2:0:2:0:c:1</senderId>
                      <receiverId>ROOT:2:2:0:2:3:c:0</receiverId>
                      <type>control</type>
                      <vReq class="eu.mihosoft.vrl.workflow.VisualizationRequestImpl">
                        <map class="com.sun.javafx.collections.ObservableMapWrapper">
                          <backingMap/>
                        </map>
                      </vReq>
                    </connection>
                  </connections>
                  <nodes>
                    <flow>
                      <x>30.0</x>
                      <y>30.0</y>
                      <width>300.0</width>
                      <height>200.0</height>
                      <title>Node 0</title>
                      <valueObject>
                        <parentId>ROOT:2:2:0:2:0</parentId>
                        <storage/>
                      </valueObject>
                      <vReq class="eu.mihosoft.vrl.workflow.VisualizationRequestImpl">
                        <map class="com.sun.javafx.collections.ObservableMapWrapper">
                          <backingMap/>
                        </map>
                      </vReq>
                      <id>ROOT:2:2:0:2:0</id>
                      <connectors>
                        <connector>
                          <type>control</type>
                          <localId>0</localId>
                          <input>true</input>
                          <output>false</output>
                          <passthru>false</passthru>
                          <maxNumConnections>2147483647</maxNumConnections>
                        </connector>
                        <connector>
                          <type>control</type>
                          <localId>1</localId>
                          <input>false</input>
                          <output>true</output>
                          <passthru>false</passthru>
                          <maxNumConnections>2147483647</maxNumConnections>
                        </connector>
                      </connectors>
                      <mainInputs/>
                      <mainOutputs/>
                      <connections/>
                      <nodes/>
                      <parent reference="../../.."/>
                      <visible>false</visible>
                    </flow>
                    <node>
                      <x>360.0</x>
                      <y>30.0</y>
                      <width>300.0</width>
                      <height>200.0</height>
                      <title>Node 1</title>
                      <valueObject>
                        <parentId>ROOT:2:2:0:2:1</parentId>
                        <storage/>
                      </valueObject>
                      <vReq class="eu.mihosoft.vrl.workflow.VisualizationRequestImpl">
                        <map class="com.sun.javafx.collections.ObservableMapWrapper">
                          <backingMap/>
                        </map>
                      </vReq>
                      <id>ROOT:2:2:0:2:1</id>
                      <connectors>
                        <connector>
                          <type>data</type>
                          <localId>0</localId>
                          <input>true</input>
                          <output>false</output>
                          <passthru>false</passthru>
                          <maxNumConnections>2147483647</maxNumConnections>
                        </connector>
                        <connector>
                          <type>data</type>
                          <localId>1</localId>
                          <input>false</input>
                          <output>true</output>
                          <passthru>false</passthru>
                          <maxNumConnections>2147483647</maxNumConnections>
                        </connector>
                      </connectors>
                      <mainInputs/>
                      <mainOutputs/>
                    </node>
                    <flow>
                      <x>690.0</x>
                      <y>30.0</y>
                      <width>300.0</width>
                      <height>200.0</height>
                      <title>Node 2</title>
                      <valueObject>
                        <parentId>ROOT:2:2:0:2:2</parentId>
                        <storage/>
                      </valueObject>
                      <vReq class="eu.mihosoft.vrl.workflow.VisualizationRequestImpl">
                        <map class="com.sun.javafx.collections.ObservableMapWrapper">
                          <backingMap/>
                        </map>
                      </vReq>
                      <id>ROOT:2:2:0:2:2</id>
                      <connectors>
                        <connector>
                          <type>event</type>
                          <localId>0</localId>
                          <input>true</input>
                          <output>false</output>
                          <passthru>false</passthru>
                          <maxNumConnections>2147483647</maxNumConnections>
                        </connector>
                        <connector>
                          <type>event</type>
                          <localId>1</localId>
                          <input>false</input>
                          <output>true</output>
                          <passthru>false</passthru>
                          <maxNumConnections>2147483647</maxNumConnections>
                        </connector>
                      </connectors>
                      <mainInputs/>
                      <mainOutputs/>
                      <connections/>
                      <nodes/>
                      <parent reference="../../.."/>
                      <visible>false</visible>
                    </flow>
                    <node>
                      <x>30.0</x>
                      <y>260.0</y>
                      <width>300.0</width>
                      <height>200.0</height>
                      <title>Node 3</title>
                      <valueObject>
                        <parentId>ROOT:2:2:0:2:3</parentId>
                        <storage/>
                      </valueObject>
                      <vReq class="eu.mihosoft.vrl.workflow.VisualizationRequestImpl">
                        <map class="com.sun.javafx.collections.ObservableMapWrapper">
                          <backingMap/>
                        </map>
                      </vReq>
                      <id>ROOT:2:2:0:2:3</id>
                      <connectors>
                        <connector>
                          <type>control</type>
                          <localId>0</localId>
                          <input>true</input>
                          <output>false</output>
                          <passthru>false</passthru>
                          <maxNumConnections>2147483647</maxNumConnections>
                        </connector>
                        <connector>
                          <type>control</type>
                          <localId>1</localId>
                          <input>false</input>
                          <output>true</output>
                          <passthru>false</passthru>
                          <maxNumConnections>2147483647</maxNumConnections>
                        </connector>
                      </connectors>
                      <mainInputs/>
                      <mainOutputs/>
                    </node>
                    <flow>
                      <x>360.0</x>
                      <y>260.0</y>
                      <width>300.0</width>
                      <height>200.0</height>
                      <title>Node 4</title>
                      <valueObject>
                        <parentId>ROOT:2:2:0:2:4</parentId>
                        <storage/>
                      </valueObject>
                      <vReq class="eu.mihosoft.vrl.workflow.VisualizationRequestImpl">
                        <map class="com.sun.javafx.collections.ObservableMapWrapper">
                          <backingMap/>
                        </map>
                      </vReq>
                      <id>ROOT:2:2:0:2:4</id>
                      <connectors>
                        <connector>
                          <type>data</type>
                          <localId>0</localId>
                          <input>true</input>
                          <output>false</output>
                          <passthru>false</passthru>
                          <maxNumConnections>2147483647</maxNumConnections>
                        </connector>
                        <connector>
                          <type>data</type>
                          <localId>1</localId>
                          <input>false</input>
                          <output>true</output>
                          <passthru>false</passthru>
                          <maxNumConnections>2147483647</maxNumConnections>
                        </connector>
                      </connectors>
                      <mainInputs/>
                      <mainOutputs/>
                      <connections/>
                      <nodes/>
                      <parent reference="../../.."/>
                      <visible>false</visible>
                    </flow>
                  </nodes>
                  <parent reference="../../.."/>
                  <visible>false</visible>
                </flow>
                <node>
                  <x>30.0</x>
                  <y>260.0</y>
                  <width>300.0</width>
                  <height>200.0</height>
                  <title>Node 3</title>
                  <valueObject>
                    <parentId>ROOT:2:2:0:3</parentId>
                    <storage/>
                  </valueObject>
                  <vReq class="eu.mihosoft.vrl.workflow.VisualizationRequestImpl">
                    <map class="com.sun.javafx.collections.ObservableMapWrapper">
                      <backingMap/>
                    </map>
                  </vReq>
                  <id>ROOT:2:2:0:3</id>
                  <connectors>
                    <connector>
                      <type>control</type>
                      <localId>0</localId>
                      <input>true</input>
                      <output>false</output>
                      <passthru>false</passthru>
                      <maxNumConnections>2147483647</maxNumConnections>
                    </connector>
                    <connector>
                      <type>control</type>
                      <localId>1</localId>
                      <input>false</input>
                      <output>true</output>
                      <passthru>false</passthru>
                      <maxNumConnections>2147483647</maxNumConnections>
                    </connector>
                  </connectors>
                  <mainInputs/>
                  <mainOutputs/>
                </node>
                <flow>
                  <x>360.0</x>
                  <y>260.0</y>
                  <width>300.0</width>
                  <height>200.0</height>
                  <title>Node 4</title>
                  <valueObject>
                    <parentId>ROOT:2:2:0:4</parentId>
                    <storage/>
                  </valueObject>
                  <vReq class="eu.mihosoft.vrl.workflow.VisualizationRequestImpl">
                    <map class="com.sun.javafx.collections.ObservableMapWrapper">
                      <backingMap/>
                    </map>
                  </vReq>
                  <id>ROOT:2:2:0:4</id>
                  <connectors>
                    <connector>
                      <type>data</type>
                      <localId>0</localId>
                      <input>true</input>
                      <output>false</output>
                      <passthru>false</passthru>
                      <maxNumConnections>2147483647</maxNumConnections>
                    </connector>
                    <connector>
                      <type>data</type>
                      <localId>1</localId>
                      <input>false</input>
                      <output>true</output>
                      <passthru>false</passthru>
                      <maxNumConnections>2147483647</maxNumConnections>
                    </connector>
                  </connectors>
                  <mainInputs/>
                  <mainOutputs/>
                  <connections>
                    <connection>
                      <id>0</id>
                      <senderId>ROOT:2:2:0:4:1:c:1</senderId>
                      <receiverId>ROOT:2:2:0:4:4:c:0</receiverId>
                      <type>data</type>
                      <vReq class="eu.mihosoft.vrl.workflow.VisualizationRequestImpl">
                        <map class="com.sun.javafx.collections.ObservableMapWrapper">
                          <backingMap/>
                        </map>
                      </vReq>
                    </connection>
                    <connection>
                      <id>0</id>
                      <senderId>ROOT:2:2:0:4:0:c:1</senderId>
                      <receiverId>ROOT:2:2:0:4:3:c:0</receiverId>
                      <type>control</type>
                      <vReq class="eu.mihosoft.vrl.workflow.VisualizationRequestImpl">
                        <map class="com.sun.javafx.collections.ObservableMapWrapper">
                          <backingMap/>
                        </map>
                      </vReq>
                    </connection>
                  </connections>
                  <nodes>
                    <flow>
                      <x>30.0</x>
                      <y>30.0</y>
                      <width>300.0</width>
                      <height>200.0</height>
                      <title>Node 0</title>
                      <valueObject>
                        <parentId>ROOT:2:2:0:4:0</parentId>
                        <storage/>
                      </valueObject>
                      <vReq class="eu.mihosoft.vrl.workflow.VisualizationRequestImpl">
                        <map class="com.sun.javafx.collections.ObservableMapWrapper">
                          <backingMap/>
                        </map>
                      </vReq>
                      <id>ROOT:2:2:0:4:0</id>
                      <connectors>
                        <connector>
                          <type>control</type>
                          <localId>0</localId>
                          <input>true</input>
                          <output>false</output>
                          <passthru>false</passthru>
                          <maxNumConnections>2147483647</maxNumConnections>
                        </connector>
                        <connector>
                          <type>control</type>
                          <localId>1</localId>
                          <input>false</input>
                          <output>true</output>
                          <passthru>false</passthru>
                          <maxNumConnections>2147483647</maxNumConnections>
                        </connector>
                      </connectors>
                      <mainInputs/>
                      <mainOutputs/>
                      <connections/>
                      <nodes/>
                      <parent reference="../../.."/>
                      <visible>false</visible>
                    </flow>
                    <node>
                      <x>360.0</x>
                      <y>30.0</y>
                      <width>300.0</width>
                      <height>200.0</height>
                      <title>Node 1</title>
                      <valueObject>
                        <parentId>ROOT:2:2:0:4:1</parentId>
                        <storage/>
                      </valueObject>
                      <vReq class="eu.mihosoft.vrl.workflow.VisualizationRequestImpl">
                        <map class="com.sun.javafx.collections.ObservableMapWrapper">
                          <backingMap/>
                        </map>
                      </vReq>
                      <id>ROOT:2:2:0:4:1</id>
                      <connectors>
                        <connector>
                          <type>data</type>
                          <localId>0</localId>
                          <input>true</input>
                          <output>false</output>
                          <passthru>false</passthru>
                          <maxNumConnections>2147483647</maxNumConnections>
                        </connector>
                        <connector>
                          <type>data</type>
                          <localId>1</localId>
                          <input>false</input>
                          <output>true</output>
                          <passthru>false</passthru>
                          <maxNumConnections>2147483647</maxNumConnections>
                        </connector>
                      </connectors>
                      <mainInputs/>
                      <mainOutputs/>
                    </node>
                    <flow>
                      <x>690.0</x>
                      <y>30.0</y>
                      <width>300.0</width>
                      <height>200.0</height>
                      <title>Node 2</title>
                      <valueObject>
                        <parentId>ROOT:2:2:0:4:2</parentId>
                        <storage/>
                      </valueObject>
                      <vReq class="eu.mihosoft.vrl.workflow.VisualizationRequestImpl">
                        <map class="com.sun.javafx.collections.ObservableMapWrapper">
                          <backingMap/>
                        </map>
                      </vReq>
                      <id>ROOT:2:2:0:4:2</id>
                      <connectors>
                        <connector>
                          <type>event</type>
                          <localId>0</localId>
                          <input>true</input>
                          <output>false</output>
                          <passthru>false</passthru>
                          <maxNumConnections>2147483647</maxNumConnections>
                        </connector>
                        <connector>
                          <type>event</type>
                          <localId>1</localId>
                          <input>false</input>
                          <output>true</output>
                          <passthru>false</passthru>
                          <maxNumConnections>2147483647</maxNumConnections>
                        </connector>
                      </connectors>
                      <mainInputs/>
                      <mainOutputs/>
                      <connections/>
                      <nodes/>
                      <parent reference="../../.."/>
                      <visible>false</visible>
                    </flow>
                    <node>
                      <x>30.0</x>
                      <y>260.0</y>
                      <width>300.0</width>
                      <height>200.0</height>
                      <title>Node 3</title>
                      <valueObject>
                        <parentId>ROOT:2:2:0:4:3</parentId>
                        <storage/>
                      </valueObject>
                      <vReq class="eu.mihosoft.vrl.workflow.VisualizationRequestImpl">
                        <map class="com.sun.javafx.collections.ObservableMapWrapper">
                          <backingMap/>
                        </map>
                      </vReq>
                      <id>ROOT:2:2:0:4:3</id>
                      <connectors>
                        <connector>
                          <type>control</type>
                          <localId>0</localId>
                          <input>true</input>
                          <output>false</output>
                          <passthru>false</passthru>
                          <maxNumConnections>2147483647</maxNumConnections>
                        </connector>
                        <connector>
                          <type>control</type>
                          <localId>1</localId>
                          <input>false</input>
                          <output>true</output>
                          <passthru>false</passthru>
                          <maxNumConnections>2147483647</maxNumConnections>
                        </connector>
                      </connectors>
                      <mainInputs/>
                      <mainOutputs/>
                    </node>
                    <flow>
                      <x>360.0</x>
                      <y>260.0</y>
                      <width>300.0</width>
                      <height>200.0</height>
                      <title>Node 4</title>
                      <valueObject>
                        <parentId>ROOT:2:2:0:4:4</parentId>
                        <storage/>
                      </valueObject>
                      <vReq class="eu.mihosoft.vrl.workflow.VisualizationRequestImpl">
                        <map class="com.sun.javafx.collections.ObservableMapWrapper">
                          <backingMap/>
                        </map>
                      </vReq>
                      <id>ROOT:2:2:0:4:4</id>
                      <connectors>
                        <connector>
                          <type>data</type>
                          <localId>0</localId>
                          <input>true</input>
                          <output>false</output>
                          <passthru>false</passthru>
                          <maxNumConnections>2147483647</maxNumConnections>
                        </connector>
                        <connector>
                          <type>data</type>
                          <localId>1</localId>
                          <input>false</input>
                          <output>true</output>
                          <passthru>false</passthru>
                          <maxNumConnections>2147483647</maxNumConnections>
                        </connector>
                      </connectors>
                      <mainInputs/>
                      <mainOutputs/>
                      <connections/>
                      <nodes/>
                      <parent reference="../../.."/>
                      <visible>false</visible>
                    </flow>
                  </nodes>
                  <parent reference="../../.."/>
                  <visible>false</visible>
                </flow>
              </nodes>
              <parent reference="../../.."/>
              <visible>false</visible>
            </flow>
            <node>
              <x>360.0</x>
              <y>30.0</y>
              <width>300.0</width>
              <height>200.0</height>
              <title>Node 1</title>
              <valueObject>
                <parentId>ROOT:2:2:1</parentId>
                <storage/>
              </valueObject>
              <vReq class="eu.mihosoft.vrl.workflow.VisualizationRequestImpl">
                <map class="com.sun.javafx.collections.ObservableMapWrapper">
                  <backingMap/>
                </map>
              </vReq>
              <id>ROOT:2:2:1</id>
              <connectors>
                <connector>
                  <type>data</type>
                  <localId>0</localId>
                  <input>true</input>
                  <output>false</output>
                  <passthru>false</passthru>
                  <maxNumConnections>2147483647</maxNumConnections>
                </connector>
                <connector>
                  <type>data</type>
                  <localId>1</localId>
                  <input>false</input>
                  <output>true</output>
                  <passthru>false</passthru>
                  <maxNumConnections>2147483647</maxNumConnections>
                </connector>
              </connectors>
              <mainInputs/>
              <mainOutputs/>
            </node>
            <flow>
              <x>690.0</x>
              <y>30.0</y>
              <width>300.0</width>
              <height>200.0</height>
              <title>Node 2</title>
              <valueObject>
                <parentId>ROOT:2:2:2</parentId>
                <storage/>
              </valueObject>
              <vReq class="eu.mihosoft.vrl.workflow.VisualizationRequestImpl">
                <map class="com.sun.javafx.collections.ObservableMapWrapper">
                  <backingMap/>
                </map>
              </vReq>
              <id>ROOT:2:2:2</id>
              <connectors>
                <connector>
                  <type>event</type>
                  <localId>0</localId>
                  <input>true</input>
                  <output>false</output>
                  <passthru>false</passthru>
                  <maxNumConnections>2147483647</maxNumConnections>
                </connector>
                <connector>
                  <type>event</type>
                  <localId>1</localId>
                  <input>false</input>
                  <output>true</output>
                  <passthru>false</passthru>
                  <maxNumConnections>2147483647</maxNumConnections>
                </connector>
              </connectors>
              <mainInputs/>
              <mainOutputs/>
              <connections>
                <connection>
                  <id>0</id>
                  <senderId>ROOT:2:2:2:1:c:1</senderId>
                  <receiverId>ROOT:2:2:2:4:c:0</receiverId>
                  <type>data</type>
                  <vReq class="eu.mihosoft.vrl.workflow.VisualizationRequestImpl">
                    <map class="com.sun.javafx.collections.ObservableMapWrapper">
                      <backingMap/>
                    </map>
                  </vReq>
                </connection>
                <connection>
                  <id>0</id>
                  <senderId>ROOT:2:2:2:0:c:1</senderId>
                  <receiverId>ROOT:2:2:2:3:c:0</receiverId>
                  <type>control</type>
                  <vReq class="eu.mihosoft.vrl.workflow.VisualizationRequestImpl">
                    <map class="com.sun.javafx.collections.ObservableMapWrapper">
                      <backingMap/>
                    </map>
                  </vReq>
                </connection>
              </connections>
              <nodes>
                <flow>
                  <x>30.0</x>
                  <y>30.0</y>
                  <width>300.0</width>
                  <height>200.0</height>
                  <title>Node 0</title>
                  <valueObject>
                    <parentId>ROOT:2:2:2:0</parentId>
                    <storage/>
                  </valueObject>
                  <vReq class="eu.mihosoft.vrl.workflow.VisualizationRequestImpl">
                    <map class="com.sun.javafx.collections.ObservableMapWrapper">
                      <backingMap/>
                    </map>
                  </vReq>
                  <id>ROOT:2:2:2:0</id>
                  <connectors>
                    <connector>
                      <type>control</type>
                      <localId>0</localId>
                      <input>true</input>
                      <output>false</output>
                      <passthru>false</passthru>
                      <maxNumConnections>2147483647</maxNumConnections>
                    </connector>
                    <connector>
                      <type>control</type>
                      <localId>1</localId>
                      <input>false</input>
                      <output>true</output>
                      <passthru>false</passthru>
                      <maxNumConnections>2147483647</maxNumConnections>
                    </connector>
                  </connectors>
                  <mainInputs/>
                  <mainOutputs/>
                  <connections>
                    <connection>
                      <id>0</id>
                      <senderId>ROOT:2:2:2:0:1:c:1</senderId>
                      <receiverId>ROOT:2:2:2:0:4:c:0</receiverId>
                      <type>data</type>
                      <vReq class="eu.mihosoft.vrl.workflow.VisualizationRequestImpl">
                        <map class="com.sun.javafx.collections.ObservableMapWrapper">
                          <backingMap/>
                        </map>
                      </vReq>
                    </connection>
                    <connection>
                      <id>0</id>
                      <senderId>ROOT:2:2:2:0:0:c:1</senderId>
                      <receiverId>ROOT:2:2:2:0:3:c:0</receiverId>
                      <type>control</type>
                      <vReq class="eu.mihosoft.vrl.workflow.VisualizationRequestImpl">
                        <map class="com.sun.javafx.collections.ObservableMapWrapper">
                          <backingMap/>
                        </map>
                      </vReq>
                    </connection>
                  </connections>
                  <nodes>
                    <flow>
                      <x>30.0</x>
                      <y>30.0</y>
                      <width>300.0</width>
                      <height>200.0</height>
                      <title>Node 0</title>
                      <valueObject>
                        <parentId>ROOT:2:2:2:0:0</parentId>
                        <storage/>
                      </valueObject>
                      <vReq class="eu.mihosoft.vrl.workflow.VisualizationRequestImpl">
                        <map class="com.sun.javafx.collections.ObservableMapWrapper">
                          <backingMap/>
                        </map>
                      </vReq>
                      <id>ROOT:2:2:2:0:0</id>
                      <connectors>
                        <connector>
                          <type>control</type>
                          <localId>0</localId>
                          <input>true</input>
                          <output>false</output>
                          <passthru>false</passthru>
                          <maxNumConnections>2147483647</maxNumConnections>
                        </connector>
                        <connector>
                          <type>control</type>
                          <localId>1</localId>
                          <input>false</input>
                          <output>true</output>
                          <passthru>false</passthru>
                          <maxNumConnections>2147483647</maxNumConnections>
                        </connector>
                      </connectors>
                      <mainInputs/>
                      <mainOutputs/>
                      <connections/>
                      <nodes/>
                      <parent reference="../../.."/>
                      <visible>false</visible>
                    </flow>
                    <node>
                      <x>360.0</x>
                      <y>30.0</y>
                      <width>300.0</width>
                      <height>200.0</height>
                      <title>Node 1</title>
                      <valueObject>
                        <parentId>ROOT:2:2:2:0:1</parentId>
                        <storage/>
                      </valueObject>
                      <vReq class="eu.mihosoft.vrl.workflow.VisualizationRequestImpl">
                        <map class="com.sun.javafx.collections.ObservableMapWrapper">
                          <backingMap/>
                        </map>
                      </vReq>
                      <id>ROOT:2:2:2:0:1</id>
                      <connectors>
                        <connector>
                          <type>data</type>
                          <localId>0</localId>
                          <input>true</input>
                          <output>false</output>
                          <passthru>false</passthru>
                          <maxNumConnections>2147483647</maxNumConnections>
                        </connector>
                        <connector>
                          <type>data</type>
                          <localId>1</localId>
                          <input>false</input>
                          <output>true</output>
                          <passthru>false</passthru>
                          <maxNumConnections>2147483647</maxNumConnections>
                        </connector>
                      </connectors>
                      <mainInputs/>
                      <mainOutputs/>
                    </node>
                    <flow>
                      <x>690.0</x>
                      <y>30.0</y>
                      <width>300.0</width>
                      <height>200.0</height>
                      <title>Node 2</title>
                      <valueObject>
                        <parentId>ROOT:2:2:2:0:2</parentId>
                        <storage/>
                      </valueObject>
                      <vReq class="eu.mihosoft.vrl.workflow.VisualizationRequestImpl">
                        <map class="com.sun.javafx.collections.ObservableMapWrapper">
                          <backingMap/>
                        </map>
                      </vReq>
                      <id>ROOT:2:2:2:0:2</id>
                      <connectors>
                        <connector>
                          <type>event</type>
                          <localId>0</localId>
                          <input>true</input>
                          <output>false</output>
                          <passthru>false</passthru>
                          <maxNumConnections>2147483647</maxNumConnections>
                        </connector>
                        <connector>
                          <type>event</type>
                          <localId>1</localId>
                          <input>false</input>
                          <output>true</output>
                          <passthru>false</passthru>
                          <maxNumConnections>2147483647</maxNumConnections>
                        </connector>
                      </connectors>
                      <mainInputs/>
                      <mainOutputs/>
                      <connections/>
                      <nodes/>
                      <parent reference="../../.."/>
                      <visible>false</visible>
                    </flow>
                    <node>
                      <x>30.0</x>
                      <y>260.0</y>
                      <width>300.0</width>
                      <height>200.0</height>
                      <title>Node 3</title>
                      <valueObject>
                        <parentId>ROOT:2:2:2:0:3</parentId>
                        <storage/>
                      </valueObject>
                      <vReq class="eu.mihosoft.vrl.workflow.VisualizationRequestImpl">
                        <map class="com.sun.javafx.collections.ObservableMapWrapper">
                          <backingMap/>
                        </map>
                      </vReq>
                      <id>ROOT:2:2:2:0:3</id>
                      <connectors>
                        <connector>
                          <type>control</type>
                          <localId>0</localId>
                          <input>true</input>
                          <output>false</output>
                          <passthru>false</passthru>
                          <maxNumConnections>2147483647</maxNumConnections>
                        </connector>
                        <connector>
                          <type>control</type>
                          <localId>1</localId>
                          <input>false</input>
                          <output>true</output>
                          <passthru>false</passthru>
                          <maxNumConnections>2147483647</maxNumConnections>
                        </connector>
                      </connectors>
                      <mainInputs/>
                      <mainOutputs/>
                    </node>
                    <flow>
                      <x>360.0</x>
                      <y>260.0</y>
                      <width>300.0</width>
                      <height>200.0</height>
                      <title>Node 4</title>
                      <valueObject>
                        <parentId>ROOT:2:2:2:0:4</parentId>
                        <storage/>
                      </valueObject>
                      <vReq class="eu.mihosoft.vrl.workflow.VisualizationRequestImpl">
                        <map class="com.sun.javafx.collections.ObservableMapWrapper">
                          <backingMap/>
                        </map>
                      </vReq>
                      <id>ROOT:2:2:2:0:4</id>
                      <connectors>
                        <connector>
                          <type>data</type>
                          <localId>0</localId>
                          <input>true</input>
                          <output>false</output>
                          <passthru>false</passthru>
                          <maxNumConnections>2147483647</maxNumConnections>
                        </connector>
                        <connector>
                          <type>data</type>
                          <localId>1</localId>
                          <input>false</input>
                          <output>true</output>
                          <passthru>false</passthru>
                          <maxNumConnections>2147483647</maxNumConnections>
                        </connector>
                      </connectors>
                      <mainInputs/>
                      <mainOutputs/>
                      <connections/>
                      <nodes/>
                      <parent reference="../../.."/>
                      <visible>false</visible>
                    </flow>
                  </nodes>
                  <parent reference="../../.."/>
                  <visible>false</visible>
                </flow>
                <node>
                  <x>360.0</x>
                  <y>30.0</y>
                  <width>300.0</width>
                  <height>200.0</height>
                  <title>Node 1</title>
                  <valueObject>
                    <parentId>ROOT:2:2:2:1</parentId>
                    <storage/>
                  </valueObject>
                  <vReq class="eu.mihosoft.vrl.workflow.VisualizationRequestImpl">
                    <map class="com.sun.javafx.collections.ObservableMapWrapper">
                      <backingMap/>
                    </map>
                  </vReq>
                  <id>ROOT:2:2:2:1</id>
                  <connectors>
                    <connector>
                      <type>data</type>
                      <localId>0</localId>
                      <input>true</input>
                      <output>false</output>
                      <passthru>false</passthru>
                      <maxNumConnections>2147483647</maxNumConnections>
                    </connector>
                    <connector>
                      <type>data</type>
                      <localId>1</localId>
                      <input>false</input>
                      <output>true</output>
                      <passthru>false</passthru>
                      <maxNumConnections>2147483647</maxNumConnections>
                    </connector>
                  </connectors>
                  <mainInputs/>
                  <mainOutputs/>
                </node>
                <flow>
                  <x>690.0</x>
                  <y>30.0</y>
                  <width>300.0</width>
                  <height>200.0</height>
                  <title>Node 2</title>
                  <valueObject>
                    <parentId>ROOT:2:2:2:2</parentId>
                    <storage/>
                  </valueObject>
                  <vReq class="eu.mihosoft.vrl.workflow.VisualizationRequestImpl">
                    <map class="com.sun.javafx.collections.ObservableMapWrapper">
                      <backingMap/>
                    </map>
                  </vReq>
                  <id>ROOT:2:2:2:2</id>
                  <connectors>
                    <connector>
                      <type>event</type>
                      <localId>0</localId>
                      <input>true</input>
                      <output>false</output>
                      <passthru>false</passthru>
                      <maxNumConnections>2147483647</maxNumConnections>
                    </connector>
                    <connector>
                      <type>event</type>
                      <localId>1</localId>
                      <input>false</input>
                      <output>true</output>
                      <passthru>false</passthru>
                      <maxNumConnections>2147483647</maxNumConnections>
                    </connector>
                  </connectors>
                  <mainInputs/>
                  <mainOutputs/>
                  <connections>
                    <connection>
                      <id>0</id>
                      <senderId>ROOT:2:2:2:2:1:c:1</senderId>
                      <receiverId>ROOT:2:2:2:2:4:c:0</receiverId>
                      <type>data</type>
                      <vReq class="eu.mihosoft.vrl.workflow.VisualizationRequestImpl">
                        <map class="com.sun.javafx.collections.ObservableMapWrapper">
                          <backingMap/>
                        </map>
                      </vReq>
                    </connection>
                    <connection>
                      <id>0</id>
                      <senderId>ROOT:2:2:2:2:0:c:1</senderId>
                      <receiverId>ROOT:2:2:2:2:3:c:0</receiverId>
                      <type>control</type>
                      <vReq class="eu.mihosoft.vrl.workflow.VisualizationRequestImpl">
                        <map class="com.sun.javafx.collections.ObservableMapWrapper">
                          <backingMap/>
                        </map>
                      </vReq>
                    </connection>
                  </connections>
                  <nodes>
                    <flow>
                      <x>30.0</x>
                      <y>30.0</y>
                      <width>300.0</width>
                      <height>200.0</height>
                      <title>Node 0</title>
                      <valueObject>
                        <parentId>ROOT:2:2:2:2:0</parentId>
                        <storage/>
                      </valueObject>
                      <vReq class="eu.mihosoft.vrl.workflow.VisualizationRequestImpl">
                        <map class="com.sun.javafx.collections.ObservableMapWrapper">
                          <backingMap/>
                        </map>
                      </vReq>
                      <id>ROOT:2:2:2:2:0</id>
                      <connectors>
                        <connector>
                          <type>control</type>
                          <localId>0</localId>
                          <input>true</input>
                          <output>false</output>
                          <passthru>false</passthru>
                          <maxNumConnections>2147483647</maxNumConnections>
                        </connector>
                        <connector>
                          <type>control</type>
                          <localId>1</localId>
                          <input>false</input>
                          <output>true</output>
                          <passthru>false</passthru>
                          <maxNumConnections>2147483647</maxNumConnections>
                        </connector>
                      </connectors>
                      <mainInputs/>
                      <mainOutputs/>
                      <connections/>
                      <nodes/>
                      <parent reference="../../.."/>
                      <visible>false</visible>
                    </flow>
                    <node>
                      <x>360.0</x>
                      <y>30.0</y>
                      <width>300.0</width>
                      <height>200.0</height>
                      <title>Node 1</title>
                      <valueObject>
                        <parentId>ROOT:2:2:2:2:1</parentId>
                        <storage/>
                      </valueObject>
                      <vReq class="eu.mihosoft.vrl.workflow.VisualizationRequestImpl">
                        <map class="com.sun.javafx.collections.ObservableMapWrapper">
                          <backingMap/>
                        </map>
                      </vReq>
                      <id>ROOT:2:2:2:2:1</id>
                      <connectors>
                        <connector>
                          <type>data</type>
                          <localId>0</localId>
                          <input>true</input>
                          <output>false</output>
                          <passthru>false</passthru>
                          <maxNumConnections>2147483647</maxNumConnections>
                        </connector>
                        <connector>
                          <type>data</type>
                          <localId>1</localId>
                          <input>false</input>
                          <output>true</output>
                          <passthru>false</passthru>
                          <maxNumConnections>2147483647</maxNumConnections>
                        </connector>
                      </connectors>
                      <mainInputs/>
                      <mainOutputs/>
                    </node>
                    <flow>
                      <x>690.0</x>
                      <y>30.0</y>
                      <width>300.0</width>
                      <height>200.0</height>
                      <title>Node 2</title>
                      <valueObject>
                        <parentId>ROOT:2:2:2:2:2</parentId>
                        <storage/>
                      </valueObject>
                      <vReq class="eu.mihosoft.vrl.workflow.VisualizationRequestImpl">
                        <map class="com.sun.javafx.collections.ObservableMapWrapper">
                          <backingMap/>
                        </map>
                      </vReq>
                      <id>ROOT:2:2:2:2:2</id>
                      <connectors>
                        <connector>
                          <type>event</type>
                          <localId>0</localId>
                          <input>true</input>
                          <output>false</output>
                          <passthru>false</passthru>
                          <maxNumConnections>2147483647</maxNumConnections>
                        </connector>
                        <connector>
                          <type>event</type>
                          <localId>1</localId>
                          <input>false</input>
                          <output>true</output>
                          <passthru>false</passthru>
                          <maxNumConnections>2147483647</maxNumConnections>
                        </connector>
                      </connectors>
                      <mainInputs/>
                      <mainOutputs/>
                      <connections/>
                      <nodes/>
                      <parent reference="../../.."/>
                      <visible>false</visible>
                    </flow>
                    <node>
                      <x>30.0</x>
                      <y>260.0</y>
                      <width>300.0</width>
                      <height>200.0</height>
                      <title>Node 3</title>
                      <valueObject>
                        <parentId>ROOT:2:2:2:2:3</parentId>
                        <storage/>
                      </valueObject>
                      <vReq class="eu.mihosoft.vrl.workflow.VisualizationRequestImpl">
                        <map class="com.sun.javafx.collections.ObservableMapWrapper">
                          <backingMap/>
                        </map>
                      </vReq>
                      <id>ROOT:2:2:2:2:3</id>
                      <connectors>
                        <connector>
                          <type>control</type>
                          <localId>0</localId>
                          <input>true</input>
                          <output>false</output>
                          <passthru>false</passthru>
                          <maxNumConnections>2147483647</maxNumConnections>
                        </connector>
                        <connector>
                          <type>control</type>
                          <localId>1</localId>
                          <input>false</input>
                          <output>true</output>
                          <passthru>false</passthru>
                          <maxNumConnections>2147483647</maxNumConnections>
                        </connector>
                      </connectors>
                      <mainInputs/>
                      <mainOutputs/>
                    </node>
                    <flow>
                      <x>360.0</x>
                      <y>260.0</y>
                      <width>300.0</width>
                      <height>200.0</height>
                      <title>Node 4</title>
                      <valueObject>
                        <parentId>ROOT:2:2:2:2:4</parentId>
                        <storage/>
                      </valueObject>
                      <vReq class="eu.mihosoft.vrl.workflow.VisualizationRequestImpl">
                        <map class="com.sun.javafx.collections.ObservableMapWrapper">
                          <backingMap/>
                        </map>
                      </vReq>
                      <id>ROOT:2:2:2:2:4</id>
                      <connectors>
                        <connector>
                          <type>data</type>
                          <localId>0</localId>
                          <input>true</input>
                          <output>false</output>
                          <passthru>false</passthru>
                          <maxNumConnections>2147483647</maxNumConnections>
                        </connector>
                        <connector>
                          <type>data</type>
                          <localId>1</localId>
                          <input>false</input>
                          <output>true</output>
                          <passthru>false</passthru>
                          <maxNumConnections>2147483647</maxNumConnections>
                        </connector>
                      </connectors>
                      <mainInputs/>
                      <mainOutputs/>
                      <connections/>
                      <nodes/>
                      <parent reference="../../.."/>
                      <visible>false</visible>
                    </flow>
                  </nodes>
                  <parent reference="../../.."/>
                  <visible>false</visible>
                </flow>
                <node>
                  <x>30.0</x>
                  <y>260.0</y>
                  <width>300.0</width>
                  <height>200.0</height>
                  <title>Node 3</title>
                  <valueObject>
                    <parentId>ROOT:2:2:2:3</parentId>
                    <storage/>
                  </valueObject>
                  <vReq class="eu.mihosoft.vrl.workflow.VisualizationRequestImpl">
                    <map class="com.sun.javafx.collections.ObservableMapWrapper">
                      <backingMap/>
                    </map>
                  </vReq>
                  <id>ROOT:2:2:2:3</id>
                  <connectors>
                    <connector>
                      <type>control</type>
                      <localId>0</localId>
                      <input>true</input>
                      <output>false</output>
                      <passthru>false</passthru>
                      <maxNumConnections>2147483647</maxNumConnections>
                    </connector>
                    <connector>
                      <type>control</type>
                      <localId>1</localId>
                      <input>false</input>
                      <output>true</output>
                      <passthru>false</passthru>
                      <maxNumConnections>2147483647</maxNumConnections>
                    </connector>
                  </connectors>
                  <mainInputs/>
                  <mainOutputs/>
                </node>
                <flow>
                  <x>360.0</x>
                  <y>260.0</y>
                  <width>300.0</width>
                  <height>200.0</height>
                  <title>Node 4</title>
                  <valueObject>
                    <parentId>ROOT:2:2:2:4</parentId>
                    <storage/>
                  </valueObject>
                  <vReq class="eu.mihosoft.vrl.workflow.VisualizationRequestImpl">
                    <map class="com.sun.javafx.collections.ObservableMapWrapper">
                      <backingMap/>
                    </map>
                  </vReq>
                  <id>ROOT:2:2:2:4</id>
                  <connectors>
                    <connector>
                      <type>data</type>
                      <localId>0</localId>
                      <input>true</input>
                      <output>false</output>
                      <passthru>false</passthru>
                      <maxNumConnections>2147483647</maxNumConnections>
                    </connector>
                    <connector>
                      <type>data</type>
                      <localId>1</localId>
                      <input>false</input>
                      <output>true</output>
                      <passthru>false</passthru>
                      <maxNumConnections>2147483647</maxNumConnections>
                    </connector>
                  </connectors>
                  <mainInputs/>
                  <mainOutputs/>
                  <connections>
                    <connection>
                      <id>0</id>
                      <senderId>ROOT:2:2:2:4:1:c:1</senderId>
                      <receiverId>ROOT:2:2:2:4:4:c:0</receiverId>
                      <type>data</type>
                      <vReq class="eu.mihosoft.vrl.workflow.VisualizationRequestImpl">
                        <map class="com.sun.javafx.collections.ObservableMapWrapper">
                          <backingMap/>
                        </map>
                      </vReq>
                    </connection>
                    <connection>
                      <id>0</id>
                      <senderId>ROOT:2:2:2:4:0:c:1</senderId>
                      <receiverId>ROOT:2:2:2:4:3:c:0</receiverId>
                      <type>control</type>
                      <vReq class="eu.mihosoft.vrl.workflow.VisualizationRequestImpl">
                        <map class="com.sun.javafx.collections.ObservableMapWrapper">
                          <backingMap/>
                        </map>
                      </vReq>
                    </connection>
                  </connections>
                  <nodes>
                    <flow>
                      <x>30.0</x>
                      <y>30.0</y>
                      <width>300.0</width>
                      <height>200.0</height>
                      <title>Node 0</title>
                      <valueObject>
                        <parentId>ROOT:2:2:2:4:0</parentId>
                        <storage/>
                      </valueObject>
                      <vReq class="eu.mihosoft.vrl.workflow.VisualizationRequestImpl">
                        <map class="com.sun.javafx.collections.ObservableMapWrapper">
                          <backingMap/>
                        </map>
                      </vReq>
                      <id>ROOT:2:2:2:4:0</id>
                      <connectors>
                        <connector>
                          <type>control</type>
                          <localId>0</localId>
                          <input>true</input>
                          <output>false</output>
                          <passthru>false</passthru>
                          <maxNumConnections>2147483647</maxNumConnections>
                        </connector>
                        <connector>
                          <type>control</type>
                          <localId>1</localId>
                          <input>false</input>
                          <output>true</output>
                          <passthru>false</passthru>
                          <maxNumConnections>2147483647</maxNumConnections>
                        </connector>
                      </connectors>
                      <mainInputs/>
                      <mainOutputs/>
                      <connections/>
                      <nodes/>
                      <parent reference="../../.."/>
                      <visible>false</visible>
                    </flow>
                    <node>
                      <x>360.0</x>
                      <y>30.0</y>
                      <width>300.0</width>
                      <height>200.0</height>
                      <title>Node 1</title>
                      <valueObject>
                        <parentId>ROOT:2:2:2:4:1</parentId>
                        <storage/>
                      </valueObject>
                      <vReq class="eu.mihosoft.vrl.workflow.VisualizationRequestImpl">
                        <map class="com.sun.javafx.collections.ObservableMapWrapper">
                          <backingMap/>
                        </map>
                      </vReq>
                      <id>ROOT:2:2:2:4:1</id>
                      <connectors>
                        <connector>
                          <type>data</type>
                          <localId>0</localId>
                          <input>true</input>
                          <output>false</output>
                          <passthru>false</passthru>
                          <maxNumConnections>2147483647</maxNumConnections>
                        </connector>
                        <connector>
                          <type>data</type>
                          <localId>1</localId>
                          <input>false</input>
                          <output>true</output>
                          <passthru>false</passthru>
                          <maxNumConnections>2147483647</maxNumConnections>
                        </connector>
                      </connectors>
                      <mainInputs/>
                      <mainOutputs/>
                    </node>
                    <flow>
                      <x>690.0</x>
                      <y>30.0</y>
                      <width>300.0</width>
                      <height>200.0</height>
                      <title>Node 2</title>
                      <valueObject>
                        <parentId>ROOT:2:2:2:4:2</parentId>
                        <storage/>
                      </valueObject>
                      <vReq class="eu.mihosoft.vrl.workflow.VisualizationRequestImpl">
                        <map class="com.sun.javafx.collections.ObservableMapWrapper">
                          <backingMap/>
                        </map>
                      </vReq>
                      <id>ROOT:2:2:2:4:2</id>
                      <connectors>
                        <connector>
                          <type>event</type>
                          <localId>0</localId>
                          <input>true</input>
                          <output>false</output>
                          <passthru>false</passthru>
                          <maxNumConnections>2147483647</maxNumConnections>
                        </connector>
                        <connector>
                          <type>event</type>
                          <localId>1</localId>
                          <input>false</input>
                          <output>true</output>
                          <passthru>false</passthru>
                          <maxNumConnections>2147483647</maxNumConnections>
                        </connector>
                      </connectors>
                      <mainInputs/>
                      <mainOutputs/>
                      <connections/>
                      <nodes/>
                      <parent reference="../../.."/>
                      <visible>false</visible>
                    </flow>
                    <node>
                      <x>30.0</x>
                      <y>260.0</y>
                      <width>300.0</width>
                      <height>200.0</height>
                      <title>Node 3</title>
                      <valueObject>
                        <parentId>ROOT:2:2:2:4:3</parentId>
                        <storage/>
                      </valueObject>
                      <vReq class="eu.mihosoft.vrl.workflow.VisualizationRequestImpl">
                        <map class="com.sun.javafx.collections.ObservableMapWrapper">
                          <backingMap/>
                        </map>
                      </vReq>
                      <id>ROOT:2:2:2:4:3</id>
                      <connectors>
                        <connector>
                          <type>control</type>
                          <localId>0</localId>
                          <input>true</input>
                          <output>false</output>
                          <passthru>false</passthru>
                          <maxNumConnections>2147483647</maxNumConnections>
                        </connector>
                        <connector>
                          <type>control</type>
                          <localId>1</localId>
                          <input>false</input>
                          <output>true</output>
                          <passthru>false</passthru>
                          <maxNumConnections>2147483647</maxNumConnections>
                        </connector>
                      </connectors>
                      <mainInputs/>
                      <mainOutputs/>
                    </node>
                    <flow>
                      <x>360.0</x>
                      <y>260.0</y>
                      <width>300.0</width>
                      <height>200.0</height>
                      <title>Node 4</title>
                      <valueObject>
                        <parentId>ROOT:2:2:2:4:4</parentId>
                        <storage/>
                      </valueObject>
                      <vReq class="eu.mihosoft.vrl.workflow.VisualizationRequestImpl">
                        <map class="com.sun.javafx.collections.ObservableMapWrapper">
                          <backingMap/>
                        </map>
                      </vReq>
                      <id>ROOT:2:2:2:4:4</id>
                      <connectors>
                        <connector>
                          <type>data</type>
                          <localId>0</localId>
                          <input>true</input>
                          <output>false</output>
                          <passthru>false</passthru>
                          <maxNumConnections>2147483647</maxNumConnections>
                        </connector>
                        <connector>
                          <type>data</type>
                          <localId>1</localId>
                          <input>false</input>
                          <output>true</output>
                          <passthru>false</passthru>
                          <maxNumConnections>2147483647</maxNumConnections>
                        </connector>
                      </connectors>
                      <mainInputs/>
                      <mainOutputs/>
                      <connections/>
                      <nodes/>
                      <parent reference="../../.."/>
                      <visible>false</visible>
                    </flow>
                  </nodes>
                  <parent reference="../../.."/>
                  <visible>false</visible>
                </flow>
              </nodes>
              <parent reference="../../.."/>
              <visible>false</visible>
            </flow>
            <node>
              <x>30.0</x>
              <y>260.0</y>
              <width>300.0</width>
              <height>200.0</height>
              <title>Node 3</title>
              <valueObject>
                <parentId>ROOT:2:2:3</parentId>
                <storage/>
              </valueObject>
              <vReq class="eu.mihosoft.vrl.workflow.VisualizationRequestImpl">
                <map class="com.sun.javafx.collections.ObservableMapWrapper">
                  <backingMap/>
                </map>
              </vReq>
              <id>ROOT:2:2:3</id>
              <connectors>
                <connector>
                  <type>control</type>
                  <localId>0</localId>
                  <input>true</input>
                  <output>false</output>
                  <passthru>false</passthru>
                  <maxNumConnections>2147483647</maxNumConnections>
                </connector>
                <connector>
                  <type>control</type>
                  <localId>1</localId>
                  <input>false</input>
                  <output>true</output>
                  <passthru>false</passthru>
                  <maxNumConnections>2147483647</maxNumConnections>
                </connector>
              </connectors>
              <mainInputs/>
              <mainOutputs/>
            </node>
            <flow>
              <x>360.0</x>
              <y>260.0</y>
              <width>300.0</width>
              <height>200.0</height>
              <title>Node 4</title>
              <valueObject>
                <parentId>ROOT:2:2:4</parentId>
                <storage/>
              </valueObject>
              <vReq class="eu.mihosoft.vrl.workflow.VisualizationRequestImpl">
                <map class="com.sun.javafx.collections.ObservableMapWrapper">
                  <backingMap/>
                </map>
              </vReq>
              <id>ROOT:2:2:4</id>
              <connectors>
                <connector>
                  <type>data</type>
                  <localId>0</localId>
                  <input>true</input>
                  <output>false</output>
                  <passthru>false</passthru>
                  <maxNumConnections>2147483647</maxNumConnections>
                </connector>
                <connector>
                  <type>data</type>
                  <localId>1</localId>
                  <input>false</input>
                  <output>true</output>
                  <passthru>false</passthru>
                  <maxNumConnections>2147483647</maxNumConnections>
                </connector>
              </connectors>
              <mainInputs/>
              <mainOutputs/>
              <connections>
                <connection>
                  <id>0</id>
                  <senderId>ROOT:2:2:4:1:c:1</senderId>
                  <receiverId>ROOT:2:2:4:4:c:0</receiverId>
                  <type>data</type>
                  <vReq class="eu.mihosoft.vrl.workflow.VisualizationRequestImpl">
                    <map class="com.sun.javafx.collections.ObservableMapWrapper">
                      <backingMap/>
                    </map>
                  </vReq>
                </connection>
                <connection>
                  <id>0</id>
                  <senderId>ROOT:2:2:4:0:c:1</senderId>
                  <receiverId>ROOT:2:2:4:3:c:0</receiverId>
                  <type>control</type>
                  <vReq class="eu.mihosoft.vrl.workflow.VisualizationRequestImpl">
                    <map class="com.sun.javafx.collections.ObservableMapWrapper">
                      <backingMap/>
                    </map>
                  </vReq>
                </connection>
              </connections>
              <nodes>
                <flow>
                  <x>30.0</x>
                  <y>30.0</y>
                  <width>300.0</width>
                  <height>200.0</height>
                  <title>Node 0</title>
                  <valueObject>
                    <parentId>ROOT:2:2:4:0</parentId>
                    <storage/>
                  </valueObject>
                  <vReq class="eu.mihosoft.vrl.workflow.VisualizationRequestImpl">
                    <map class="com.sun.javafx.collections.ObservableMapWrapper">
                      <backingMap/>
                    </map>
                  </vReq>
                  <id>ROOT:2:2:4:0</id>
                  <connectors>
                    <connector>
                      <type>control</type>
                      <localId>0</localId>
                      <input>true</input>
                      <output>false</output>
                      <passthru>false</passthru>
                      <maxNumConnections>2147483647</maxNumConnections>
                    </connector>
                    <connector>
                      <type>control</type>
                      <localId>1</localId>
                      <input>false</input>
                      <output>true</output>
                      <passthru>false</passthru>
                      <maxNumConnections>2147483647</maxNumConnections>
                    </connector>
                  </connectors>
                  <mainInputs/>
                  <mainOutputs/>
                  <connections>
                    <connection>
                      <id>0</id>
                      <senderId>ROOT:2:2:4:0:1:c:1</senderId>
                      <receiverId>ROOT:2:2:4:0:4:c:0</receiverId>
                      <type>data</type>
                      <vReq class="eu.mihosoft.vrl.workflow.VisualizationRequestImpl">
                        <map class="com.sun.javafx.collections.ObservableMapWrapper">
                          <backingMap/>
                        </map>
                      </vReq>
                    </connection>
                    <connection>
                      <id>0</id>
                      <senderId>ROOT:2:2:4:0:0:c:1</senderId>
                      <receiverId>ROOT:2:2:4:0:3:c:0</receiverId>
                      <type>control</type>
                      <vReq class="eu.mihosoft.vrl.workflow.VisualizationRequestImpl">
                        <map class="com.sun.javafx.collections.ObservableMapWrapper">
                          <backingMap/>
                        </map>
                      </vReq>
                    </connection>
                  </connections>
                  <nodes>
                    <flow>
                      <x>30.0</x>
                      <y>30.0</y>
                      <width>300.0</width>
                      <height>200.0</height>
                      <title>Node 0</title>
                      <valueObject>
                        <parentId>ROOT:2:2:4:0:0</parentId>
                        <storage/>
                      </valueObject>
                      <vReq class="eu.mihosoft.vrl.workflow.VisualizationRequestImpl">
                        <map class="com.sun.javafx.collections.ObservableMapWrapper">
                          <backingMap/>
                        </map>
                      </vReq>
                      <id>ROOT:2:2:4:0:0</id>
                      <connectors>
                        <connector>
                          <type>control</type>
                          <localId>0</localId>
                          <input>true</input>
                          <output>false</output>
                          <passthru>false</passthru>
                          <maxNumConnections>2147483647</maxNumConnections>
                        </connector>
                        <connector>
                          <type>control</type>
                          <localId>1</localId>
                          <input>false</input>
                          <output>true</output>
                          <passthru>false</passthru>
                          <maxNumConnections>2147483647</maxNumConnections>
                        </connector>
                      </connectors>
                      <mainInputs/>
                      <mainOutputs/>
                      <connections/>
                      <nodes/>
                      <parent reference="../../.."/>
                      <visible>false</visible>
                    </flow>
                    <node>
                      <x>360.0</x>
                      <y>30.0</y>
                      <width>300.0</width>
                      <height>200.0</height>
                      <title>Node 1</title>
                      <valueObject>
                        <parentId>ROOT:2:2:4:0:1</parentId>
                        <storage/>
                      </valueObject>
                      <vReq class="eu.mihosoft.vrl.workflow.VisualizationRequestImpl">
                        <map class="com.sun.javafx.collections.ObservableMapWrapper">
                          <backingMap/>
                        </map>
                      </vReq>
                      <id>ROOT:2:2:4:0:1</id>
                      <connectors>
                        <connector>
                          <type>data</type>
                          <localId>0</localId>
                          <input>true</input>
                          <output>false</output>
                          <passthru>false</passthru>
                          <maxNumConnections>2147483647</maxNumConnections>
                        </connector>
                        <connector>
                          <type>data</type>
                          <localId>1</localId>
                          <input>false</input>
                          <output>true</output>
                          <passthru>false</passthru>
                          <maxNumConnections>2147483647</maxNumConnections>
                        </connector>
                      </connectors>
                      <mainInputs/>
                      <mainOutputs/>
                    </node>
                    <flow>
                      <x>690.0</x>
                      <y>30.0</y>
                      <width>300.0</width>
                      <height>200.0</height>
                      <title>Node 2</title>
                      <valueObject>
                        <parentId>ROOT:2:2:4:0:2</parentId>
                        <storage/>
                      </valueObject>
                      <vReq class="eu.mihosoft.vrl.workflow.VisualizationRequestImpl">
                        <map class="com.sun.javafx.collections.ObservableMapWrapper">
                          <backingMap/>
                        </map>
                      </vReq>
                      <id>ROOT:2:2:4:0:2</id>
                      <connectors>
                        <connector>
                          <type>event</type>
                          <localId>0</localId>
                          <input>true</input>
                          <output>false</output>
                          <passthru>false</passthru>
                          <maxNumConnections>2147483647</maxNumConnections>
                        </connector>
                        <connector>
                          <type>event</type>
                          <localId>1</localId>
                          <input>false</input>
                          <output>true</output>
                          <passthru>false</passthru>
                          <maxNumConnections>2147483647</maxNumConnections>
                        </connector>
                      </connectors>
                      <mainInputs/>
                      <mainOutputs/>
                      <connections/>
                      <nodes/>
                      <parent reference="../../.."/>
                      <visible>false</visible>
                    </flow>
                    <node>
                      <x>30.0</x>
                      <y>260.0</y>
                      <width>300.0</width>
                      <height>200.0</height>
                      <title>Node 3</title>
                      <valueObject>
                        <parentId>ROOT:2:2:4:0:3</parentId>
                        <storage/>
                      </valueObject>
                      <vReq class="eu.mihosoft.vrl.workflow.VisualizationRequestImpl">
                        <map class="com.sun.javafx.collections.ObservableMapWrapper">
                          <backingMap/>
                        </map>
                      </vReq>
                      <id>ROOT:2:2:4:0:3</id>
                      <connectors>
                        <connector>
                          <type>control</type>
                          <localId>0</localId>
                          <input>true</input>
                          <output>false</output>
                          <passthru>false</passthru>
                          <maxNumConnections>2147483647</maxNumConnections>
                        </connector>
                        <connector>
                          <type>control</type>
                          <localId>1</localId>
                          <input>false</input>
                          <output>true</output>
                          <passthru>false</passthru>
                          <maxNumConnections>2147483647</maxNumConnections>
                        </connector>
                      </connectors>
                      <mainInputs/>
                      <mainOutputs/>
                    </node>
                    <flow>
                      <x>360.0</x>
                      <y>260.0</y>
                      <width>300.0</width>
                      <height>200.0</height>
                      <title>Node 4</title>
                      <valueObject>
                        <parentId>ROOT:2:2:4:0:4</parentId>
                        <storage/>
                      </valueObject>
                      <vReq class="eu.mihosoft.vrl.workflow.VisualizationRequestImpl">
                        <map class="com.sun.javafx.collections.ObservableMapWrapper">
                          <backingMap/>
                        </map>
                      </vReq>
                      <id>ROOT:2:2:4:0:4</id>
                      <connectors>
                        <connector>
                          <type>data</type>
                          <localId>0</localId>
                          <input>true</input>
                          <output>false</output>
                          <passthru>false</passthru>
                          <maxNumConnections>2147483647</maxNumConnections>
                        </connector>
                        <connector>
                          <type>data</type>
                          <localId>1</localId>
                          <input>false</input>
                          <output>true</output>
                          <passthru>false</passthru>
                          <maxNumConnections>2147483647</maxNumConnections>
                        </connector>
                      </connectors>
                      <mainInputs/>
                      <mainOutputs/>
                      <connections/>
                      <nodes/>
                      <parent reference="../../.."/>
                      <visible>false</visible>
                    </flow>
                  </nodes>
                  <parent reference="../../.."/>
                  <visible>false</visible>
                </flow>
                <node>
                  <x>360.0</x>
                  <y>30.0</y>
                  <width>300.0</width>
                  <height>200.0</height>
                  <title>Node 1</title>
                  <valueObject>
                    <parentId>ROOT:2:2:4:1</parentId>
                    <storage/>
                  </valueObject>
                  <vReq class="eu.mihosoft.vrl.workflow.VisualizationRequestImpl">
                    <map class="com.sun.javafx.collections.ObservableMapWrapper">
                      <backingMap/>
                    </map>
                  </vReq>
                  <id>ROOT:2:2:4:1</id>
                  <connectors>
                    <connector>
                      <type>data</type>
                      <localId>0</localId>
                      <input>true</input>
                      <output>false</output>
                      <passthru>false</passthru>
                      <maxNumConnections>2147483647</maxNumConnections>
                    </connector>
                    <connector>
                      <type>data</type>
                      <localId>1</localId>
                      <input>false</input>
                      <output>true</output>
                      <passthru>false</passthru>
                      <maxNumConnections>2147483647</maxNumConnections>
                    </connector>
                  </connectors>
                  <mainInputs/>
                  <mainOutputs/>
                </node>
                <flow>
                  <x>690.0</x>
                  <y>30.0</y>
                  <width>300.0</width>
                  <height>200.0</height>
                  <title>Node 2</title>
                  <valueObject>
                    <parentId>ROOT:2:2:4:2</parentId>
                    <storage/>
                  </valueObject>
                  <vReq class="eu.mihosoft.vrl.workflow.VisualizationRequestImpl">
                    <map class="com.sun.javafx.collections.ObservableMapWrapper">
                      <backingMap/>
                    </map>
                  </vReq>
                  <id>ROOT:2:2:4:2</id>
                  <connectors>
                    <connector>
                      <type>event</type>
                      <localId>0</localId>
                      <input>true</input>
                      <output>false</output>
                      <passthru>false</passthru>
                      <maxNumConnections>2147483647</maxNumConnections>
                    </connector>
                    <connector>
                      <type>event</type>
                      <localId>1</localId>
                      <input>false</input>
                      <output>true</output>
                      <passthru>false</passthru>
                      <maxNumConnections>2147483647</maxNumConnections>
                    </connector>
                  </connectors>
                  <mainInputs/>
                  <mainOutputs/>
                  <connections>
                    <connection>
                      <id>0</id>
                      <senderId>ROOT:2:2:4:2:1:c:1</senderId>
                      <receiverId>ROOT:2:2:4:2:4:c:0</receiverId>
                      <type>data</type>
                      <vReq class="eu.mihosoft.vrl.workflow.VisualizationRequestImpl">
                        <map class="com.sun.javafx.collections.ObservableMapWrapper">
                          <backingMap/>
                        </map>
                      </vReq>
                    </connection>
                    <connection>
                      <id>0</id>
                      <senderId>ROOT:2:2:4:2:0:c:1</senderId>
                      <receiverId>ROOT:2:2:4:2:3:c:0</receiverId>
                      <type>control</type>
                      <vReq class="eu.mihosoft.vrl.workflow.VisualizationRequestImpl">
                        <map class="com.sun.javafx.collections.ObservableMapWrapper">
                          <backingMap/>
                        </map>
                      </vReq>
                    </connection>
                  </connections>
                  <nodes>
                    <flow>
                      <x>30.0</x>
                      <y>30.0</y>
                      <width>300.0</width>
                      <height>200.0</height>
                      <title>Node 0</title>
                      <valueObject>
                        <parentId>ROOT:2:2:4:2:0</parentId>
                        <storage/>
                      </valueObject>
                      <vReq class="eu.mihosoft.vrl.workflow.VisualizationRequestImpl">
                        <map class="com.sun.javafx.collections.ObservableMapWrapper">
                          <backingMap/>
                        </map>
                      </vReq>
                      <id>ROOT:2:2:4:2:0</id>
                      <connectors>
                        <connector>
                          <type>control</type>
                          <localId>0</localId>
                          <input>true</input>
                          <output>false</output>
                          <passthru>false</passthru>
                          <maxNumConnections>2147483647</maxNumConnections>
                        </connector>
                        <connector>
                          <type>control</type>
                          <localId>1</localId>
                          <input>false</input>
                          <output>true</output>
                          <passthru>false</passthru>
                          <maxNumConnections>2147483647</maxNumConnections>
                        </connector>
                      </connectors>
                      <mainInputs/>
                      <mainOutputs/>
                      <connections/>
                      <nodes/>
                      <parent reference="../../.."/>
                      <visible>false</visible>
                    </flow>
                    <node>
                      <x>360.0</x>
                      <y>30.0</y>
                      <width>300.0</width>
                      <height>200.0</height>
                      <title>Node 1</title>
                      <valueObject>
                        <parentId>ROOT:2:2:4:2:1</parentId>
                        <storage/>
                      </valueObject>
                      <vReq class="eu.mihosoft.vrl.workflow.VisualizationRequestImpl">
                        <map class="com.sun.javafx.collections.ObservableMapWrapper">
                          <backingMap/>
                        </map>
                      </vReq>
                      <id>ROOT:2:2:4:2:1</id>
                      <connectors>
                        <connector>
                          <type>data</type>
                          <localId>0</localId>
                          <input>true</input>
                          <output>false</output>
                          <passthru>false</passthru>
                          <maxNumConnections>2147483647</maxNumConnections>
                        </connector>
                        <connector>
                          <type>data</type>
                          <localId>1</localId>
                          <input>false</input>
                          <output>true</output>
                          <passthru>false</passthru>
                          <maxNumConnections>2147483647</maxNumConnections>
                        </connector>
                      </connectors>
                      <mainInputs/>
                      <mainOutputs/>
                    </node>
                    <flow>
                      <x>690.0</x>
                      <y>30.0</y>
                      <width>300.0</width>
                      <height>200.0</height>
                      <title>Node 2</title>
                      <valueObject>
                        <parentId>ROOT:2:2:4:2:2</parentId>
                        <storage/>
                      </valueObject>
                      <vReq class="eu.mihosoft.vrl.workflow.VisualizationRequestImpl">
                        <map class="com.sun.javafx.collections.ObservableMapWrapper">
                          <backingMap/>
                        </map>
                      </vReq>
                      <id>ROOT:2:2:4:2:2</id>
                      <connectors>
                        <connector>
                          <type>event</type>
                          <localId>0</localId>
                          <input>true</input>
                          <output>false</output>
                          <passthru>false</passthru>
                          <maxNumConnections>2147483647</maxNumConnections>
                        </connector>
                        <connector>
                          <type>event</type>
                          <localId>1</localId>
                          <input>false</input>
                          <output>true</output>
                          <passthru>false</passthru>
                          <maxNumConnections>2147483647</maxNumConnections>
                        </connector>
                      </connectors>
                      <mainInputs/>
                      <mainOutputs/>
                      <connections/>
                      <nodes/>
                      <parent reference="../../.."/>
                      <visible>false</visible>
                    </flow>
                    <node>
                      <x>30.0</x>
                      <y>260.0</y>
                      <width>300.0</width>
                      <height>200.0</height>
                      <title>Node 3</title>
                      <valueObject>
                        <parentId>ROOT:2:2:4:2:3</parentId>
                        <storage/>
                      </valueObject>
                      <vReq class="eu.mihosoft.vrl.workflow.VisualizationRequestImpl">
                        <map class="com.sun.javafx.collections.ObservableMapWrapper">
                          <backingMap/>
                        </map>
                      </vReq>
                      <id>ROOT:2:2:4:2:3</id>
                      <connectors>
                        <connector>
                          <type>control</type>
                          <localId>0</localId>
                          <input>true</input>
                          <output>false</output>
                          <passthru>false</passthru>
                          <maxNumConnections>2147483647</maxNumConnections>
                        </connector>
                        <connector>
                          <type>control</type>
                          <localId>1</localId>
                          <input>false</input>
                          <output>true</output>
                          <passthru>false</passthru>
                          <maxNumConnections>2147483647</maxNumConnections>
                        </connector>
                      </connectors>
                      <mainInputs/>
                      <mainOutputs/>
                    </node>
                    <flow>
                      <x>360.0</x>
                      <y>260.0</y>
                      <width>300.0</width>
                      <height>200.0</height>
                      <title>Node 4</title>
                      <valueObject>
                        <parentId>ROOT:2:2:4:2:4</parentId>
                        <storage/>
                      </valueObject>
                      <vReq class="eu.mihosoft.vrl.workflow.VisualizationRequestImpl">
                        <map class="com.sun.javafx.collections.ObservableMapWrapper">
                          <backingMap/>
                        </map>
                      </vReq>
                      <id>ROOT:2:2:4:2:4</id>
                      <connectors>
                        <connector>
                          <type>data</type>
                          <localId>0</localId>
                          <input>true</input>
                          <output>false</output>
                          <passthru>false</passthru>
                          <maxNumConnections>2147483647</maxNumConnections>
                        </connector>
                        <connector>
                          <type>data</type>
                          <localId>1</localId>
                          <input>false</input>
                          <output>true</output>
                          <passthru>false</passthru>
                          <maxNumConnections>2147483647</maxNumConnections>
                        </connector>
                      </connectors>
                      <mainInputs/>
                      <mainOutputs/>
                      <connections/>
                      <nodes/>
                      <parent reference="../../.."/>
                      <visible>false</visible>
                    </flow>
                  </nodes>
                  <parent reference="../../.."/>
                  <visible>false</visible>
                </flow>
                <node>
                  <x>30.0</x>
                  <y>260.0</y>
                  <width>300.0</width>
                  <height>200.0</height>
                  <title>Node 3</title>
                  <valueObject>
                    <parentId>ROOT:2:2:4:3</parentId>
                    <storage/>
                  </valueObject>
                  <vReq class="eu.mihosoft.vrl.workflow.VisualizationRequestImpl">
                    <map class="com.sun.javafx.collections.ObservableMapWrapper">
                      <backingMap/>
                    </map>
                  </vReq>
                  <id>ROOT:2:2:4:3</id>
                  <connectors>
                    <connector>
                      <type>control</type>
                      <localId>0</localId>
                      <input>true</input>
                      <output>false</output>
                      <passthru>false</passthru>
                      <maxNumConnections>2147483647</maxNumConnections>
                    </connector>
                    <connector>
                      <type>control</type>
                      <localId>1</localId>
                      <input>false</input>
                      <output>true</output>
                      <passthru>false</passthru>
                      <maxNumConnections>2147483647</maxNumConnections>
                    </connector>
                  </connectors>
                  <mainInputs/>
                  <mainOutputs/>
                </node>
                <flow>
                  <x>360.0</x>
                  <y>260.0</y>
                  <width>300.0</width>
                  <height>200.0</height>
                  <title>Node 4</title>
                  <valueObject>
                    <parentId>ROOT:2:2:4:4</parentId>
                    <storage/>
                  </valueObject>
                  <vReq class="eu.mihosoft.vrl.workflow.VisualizationRequestImpl">
                    <map class="com.sun.javafx.collections.ObservableMapWrapper">
                      <backingMap/>
                    </map>
                  </vReq>
                  <id>ROOT:2:2:4:4</id>
                  <connectors>
                    <connector>
                      <type>data</type>
                      <localId>0</localId>
                      <input>true</input>
                      <output>false</output>
                      <passthru>false</passthru>
                      <maxNumConnections>2147483647</maxNumConnections>
                    </connector>
                    <connector>
                      <type>data</type>
                      <localId>1</localId>
                      <input>false</input>
                      <output>true</output>
                      <passthru>false</passthru>
                      <maxNumConnections>2147483647</maxNumConnections>
                    </connector>
                  </connectors>
                  <mainInputs/>
                  <mainOutputs/>
                  <connections>
                    <connection>
                      <id>0</id>
                      <senderId>ROOT:2:2:4:4:1:c:1</senderId>
                      <receiverId>ROOT:2:2:4:4:4:c:0</receiverId>
                      <type>data</type>
                      <vReq class="eu.mihosoft.vrl.workflow.VisualizationRequestImpl">
                        <map class="com.sun.javafx.collections.ObservableMapWrapper">
                          <backingMap/>
                        </map>
                      </vReq>
                    </connection>
                    <connection>
                      <id>0</id>
                      <senderId>ROOT:2:2:4:4:0:c:1</senderId>
                      <receiverId>ROOT:2:2:4:4:3:c:0</receiverId>
                      <type>control</type>
                      <vReq class="eu.mihosoft.vrl.workflow.VisualizationRequestImpl">
                        <map class="com.sun.javafx.collections.ObservableMapWrapper">
                          <backingMap/>
                        </map>
                      </vReq>
                    </connection>
                  </connections>
                  <nodes>
                    <flow>
                      <x>30.0</x>
                      <y>30.0</y>
                      <width>300.0</width>
                      <height>200.0</height>
                      <title>Node 0</title>
                      <valueObject>
                        <parentId>ROOT:2:2:4:4:0</parentId>
                        <storage/>
                      </valueObject>
                      <vReq class="eu.mihosoft.vrl.workflow.VisualizationRequestImpl">
                        <map class="com.sun.javafx.collections.ObservableMapWrapper">
                          <backingMap/>
                        </map>
                      </vReq>
                      <id>ROOT:2:2:4:4:0</id>
                      <connectors>
                        <connector>
                          <type>control</type>
                          <localId>0</localId>
                          <input>true</input>
                          <output>false</output>
                          <passthru>false</passthru>
                          <maxNumConnections>2147483647</maxNumConnections>
                        </connector>
                        <connector>
                          <type>control</type>
                          <localId>1</localId>
                          <input>false</input>
                          <output>true</output>
                          <passthru>false</passthru>
                          <maxNumConnections>2147483647</maxNumConnections>
                        </connector>
                      </connectors>
                      <mainInputs/>
                      <mainOutputs/>
                      <connections/>
                      <nodes/>
                      <parent reference="../../.."/>
                      <visible>false</visible>
                    </flow>
                    <node>
                      <x>360.0</x>
                      <y>30.0</y>
                      <width>300.0</width>
                      <height>200.0</height>
                      <title>Node 1</title>
                      <valueObject>
                        <parentId>ROOT:2:2:4:4:1</parentId>
                        <storage/>
                      </valueObject>
                      <vReq class="eu.mihosoft.vrl.workflow.VisualizationRequestImpl">
                        <map class="com.sun.javafx.collections.ObservableMapWrapper">
                          <backingMap/>
                        </map>
                      </vReq>
                      <id>ROOT:2:2:4:4:1</id>
                      <connectors>
                        <connector>
                          <type>data</type>
                          <localId>0</localId>
                          <input>true</input>
                          <output>false</output>
                          <passthru>false</passthru>
                          <maxNumConnections>2147483647</maxNumConnections>
                        </connector>
                        <connector>
                          <type>data</type>
                          <localId>1</localId>
                          <input>false</input>
                          <output>true</output>
                          <passthru>false</passthru>
                          <maxNumConnections>2147483647</maxNumConnections>
                        </connector>
                      </connectors>
                      <mainInputs/>
                      <mainOutputs/>
                    </node>
                    <flow>
                      <x>690.0</x>
                      <y>30.0</y>
                      <width>300.0</width>
                      <height>200.0</height>
                      <title>Node 2</title>
                      <valueObject>
                        <parentId>ROOT:2:2:4:4:2</parentId>
                        <storage/>
                      </valueObject>
                      <vReq class="eu.mihosoft.vrl.workflow.VisualizationRequestImpl">
                        <map class="com.sun.javafx.collections.ObservableMapWrapper">
                          <backingMap/>
                        </map>
                      </vReq>
                      <id>ROOT:2:2:4:4:2</id>
                      <connectors>
                        <connector>
                          <type>event</type>
                          <localId>0</localId>
                          <input>true</input>
                          <output>false</output>
                          <passthru>false</passthru>
                          <maxNumConnections>2147483647</maxNumConnections>
                        </connector>
                        <connector>
                          <type>event</type>
                          <localId>1</localId>
                          <input>false</input>
                          <output>true</output>
                          <passthru>false</passthru>
                          <maxNumConnections>2147483647</maxNumConnections>
                        </connector>
                      </connectors>
                      <mainInputs/>
                      <mainOutputs/>
                      <connections/>
                      <nodes/>
                      <parent reference="../../.."/>
                      <visible>false</visible>
                    </flow>
                    <node>
                      <x>30.0</x>
                      <y>260.0</y>
                      <width>300.0</width>
                      <height>200.0</height>
                      <title>Node 3</title>
                      <valueObject>
                        <parentId>ROOT:2:2:4:4:3</parentId>
                        <storage/>
                      </valueObject>
                      <vReq class="eu.mihosoft.vrl.workflow.VisualizationRequestImpl">
                        <map class="com.sun.javafx.collections.ObservableMapWrapper">
                          <backingMap/>
                        </map>
                      </vReq>
                      <id>ROOT:2:2:4:4:3</id>
                      <connectors>
                        <connector>
                          <type>control</type>
                          <localId>0</localId>
                          <input>true</input>
                          <output>false</output>
                          <passthru>false</passthru>
                          <maxNumConnections>2147483647</maxNumConnections>
                        </connector>
                        <connector>
                          <type>control</type>
                          <localId>1</localId>
                          <input>false</input>
                          <output>true</output>
                          <passthru>false</passthru>
                          <maxNumConnections>2147483647</maxNumConnections>
                        </connector>
                      </connectors>
                      <mainInputs/>
                      <mainOutputs/>
                    </node>
                    <flow>
                      <x>360.0</x>
                      <y>260.0</y>
                      <width>300.0</width>
                      <height>200.0</height>
                      <title>Node 4</title>
                      <valueObject>
                        <parentId>ROOT:2:2:4:4:4</parentId>
                        <storage/>
                      </valueObject>
                      <vReq class="eu.mihosoft.vrl.workflow.VisualizationRequestImpl">
                        <map class="com.sun.javafx.collections.ObservableMapWrapper">
                          <backingMap/>
                        </map>
                      </vReq>
                      <id>ROOT:2:2:4:4:4</id>
                      <connectors>
                        <connector>
                          <type>data</type>
                          <localId>0</localId>
                          <input>true</input>
                          <output>false</output>
                          <passthru>false</passthru>
                          <maxNumConnections>2147483647</maxNumConnections>
                        </connector>
                        <connector>
                          <type>data</type>
                          <localId>1</localId>
                          <input>false</input>
                          <output>true</output>
                          <passthru>false</passthru>
                          <maxNumConnections>2147483647</maxNumConnections>
                        </connector>
                      </connectors>
                      <mainInputs/>
                      <mainOutputs/>
                      <connections/>
                      <nodes/>
                      <parent reference="../../.."/>
                      <visible>false</visible>
                    </flow>
                  </nodes>
                  <parent reference="../../.."/>
                  <visible>false</visible>
                </flow>
              </nodes>
              <parent reference="../../.."/>
              <visible>false</visible>
            </flow>
          </nodes>
          <parent reference="../../.."/>
          <visible>false</visible>
        </flow>
        <node>
          <x>30.0</x>
          <y>260.0</y>
          <width>300.0</width>
          <height>200.0</height>
          <title>Node 3</title>
          <valueObject>
            <parentId>ROOT:2:3</parentId>
            <storage/>
          </valueObject>
          <vReq class="eu.mihosoft.vrl.workflow.VisualizationRequestImpl">
            <map class="com.sun.javafx.collections.ObservableMapWrapper">
              <backingMap/>
            </map>
          </vReq>
          <id>ROOT:2:3</id>
          <connectors>
            <connector>
              <type>control</type>
              <localId>0</localId>
              <input>true</input>
              <output>false</output>
              <passthru>false</passthru>
              <maxNumConnections>2147483647</maxNumConnections>
            </connector>
            <connector>
              <type>control</type>
              <localId>1</localId>
              <input>false</input>
              <output>true</output>
              <passthru>false</passthru>
              <maxNumConnections>2147483647</maxNumConnections>
            </connector>
          </connectors>
          <mainInputs/>
          <mainOutputs/>
        </node>
        <flow>
          <x>360.0</x>
          <y>260.0</y>
          <width>300.0</width>
          <height>200.0</height>
          <title>Node 4</title>
          <valueObject>
            <parentId>ROOT:2:4</parentId>
            <storage/>
          </valueObject>
          <vReq class="eu.mihosoft.vrl.workflow.VisualizationRequestImpl">
            <map class="com.sun.javafx.collections.ObservableMapWrapper">
              <backingMap/>
            </map>
          </vReq>
          <id>ROOT:2:4</id>
          <connectors>
            <connector>
              <type>data</type>
              <localId>0</localId>
              <input>true</input>
              <output>false</output>
              <passthru>false</passthru>
              <maxNumConnections>2147483647</maxNumConnections>
            </connector>
            <connector>
              <type>data</type>
              <localId>1</localId>
              <input>false</input>
              <output>true</output>
              <passthru>false</passthru>
              <maxNumConnections>2147483647</maxNumConnections>
            </connector>
          </connectors>
          <mainInputs/>
          <mainOutputs/>
          <connections>
            <connection>
              <id>0</id>
              <senderId>ROOT:2:4:1:c:1</senderId>
              <receiverId>ROOT:2:4:4:c:0</receiverId>
              <type>data</type>
              <vReq class="eu.mihosoft.vrl.workflow.VisualizationRequestImpl">
                <map class="com.sun.javafx.collections.ObservableMapWrapper">
                  <backingMap/>
                </map>
              </vReq>
            </connection>
            <connection>
              <id>0</id>
              <senderId>ROOT:2:4:0:c:1</senderId>
              <receiverId>ROOT:2:4:3:c:0</receiverId>
              <type>control</type>
              <vReq class="eu.mihosoft.vrl.workflow.VisualizationRequestImpl">
                <map class="com.sun.javafx.collections.ObservableMapWrapper">
                  <backingMap/>
                </map>
              </vReq>
            </connection>
          </connections>
          <nodes>
            <flow>
              <x>30.0</x>
              <y>30.0</y>
              <width>300.0</width>
              <height>200.0</height>
              <title>Node 0</title>
              <valueObject>
                <parentId>ROOT:2:4:0</parentId>
                <storage/>
              </valueObject>
              <vReq class="eu.mihosoft.vrl.workflow.VisualizationRequestImpl">
                <map class="com.sun.javafx.collections.ObservableMapWrapper">
                  <backingMap/>
                </map>
              </vReq>
              <id>ROOT:2:4:0</id>
              <connectors>
                <connector>
                  <type>control</type>
                  <localId>0</localId>
                  <input>true</input>
                  <output>false</output>
                  <passthru>false</passthru>
                  <maxNumConnections>2147483647</maxNumConnections>
                </connector>
                <connector>
                  <type>control</type>
                  <localId>1</localId>
                  <input>false</input>
                  <output>true</output>
                  <passthru>false</passthru>
                  <maxNumConnections>2147483647</maxNumConnections>
                </connector>
              </connectors>
              <mainInputs/>
              <mainOutputs/>
              <connections>
                <connection>
                  <id>0</id>
                  <senderId>ROOT:2:4:0:1:c:1</senderId>
                  <receiverId>ROOT:2:4:0:4:c:0</receiverId>
                  <type>data</type>
                  <vReq class="eu.mihosoft.vrl.workflow.VisualizationRequestImpl">
                    <map class="com.sun.javafx.collections.ObservableMapWrapper">
                      <backingMap/>
                    </map>
                  </vReq>
                </connection>
                <connection>
                  <id>0</id>
                  <senderId>ROOT:2:4:0:0:c:1</senderId>
                  <receiverId>ROOT:2:4:0:3:c:0</receiverId>
                  <type>control</type>
                  <vReq class="eu.mihosoft.vrl.workflow.VisualizationRequestImpl">
                    <map class="com.sun.javafx.collections.ObservableMapWrapper">
                      <backingMap/>
                    </map>
                  </vReq>
                </connection>
              </connections>
              <nodes>
                <flow>
                  <x>30.0</x>
                  <y>30.0</y>
                  <width>300.0</width>
                  <height>200.0</height>
                  <title>Node 0</title>
                  <valueObject>
                    <parentId>ROOT:2:4:0:0</parentId>
                    <storage/>
                  </valueObject>
                  <vReq class="eu.mihosoft.vrl.workflow.VisualizationRequestImpl">
                    <map class="com.sun.javafx.collections.ObservableMapWrapper">
                      <backingMap/>
                    </map>
                  </vReq>
                  <id>ROOT:2:4:0:0</id>
                  <connectors>
                    <connector>
                      <type>control</type>
                      <localId>0</localId>
                      <input>true</input>
                      <output>false</output>
                      <passthru>false</passthru>
                      <maxNumConnections>2147483647</maxNumConnections>
                    </connector>
                    <connector>
                      <type>control</type>
                      <localId>1</localId>
                      <input>false</input>
                      <output>true</output>
                      <passthru>false</passthru>
                      <maxNumConnections>2147483647</maxNumConnections>
                    </connector>
                  </connectors>
                  <mainInputs/>
                  <mainOutputs/>
                  <connections>
                    <connection>
                      <id>0</id>
                      <senderId>ROOT:2:4:0:0:1:c:1</senderId>
                      <receiverId>ROOT:2:4:0:0:4:c:0</receiverId>
                      <type>data</type>
                      <vReq class="eu.mihosoft.vrl.workflow.VisualizationRequestImpl">
                        <map class="com.sun.javafx.collections.ObservableMapWrapper">
                          <backingMap/>
                        </map>
                      </vReq>
                    </connection>
                    <connection>
                      <id>0</id>
                      <senderId>ROOT:2:4:0:0:0:c:1</senderId>
                      <receiverId>ROOT:2:4:0:0:3:c:0</receiverId>
                      <type>control</type>
                      <vReq class="eu.mihosoft.vrl.workflow.VisualizationRequestImpl">
                        <map class="com.sun.javafx.collections.ObservableMapWrapper">
                          <backingMap/>
                        </map>
                      </vReq>
                    </connection>
                  </connections>
                  <nodes>
                    <flow>
                      <x>30.0</x>
                      <y>30.0</y>
                      <width>300.0</width>
                      <height>200.0</height>
                      <title>Node 0</title>
                      <valueObject>
                        <parentId>ROOT:2:4:0:0:0</parentId>
                        <storage/>
                      </valueObject>
                      <vReq class="eu.mihosoft.vrl.workflow.VisualizationRequestImpl">
                        <map class="com.sun.javafx.collections.ObservableMapWrapper">
                          <backingMap/>
                        </map>
                      </vReq>
                      <id>ROOT:2:4:0:0:0</id>
                      <connectors>
                        <connector>
                          <type>control</type>
                          <localId>0</localId>
                          <input>true</input>
                          <output>false</output>
                          <passthru>false</passthru>
                          <maxNumConnections>2147483647</maxNumConnections>
                        </connector>
                        <connector>
                          <type>control</type>
                          <localId>1</localId>
                          <input>false</input>
                          <output>true</output>
                          <passthru>false</passthru>
                          <maxNumConnections>2147483647</maxNumConnections>
                        </connector>
                      </connectors>
                      <mainInputs/>
                      <mainOutputs/>
                      <connections/>
                      <nodes/>
                      <parent reference="../../.."/>
                      <visible>false</visible>
                    </flow>
                    <node>
                      <x>360.0</x>
                      <y>30.0</y>
                      <width>300.0</width>
                      <height>200.0</height>
                      <title>Node 1</title>
                      <valueObject>
                        <parentId>ROOT:2:4:0:0:1</parentId>
                        <storage/>
                      </valueObject>
                      <vReq class="eu.mihosoft.vrl.workflow.VisualizationRequestImpl">
                        <map class="com.sun.javafx.collections.ObservableMapWrapper">
                          <backingMap/>
                        </map>
                      </vReq>
                      <id>ROOT:2:4:0:0:1</id>
                      <connectors>
                        <connector>
                          <type>data</type>
                          <localId>0</localId>
                          <input>true</input>
                          <output>false</output>
                          <passthru>false</passthru>
                          <maxNumConnections>2147483647</maxNumConnections>
                        </connector>
                        <connector>
                          <type>data</type>
                          <localId>1</localId>
                          <input>false</input>
                          <output>true</output>
                          <passthru>false</passthru>
                          <maxNumConnections>2147483647</maxNumConnections>
                        </connector>
                      </connectors>
                      <mainInputs/>
                      <mainOutputs/>
                    </node>
                    <flow>
                      <x>690.0</x>
                      <y>30.0</y>
                      <width>300.0</width>
                      <height>200.0</height>
                      <title>Node 2</title>
                      <valueObject>
                        <parentId>ROOT:2:4:0:0:2</parentId>
                        <storage/>
                      </valueObject>
                      <vReq class="eu.mihosoft.vrl.workflow.VisualizationRequestImpl">
                        <map class="com.sun.javafx.collections.ObservableMapWrapper">
                          <backingMap/>
                        </map>
                      </vReq>
                      <id>ROOT:2:4:0:0:2</id>
                      <connectors>
                        <connector>
                          <type>event</type>
                          <localId>0</localId>
                          <input>true</input>
                          <output>false</output>
                          <passthru>false</passthru>
                          <maxNumConnections>2147483647</maxNumConnections>
                        </connector>
                        <connector>
                          <type>event</type>
                          <localId>1</localId>
                          <input>false</input>
                          <output>true</output>
                          <passthru>false</passthru>
                          <maxNumConnections>2147483647</maxNumConnections>
                        </connector>
                      </connectors>
                      <mainInputs/>
                      <mainOutputs/>
                      <connections/>
                      <nodes/>
                      <parent reference="../../.."/>
                      <visible>false</visible>
                    </flow>
                    <node>
                      <x>30.0</x>
                      <y>260.0</y>
                      <width>300.0</width>
                      <height>200.0</height>
                      <title>Node 3</title>
                      <valueObject>
                        <parentId>ROOT:2:4:0:0:3</parentId>
                        <storage/>
                      </valueObject>
                      <vReq class="eu.mihosoft.vrl.workflow.VisualizationRequestImpl">
                        <map class="com.sun.javafx.collections.ObservableMapWrapper">
                          <backingMap/>
                        </map>
                      </vReq>
                      <id>ROOT:2:4:0:0:3</id>
                      <connectors>
                        <connector>
                          <type>control</type>
                          <localId>0</localId>
                          <input>true</input>
                          <output>false</output>
                          <passthru>false</passthru>
                          <maxNumConnections>2147483647</maxNumConnections>
                        </connector>
                        <connector>
                          <type>control</type>
                          <localId>1</localId>
                          <input>false</input>
                          <output>true</output>
                          <passthru>false</passthru>
                          <maxNumConnections>2147483647</maxNumConnections>
                        </connector>
                      </connectors>
                      <mainInputs/>
                      <mainOutputs/>
                    </node>
                    <flow>
                      <x>360.0</x>
                      <y>260.0</y>
                      <width>300.0</width>
                      <height>200.0</height>
                      <title>Node 4</title>
                      <valueObject>
                        <parentId>ROOT:2:4:0:0:4</parentId>
                        <storage/>
                      </valueObject>
                      <vReq class="eu.mihosoft.vrl.workflow.VisualizationRequestImpl">
                        <map class="com.sun.javafx.collections.ObservableMapWrapper">
                          <backingMap/>
                        </map>
                      </vReq>
                      <id>ROOT:2:4:0:0:4</id>
                      <connectors>
                        <connector>
                          <type>data</type>
                          <localId>0</localId>
                          <input>true</input>
                          <output>false</output>
                          <passthru>false</passthru>
                          <maxNumConnections>2147483647</maxNumConnections>
                        </connector>
                        <connector>
                          <type>data</type>
                          <localId>1</localId>
                          <input>false</input>
                          <output>true</output>
                          <passthru>false</passthru>
                          <maxNumConnections>2147483647</maxNumConnections>
                        </connector>
                      </connectors>
                      <mainInputs/>
                      <mainOutputs/>
                      <connections/>
                      <nodes/>
                      <parent reference="../../.."/>
                      <visible>false</visible>
                    </flow>
                  </nodes>
                  <parent reference="../../.."/>
                  <visible>false</visible>
                </flow>
                <node>
                  <x>360.0</x>
                  <y>30.0</y>
                  <width>300.0</width>
                  <height>200.0</height>
                  <title>Node 1</title>
                  <valueObject>
                    <parentId>ROOT:2:4:0:1</parentId>
                    <storage/>
                  </valueObject>
                  <vReq class="eu.mihosoft.vrl.workflow.VisualizationRequestImpl">
                    <map class="com.sun.javafx.collections.ObservableMapWrapper">
                      <backingMap/>
                    </map>
                  </vReq>
                  <id>ROOT:2:4:0:1</id>
                  <connectors>
                    <connector>
                      <type>data</type>
                      <localId>0</localId>
                      <input>true</input>
                      <output>false</output>
                      <passthru>false</passthru>
                      <maxNumConnections>2147483647</maxNumConnections>
                    </connector>
                    <connector>
                      <type>data</type>
                      <localId>1</localId>
                      <input>false</input>
                      <output>true</output>
                      <passthru>false</passthru>
                      <maxNumConnections>2147483647</maxNumConnections>
                    </connector>
                  </connectors>
                  <mainInputs/>
                  <mainOutputs/>
                </node>
                <flow>
                  <x>690.0</x>
                  <y>30.0</y>
                  <width>300.0</width>
                  <height>200.0</height>
                  <title>Node 2</title>
                  <valueObject>
                    <parentId>ROOT:2:4:0:2</parentId>
                    <storage/>
                  </valueObject>
                  <vReq class="eu.mihosoft.vrl.workflow.VisualizationRequestImpl">
                    <map class="com.sun.javafx.collections.ObservableMapWrapper">
                      <backingMap/>
                    </map>
                  </vReq>
                  <id>ROOT:2:4:0:2</id>
                  <connectors>
                    <connector>
                      <type>event</type>
                      <localId>0</localId>
                      <input>true</input>
                      <output>false</output>
                      <passthru>false</passthru>
                      <maxNumConnections>2147483647</maxNumConnections>
                    </connector>
                    <connector>
                      <type>event</type>
                      <localId>1</localId>
                      <input>false</input>
                      <output>true</output>
                      <passthru>false</passthru>
                      <maxNumConnections>2147483647</maxNumConnections>
                    </connector>
                  </connectors>
                  <mainInputs/>
                  <mainOutputs/>
                  <connections>
                    <connection>
                      <id>0</id>
                      <senderId>ROOT:2:4:0:2:1:c:1</senderId>
                      <receiverId>ROOT:2:4:0:2:4:c:0</receiverId>
                      <type>data</type>
                      <vReq class="eu.mihosoft.vrl.workflow.VisualizationRequestImpl">
                        <map class="com.sun.javafx.collections.ObservableMapWrapper">
                          <backingMap/>
                        </map>
                      </vReq>
                    </connection>
                    <connection>
                      <id>0</id>
                      <senderId>ROOT:2:4:0:2:0:c:1</senderId>
                      <receiverId>ROOT:2:4:0:2:3:c:0</receiverId>
                      <type>control</type>
                      <vReq class="eu.mihosoft.vrl.workflow.VisualizationRequestImpl">
                        <map class="com.sun.javafx.collections.ObservableMapWrapper">
                          <backingMap/>
                        </map>
                      </vReq>
                    </connection>
                  </connections>
                  <nodes>
                    <flow>
                      <x>30.0</x>
                      <y>30.0</y>
                      <width>300.0</width>
                      <height>200.0</height>
                      <title>Node 0</title>
                      <valueObject>
                        <parentId>ROOT:2:4:0:2:0</parentId>
                        <storage/>
                      </valueObject>
                      <vReq class="eu.mihosoft.vrl.workflow.VisualizationRequestImpl">
                        <map class="com.sun.javafx.collections.ObservableMapWrapper">
                          <backingMap/>
                        </map>
                      </vReq>
                      <id>ROOT:2:4:0:2:0</id>
                      <connectors>
                        <connector>
                          <type>control</type>
                          <localId>0</localId>
                          <input>true</input>
                          <output>false</output>
                          <passthru>false</passthru>
                          <maxNumConnections>2147483647</maxNumConnections>
                        </connector>
                        <connector>
                          <type>control</type>
                          <localId>1</localId>
                          <input>false</input>
                          <output>true</output>
                          <passthru>false</passthru>
                          <maxNumConnections>2147483647</maxNumConnections>
                        </connector>
                      </connectors>
                      <mainInputs/>
                      <mainOutputs/>
                      <connections/>
                      <nodes/>
                      <parent reference="../../.."/>
                      <visible>false</visible>
                    </flow>
                    <node>
                      <x>360.0</x>
                      <y>30.0</y>
                      <width>300.0</width>
                      <height>200.0</height>
                      <title>Node 1</title>
                      <valueObject>
                        <parentId>ROOT:2:4:0:2:1</parentId>
                        <storage/>
                      </valueObject>
                      <vReq class="eu.mihosoft.vrl.workflow.VisualizationRequestImpl">
                        <map class="com.sun.javafx.collections.ObservableMapWrapper">
                          <backingMap/>
                        </map>
                      </vReq>
                      <id>ROOT:2:4:0:2:1</id>
                      <connectors>
                        <connector>
                          <type>data</type>
                          <localId>0</localId>
                          <input>true</input>
                          <output>false</output>
                          <passthru>false</passthru>
                          <maxNumConnections>2147483647</maxNumConnections>
                        </connector>
                        <connector>
                          <type>data</type>
                          <localId>1</localId>
                          <input>false</input>
                          <output>true</output>
                          <passthru>false</passthru>
                          <maxNumConnections>2147483647</maxNumConnections>
                        </connector>
                      </connectors>
                      <mainInputs/>
                      <mainOutputs/>
                    </node>
                    <flow>
                      <x>690.0</x>
                      <y>30.0</y>
                      <width>300.0</width>
                      <height>200.0</height>
                      <title>Node 2</title>
                      <valueObject>
                        <parentId>ROOT:2:4:0:2:2</parentId>
                        <storage/>
                      </valueObject>
                      <vReq class="eu.mihosoft.vrl.workflow.VisualizationRequestImpl">
                        <map class="com.sun.javafx.collections.ObservableMapWrapper">
                          <backingMap/>
                        </map>
                      </vReq>
                      <id>ROOT:2:4:0:2:2</id>
                      <connectors>
                        <connector>
                          <type>event</type>
                          <localId>0</localId>
                          <input>true</input>
                          <output>false</output>
                          <passthru>false</passthru>
                          <maxNumConnections>2147483647</maxNumConnections>
                        </connector>
                        <connector>
                          <type>event</type>
                          <localId>1</localId>
                          <input>false</input>
                          <output>true</output>
                          <passthru>false</passthru>
                          <maxNumConnections>2147483647</maxNumConnections>
                        </connector>
                      </connectors>
                      <mainInputs/>
                      <mainOutputs/>
                      <connections/>
                      <nodes/>
                      <parent reference="../../.."/>
                      <visible>false</visible>
                    </flow>
                    <node>
                      <x>30.0</x>
                      <y>260.0</y>
                      <width>300.0</width>
                      <height>200.0</height>
                      <title>Node 3</title>
                      <valueObject>
                        <parentId>ROOT:2:4:0:2:3</parentId>
                        <storage/>
                      </valueObject>
                      <vReq class="eu.mihosoft.vrl.workflow.VisualizationRequestImpl">
                        <map class="com.sun.javafx.collections.ObservableMapWrapper">
                          <backingMap/>
                        </map>
                      </vReq>
                      <id>ROOT:2:4:0:2:3</id>
                      <connectors>
                        <connector>
                          <type>control</type>
                          <localId>0</localId>
                          <input>true</input>
                          <output>false</output>
                          <passthru>false</passthru>
                          <maxNumConnections>2147483647</maxNumConnections>
                        </connector>
                        <connector>
                          <type>control</type>
                          <localId>1</localId>
                          <input>false</input>
                          <output>true</output>
                          <passthru>false</passthru>
                          <maxNumConnections>2147483647</maxNumConnections>
                        </connector>
                      </connectors>
                      <mainInputs/>
                      <mainOutputs/>
                    </node>
                    <flow>
                      <x>360.0</x>
                      <y>260.0</y>
                      <width>300.0</width>
                      <height>200.0</height>
                      <title>Node 4</title>
                      <valueObject>
                        <parentId>ROOT:2:4:0:2:4</parentId>
                        <storage/>
                      </valueObject>
                      <vReq class="eu.mihosoft.vrl.workflow.VisualizationRequestImpl">
                        <map class="com.sun.javafx.collections.ObservableMapWrapper">
                          <backingMap/>
                        </map>
                      </vReq>
                      <id>ROOT:2:4:0:2:4</id>
                      <connectors>
                        <connector>
                          <type>data</type>
                          <localId>0</localId>
                          <input>true</input>
                          <output>false</output>
                          <passthru>false</passthru>
                          <maxNumConnections>2147483647</maxNumConnections>
                        </connector>
                        <connector>
                          <type>data</type>
                          <localId>1</localId>
                          <input>false</input>
                          <output>true</output>
                          <passthru>false</passthru>
                          <maxNumConnections>2147483647</maxNumConnections>
                        </connector>
                      </connectors>
                      <mainInputs/>
                      <mainOutputs/>
                      <connections/>
                      <nodes/>
                      <parent reference="../../.."/>
                      <visible>false</visible>
                    </flow>
                  </nodes>
                  <parent reference="../../.."/>
                  <visible>false</visible>
                </flow>
                <node>
                  <x>30.0</x>
                  <y>260.0</y>
                  <width>300.0</width>
                  <height>200.0</height>
                  <title>Node 3</title>
                  <valueObject>
                    <parentId>ROOT:2:4:0:3</parentId>
                    <storage/>
                  </valueObject>
                  <vReq class="eu.mihosoft.vrl.workflow.VisualizationRequestImpl">
                    <map class="com.sun.javafx.collections.ObservableMapWrapper">
                      <backingMap/>
                    </map>
                  </vReq>
                  <id>ROOT:2:4:0:3</id>
                  <connectors>
                    <connector>
                      <type>control</type>
                      <localId>0</localId>
                      <input>true</input>
                      <output>false</output>
                      <passthru>false</passthru>
                      <maxNumConnections>2147483647</maxNumConnections>
                    </connector>
                    <connector>
                      <type>control</type>
                      <localId>1</localId>
                      <input>false</input>
                      <output>true</output>
                      <passthru>false</passthru>
                      <maxNumConnections>2147483647</maxNumConnections>
                    </connector>
                  </connectors>
                  <mainInputs/>
                  <mainOutputs/>
                </node>
                <flow>
                  <x>360.0</x>
                  <y>260.0</y>
                  <width>300.0</width>
                  <height>200.0</height>
                  <title>Node 4</title>
                  <valueObject>
                    <parentId>ROOT:2:4:0:4</parentId>
                    <storage/>
                  </valueObject>
                  <vReq class="eu.mihosoft.vrl.workflow.VisualizationRequestImpl">
                    <map class="com.sun.javafx.collections.ObservableMapWrapper">
                      <backingMap/>
                    </map>
                  </vReq>
                  <id>ROOT:2:4:0:4</id>
                  <connectors>
                    <connector>
                      <type>data</type>
                      <localId>0</localId>
                      <input>true</input>
                      <output>false</output>
                      <passthru>false</passthru>
                      <maxNumConnections>2147483647</maxNumConnections>
                    </connector>
                    <connector>
                      <type>data</type>
                      <localId>1</localId>
                      <input>false</input>
                      <output>true</output>
                      <passthru>false</passthru>
                      <maxNumConnections>2147483647</maxNumConnections>
                    </connector>
                  </connectors>
                  <mainInputs/>
                  <mainOutputs/>
                  <connections>
                    <connection>
                      <id>0</id>
                      <senderId>ROOT:2:4:0:4:1:c:1</senderId>
                      <receiverId>ROOT:2:4:0:4:4:c:0</receiverId>
                      <type>data</type>
                      <vReq class="eu.mihosoft.vrl.workflow.VisualizationRequestImpl">
                        <map class="com.sun.javafx.collections.ObservableMapWrapper">
                          <backingMap/>
                        </map>
                      </vReq>
                    </connection>
                    <connection>
                      <id>0</id>
                      <senderId>ROOT:2:4:0:4:0:c:1</senderId>
                      <receiverId>ROOT:2:4:0:4:3:c:0</receiverId>
                      <type>control</type>
                      <vReq class="eu.mihosoft.vrl.workflow.VisualizationRequestImpl">
                        <map class="com.sun.javafx.collections.ObservableMapWrapper">
                          <backingMap/>
                        </map>
                      </vReq>
                    </connection>
                  </connections>
                  <nodes>
                    <flow>
                      <x>30.0</x>
                      <y>30.0</y>
                      <width>300.0</width>
                      <height>200.0</height>
                      <title>Node 0</title>
                      <valueObject>
                        <parentId>ROOT:2:4:0:4:0</parentId>
                        <storage/>
                      </valueObject>
                      <vReq class="eu.mihosoft.vrl.workflow.VisualizationRequestImpl">
                        <map class="com.sun.javafx.collections.ObservableMapWrapper">
                          <backingMap/>
                        </map>
                      </vReq>
                      <id>ROOT:2:4:0:4:0</id>
                      <connectors>
                        <connector>
                          <type>control</type>
                          <localId>0</localId>
                          <input>true</input>
                          <output>false</output>
                          <passthru>false</passthru>
                          <maxNumConnections>2147483647</maxNumConnections>
                        </connector>
                        <connector>
                          <type>control</type>
                          <localId>1</localId>
                          <input>false</input>
                          <output>true</output>
                          <passthru>false</passthru>
                          <maxNumConnections>2147483647</maxNumConnections>
                        </connector>
                      </connectors>
                      <mainInputs/>
                      <mainOutputs/>
                      <connections/>
                      <nodes/>
                      <parent reference="../../.."/>
                      <visible>false</visible>
                    </flow>
                    <node>
                      <x>360.0</x>
                      <y>30.0</y>
                      <width>300.0</width>
                      <height>200.0</height>
                      <title>Node 1</title>
                      <valueObject>
                        <parentId>ROOT:2:4:0:4:1</parentId>
                        <storage/>
                      </valueObject>
                      <vReq class="eu.mihosoft.vrl.workflow.VisualizationRequestImpl">
                        <map class="com.sun.javafx.collections.ObservableMapWrapper">
                          <backingMap/>
                        </map>
                      </vReq>
                      <id>ROOT:2:4:0:4:1</id>
                      <connectors>
                        <connector>
                          <type>data</type>
                          <localId>0</localId>
                          <input>true</input>
                          <output>false</output>
                          <passthru>false</passthru>
                          <maxNumConnections>2147483647</maxNumConnections>
                        </connector>
                        <connector>
                          <type>data</type>
                          <localId>1</localId>
                          <input>false</input>
                          <output>true</output>
                          <passthru>false</passthru>
                          <maxNumConnections>2147483647</maxNumConnections>
                        </connector>
                      </connectors>
                      <mainInputs/>
                      <mainOutputs/>
                    </node>
                    <flow>
                      <x>690.0</x>
                      <y>30.0</y>
                      <width>300.0</width>
                      <height>200.0</height>
                      <title>Node 2</title>
                      <valueObject>
                        <parentId>ROOT:2:4:0:4:2</parentId>
                        <storage/>
                      </valueObject>
                      <vReq class="eu.mihosoft.vrl.workflow.VisualizationRequestImpl">
                        <map class="com.sun.javafx.collections.ObservableMapWrapper">
                          <backingMap/>
                        </map>
                      </vReq>
                      <id>ROOT:2:4:0:4:2</id>
                      <connectors>
                        <connector>
                          <type>event</type>
                          <localId>0</localId>
                          <input>true</input>
                          <output>false</output>
                          <passthru>false</passthru>
                          <maxNumConnections>2147483647</maxNumConnections>
                        </connector>
                        <connector>
                          <type>event</type>
                          <localId>1</localId>
                          <input>false</input>
                          <output>true</output>
                          <passthru>false</passthru>
                          <maxNumConnections>2147483647</maxNumConnections>
                        </connector>
                      </connectors>
                      <mainInputs/>
                      <mainOutputs/>
                      <connections/>
                      <nodes/>
                      <parent reference="../../.."/>
                      <visible>false</visible>
                    </flow>
                    <node>
                      <x>30.0</x>
                      <y>260.0</y>
                      <width>300.0</width>
                      <height>200.0</height>
                      <title>Node 3</title>
                      <valueObject>
                        <parentId>ROOT:2:4:0:4:3</parentId>
                        <storage/>
                      </valueObject>
                      <vReq class="eu.mihosoft.vrl.workflow.VisualizationRequestImpl">
                        <map class="com.sun.javafx.collections.ObservableMapWrapper">
                          <backingMap/>
                        </map>
                      </vReq>
                      <id>ROOT:2:4:0:4:3</id>
                      <connectors>
                        <connector>
                          <type>control</type>
                          <localId>0</localId>
                          <input>true</input>
                          <output>false</output>
                          <passthru>false</passthru>
                          <maxNumConnections>2147483647</maxNumConnections>
                        </connector>
                        <connector>
                          <type>control</type>
                          <localId>1</localId>
                          <input>false</input>
                          <output>true</output>
                          <passthru>false</passthru>
                          <maxNumConnections>2147483647</maxNumConnections>
                        </connector>
                      </connectors>
                      <mainInputs/>
                      <mainOutputs/>
                    </node>
                    <flow>
                      <x>360.0</x>
                      <y>260.0</y>
                      <width>300.0</width>
                      <height>200.0</height>
                      <title>Node 4</title>
                      <valueObject>
                        <parentId>ROOT:2:4:0:4:4</parentId>
                        <storage/>
                      </valueObject>
                      <vReq class="eu.mihosoft.vrl.workflow.VisualizationRequestImpl">
                        <map class="com.sun.javafx.collections.ObservableMapWrapper">
                          <backingMap/>
                        </map>
                      </vReq>
                      <id>ROOT:2:4:0:4:4</id>
                      <connectors>
                        <connector>
                          <type>data</type>
                          <localId>0</localId>
                          <input>true</input>
                          <output>false</output>
                          <passthru>false</passthru>
                          <maxNumConnections>2147483647</maxNumConnections>
                        </connector>
                        <connector>
                          <type>data</type>
                          <localId>1</localId>
                          <input>false</input>
                          <output>true</output>
                          <passthru>false</passthru>
                          <maxNumConnections>2147483647</maxNumConnections>
                        </connector>
                      </connectors>
                      <mainInputs/>
                      <mainOutputs/>
                      <connections/>
                      <nodes/>
                      <parent reference="../../.."/>
                      <visible>false</visible>
                    </flow>
                  </nodes>
                  <parent reference="../../.."/>
                  <visible>false</visible>
                </flow>
              </nodes>
              <parent reference="../../.."/>
              <visible>false</visible>
            </flow>
            <node>
              <x>360.0</x>
              <y>30.0</y>
              <width>300.0</width>
              <height>200.0</height>
              <title>Node 1</title>
              <valueObject>
                <parentId>ROOT:2:4:1</parentId>
                <storage/>
              </valueObject>
              <vReq class="eu.mihosoft.vrl.workflow.VisualizationRequestImpl">
                <map class="com.sun.javafx.collections.ObservableMapWrapper">
                  <backingMap/>
                </map>
              </vReq>
              <id>ROOT:2:4:1</id>
              <connectors>
                <connector>
                  <type>data</type>
                  <localId>0</localId>
                  <input>true</input>
                  <output>false</output>
                  <passthru>false</passthru>
                  <maxNumConnections>2147483647</maxNumConnections>
                </connector>
                <connector>
                  <type>data</type>
                  <localId>1</localId>
                  <input>false</input>
                  <output>true</output>
                  <passthru>false</passthru>
                  <maxNumConnections>2147483647</maxNumConnections>
                </connector>
              </connectors>
              <mainInputs/>
              <mainOutputs/>
            </node>
            <flow>
              <x>690.0</x>
              <y>30.0</y>
              <width>300.0</width>
              <height>200.0</height>
              <title>Node 2</title>
              <valueObject>
                <parentId>ROOT:2:4:2</parentId>
                <storage/>
              </valueObject>
              <vReq class="eu.mihosoft.vrl.workflow.VisualizationRequestImpl">
                <map class="com.sun.javafx.collections.ObservableMapWrapper">
                  <backingMap/>
                </map>
              </vReq>
              <id>ROOT:2:4:2</id>
              <connectors>
                <connector>
                  <type>event</type>
                  <localId>0</localId>
                  <input>true</input>
                  <output>false</output>
                  <passthru>false</passthru>
                  <maxNumConnections>2147483647</maxNumConnections>
                </connector>
                <connector>
                  <type>event</type>
                  <localId>1</localId>
                  <input>false</input>
                  <output>true</output>
                  <passthru>false</passthru>
                  <maxNumConnections>2147483647</maxNumConnections>
                </connector>
              </connectors>
              <mainInputs/>
              <mainOutputs/>
              <connections>
                <connection>
                  <id>0</id>
                  <senderId>ROOT:2:4:2:1:c:1</senderId>
                  <receiverId>ROOT:2:4:2:4:c:0</receiverId>
                  <type>data</type>
                  <vReq class="eu.mihosoft.vrl.workflow.VisualizationRequestImpl">
                    <map class="com.sun.javafx.collections.ObservableMapWrapper">
                      <backingMap/>
                    </map>
                  </vReq>
                </connection>
                <connection>
                  <id>0</id>
                  <senderId>ROOT:2:4:2:0:c:1</senderId>
                  <receiverId>ROOT:2:4:2:3:c:0</receiverId>
                  <type>control</type>
                  <vReq class="eu.mihosoft.vrl.workflow.VisualizationRequestImpl">
                    <map class="com.sun.javafx.collections.ObservableMapWrapper">
                      <backingMap/>
                    </map>
                  </vReq>
                </connection>
              </connections>
              <nodes>
                <flow>
                  <x>30.0</x>
                  <y>30.0</y>
                  <width>300.0</width>
                  <height>200.0</height>
                  <title>Node 0</title>
                  <valueObject>
                    <parentId>ROOT:2:4:2:0</parentId>
                    <storage/>
                  </valueObject>
                  <vReq class="eu.mihosoft.vrl.workflow.VisualizationRequestImpl">
                    <map class="com.sun.javafx.collections.ObservableMapWrapper">
                      <backingMap/>
                    </map>
                  </vReq>
                  <id>ROOT:2:4:2:0</id>
                  <connectors>
                    <connector>
                      <type>control</type>
                      <localId>0</localId>
                      <input>true</input>
                      <output>false</output>
                      <passthru>false</passthru>
                      <maxNumConnections>2147483647</maxNumConnections>
                    </connector>
                    <connector>
                      <type>control</type>
                      <localId>1</localId>
                      <input>false</input>
                      <output>true</output>
                      <passthru>false</passthru>
                      <maxNumConnections>2147483647</maxNumConnections>
                    </connector>
                  </connectors>
                  <mainInputs/>
                  <mainOutputs/>
                  <connections>
                    <connection>
                      <id>0</id>
                      <senderId>ROOT:2:4:2:0:1:c:1</senderId>
                      <receiverId>ROOT:2:4:2:0:4:c:0</receiverId>
                      <type>data</type>
                      <vReq class="eu.mihosoft.vrl.workflow.VisualizationRequestImpl">
                        <map class="com.sun.javafx.collections.ObservableMapWrapper">
                          <backingMap/>
                        </map>
                      </vReq>
                    </connection>
                    <connection>
                      <id>0</id>
                      <senderId>ROOT:2:4:2:0:0:c:1</senderId>
                      <receiverId>ROOT:2:4:2:0:3:c:0</receiverId>
                      <type>control</type>
                      <vReq class="eu.mihosoft.vrl.workflow.VisualizationRequestImpl">
                        <map class="com.sun.javafx.collections.ObservableMapWrapper">
                          <backingMap/>
                        </map>
                      </vReq>
                    </connection>
                  </connections>
                  <nodes>
                    <flow>
                      <x>30.0</x>
                      <y>30.0</y>
                      <width>300.0</width>
                      <height>200.0</height>
                      <title>Node 0</title>
                      <valueObject>
                        <parentId>ROOT:2:4:2:0:0</parentId>
                        <storage/>
                      </valueObject>
                      <vReq class="eu.mihosoft.vrl.workflow.VisualizationRequestImpl">
                        <map class="com.sun.javafx.collections.ObservableMapWrapper">
                          <backingMap/>
                        </map>
                      </vReq>
                      <id>ROOT:2:4:2:0:0</id>
                      <connectors>
                        <connector>
                          <type>control</type>
                          <localId>0</localId>
                          <input>true</input>
                          <output>false</output>
                          <passthru>false</passthru>
                          <maxNumConnections>2147483647</maxNumConnections>
                        </connector>
                        <connector>
                          <type>control</type>
                          <localId>1</localId>
                          <input>false</input>
                          <output>true</output>
                          <passthru>false</passthru>
                          <maxNumConnections>2147483647</maxNumConnections>
                        </connector>
                      </connectors>
                      <mainInputs/>
                      <mainOutputs/>
                      <connections/>
                      <nodes/>
                      <parent reference="../../.."/>
                      <visible>false</visible>
                    </flow>
                    <node>
                      <x>360.0</x>
                      <y>30.0</y>
                      <width>300.0</width>
                      <height>200.0</height>
                      <title>Node 1</title>
                      <valueObject>
                        <parentId>ROOT:2:4:2:0:1</parentId>
                        <storage/>
                      </valueObject>
                      <vReq class="eu.mihosoft.vrl.workflow.VisualizationRequestImpl">
                        <map class="com.sun.javafx.collections.ObservableMapWrapper">
                          <backingMap/>
                        </map>
                      </vReq>
                      <id>ROOT:2:4:2:0:1</id>
                      <connectors>
                        <connector>
                          <type>data</type>
                          <localId>0</localId>
                          <input>true</input>
                          <output>false</output>
                          <passthru>false</passthru>
                          <maxNumConnections>2147483647</maxNumConnections>
                        </connector>
                        <connector>
                          <type>data</type>
                          <localId>1</localId>
                          <input>false</input>
                          <output>true</output>
                          <passthru>false</passthru>
                          <maxNumConnections>2147483647</maxNumConnections>
                        </connector>
                      </connectors>
                      <mainInputs/>
                      <mainOutputs/>
                    </node>
                    <flow>
                      <x>690.0</x>
                      <y>30.0</y>
                      <width>300.0</width>
                      <height>200.0</height>
                      <title>Node 2</title>
                      <valueObject>
                        <parentId>ROOT:2:4:2:0:2</parentId>
                        <storage/>
                      </valueObject>
                      <vReq class="eu.mihosoft.vrl.workflow.VisualizationRequestImpl">
                        <map class="com.sun.javafx.collections.ObservableMapWrapper">
                          <backingMap/>
                        </map>
                      </vReq>
                      <id>ROOT:2:4:2:0:2</id>
                      <connectors>
                        <connector>
                          <type>event</type>
                          <localId>0</localId>
                          <input>true</input>
                          <output>false</output>
                          <passthru>false</passthru>
                          <maxNumConnections>2147483647</maxNumConnections>
                        </connector>
                        <connector>
                          <type>event</type>
                          <localId>1</localId>
                          <input>false</input>
                          <output>true</output>
                          <passthru>false</passthru>
                          <maxNumConnections>2147483647</maxNumConnections>
                        </connector>
                      </connectors>
                      <mainInputs/>
                      <mainOutputs/>
                      <connections/>
                      <nodes/>
                      <parent reference="../../.."/>
                      <visible>false</visible>
                    </flow>
                    <node>
                      <x>30.0</x>
                      <y>260.0</y>
                      <width>300.0</width>
                      <height>200.0</height>
                      <title>Node 3</title>
                      <valueObject>
                        <parentId>ROOT:2:4:2:0:3</parentId>
                        <storage/>
                      </valueObject>
                      <vReq class="eu.mihosoft.vrl.workflow.VisualizationRequestImpl">
                        <map class="com.sun.javafx.collections.ObservableMapWrapper">
                          <backingMap/>
                        </map>
                      </vReq>
                      <id>ROOT:2:4:2:0:3</id>
                      <connectors>
                        <connector>
                          <type>control</type>
                          <localId>0</localId>
                          <input>true</input>
                          <output>false</output>
                          <passthru>false</passthru>
                          <maxNumConnections>2147483647</maxNumConnections>
                        </connector>
                        <connector>
                          <type>control</type>
                          <localId>1</localId>
                          <input>false</input>
                          <output>true</output>
                          <passthru>false</passthru>
                          <maxNumConnections>2147483647</maxNumConnections>
                        </connector>
                      </connectors>
                      <mainInputs/>
                      <mainOutputs/>
                    </node>
                    <flow>
                      <x>360.0</x>
                      <y>260.0</y>
                      <width>300.0</width>
                      <height>200.0</height>
                      <title>Node 4</title>
                      <valueObject>
                        <parentId>ROOT:2:4:2:0:4</parentId>
                        <storage/>
                      </valueObject>
                      <vReq class="eu.mihosoft.vrl.workflow.VisualizationRequestImpl">
                        <map class="com.sun.javafx.collections.ObservableMapWrapper">
                          <backingMap/>
                        </map>
                      </vReq>
                      <id>ROOT:2:4:2:0:4</id>
                      <connectors>
                        <connector>
                          <type>data</type>
                          <localId>0</localId>
                          <input>true</input>
                          <output>false</output>
                          <passthru>false</passthru>
                          <maxNumConnections>2147483647</maxNumConnections>
                        </connector>
                        <connector>
                          <type>data</type>
                          <localId>1</localId>
                          <input>false</input>
                          <output>true</output>
                          <passthru>false</passthru>
                          <maxNumConnections>2147483647</maxNumConnections>
                        </connector>
                      </connectors>
                      <mainInputs/>
                      <mainOutputs/>
                      <connections/>
                      <nodes/>
                      <parent reference="../../.."/>
                      <visible>false</visible>
                    </flow>
                  </nodes>
                  <parent reference="../../.."/>
                  <visible>false</visible>
                </flow>
                <node>
                  <x>360.0</x>
                  <y>30.0</y>
                  <width>300.0</width>
                  <height>200.0</height>
                  <title>Node 1</title>
                  <valueObject>
                    <parentId>ROOT:2:4:2:1</parentId>
                    <storage/>
                  </valueObject>
                  <vReq class="eu.mihosoft.vrl.workflow.VisualizationRequestImpl">
                    <map class="com.sun.javafx.collections.ObservableMapWrapper">
                      <backingMap/>
                    </map>
                  </vReq>
                  <id>ROOT:2:4:2:1</id>
                  <connectors>
                    <connector>
                      <type>data</type>
                      <localId>0</localId>
                      <input>true</input>
                      <output>false</output>
                      <passthru>false</passthru>
                      <maxNumConnections>2147483647</maxNumConnections>
                    </connector>
                    <connector>
                      <type>data</type>
                      <localId>1</localId>
                      <input>false</input>
                      <output>true</output>
                      <passthru>false</passthru>
                      <maxNumConnections>2147483647</maxNumConnections>
                    </connector>
                  </connectors>
                  <mainInputs/>
                  <mainOutputs/>
                </node>
                <flow>
                  <x>690.0</x>
                  <y>30.0</y>
                  <width>300.0</width>
                  <height>200.0</height>
                  <title>Node 2</title>
                  <valueObject>
                    <parentId>ROOT:2:4:2:2</parentId>
                    <storage/>
                  </valueObject>
                  <vReq class="eu.mihosoft.vrl.workflow.VisualizationRequestImpl">
                    <map class="com.sun.javafx.collections.ObservableMapWrapper">
                      <backingMap/>
                    </map>
                  </vReq>
                  <id>ROOT:2:4:2:2</id>
                  <connectors>
                    <connector>
                      <type>event</type>
                      <localId>0</localId>
                      <input>true</input>
                      <output>false</output>
                      <passthru>false</passthru>
                      <maxNumConnections>2147483647</maxNumConnections>
                    </connector>
                    <connector>
                      <type>event</type>
                      <localId>1</localId>
                      <input>false</input>
                      <output>true</output>
                      <passthru>false</passthru>
                      <maxNumConnections>2147483647</maxNumConnections>
                    </connector>
                  </connectors>
                  <mainInputs/>
                  <mainOutputs/>
                  <connections>
                    <connection>
                      <id>0</id>
                      <senderId>ROOT:2:4:2:2:1:c:1</senderId>
                      <receiverId>ROOT:2:4:2:2:4:c:0</receiverId>
                      <type>data</type>
                      <vReq class="eu.mihosoft.vrl.workflow.VisualizationRequestImpl">
                        <map class="com.sun.javafx.collections.ObservableMapWrapper">
                          <backingMap/>
                        </map>
                      </vReq>
                    </connection>
                    <connection>
                      <id>0</id>
                      <senderId>ROOT:2:4:2:2:0:c:1</senderId>
                      <receiverId>ROOT:2:4:2:2:3:c:0</receiverId>
                      <type>control</type>
                      <vReq class="eu.mihosoft.vrl.workflow.VisualizationRequestImpl">
                        <map class="com.sun.javafx.collections.ObservableMapWrapper">
                          <backingMap/>
                        </map>
                      </vReq>
                    </connection>
                  </connections>
                  <nodes>
                    <flow>
                      <x>30.0</x>
                      <y>30.0</y>
                      <width>300.0</width>
                      <height>200.0</height>
                      <title>Node 0</title>
                      <valueObject>
                        <parentId>ROOT:2:4:2:2:0</parentId>
                        <storage/>
                      </valueObject>
                      <vReq class="eu.mihosoft.vrl.workflow.VisualizationRequestImpl">
                        <map class="com.sun.javafx.collections.ObservableMapWrapper">
                          <backingMap/>
                        </map>
                      </vReq>
                      <id>ROOT:2:4:2:2:0</id>
                      <connectors>
                        <connector>
                          <type>control</type>
                          <localId>0</localId>
                          <input>true</input>
                          <output>false</output>
                          <passthru>false</passthru>
                          <maxNumConnections>2147483647</maxNumConnections>
                        </connector>
                        <connector>
                          <type>control</type>
                          <localId>1</localId>
                          <input>false</input>
                          <output>true</output>
                          <passthru>false</passthru>
                          <maxNumConnections>2147483647</maxNumConnections>
                        </connector>
                      </connectors>
                      <mainInputs/>
                      <mainOutputs/>
                      <connections/>
                      <nodes/>
                      <parent reference="../../.."/>
                      <visible>false</visible>
                    </flow>
                    <node>
                      <x>360.0</x>
                      <y>30.0</y>
                      <width>300.0</width>
                      <height>200.0</height>
                      <title>Node 1</title>
                      <valueObject>
                        <parentId>ROOT:2:4:2:2:1</parentId>
                        <storage/>
                      </valueObject>
                      <vReq class="eu.mihosoft.vrl.workflow.VisualizationRequestImpl">
                        <map class="com.sun.javafx.collections.ObservableMapWrapper">
                          <backingMap/>
                        </map>
                      </vReq>
                      <id>ROOT:2:4:2:2:1</id>
                      <connectors>
                        <connector>
                          <type>data</type>
                          <localId>0</localId>
                          <input>true</input>
                          <output>false</output>
                          <passthru>false</passthru>
                          <maxNumConnections>2147483647</maxNumConnections>
                        </connector>
                        <connector>
                          <type>data</type>
                          <localId>1</localId>
                          <input>false</input>
                          <output>true</output>
                          <passthru>false</passthru>
                          <maxNumConnections>2147483647</maxNumConnections>
                        </connector>
                      </connectors>
                      <mainInputs/>
                      <mainOutputs/>
                    </node>
                    <flow>
                      <x>690.0</x>
                      <y>30.0</y>
                      <width>300.0</width>
                      <height>200.0</height>
                      <title>Node 2</title>
                      <valueObject>
                        <parentId>ROOT:2:4:2:2:2</parentId>
                        <storage/>
                      </valueObject>
                      <vReq class="eu.mihosoft.vrl.workflow.VisualizationRequestImpl">
                        <map class="com.sun.javafx.collections.ObservableMapWrapper">
                          <backingMap/>
                        </map>
                      </vReq>
                      <id>ROOT:2:4:2:2:2</id>
                      <connectors>
                        <connector>
                          <type>event</type>
                          <localId>0</localId>
                          <input>true</input>
                          <output>false</output>
                          <passthru>false</passthru>
                          <maxNumConnections>2147483647</maxNumConnections>
                        </connector>
                        <connector>
                          <type>event</type>
                          <localId>1</localId>
                          <input>false</input>
                          <output>true</output>
                          <passthru>false</passthru>
                          <maxNumConnections>2147483647</maxNumConnections>
                        </connector>
                      </connectors>
                      <mainInputs/>
                      <mainOutputs/>
                      <connections/>
                      <nodes/>
                      <parent reference="../../.."/>
                      <visible>false</visible>
                    </flow>
                    <node>
                      <x>30.0</x>
                      <y>260.0</y>
                      <width>300.0</width>
                      <height>200.0</height>
                      <title>Node 3</title>
                      <valueObject>
                        <parentId>ROOT:2:4:2:2:3</parentId>
                        <storage/>
                      </valueObject>
                      <vReq class="eu.mihosoft.vrl.workflow.VisualizationRequestImpl">
                        <map class="com.sun.javafx.collections.ObservableMapWrapper">
                          <backingMap/>
                        </map>
                      </vReq>
                      <id>ROOT:2:4:2:2:3</id>
                      <connectors>
                        <connector>
                          <type>control</type>
                          <localId>0</localId>
                          <input>true</input>
                          <output>false</output>
                          <passthru>false</passthru>
                          <maxNumConnections>2147483647</maxNumConnections>
                        </connector>
                        <connector>
                          <type>control</type>
                          <localId>1</localId>
                          <input>false</input>
                          <output>true</output>
                          <passthru>false</passthru>
                          <maxNumConnections>2147483647</maxNumConnections>
                        </connector>
                      </connectors>
                      <mainInputs/>
                      <mainOutputs/>
                    </node>
                    <flow>
                      <x>360.0</x>
                      <y>260.0</y>
                      <width>300.0</width>
                      <height>200.0</height>
                      <title>Node 4</title>
                      <valueObject>
                        <parentId>ROOT:2:4:2:2:4</parentId>
                        <storage/>
                      </valueObject>
                      <vReq class="eu.mihosoft.vrl.workflow.VisualizationRequestImpl">
                        <map class="com.sun.javafx.collections.ObservableMapWrapper">
                          <backingMap/>
                        </map>
                      </vReq>
                      <id>ROOT:2:4:2:2:4</id>
                      <connectors>
                        <connector>
                          <type>data</type>
                          <localId>0</localId>
                          <input>true</input>
                          <output>false</output>
                          <passthru>false</passthru>
                          <maxNumConnections>2147483647</maxNumConnections>
                        </connector>
                        <connector>
                          <type>data</type>
                          <localId>1</localId>
                          <input>false</input>
                          <output>true</output>
                          <passthru>false</passthru>
                          <maxNumConnections>2147483647</maxNumConnections>
                        </connector>
                      </connectors>
                      <mainInputs/>
                      <mainOutputs/>
                      <connections/>
                      <nodes/>
                      <parent reference="../../.."/>
                      <visible>false</visible>
                    </flow>
                  </nodes>
                  <parent reference="../../.."/>
                  <visible>false</visible>
                </flow>
                <node>
                  <x>30.0</x>
                  <y>260.0</y>
                  <width>300.0</width>
                  <height>200.0</height>
                  <title>Node 3</title>
                  <valueObject>
                    <parentId>ROOT:2:4:2:3</parentId>
                    <storage/>
                  </valueObject>
                  <vReq class="eu.mihosoft.vrl.workflow.VisualizationRequestImpl">
                    <map class="com.sun.javafx.collections.ObservableMapWrapper">
                      <backingMap/>
                    </map>
                  </vReq>
                  <id>ROOT:2:4:2:3</id>
                  <connectors>
                    <connector>
                      <type>control</type>
                      <localId>0</localId>
                      <input>true</input>
                      <output>false</output>
                      <passthru>false</passthru>
                      <maxNumConnections>2147483647</maxNumConnections>
                    </connector>
                    <connector>
                      <type>control</type>
                      <localId>1</localId>
                      <input>false</input>
                      <output>true</output>
                      <passthru>false</passthru>
                      <maxNumConnections>2147483647</maxNumConnections>
                    </connector>
                  </connectors>
                  <mainInputs/>
                  <mainOutputs/>
                </node>
                <flow>
                  <x>360.0</x>
                  <y>260.0</y>
                  <width>300.0</width>
                  <height>200.0</height>
                  <title>Node 4</title>
                  <valueObject>
                    <parentId>ROOT:2:4:2:4</parentId>
                    <storage/>
                  </valueObject>
                  <vReq class="eu.mihosoft.vrl.workflow.VisualizationRequestImpl">
                    <map class="com.sun.javafx.collections.ObservableMapWrapper">
                      <backingMap/>
                    </map>
                  </vReq>
                  <id>ROOT:2:4:2:4</id>
                  <connectors>
                    <connector>
                      <type>data</type>
                      <localId>0</localId>
                      <input>true</input>
                      <output>false</output>
                      <passthru>false</passthru>
                      <maxNumConnections>2147483647</maxNumConnections>
                    </connector>
                    <connector>
                      <type>data</type>
                      <localId>1</localId>
                      <input>false</input>
                      <output>true</output>
                      <passthru>false</passthru>
                      <maxNumConnections>2147483647</maxNumConnections>
                    </connector>
                  </connectors>
                  <mainInputs/>
                  <mainOutputs/>
                  <connections>
                    <connection>
                      <id>0</id>
                      <senderId>ROOT:2:4:2:4:1:c:1</senderId>
                      <receiverId>ROOT:2:4:2:4:4:c:0</receiverId>
                      <type>data</type>
                      <vReq class="eu.mihosoft.vrl.workflow.VisualizationRequestImpl">
                        <map class="com.sun.javafx.collections.ObservableMapWrapper">
                          <backingMap/>
                        </map>
                      </vReq>
                    </connection>
                    <connection>
                      <id>0</id>
                      <senderId>ROOT:2:4:2:4:0:c:1</senderId>
                      <receiverId>ROOT:2:4:2:4:3:c:0</receiverId>
                      <type>control</type>
                      <vReq class="eu.mihosoft.vrl.workflow.VisualizationRequestImpl">
                        <map class="com.sun.javafx.collections.ObservableMapWrapper">
                          <backingMap/>
                        </map>
                      </vReq>
                    </connection>
                  </connections>
                  <nodes>
                    <flow>
                      <x>30.0</x>
                      <y>30.0</y>
                      <width>300.0</width>
                      <height>200.0</height>
                      <title>Node 0</title>
                      <valueObject>
                        <parentId>ROOT:2:4:2:4:0</parentId>
                        <storage/>
                      </valueObject>
                      <vReq class="eu.mihosoft.vrl.workflow.VisualizationRequestImpl">
                        <map class="com.sun.javafx.collections.ObservableMapWrapper">
                          <backingMap/>
                        </map>
                      </vReq>
                      <id>ROOT:2:4:2:4:0</id>
                      <connectors>
                        <connector>
                          <type>control</type>
                          <localId>0</localId>
                          <input>true</input>
                          <output>false</output>
                          <passthru>false</passthru>
                          <maxNumConnections>2147483647</maxNumConnections>
                        </connector>
                        <connector>
                          <type>control</type>
                          <localId>1</localId>
                          <input>false</input>
                          <output>true</output>
                          <passthru>false</passthru>
                          <maxNumConnections>2147483647</maxNumConnections>
                        </connector>
                      </connectors>
                      <mainInputs/>
                      <mainOutputs/>
                      <connections/>
                      <nodes/>
                      <parent reference="../../.."/>
                      <visible>false</visible>
                    </flow>
                    <node>
                      <x>360.0</x>
                      <y>30.0</y>
                      <width>300.0</width>
                      <height>200.0</height>
                      <title>Node 1</title>
                      <valueObject>
                        <parentId>ROOT:2:4:2:4:1</parentId>
                        <storage/>
                      </valueObject>
                      <vReq class="eu.mihosoft.vrl.workflow.VisualizationRequestImpl">
                        <map class="com.sun.javafx.collections.ObservableMapWrapper">
                          <backingMap/>
                        </map>
                      </vReq>
                      <id>ROOT:2:4:2:4:1</id>
                      <connectors>
                        <connector>
                          <type>data</type>
                          <localId>0</localId>
                          <input>true</input>
                          <output>false</output>
                          <passthru>false</passthru>
                          <maxNumConnections>2147483647</maxNumConnections>
                        </connector>
                        <connector>
                          <type>data</type>
                          <localId>1</localId>
                          <input>false</input>
                          <output>true</output>
                          <passthru>false</passthru>
                          <maxNumConnections>2147483647</maxNumConnections>
                        </connector>
                      </connectors>
                      <mainInputs/>
                      <mainOutputs/>
                    </node>
                    <flow>
                      <x>690.0</x>
                      <y>30.0</y>
                      <width>300.0</width>
                      <height>200.0</height>
                      <title>Node 2</title>
                      <valueObject>
                        <parentId>ROOT:2:4:2:4:2</parentId>
                        <storage/>
                      </valueObject>
                      <vReq class="eu.mihosoft.vrl.workflow.VisualizationRequestImpl">
                        <map class="com.sun.javafx.collections.ObservableMapWrapper">
                          <backingMap/>
                        </map>
                      </vReq>
                      <id>ROOT:2:4:2:4:2</id>
                      <connectors>
                        <connector>
                          <type>event</type>
                          <localId>0</localId>
                          <input>true</input>
                          <output>false</output>
                          <passthru>false</passthru>
                          <maxNumConnections>2147483647</maxNumConnections>
                        </connector>
                        <connector>
                          <type>event</type>
                          <localId>1</localId>
                          <input>false</input>
                          <output>true</output>
                          <passthru>false</passthru>
                          <maxNumConnections>2147483647</maxNumConnections>
                        </connector>
                      </connectors>
                      <mainInputs/>
                      <mainOutputs/>
                      <connections/>
                      <nodes/>
                      <parent reference="../../.."/>
                      <visible>false</visible>
                    </flow>
                    <node>
                      <x>30.0</x>
                      <y>260.0</y>
                      <width>300.0</width>
                      <height>200.0</height>
                      <title>Node 3</title>
                      <valueObject>
                        <parentId>ROOT:2:4:2:4:3</parentId>
                        <storage/>
                      </valueObject>
                      <vReq class="eu.mihosoft.vrl.workflow.VisualizationRequestImpl">
                        <map class="com.sun.javafx.collections.ObservableMapWrapper">
                          <backingMap/>
                        </map>
                      </vReq>
                      <id>ROOT:2:4:2:4:3</id>
                      <connectors>
                        <connector>
                          <type>control</type>
                          <localId>0</localId>
                          <input>true</input>
                          <output>false</output>
                          <passthru>false</passthru>
                          <maxNumConnections>2147483647</maxNumConnections>
                        </connector>
                        <connector>
                          <type>control</type>
                          <localId>1</localId>
                          <input>false</input>
                          <output>true</output>
                          <passthru>false</passthru>
                          <maxNumConnections>2147483647</maxNumConnections>
                        </connector>
                      </connectors>
                      <mainInputs/>
                      <mainOutputs/>
                    </node>
                    <flow>
                      <x>360.0</x>
                      <y>260.0</y>
                      <width>300.0</width>
                      <height>200.0</height>
                      <title>Node 4</title>
                      <valueObject>
                        <parentId>ROOT:2:4:2:4:4</parentId>
                        <storage/>
                      </valueObject>
                      <vReq class="eu.mihosoft.vrl.workflow.VisualizationRequestImpl">
                        <map class="com.sun.javafx.collections.ObservableMapWrapper">
                          <backingMap/>
                        </map>
                      </vReq>
                      <id>ROOT:2:4:2:4:4</id>
                      <connectors>
                        <connector>
                          <type>data</type>
                          <localId>0</localId>
                          <input>true</input>
                          <output>false</output>
                          <passthru>false</passthru>
                          <maxNumConnections>2147483647</maxNumConnections>
                        </connector>
                        <connector>
                          <type>data</type>
                          <localId>1</localId>
                          <input>false</input>
                          <output>true</output>
                          <passthru>false</passthru>
                          <maxNumConnections>2147483647</maxNumConnections>
                        </connector>
                      </connectors>
                      <mainInputs/>
                      <mainOutputs/>
                      <connections/>
                      <nodes/>
                      <parent reference="../../.."/>
                      <visible>false</visible>
                    </flow>
                  </nodes>
                  <parent reference="../../.."/>
                  <visible>false</visible>
                </flow>
              </nodes>
              <parent reference="../../.."/>
              <visible>false</visible>
            </flow>
            <node>
              <x>30.0</x>
              <y>260.0</y>
              <width>300.0</width>
              <height>200.0</height>
              <title>Node 3</title>
              <valueObject>
                <parentId>ROOT:2:4:3</parentId>
                <storage/>
              </valueObject>
              <vReq class="eu.mihosoft.vrl.workflow.VisualizationRequestImpl">
                <map class="com.sun.javafx.collections.ObservableMapWrapper">
                  <backingMap/>
                </map>
              </vReq>
              <id>ROOT:2:4:3</id>
              <connectors>
                <connector>
                  <type>control</type>
                  <localId>0</localId>
                  <input>true</input>
                  <output>false</output>
                  <passthru>false</passthru>
                  <maxNumConnections>2147483647</maxNumConnections>
                </connector>
                <connector>
                  <type>control</type>
                  <localId>1</localId>
                  <input>false</input>
                  <output>true</output>
                  <passthru>false</passthru>
                  <maxNumConnections>2147483647</maxNumConnections>
                </connector>
              </connectors>
              <mainInputs/>
              <mainOutputs/>
            </node>
            <flow>
              <x>360.0</x>
              <y>260.0</y>
              <width>300.0</width>
              <height>200.0</height>
              <title>Node 4</title>
              <valueObject>
                <parentId>ROOT:2:4:4</parentId>
                <storage/>
              </valueObject>
              <vReq class="eu.mihosoft.vrl.workflow.VisualizationRequestImpl">
                <map class="com.sun.javafx.collections.ObservableMapWrapper">
                  <backingMap/>
                </map>
              </vReq>
              <id>ROOT:2:4:4</id>
              <connectors>
                <connector>
                  <type>data</type>
                  <localId>0</localId>
                  <input>true</input>
                  <output>false</output>
                  <passthru>false</passthru>
                  <maxNumConnections>2147483647</maxNumConnections>
                </connector>
                <connector>
                  <type>data</type>
                  <localId>1</localId>
                  <input>false</input>
                  <output>true</output>
                  <passthru>false</passthru>
                  <maxNumConnections>2147483647</maxNumConnections>
                </connector>
              </connectors>
              <mainInputs/>
              <mainOutputs/>
              <connections>
                <connection>
                  <id>0</id>
                  <senderId>ROOT:2:4:4:1:c:1</senderId>
                  <receiverId>ROOT:2:4:4:4:c:0</receiverId>
                  <type>data</type>
                  <vReq class="eu.mihosoft.vrl.workflow.VisualizationRequestImpl">
                    <map class="com.sun.javafx.collections.ObservableMapWrapper">
                      <backingMap/>
                    </map>
                  </vReq>
                </connection>
                <connection>
                  <id>0</id>
                  <senderId>ROOT:2:4:4:0:c:1</senderId>
                  <receiverId>ROOT:2:4:4:3:c:0</receiverId>
                  <type>control</type>
                  <vReq class="eu.mihosoft.vrl.workflow.VisualizationRequestImpl">
                    <map class="com.sun.javafx.collections.ObservableMapWrapper">
                      <backingMap/>
                    </map>
                  </vReq>
                </connection>
              </connections>
              <nodes>
                <flow>
                  <x>30.0</x>
                  <y>30.0</y>
                  <width>300.0</width>
                  <height>200.0</height>
                  <title>Node 0</title>
                  <valueObject>
                    <parentId>ROOT:2:4:4:0</parentId>
                    <storage/>
                  </valueObject>
                  <vReq class="eu.mihosoft.vrl.workflow.VisualizationRequestImpl">
                    <map class="com.sun.javafx.collections.ObservableMapWrapper">
                      <backingMap/>
                    </map>
                  </vReq>
                  <id>ROOT:2:4:4:0</id>
                  <connectors>
                    <connector>
                      <type>control</type>
                      <localId>0</localId>
                      <input>true</input>
                      <output>false</output>
                      <passthru>false</passthru>
                      <maxNumConnections>2147483647</maxNumConnections>
                    </connector>
                    <connector>
                      <type>control</type>
                      <localId>1</localId>
                      <input>false</input>
                      <output>true</output>
                      <passthru>false</passthru>
                      <maxNumConnections>2147483647</maxNumConnections>
                    </connector>
                  </connectors>
                  <mainInputs/>
                  <mainOutputs/>
                  <connections>
                    <connection>
                      <id>0</id>
                      <senderId>ROOT:2:4:4:0:1:c:1</senderId>
                      <receiverId>ROOT:2:4:4:0:4:c:0</receiverId>
                      <type>data</type>
                      <vReq class="eu.mihosoft.vrl.workflow.VisualizationRequestImpl">
                        <map class="com.sun.javafx.collections.ObservableMapWrapper">
                          <backingMap/>
                        </map>
                      </vReq>
                    </connection>
                    <connection>
                      <id>0</id>
                      <senderId>ROOT:2:4:4:0:0:c:1</senderId>
                      <receiverId>ROOT:2:4:4:0:3:c:0</receiverId>
                      <type>control</type>
                      <vReq class="eu.mihosoft.vrl.workflow.VisualizationRequestImpl">
                        <map class="com.sun.javafx.collections.ObservableMapWrapper">
                          <backingMap/>
                        </map>
                      </vReq>
                    </connection>
                  </connections>
                  <nodes>
                    <flow>
                      <x>30.0</x>
                      <y>30.0</y>
                      <width>300.0</width>
                      <height>200.0</height>
                      <title>Node 0</title>
                      <valueObject>
                        <parentId>ROOT:2:4:4:0:0</parentId>
                        <storage/>
                      </valueObject>
                      <vReq class="eu.mihosoft.vrl.workflow.VisualizationRequestImpl">
                        <map class="com.sun.javafx.collections.ObservableMapWrapper">
                          <backingMap/>
                        </map>
                      </vReq>
                      <id>ROOT:2:4:4:0:0</id>
                      <connectors>
                        <connector>
                          <type>control</type>
                          <localId>0</localId>
                          <input>true</input>
                          <output>false</output>
                          <passthru>false</passthru>
                          <maxNumConnections>2147483647</maxNumConnections>
                        </connector>
                        <connector>
                          <type>control</type>
                          <localId>1</localId>
                          <input>false</input>
                          <output>true</output>
                          <passthru>false</passthru>
                          <maxNumConnections>2147483647</maxNumConnections>
                        </connector>
                      </connectors>
                      <mainInputs/>
                      <mainOutputs/>
                      <connections/>
                      <nodes/>
                      <parent reference="../../.."/>
                      <visible>false</visible>
                    </flow>
                    <node>
                      <x>360.0</x>
                      <y>30.0</y>
                      <width>300.0</width>
                      <height>200.0</height>
                      <title>Node 1</title>
                      <valueObject>
                        <parentId>ROOT:2:4:4:0:1</parentId>
                        <storage/>
                      </valueObject>
                      <vReq class="eu.mihosoft.vrl.workflow.VisualizationRequestImpl">
                        <map class="com.sun.javafx.collections.ObservableMapWrapper">
                          <backingMap/>
                        </map>
                      </vReq>
                      <id>ROOT:2:4:4:0:1</id>
                      <connectors>
                        <connector>
                          <type>data</type>
                          <localId>0</localId>
                          <input>true</input>
                          <output>false</output>
                          <passthru>false</passthru>
                          <maxNumConnections>2147483647</maxNumConnections>
                        </connector>
                        <connector>
                          <type>data</type>
                          <localId>1</localId>
                          <input>false</input>
                          <output>true</output>
                          <passthru>false</passthru>
                          <maxNumConnections>2147483647</maxNumConnections>
                        </connector>
                      </connectors>
                      <mainInputs/>
                      <mainOutputs/>
                    </node>
                    <flow>
                      <x>690.0</x>
                      <y>30.0</y>
                      <width>300.0</width>
                      <height>200.0</height>
                      <title>Node 2</title>
                      <valueObject>
                        <parentId>ROOT:2:4:4:0:2</parentId>
                        <storage/>
                      </valueObject>
                      <vReq class="eu.mihosoft.vrl.workflow.VisualizationRequestImpl">
                        <map class="com.sun.javafx.collections.ObservableMapWrapper">
                          <backingMap/>
                        </map>
                      </vReq>
                      <id>ROOT:2:4:4:0:2</id>
                      <connectors>
                        <connector>
                          <type>event</type>
                          <localId>0</localId>
                          <input>true</input>
                          <output>false</output>
                          <passthru>false</passthru>
                          <maxNumConnections>2147483647</maxNumConnections>
                        </connector>
                        <connector>
                          <type>event</type>
                          <localId>1</localId>
                          <input>false</input>
                          <output>true</output>
                          <passthru>false</passthru>
                          <maxNumConnections>2147483647</maxNumConnections>
                        </connector>
                      </connectors>
                      <mainInputs/>
                      <mainOutputs/>
                      <connections/>
                      <nodes/>
                      <parent reference="../../.."/>
                      <visible>false</visible>
                    </flow>
                    <node>
                      <x>30.0</x>
                      <y>260.0</y>
                      <width>300.0</width>
                      <height>200.0</height>
                      <title>Node 3</title>
                      <valueObject>
                        <parentId>ROOT:2:4:4:0:3</parentId>
                        <storage/>
                      </valueObject>
                      <vReq class="eu.mihosoft.vrl.workflow.VisualizationRequestImpl">
                        <map class="com.sun.javafx.collections.ObservableMapWrapper">
                          <backingMap/>
                        </map>
                      </vReq>
                      <id>ROOT:2:4:4:0:3</id>
                      <connectors>
                        <connector>
                          <type>control</type>
                          <localId>0</localId>
                          <input>true</input>
                          <output>false</output>
                          <passthru>false</passthru>
                          <maxNumConnections>2147483647</maxNumConnections>
                        </connector>
                        <connector>
                          <type>control</type>
                          <localId>1</localId>
                          <input>false</input>
                          <output>true</output>
                          <passthru>false</passthru>
                          <maxNumConnections>2147483647</maxNumConnections>
                        </connector>
                      </connectors>
                      <mainInputs/>
                      <mainOutputs/>
                    </node>
                    <flow>
                      <x>360.0</x>
                      <y>260.0</y>
                      <width>300.0</width>
                      <height>200.0</height>
                      <title>Node 4</title>
                      <valueObject>
                        <parentId>ROOT:2:4:4:0:4</parentId>
                        <storage/>
                      </valueObject>
                      <vReq class="eu.mihosoft.vrl.workflow.VisualizationRequestImpl">
                        <map class="com.sun.javafx.collections.ObservableMapWrapper">
                          <backingMap/>
                        </map>
                      </vReq>
                      <id>ROOT:2:4:4:0:4</id>
                      <connectors>
                        <connector>
                          <type>data</type>
                          <localId>0</localId>
                          <input>true</input>
                          <output>false</output>
                          <passthru>false</passthru>
                          <maxNumConnections>2147483647</maxNumConnections>
                        </connector>
                        <connector>
                          <type>data</type>
                          <localId>1</localId>
                          <input>false</input>
                          <output>true</output>
                          <passthru>false</passthru>
                          <maxNumConnections>2147483647</maxNumConnections>
                        </connector>
                      </connectors>
                      <mainInputs/>
                      <mainOutputs/>
                      <connections/>
                      <nodes/>
                      <parent reference="../../.."/>
                      <visible>false</visible>
                    </flow>
                  </nodes>
                  <parent reference="../../.."/>
                  <visible>false</visible>
                </flow>
                <node>
                  <x>360.0</x>
                  <y>30.0</y>
                  <width>300.0</width>
                  <height>200.0</height>
                  <title>Node 1</title>
                  <valueObject>
                    <parentId>ROOT:2:4:4:1</parentId>
                    <storage/>
                  </valueObject>
                  <vReq class="eu.mihosoft.vrl.workflow.VisualizationRequestImpl">
                    <map class="com.sun.javafx.collections.ObservableMapWrapper">
                      <backingMap/>
                    </map>
                  </vReq>
                  <id>ROOT:2:4:4:1</id>
                  <connectors>
                    <connector>
                      <type>data</type>
                      <localId>0</localId>
                      <input>true</input>
                      <output>false</output>
                      <passthru>false</passthru>
                      <maxNumConnections>2147483647</maxNumConnections>
                    </connector>
                    <connector>
                      <type>data</type>
                      <localId>1</localId>
                      <input>false</input>
                      <output>true</output>
                      <passthru>false</passthru>
                      <maxNumConnections>2147483647</maxNumConnections>
                    </connector>
                  </connectors>
                  <mainInputs/>
                  <mainOutputs/>
                </node>
                <flow>
                  <x>690.0</x>
                  <y>30.0</y>
                  <width>300.0</width>
                  <height>200.0</height>
                  <title>Node 2</title>
                  <valueObject>
                    <parentId>ROOT:2:4:4:2</parentId>
                    <storage/>
                  </valueObject>
                  <vReq class="eu.mihosoft.vrl.workflow.VisualizationRequestImpl">
                    <map class="com.sun.javafx.collections.ObservableMapWrapper">
                      <backingMap/>
                    </map>
                  </vReq>
                  <id>ROOT:2:4:4:2</id>
                  <connectors>
                    <connector>
                      <type>event</type>
                      <localId>0</localId>
                      <input>true</input>
                      <output>false</output>
                      <passthru>false</passthru>
                      <maxNumConnections>2147483647</maxNumConnections>
                    </connector>
                    <connector>
                      <type>event</type>
                      <localId>1</localId>
                      <input>false</input>
                      <output>true</output>
                      <passthru>false</passthru>
                      <maxNumConnections>2147483647</maxNumConnections>
                    </connector>
                  </connectors>
                  <mainInputs/>
                  <mainOutputs/>
                  <connections>
                    <connection>
                      <id>0</id>
                      <senderId>ROOT:2:4:4:2:1:c:1</senderId>
                      <receiverId>ROOT:2:4:4:2:4:c:0</receiverId>
                      <type>data</type>
                      <vReq class="eu.mihosoft.vrl.workflow.VisualizationRequestImpl">
                        <map class="com.sun.javafx.collections.ObservableMapWrapper">
                          <backingMap/>
                        </map>
                      </vReq>
                    </connection>
                    <connection>
                      <id>0</id>
                      <senderId>ROOT:2:4:4:2:0:c:1</senderId>
                      <receiverId>ROOT:2:4:4:2:3:c:0</receiverId>
                      <type>control</type>
                      <vReq class="eu.mihosoft.vrl.workflow.VisualizationRequestImpl">
                        <map class="com.sun.javafx.collections.ObservableMapWrapper">
                          <backingMap/>
                        </map>
                      </vReq>
                    </connection>
                  </connections>
                  <nodes>
                    <flow>
                      <x>30.0</x>
                      <y>30.0</y>
                      <width>300.0</width>
                      <height>200.0</height>
                      <title>Node 0</title>
                      <valueObject>
                        <parentId>ROOT:2:4:4:2:0</parentId>
                        <storage/>
                      </valueObject>
                      <vReq class="eu.mihosoft.vrl.workflow.VisualizationRequestImpl">
                        <map class="com.sun.javafx.collections.ObservableMapWrapper">
                          <backingMap/>
                        </map>
                      </vReq>
                      <id>ROOT:2:4:4:2:0</id>
                      <connectors>
                        <connector>
                          <type>control</type>
                          <localId>0</localId>
                          <input>true</input>
                          <output>false</output>
                          <passthru>false</passthru>
                          <maxNumConnections>2147483647</maxNumConnections>
                        </connector>
                        <connector>
                          <type>control</type>
                          <localId>1</localId>
                          <input>false</input>
                          <output>true</output>
                          <passthru>false</passthru>
                          <maxNumConnections>2147483647</maxNumConnections>
                        </connector>
                      </connectors>
                      <mainInputs/>
                      <mainOutputs/>
                      <connections/>
                      <nodes/>
                      <parent reference="../../.."/>
                      <visible>false</visible>
                    </flow>
                    <node>
                      <x>360.0</x>
                      <y>30.0</y>
                      <width>300.0</width>
                      <height>200.0</height>
                      <title>Node 1</title>
                      <valueObject>
                        <parentId>ROOT:2:4:4:2:1</parentId>
                        <storage/>
                      </valueObject>
                      <vReq class="eu.mihosoft.vrl.workflow.VisualizationRequestImpl">
                        <map class="com.sun.javafx.collections.ObservableMapWrapper">
                          <backingMap/>
                        </map>
                      </vReq>
                      <id>ROOT:2:4:4:2:1</id>
                      <connectors>
                        <connector>
                          <type>data</type>
                          <localId>0</localId>
                          <input>true</input>
                          <output>false</output>
                          <passthru>false</passthru>
                          <maxNumConnections>2147483647</maxNumConnections>
                        </connector>
                        <connector>
                          <type>data</type>
                          <localId>1</localId>
                          <input>false</input>
                          <output>true</output>
                          <passthru>false</passthru>
                          <maxNumConnections>2147483647</maxNumConnections>
                        </connector>
                      </connectors>
                      <mainInputs/>
                      <mainOutputs/>
                    </node>
                    <flow>
                      <x>690.0</x>
                      <y>30.0</y>
                      <width>300.0</width>
                      <height>200.0</height>
                      <title>Node 2</title>
                      <valueObject>
                        <parentId>ROOT:2:4:4:2:2</parentId>
                        <storage/>
                      </valueObject>
                      <vReq class="eu.mihosoft.vrl.workflow.VisualizationRequestImpl">
                        <map class="com.sun.javafx.collections.ObservableMapWrapper">
                          <backingMap/>
                        </map>
                      </vReq>
                      <id>ROOT:2:4:4:2:2</id>
                      <connectors>
                        <connector>
                          <type>event</type>
                          <localId>0</localId>
                          <input>true</input>
                          <output>false</output>
                          <passthru>false</passthru>
                          <maxNumConnections>2147483647</maxNumConnections>
                        </connector>
                        <connector>
                          <type>event</type>
                          <localId>1</localId>
                          <input>false</input>
                          <output>true</output>
                          <passthru>false</passthru>
                          <maxNumConnections>2147483647</maxNumConnections>
                        </connector>
                      </connectors>
                      <mainInputs/>
                      <mainOutputs/>
                      <connections/>
                      <nodes/>
                      <parent reference="../../.."/>
                      <visible>false</visible>
                    </flow>
                    <node>
                      <x>30.0</x>
                      <y>260.0</y>
                      <width>300.0</width>
                      <height>200.0</height>
                      <title>Node 3</title>
                      <valueObject>
                        <parentId>ROOT:2:4:4:2:3</parentId>
                        <storage/>
                      </valueObject>
                      <vReq class="eu.mihosoft.vrl.workflow.VisualizationRequestImpl">
                        <map class="com.sun.javafx.collections.ObservableMapWrapper">
                          <backingMap/>
                        </map>
                      </vReq>
                      <id>ROOT:2:4:4:2:3</id>
                      <connectors>
                        <connector>
                          <type>control</type>
                          <localId>0</localId>
                          <input>true</input>
                          <output>false</output>
                          <passthru>false</passthru>
                          <maxNumConnections>2147483647</maxNumConnections>
                        </connector>
                        <connector>
                          <type>control</type>
                          <localId>1</localId>
                          <input>false</input>
                          <output>true</output>
                          <passthru>false</passthru>
                          <maxNumConnections>2147483647</maxNumConnections>
                        </connector>
                      </connectors>
                      <mainInputs/>
                      <mainOutputs/>
                    </node>
                    <flow>
                      <x>360.0</x>
                      <y>260.0</y>
                      <width>300.0</width>
                      <height>200.0</height>
                      <title>Node 4</title>
                      <valueObject>
                        <parentId>ROOT:2:4:4:2:4</parentId>
                        <storage/>
                      </valueObject>
                      <vReq class="eu.mihosoft.vrl.workflow.VisualizationRequestImpl">
                        <map class="com.sun.javafx.collections.ObservableMapWrapper">
                          <backingMap/>
                        </map>
                      </vReq>
                      <id>ROOT:2:4:4:2:4</id>
                      <connectors>
                        <connector>
                          <type>data</type>
                          <localId>0</localId>
                          <input>true</input>
                          <output>false</output>
                          <passthru>false</passthru>
                          <maxNumConnections>2147483647</maxNumConnections>
                        </connector>
                        <connector>
                          <type>data</type>
                          <localId>1</localId>
                          <input>false</input>
                          <output>true</output>
                          <passthru>false</passthru>
                          <maxNumConnections>2147483647</maxNumConnections>
                        </connector>
                      </connectors>
                      <mainInputs/>
                      <mainOutputs/>
                      <connections/>
                      <nodes/>
                      <parent reference="../../.."/>
                      <visible>false</visible>
                    </flow>
                  </nodes>
                  <parent reference="../../.."/>
                  <visible>false</visible>
                </flow>
                <node>
                  <x>30.0</x>
                  <y>260.0</y>
                  <width>300.0</width>
                  <height>200.0</height>
                  <title>Node 3</title>
                  <valueObject>
                    <parentId>ROOT:2:4:4:3</parentId>
                    <storage/>
                  </valueObject>
                  <vReq class="eu.mihosoft.vrl.workflow.VisualizationRequestImpl">
                    <map class="com.sun.javafx.collections.ObservableMapWrapper">
                      <backingMap/>
                    </map>
                  </vReq>
                  <id>ROOT:2:4:4:3</id>
                  <connectors>
                    <connector>
                      <type>control</type>
                      <localId>0</localId>
                      <input>true</input>
                      <output>false</output>
                      <passthru>false</passthru>
                      <maxNumConnections>2147483647</maxNumConnections>
                    </connector>
                    <connector>
                      <type>control</type>
                      <localId>1</localId>
                      <input>false</input>
                      <output>true</output>
                      <passthru>false</passthru>
                      <maxNumConnections>2147483647</maxNumConnections>
                    </connector>
                  </connectors>
                  <mainInputs/>
                  <mainOutputs/>
                </node>
                <flow>
                  <x>360.0</x>
                  <y>260.0</y>
                  <width>300.0</width>
                  <height>200.0</height>
                  <title>Node 4</title>
                  <valueObject>
                    <parentId>ROOT:2:4:4:4</parentId>
                    <storage/>
                  </valueObject>
                  <vReq class="eu.mihosoft.vrl.workflow.VisualizationRequestImpl">
                    <map class="com.sun.javafx.collections.ObservableMapWrapper">
                      <backingMap/>
                    </map>
                  </vReq>
                  <id>ROOT:2:4:4:4</id>
                  <connectors>
                    <connector>
                      <type>data</type>
                      <localId>0</localId>
                      <input>true</input>
                      <output>false</output>
                      <passthru>false</passthru>
                      <maxNumConnections>2147483647</maxNumConnections>
                    </connector>
                    <connector>
                      <type>data</type>
                      <localId>1</localId>
                      <input>false</input>
                      <output>true</output>
                      <passthru>false</passthru>
                      <maxNumConnections>2147483647</maxNumConnections>
                    </connector>
                  </connectors>
                  <mainInputs/>
                  <mainOutputs/>
                  <connections>
                    <connection>
                      <id>0</id>
                      <senderId>ROOT:2:4:4:4:1:c:1</senderId>
                      <receiverId>ROOT:2:4:4:4:4:c:0</receiverId>
                      <type>data</type>
                      <vReq class="eu.mihosoft.vrl.workflow.VisualizationRequestImpl">
                        <map class="com.sun.javafx.collections.ObservableMapWrapper">
                          <backingMap/>
                        </map>
                      </vReq>
                    </connection>
                    <connection>
                      <id>0</id>
                      <senderId>ROOT:2:4:4:4:0:c:1</senderId>
                      <receiverId>ROOT:2:4:4:4:3:c:0</receiverId>
                      <type>control</type>
                      <vReq class="eu.mihosoft.vrl.workflow.VisualizationRequestImpl">
                        <map class="com.sun.javafx.collections.ObservableMapWrapper">
                          <backingMap/>
                        </map>
                      </vReq>
                    </connection>
                  </connections>
                  <nodes>
                    <flow>
                      <x>30.0</x>
                      <y>30.0</y>
                      <width>300.0</width>
                      <height>200.0</height>
                      <title>Node 0</title>
                      <valueObject>
                        <parentId>ROOT:2:4:4:4:0</parentId>
                        <storage/>
                      </valueObject>
                      <vReq class="eu.mihosoft.vrl.workflow.VisualizationRequestImpl">
                        <map class="com.sun.javafx.collections.ObservableMapWrapper">
                          <backingMap/>
                        </map>
                      </vReq>
                      <id>ROOT:2:4:4:4:0</id>
                      <connectors>
                        <connector>
                          <type>control</type>
                          <localId>0</localId>
                          <input>true</input>
                          <output>false</output>
                          <passthru>false</passthru>
                          <maxNumConnections>2147483647</maxNumConnections>
                        </connector>
                        <connector>
                          <type>control</type>
                          <localId>1</localId>
                          <input>false</input>
                          <output>true</output>
                          <passthru>false</passthru>
                          <maxNumConnections>2147483647</maxNumConnections>
                        </connector>
                      </connectors>
                      <mainInputs/>
                      <mainOutputs/>
                      <connections/>
                      <nodes/>
                      <parent reference="../../.."/>
                      <visible>false</visible>
                    </flow>
                    <node>
                      <x>360.0</x>
                      <y>30.0</y>
                      <width>300.0</width>
                      <height>200.0</height>
                      <title>Node 1</title>
                      <valueObject>
                        <parentId>ROOT:2:4:4:4:1</parentId>
                        <storage/>
                      </valueObject>
                      <vReq class="eu.mihosoft.vrl.workflow.VisualizationRequestImpl">
                        <map class="com.sun.javafx.collections.ObservableMapWrapper">
                          <backingMap/>
                        </map>
                      </vReq>
                      <id>ROOT:2:4:4:4:1</id>
                      <connectors>
                        <connector>
                          <type>data</type>
                          <localId>0</localId>
                          <input>true</input>
                          <output>false</output>
                          <passthru>false</passthru>
                          <maxNumConnections>2147483647</maxNumConnections>
                        </connector>
                        <connector>
                          <type>data</type>
                          <localId>1</localId>
                          <input>false</input>
                          <output>true</output>
                          <passthru>false</passthru>
                          <maxNumConnections>2147483647</maxNumConnections>
                        </connector>
                      </connectors>
                      <mainInputs/>
                      <mainOutputs/>
                    </node>
                    <flow>
                      <x>690.0</x>
                      <y>30.0</y>
                      <width>300.0</width>
                      <height>200.0</height>
                      <title>Node 2</title>
                      <valueObject>
                        <parentId>ROOT:2:4:4:4:2</parentId>
                        <storage/>
                      </valueObject>
                      <vReq class="eu.mihosoft.vrl.workflow.VisualizationRequestImpl">
                        <map class="com.sun.javafx.collections.ObservableMapWrapper">
                          <backingMap/>
                        </map>
                      </vReq>
                      <id>ROOT:2:4:4:4:2</id>
                      <connectors>
                        <connector>
                          <type>event</type>
                          <localId>0</localId>
                          <input>true</input>
                          <output>false</output>
                          <passthru>false</passthru>
                          <maxNumConnections>2147483647</maxNumConnections>
                        </connector>
                        <connector>
                          <type>event</type>
                          <localId>1</localId>
                          <input>false</input>
                          <output>true</output>
                          <passthru>false</passthru>
                          <maxNumConnections>2147483647</maxNumConnections>
                        </connector>
                      </connectors>
                      <mainInputs/>
                      <mainOutputs/>
                      <connections/>
                      <nodes/>
                      <parent reference="../../.."/>
                      <visible>false</visible>
                    </flow>
                    <node>
                      <x>30.0</x>
                      <y>260.0</y>
                      <width>300.0</width>
                      <height>200.0</height>
                      <title>Node 3</title>
                      <valueObject>
                        <parentId>ROOT:2:4:4:4:3</parentId>
                        <storage/>
                      </valueObject>
                      <vReq class="eu.mihosoft.vrl.workflow.VisualizationRequestImpl">
                        <map class="com.sun.javafx.collections.ObservableMapWrapper">
                          <backingMap/>
                        </map>
                      </vReq>
                      <id>ROOT:2:4:4:4:3</id>
                      <connectors>
                        <connector>
                          <type>control</type>
                          <localId>0</localId>
                          <input>true</input>
                          <output>false</output>
                          <passthru>false</passthru>
                          <maxNumConnections>2147483647</maxNumConnections>
                        </connector>
                        <connector>
                          <type>control</type>
                          <localId>1</localId>
                          <input>false</input>
                          <output>true</output>
                          <passthru>false</passthru>
                          <maxNumConnections>2147483647</maxNumConnections>
                        </connector>
                      </connectors>
                      <mainInputs/>
                      <mainOutputs/>
                    </node>
                    <flow>
                      <x>360.0</x>
                      <y>260.0</y>
                      <width>300.0</width>
                      <height>200.0</height>
                      <title>Node 4</title>
                      <valueObject>
                        <parentId>ROOT:2:4:4:4:4</parentId>
                        <storage/>
                      </valueObject>
                      <vReq class="eu.mihosoft.vrl.workflow.VisualizationRequestImpl">
                        <map class="com.sun.javafx.collections.ObservableMapWrapper">
                          <backingMap/>
                        </map>
                      </vReq>
                      <id>ROOT:2:4:4:4:4</id>
                      <connectors>
                        <connector>
                          <type>data</type>
                          <localId>0</localId>
                          <input>true</input>
                          <output>false</output>
                          <passthru>false</passthru>
                          <maxNumConnections>2147483647</maxNumConnections>
                        </connector>
                        <connector>
                          <type>data</type>
                          <localId>1</localId>
                          <input>false</input>
                          <output>true</output>
                          <passthru>false</passthru>
                          <maxNumConnections>2147483647</maxNumConnections>
                        </connector>
                      </connectors>
                      <mainInputs/>
                      <mainOutputs/>
                      <connections/>
                      <nodes/>
                      <parent reference="../../.."/>
                      <visible>false</visible>
                    </flow>
                  </nodes>
                  <parent reference="../../.."/>
                  <visible>false</visible>
                </flow>
              </nodes>
              <parent reference="../../.."/>
              <visible>false</visible>
            </flow>
          </nodes>
          <parent reference="../../.."/>
          <visible>false</visible>
        </flow>
      </nodes>
      <parent reference="../../.."/>
      <visible>false</visible>
    </flow>
    <node>
      <x>30.0</x>
      <y>260.0</y>
      <width>300.0</width>
      <height>200.0</height>
      <title>Node 3</title>
      <valueObject>
        <parentId>ROOT:3</parentId>
        <storage/>
      </valueObject>
      <vReq class="eu.mihosoft.vrl.workflow.VisualizationRequestImpl">
        <map class="com.sun.javafx.collections.ObservableMapWrapper">
          <backingMap/>
        </map>
      </vReq>
      <id>ROOT:3</id>
      <connectors>
        <connector>
          <type>control</type>
          <localId>0</localId>
          <input>true</input>
          <output>false</output>
          <passthru>false</passthru>
          <maxNumConnections>2147483647</maxNumConnections>
        </connector>
        <connector>
          <type>control</type>
          <localId>1</localId>
          <input>false</input>
          <output>true</output>
          <passthru>false</passthru>
          <maxNumConnections>2147483647</maxNumConnections>
        </connector>
      </connectors>
      <mainInputs/>
      <mainOutputs/>
    </node>
    <flow>
      <x>360.0</x>
      <y>260.0</y>
      <width>300.0</width>
      <height>200.0</height>
      <title>Node 4</title>
      <valueObject>
        <parentId>ROOT:4</parentId>
        <storage/>
      </valueObject>
      <vReq class="eu.mihosoft.vrl.workflow.VisualizationRequestImpl">
        <map class="com.sun.javafx.collections.ObservableMapWrapper">
          <backingMap/>
        </map>
      </vReq>
      <id>ROOT:4</id>
      <connectors>
        <connector>
          <type>data</type>
          <localId>0</localId>
          <input>true</input>
          <output>false</output>
          <passthru>false</passthru>
          <maxNumConnections>2147483647</maxNumConnections>
        </connector>
        <connector>
          <type>data</type>
          <localId>1</localId>
          <input>false</input>
          <output>true</output>
          <passthru>false</passthru>
          <maxNumConnections>2147483647</maxNumConnections>
        </connector>
      </connectors>
      <mainInputs/>
      <mainOutputs/>
      <connections>
        <connection>
          <id>0</id>
          <senderId>ROOT:4:1:c:1</senderId>
          <receiverId>ROOT:4:4:c:0</receiverId>
          <type>data</type>
          <vReq class="eu.mihosoft.vrl.workflow.VisualizationRequestImpl">
            <map class="com.sun.javafx.collections.ObservableMapWrapper">
              <backingMap/>
            </map>
          </vReq>
        </connection>
        <connection>
          <id>0</id>
          <senderId>ROOT:4:0:c:1</senderId>
          <receiverId>ROOT:4:3:c:0</receiverId>
          <type>control</type>
          <vReq class="eu.mihosoft.vrl.workflow.VisualizationRequestImpl">
            <map class="com.sun.javafx.collections.ObservableMapWrapper">
              <backingMap/>
            </map>
          </vReq>
        </connection>
      </connections>
      <nodes>
        <flow>
          <x>30.0</x>
          <y>30.0</y>
          <width>300.0</width>
          <height>200.0</height>
          <title>Node 0</title>
          <valueObject>
            <parentId>ROOT:4:0</parentId>
            <storage/>
          </valueObject>
          <vReq class="eu.mihosoft.vrl.workflow.VisualizationRequestImpl">
            <map class="com.sun.javafx.collections.ObservableMapWrapper">
              <backingMap/>
            </map>
          </vReq>
          <id>ROOT:4:0</id>
          <connectors>
            <connector>
              <type>control</type>
              <localId>0</localId>
              <input>true</input>
              <output>false</output>
              <passthru>false</passthru>
              <maxNumConnections>2147483647</maxNumConnections>
            </connector>
            <connector>
              <type>control</type>
              <localId>1</localId>
              <input>false</input>
              <output>true</output>
              <passthru>false</passthru>
              <maxNumConnections>2147483647</maxNumConnections>
            </connector>
          </connectors>
          <mainInputs/>
          <mainOutputs/>
          <connections>
            <connection>
              <id>0</id>
              <senderId>ROOT:4:0:1:c:1</senderId>
              <receiverId>ROOT:4:0:4:c:0</receiverId>
              <type>data</type>
              <vReq class="eu.mihosoft.vrl.workflow.VisualizationRequestImpl">
                <map class="com.sun.javafx.collections.ObservableMapWrapper">
                  <backingMap/>
                </map>
              </vReq>
            </connection>
            <connection>
              <id>0</id>
              <senderId>ROOT:4:0:0:c:1</senderId>
              <receiverId>ROOT:4:0:3:c:0</receiverId>
              <type>control</type>
              <vReq class="eu.mihosoft.vrl.workflow.VisualizationRequestImpl">
                <map class="com.sun.javafx.collections.ObservableMapWrapper">
                  <backingMap/>
                </map>
              </vReq>
            </connection>
          </connections>
          <nodes>
            <flow>
              <x>30.0</x>
              <y>30.0</y>
              <width>300.0</width>
              <height>200.0</height>
              <title>Node 0</title>
              <valueObject>
                <parentId>ROOT:4:0:0</parentId>
                <storage/>
              </valueObject>
              <vReq class="eu.mihosoft.vrl.workflow.VisualizationRequestImpl">
                <map class="com.sun.javafx.collections.ObservableMapWrapper">
                  <backingMap/>
                </map>
              </vReq>
              <id>ROOT:4:0:0</id>
              <connectors>
                <connector>
                  <type>control</type>
                  <localId>0</localId>
                  <input>true</input>
                  <output>false</output>
                  <passthru>false</passthru>
                  <maxNumConnections>2147483647</maxNumConnections>
                </connector>
                <connector>
                  <type>control</type>
                  <localId>1</localId>
                  <input>false</input>
                  <output>true</output>
                  <passthru>false</passthru>
                  <maxNumConnections>2147483647</maxNumConnections>
                </connector>
              </connectors>
              <mainInputs/>
              <mainOutputs/>
              <connections>
                <connection>
                  <id>0</id>
                  <senderId>ROOT:4:0:0:1:c:1</senderId>
                  <receiverId>ROOT:4:0:0:4:c:0</receiverId>
                  <type>data</type>
                  <vReq class="eu.mihosoft.vrl.workflow.VisualizationRequestImpl">
                    <map class="com.sun.javafx.collections.ObservableMapWrapper">
                      <backingMap/>
                    </map>
                  </vReq>
                </connection>
                <connection>
                  <id>0</id>
                  <senderId>ROOT:4:0:0:0:c:1</senderId>
                  <receiverId>ROOT:4:0:0:3:c:0</receiverId>
                  <type>control</type>
                  <vReq class="eu.mihosoft.vrl.workflow.VisualizationRequestImpl">
                    <map class="com.sun.javafx.collections.ObservableMapWrapper">
                      <backingMap/>
                    </map>
                  </vReq>
                </connection>
              </connections>
              <nodes>
                <flow>
                  <x>30.0</x>
                  <y>30.0</y>
                  <width>300.0</width>
                  <height>200.0</height>
                  <title>Node 0</title>
                  <valueObject>
                    <parentId>ROOT:4:0:0:0</parentId>
                    <storage/>
                  </valueObject>
                  <vReq class="eu.mihosoft.vrl.workflow.VisualizationRequestImpl">
                    <map class="com.sun.javafx.collections.ObservableMapWrapper">
                      <backingMap/>
                    </map>
                  </vReq>
                  <id>ROOT:4:0:0:0</id>
                  <connectors>
                    <connector>
                      <type>control</type>
                      <localId>0</localId>
                      <input>true</input>
                      <output>false</output>
                      <passthru>false</passthru>
                      <maxNumConnections>2147483647</maxNumConnections>
                    </connector>
                    <connector>
                      <type>control</type>
                      <localId>1</localId>
                      <input>false</input>
                      <output>true</output>
                      <passthru>false</passthru>
                      <maxNumConnections>2147483647</maxNumConnections>
                    </connector>
                  </connectors>
                  <mainInputs/>
                  <mainOutputs/>
                  <connections>
                    <connection>
                      <id>0</id>
                      <senderId>ROOT:4:0:0:0:1:c:1</senderId>
                      <receiverId>ROOT:4:0:0:0:4:c:0</receiverId>
                      <type>data</type>
                      <vReq class="eu.mihosoft.vrl.workflow.VisualizationRequestImpl">
                        <map class="com.sun.javafx.collections.ObservableMapWrapper">
                          <backingMap/>
                        </map>
                      </vReq>
                    </connection>
                    <connection>
                      <id>0</id>
                      <senderId>ROOT:4:0:0:0:0:c:1</senderId>
                      <receiverId>ROOT:4:0:0:0:3:c:0</receiverId>
                      <type>control</type>
                      <vReq class="eu.mihosoft.vrl.workflow.VisualizationRequestImpl">
                        <map class="com.sun.javafx.collections.ObservableMapWrapper">
                          <backingMap/>
                        </map>
                      </vReq>
                    </connection>
                  </connections>
                  <nodes>
                    <flow>
                      <x>30.0</x>
                      <y>30.0</y>
                      <width>300.0</width>
                      <height>200.0</height>
                      <title>Node 0</title>
                      <valueObject>
                        <parentId>ROOT:4:0:0:0:0</parentId>
                        <storage/>
                      </valueObject>
                      <vReq class="eu.mihosoft.vrl.workflow.VisualizationRequestImpl">
                        <map class="com.sun.javafx.collections.ObservableMapWrapper">
                          <backingMap/>
                        </map>
                      </vReq>
                      <id>ROOT:4:0:0:0:0</id>
                      <connectors>
                        <connector>
                          <type>control</type>
                          <localId>0</localId>
                          <input>true</input>
                          <output>false</output>
                          <passthru>false</passthru>
                          <maxNumConnections>2147483647</maxNumConnections>
                        </connector>
                        <connector>
                          <type>control</type>
                          <localId>1</localId>
                          <input>false</input>
                          <output>true</output>
                          <passthru>false</passthru>
                          <maxNumConnections>2147483647</maxNumConnections>
                        </connector>
                      </connectors>
                      <mainInputs/>
                      <mainOutputs/>
                      <connections/>
                      <nodes/>
                      <parent reference="../../.."/>
                      <visible>false</visible>
                    </flow>
                    <node>
                      <x>360.0</x>
                      <y>30.0</y>
                      <width>300.0</width>
                      <height>200.0</height>
                      <title>Node 1</title>
                      <valueObject>
                        <parentId>ROOT:4:0:0:0:1</parentId>
                        <storage/>
                      </valueObject>
                      <vReq class="eu.mihosoft.vrl.workflow.VisualizationRequestImpl">
                        <map class="com.sun.javafx.collections.ObservableMapWrapper">
                          <backingMap/>
                        </map>
                      </vReq>
                      <id>ROOT:4:0:0:0:1</id>
                      <connectors>
                        <connector>
                          <type>data</type>
                          <localId>0</localId>
                          <input>true</input>
                          <output>false</output>
                          <passthru>false</passthru>
                          <maxNumConnections>2147483647</maxNumConnections>
                        </connector>
                        <connector>
                          <type>data</type>
                          <localId>1</localId>
                          <input>false</input>
                          <output>true</output>
                          <passthru>false</passthru>
                          <maxNumConnections>2147483647</maxNumConnections>
                        </connector>
                      </connectors>
                      <mainInputs/>
                      <mainOutputs/>
                    </node>
                    <flow>
                      <x>690.0</x>
                      <y>30.0</y>
                      <width>300.0</width>
                      <height>200.0</height>
                      <title>Node 2</title>
                      <valueObject>
                        <parentId>ROOT:4:0:0:0:2</parentId>
                        <storage/>
                      </valueObject>
                      <vReq class="eu.mihosoft.vrl.workflow.VisualizationRequestImpl">
                        <map class="com.sun.javafx.collections.ObservableMapWrapper">
                          <backingMap/>
                        </map>
                      </vReq>
                      <id>ROOT:4:0:0:0:2</id>
                      <connectors>
                        <connector>
                          <type>event</type>
                          <localId>0</localId>
                          <input>true</input>
                          <output>false</output>
                          <passthru>false</passthru>
                          <maxNumConnections>2147483647</maxNumConnections>
                        </connector>
                        <connector>
                          <type>event</type>
                          <localId>1</localId>
                          <input>false</input>
                          <output>true</output>
                          <passthru>false</passthru>
                          <maxNumConnections>2147483647</maxNumConnections>
                        </connector>
                      </connectors>
                      <mainInputs/>
                      <mainOutputs/>
                      <connections/>
                      <nodes/>
                      <parent reference="../../.."/>
                      <visible>false</visible>
                    </flow>
                    <node>
                      <x>30.0</x>
                      <y>260.0</y>
                      <width>300.0</width>
                      <height>200.0</height>
                      <title>Node 3</title>
                      <valueObject>
                        <parentId>ROOT:4:0:0:0:3</parentId>
                        <storage/>
                      </valueObject>
                      <vReq class="eu.mihosoft.vrl.workflow.VisualizationRequestImpl">
                        <map class="com.sun.javafx.collections.ObservableMapWrapper">
                          <backingMap/>
                        </map>
                      </vReq>
                      <id>ROOT:4:0:0:0:3</id>
                      <connectors>
                        <connector>
                          <type>control</type>
                          <localId>0</localId>
                          <input>true</input>
                          <output>false</output>
                          <passthru>false</passthru>
                          <maxNumConnections>2147483647</maxNumConnections>
                        </connector>
                        <connector>
                          <type>control</type>
                          <localId>1</localId>
                          <input>false</input>
                          <output>true</output>
                          <passthru>false</passthru>
                          <maxNumConnections>2147483647</maxNumConnections>
                        </connector>
                      </connectors>
                      <mainInputs/>
                      <mainOutputs/>
                    </node>
                    <flow>
                      <x>360.0</x>
                      <y>260.0</y>
                      <width>300.0</width>
                      <height>200.0</height>
                      <title>Node 4</title>
                      <valueObject>
                        <parentId>ROOT:4:0:0:0:4</parentId>
                        <storage/>
                      </valueObject>
                      <vReq class="eu.mihosoft.vrl.workflow.VisualizationRequestImpl">
                        <map class="com.sun.javafx.collections.ObservableMapWrapper">
                          <backingMap/>
                        </map>
                      </vReq>
                      <id>ROOT:4:0:0:0:4</id>
                      <connectors>
                        <connector>
                          <type>data</type>
                          <localId>0</localId>
                          <input>true</input>
                          <output>false</output>
                          <passthru>false</passthru>
                          <maxNumConnections>2147483647</maxNumConnections>
                        </connector>
                        <connector>
                          <type>data</type>
                          <localId>1</localId>
                          <input>false</input>
                          <output>true</output>
                          <passthru>false</passthru>
                          <maxNumConnections>2147483647</maxNumConnections>
                        </connector>
                      </connectors>
                      <mainInputs/>
                      <mainOutputs/>
                      <connections/>
                      <nodes/>
                      <parent reference="../../.."/>
                      <visible>false</visible>
                    </flow>
                  </nodes>
                  <parent reference="../../.."/>
                  <visible>false</visible>
                </flow>
                <node>
                  <x>360.0</x>
                  <y>30.0</y>
                  <width>300.0</width>
                  <height>200.0</height>
                  <title>Node 1</title>
                  <valueObject>
                    <parentId>ROOT:4:0:0:1</parentId>
                    <storage/>
                  </valueObject>
                  <vReq class="eu.mihosoft.vrl.workflow.VisualizationRequestImpl">
                    <map class="com.sun.javafx.collections.ObservableMapWrapper">
                      <backingMap/>
                    </map>
                  </vReq>
                  <id>ROOT:4:0:0:1</id>
                  <connectors>
                    <connector>
                      <type>data</type>
                      <localId>0</localId>
                      <input>true</input>
                      <output>false</output>
                      <passthru>false</passthru>
                      <maxNumConnections>2147483647</maxNumConnections>
                    </connector>
                    <connector>
                      <type>data</type>
                      <localId>1</localId>
                      <input>false</input>
                      <output>true</output>
                      <passthru>false</passthru>
                      <maxNumConnections>2147483647</maxNumConnections>
                    </connector>
                  </connectors>
                  <mainInputs/>
                  <mainOutputs/>
                </node>
                <flow>
                  <x>690.0</x>
                  <y>30.0</y>
                  <width>300.0</width>
                  <height>200.0</height>
                  <title>Node 2</title>
                  <valueObject>
                    <parentId>ROOT:4:0:0:2</parentId>
                    <storage/>
                  </valueObject>
                  <vReq class="eu.mihosoft.vrl.workflow.VisualizationRequestImpl">
                    <map class="com.sun.javafx.collections.ObservableMapWrapper">
                      <backingMap/>
                    </map>
                  </vReq>
                  <id>ROOT:4:0:0:2</id>
                  <connectors>
                    <connector>
                      <type>event</type>
                      <localId>0</localId>
                      <input>true</input>
                      <output>false</output>
                      <passthru>false</passthru>
                      <maxNumConnections>2147483647</maxNumConnections>
                    </connector>
                    <connector>
                      <type>event</type>
                      <localId>1</localId>
                      <input>false</input>
                      <output>true</output>
                      <passthru>false</passthru>
                      <maxNumConnections>2147483647</maxNumConnections>
                    </connector>
                  </connectors>
                  <mainInputs/>
                  <mainOutputs/>
                  <connections>
                    <connection>
                      <id>0</id>
                      <senderId>ROOT:4:0:0:2:1:c:1</senderId>
                      <receiverId>ROOT:4:0:0:2:4:c:0</receiverId>
                      <type>data</type>
                      <vReq class="eu.mihosoft.vrl.workflow.VisualizationRequestImpl">
                        <map class="com.sun.javafx.collections.ObservableMapWrapper">
                          <backingMap/>
                        </map>
                      </vReq>
                    </connection>
                    <connection>
                      <id>0</id>
                      <senderId>ROOT:4:0:0:2:0:c:1</senderId>
                      <receiverId>ROOT:4:0:0:2:3:c:0</receiverId>
                      <type>control</type>
                      <vReq class="eu.mihosoft.vrl.workflow.VisualizationRequestImpl">
                        <map class="com.sun.javafx.collections.ObservableMapWrapper">
                          <backingMap/>
                        </map>
                      </vReq>
                    </connection>
                  </connections>
                  <nodes>
                    <flow>
                      <x>30.0</x>
                      <y>30.0</y>
                      <width>300.0</width>
                      <height>200.0</height>
                      <title>Node 0</title>
                      <valueObject>
                        <parentId>ROOT:4:0:0:2:0</parentId>
                        <storage/>
                      </valueObject>
                      <vReq class="eu.mihosoft.vrl.workflow.VisualizationRequestImpl">
                        <map class="com.sun.javafx.collections.ObservableMapWrapper">
                          <backingMap/>
                        </map>
                      </vReq>
                      <id>ROOT:4:0:0:2:0</id>
                      <connectors>
                        <connector>
                          <type>control</type>
                          <localId>0</localId>
                          <input>true</input>
                          <output>false</output>
                          <passthru>false</passthru>
                          <maxNumConnections>2147483647</maxNumConnections>
                        </connector>
                        <connector>
                          <type>control</type>
                          <localId>1</localId>
                          <input>false</input>
                          <output>true</output>
                          <passthru>false</passthru>
                          <maxNumConnections>2147483647</maxNumConnections>
                        </connector>
                      </connectors>
                      <mainInputs/>
                      <mainOutputs/>
                      <connections/>
                      <nodes/>
                      <parent reference="../../.."/>
                      <visible>false</visible>
                    </flow>
                    <node>
                      <x>360.0</x>
                      <y>30.0</y>
                      <width>300.0</width>
                      <height>200.0</height>
                      <title>Node 1</title>
                      <valueObject>
                        <parentId>ROOT:4:0:0:2:1</parentId>
                        <storage/>
                      </valueObject>
                      <vReq class="eu.mihosoft.vrl.workflow.VisualizationRequestImpl">
                        <map class="com.sun.javafx.collections.ObservableMapWrapper">
                          <backingMap/>
                        </map>
                      </vReq>
                      <id>ROOT:4:0:0:2:1</id>
                      <connectors>
                        <connector>
                          <type>data</type>
                          <localId>0</localId>
                          <input>true</input>
                          <output>false</output>
                          <passthru>false</passthru>
                          <maxNumConnections>2147483647</maxNumConnections>
                        </connector>
                        <connector>
                          <type>data</type>
                          <localId>1</localId>
                          <input>false</input>
                          <output>true</output>
                          <passthru>false</passthru>
                          <maxNumConnections>2147483647</maxNumConnections>
                        </connector>
                      </connectors>
                      <mainInputs/>
                      <mainOutputs/>
                    </node>
                    <flow>
                      <x>690.0</x>
                      <y>30.0</y>
                      <width>300.0</width>
                      <height>200.0</height>
                      <title>Node 2</title>
                      <valueObject>
                        <parentId>ROOT:4:0:0:2:2</parentId>
                        <storage/>
                      </valueObject>
                      <vReq class="eu.mihosoft.vrl.workflow.VisualizationRequestImpl">
                        <map class="com.sun.javafx.collections.ObservableMapWrapper">
                          <backingMap/>
                        </map>
                      </vReq>
                      <id>ROOT:4:0:0:2:2</id>
                      <connectors>
                        <connector>
                          <type>event</type>
                          <localId>0</localId>
                          <input>true</input>
                          <output>false</output>
                          <passthru>false</passthru>
                          <maxNumConnections>2147483647</maxNumConnections>
                        </connector>
                        <connector>
                          <type>event</type>
                          <localId>1</localId>
                          <input>false</input>
                          <output>true</output>
                          <passthru>false</passthru>
                          <maxNumConnections>2147483647</maxNumConnections>
                        </connector>
                      </connectors>
                      <mainInputs/>
                      <mainOutputs/>
                      <connections/>
                      <nodes/>
                      <parent reference="../../.."/>
                      <visible>false</visible>
                    </flow>
                    <node>
                      <x>30.0</x>
                      <y>260.0</y>
                      <width>300.0</width>
                      <height>200.0</height>
                      <title>Node 3</title>
                      <valueObject>
                        <parentId>ROOT:4:0:0:2:3</parentId>
                        <storage/>
                      </valueObject>
                      <vReq class="eu.mihosoft.vrl.workflow.VisualizationRequestImpl">
                        <map class="com.sun.javafx.collections.ObservableMapWrapper">
                          <backingMap/>
                        </map>
                      </vReq>
                      <id>ROOT:4:0:0:2:3</id>
                      <connectors>
                        <connector>
                          <type>control</type>
                          <localId>0</localId>
                          <input>true</input>
                          <output>false</output>
                          <passthru>false</passthru>
                          <maxNumConnections>2147483647</maxNumConnections>
                        </connector>
                        <connector>
                          <type>control</type>
                          <localId>1</localId>
                          <input>false</input>
                          <output>true</output>
                          <passthru>false</passthru>
                          <maxNumConnections>2147483647</maxNumConnections>
                        </connector>
                      </connectors>
                      <mainInputs/>
                      <mainOutputs/>
                    </node>
                    <flow>
                      <x>360.0</x>
                      <y>260.0</y>
                      <width>300.0</width>
                      <height>200.0</height>
                      <title>Node 4</title>
                      <valueObject>
                        <parentId>ROOT:4:0:0:2:4</parentId>
                        <storage/>
                      </valueObject>
                      <vReq class="eu.mihosoft.vrl.workflow.VisualizationRequestImpl">
                        <map class="com.sun.javafx.collections.ObservableMapWrapper">
                          <backingMap/>
                        </map>
                      </vReq>
                      <id>ROOT:4:0:0:2:4</id>
                      <connectors>
                        <connector>
                          <type>data</type>
                          <localId>0</localId>
                          <input>true</input>
                          <output>false</output>
                          <passthru>false</passthru>
                          <maxNumConnections>2147483647</maxNumConnections>
                        </connector>
                        <connector>
                          <type>data</type>
                          <localId>1</localId>
                          <input>false</input>
                          <output>true</output>
                          <passthru>false</passthru>
                          <maxNumConnections>2147483647</maxNumConnections>
                        </connector>
                      </connectors>
                      <mainInputs/>
                      <mainOutputs/>
                      <connections/>
                      <nodes/>
                      <parent reference="../../.."/>
                      <visible>false</visible>
                    </flow>
                  </nodes>
                  <parent reference="../../.."/>
                  <visible>false</visible>
                </flow>
                <node>
                  <x>30.0</x>
                  <y>260.0</y>
                  <width>300.0</width>
                  <height>200.0</height>
                  <title>Node 3</title>
                  <valueObject>
                    <parentId>ROOT:4:0:0:3</parentId>
                    <storage/>
                  </valueObject>
                  <vReq class="eu.mihosoft.vrl.workflow.VisualizationRequestImpl">
                    <map class="com.sun.javafx.collections.ObservableMapWrapper">
                      <backingMap/>
                    </map>
                  </vReq>
                  <id>ROOT:4:0:0:3</id>
                  <connectors>
                    <connector>
                      <type>control</type>
                      <localId>0</localId>
                      <input>true</input>
                      <output>false</output>
                      <passthru>false</passthru>
                      <maxNumConnections>2147483647</maxNumConnections>
                    </connector>
                    <connector>
                      <type>control</type>
                      <localId>1</localId>
                      <input>false</input>
                      <output>true</output>
                      <passthru>false</passthru>
                      <maxNumConnections>2147483647</maxNumConnections>
                    </connector>
                  </connectors>
                  <mainInputs/>
                  <mainOutputs/>
                </node>
                <flow>
                  <x>360.0</x>
                  <y>260.0</y>
                  <width>300.0</width>
                  <height>200.0</height>
                  <title>Node 4</title>
                  <valueObject>
                    <parentId>ROOT:4:0:0:4</parentId>
                    <storage/>
                  </valueObject>
                  <vReq class="eu.mihosoft.vrl.workflow.VisualizationRequestImpl">
                    <map class="com.sun.javafx.collections.ObservableMapWrapper">
                      <backingMap/>
                    </map>
                  </vReq>
                  <id>ROOT:4:0:0:4</id>
                  <connectors>
                    <connector>
                      <type>data</type>
                      <localId>0</localId>
                      <input>true</input>
                      <output>false</output>
                      <passthru>false</passthru>
                      <maxNumConnections>2147483647</maxNumConnections>
                    </connector>
                    <connector>
                      <type>data</type>
                      <localId>1</localId>
                      <input>false</input>
                      <output>true</output>
                      <passthru>false</passthru>
                      <maxNumConnections>2147483647</maxNumConnections>
                    </connector>
                  </connectors>
                  <mainInputs/>
                  <mainOutputs/>
                  <connections>
                    <connection>
                      <id>0</id>
                      <senderId>ROOT:4:0:0:4:1:c:1</senderId>
                      <receiverId>ROOT:4:0:0:4:4:c:0</receiverId>
                      <type>data</type>
                      <vReq class="eu.mihosoft.vrl.workflow.VisualizationRequestImpl">
                        <map class="com.sun.javafx.collections.ObservableMapWrapper">
                          <backingMap/>
                        </map>
                      </vReq>
                    </connection>
                    <connection>
                      <id>0</id>
                      <senderId>ROOT:4:0:0:4:0:c:1</senderId>
                      <receiverId>ROOT:4:0:0:4:3:c:0</receiverId>
                      <type>control</type>
                      <vReq class="eu.mihosoft.vrl.workflow.VisualizationRequestImpl">
                        <map class="com.sun.javafx.collections.ObservableMapWrapper">
                          <backingMap/>
                        </map>
                      </vReq>
                    </connection>
                  </connections>
                  <nodes>
                    <flow>
                      <x>30.0</x>
                      <y>30.0</y>
                      <width>300.0</width>
                      <height>200.0</height>
                      <title>Node 0</title>
                      <valueObject>
                        <parentId>ROOT:4:0:0:4:0</parentId>
                        <storage/>
                      </valueObject>
                      <vReq class="eu.mihosoft.vrl.workflow.VisualizationRequestImpl">
                        <map class="com.sun.javafx.collections.ObservableMapWrapper">
                          <backingMap/>
                        </map>
                      </vReq>
                      <id>ROOT:4:0:0:4:0</id>
                      <connectors>
                        <connector>
                          <type>control</type>
                          <localId>0</localId>
                          <input>true</input>
                          <output>false</output>
                          <passthru>false</passthru>
                          <maxNumConnections>2147483647</maxNumConnections>
                        </connector>
                        <connector>
                          <type>control</type>
                          <localId>1</localId>
                          <input>false</input>
                          <output>true</output>
                          <passthru>false</passthru>
                          <maxNumConnections>2147483647</maxNumConnections>
                        </connector>
                      </connectors>
                      <mainInputs/>
                      <mainOutputs/>
                      <connections/>
                      <nodes/>
                      <parent reference="../../.."/>
                      <visible>false</visible>
                    </flow>
                    <node>
                      <x>360.0</x>
                      <y>30.0</y>
                      <width>300.0</width>
                      <height>200.0</height>
                      <title>Node 1</title>
                      <valueObject>
                        <parentId>ROOT:4:0:0:4:1</parentId>
                        <storage/>
                      </valueObject>
                      <vReq class="eu.mihosoft.vrl.workflow.VisualizationRequestImpl">
                        <map class="com.sun.javafx.collections.ObservableMapWrapper">
                          <backingMap/>
                        </map>
                      </vReq>
                      <id>ROOT:4:0:0:4:1</id>
                      <connectors>
                        <connector>
                          <type>data</type>
                          <localId>0</localId>
                          <input>true</input>
                          <output>false</output>
                          <passthru>false</passthru>
                          <maxNumConnections>2147483647</maxNumConnections>
                        </connector>
                        <connector>
                          <type>data</type>
                          <localId>1</localId>
                          <input>false</input>
                          <output>true</output>
                          <passthru>false</passthru>
                          <maxNumConnections>2147483647</maxNumConnections>
                        </connector>
                      </connectors>
                      <mainInputs/>
                      <mainOutputs/>
                    </node>
                    <flow>
                      <x>690.0</x>
                      <y>30.0</y>
                      <width>300.0</width>
                      <height>200.0</height>
                      <title>Node 2</title>
                      <valueObject>
                        <parentId>ROOT:4:0:0:4:2</parentId>
                        <storage/>
                      </valueObject>
                      <vReq class="eu.mihosoft.vrl.workflow.VisualizationRequestImpl">
                        <map class="com.sun.javafx.collections.ObservableMapWrapper">
                          <backingMap/>
                        </map>
                      </vReq>
                      <id>ROOT:4:0:0:4:2</id>
                      <connectors>
                        <connector>
                          <type>event</type>
                          <localId>0</localId>
                          <input>true</input>
                          <output>false</output>
                          <passthru>false</passthru>
                          <maxNumConnections>2147483647</maxNumConnections>
                        </connector>
                        <connector>
                          <type>event</type>
                          <localId>1</localId>
                          <input>false</input>
                          <output>true</output>
                          <passthru>false</passthru>
                          <maxNumConnections>2147483647</maxNumConnections>
                        </connector>
                      </connectors>
                      <mainInputs/>
                      <mainOutputs/>
                      <connections/>
                      <nodes/>
                      <parent reference="../../.."/>
                      <visible>false</visible>
                    </flow>
                    <node>
                      <x>30.0</x>
                      <y>260.0</y>
                      <width>300.0</width>
                      <height>200.0</height>
                      <title>Node 3</title>
                      <valueObject>
                        <parentId>ROOT:4:0:0:4:3</parentId>
                        <storage/>
                      </valueObject>
                      <vReq class="eu.mihosoft.vrl.workflow.VisualizationRequestImpl">
                        <map class="com.sun.javafx.collections.ObservableMapWrapper">
                          <backingMap/>
                        </map>
                      </vReq>
                      <id>ROOT:4:0:0:4:3</id>
                      <connectors>
                        <connector>
                          <type>control</type>
                          <localId>0</localId>
                          <input>true</input>
                          <output>false</output>
                          <passthru>false</passthru>
                          <maxNumConnections>2147483647</maxNumConnections>
                        </connector>
                        <connector>
                          <type>control</type>
                          <localId>1</localId>
                          <input>false</input>
                          <output>true</output>
                          <passthru>false</passthru>
                          <maxNumConnections>2147483647</maxNumConnections>
                        </connector>
                      </connectors>
                      <mainInputs/>
                      <mainOutputs/>
                    </node>
                    <flow>
                      <x>360.0</x>
                      <y>260.0</y>
                      <width>300.0</width>
                      <height>200.0</height>
                      <title>Node 4</title>
                      <valueObject>
                        <parentId>ROOT:4:0:0:4:4</parentId>
                        <storage/>
                      </valueObject>
                      <vReq class="eu.mihosoft.vrl.workflow.VisualizationRequestImpl">
                        <map class="com.sun.javafx.collections.ObservableMapWrapper">
                          <backingMap/>
                        </map>
                      </vReq>
                      <id>ROOT:4:0:0:4:4</id>
                      <connectors>
                        <connector>
                          <type>data</type>
                          <localId>0</localId>
                          <input>true</input>
                          <output>false</output>
                          <passthru>false</passthru>
                          <maxNumConnections>2147483647</maxNumConnections>
                        </connector>
                        <connector>
                          <type>data</type>
                          <localId>1</localId>
                          <input>false</input>
                          <output>true</output>
                          <passthru>false</passthru>
                          <maxNumConnections>2147483647</maxNumConnections>
                        </connector>
                      </connectors>
                      <mainInputs/>
                      <mainOutputs/>
                      <connections/>
                      <nodes/>
                      <parent reference="../../.."/>
                      <visible>false</visible>
                    </flow>
                  </nodes>
                  <parent reference="../../.."/>
                  <visible>false</visible>
                </flow>
              </nodes>
              <parent reference="../../.."/>
              <visible>false</visible>
            </flow>
            <node>
              <x>360.0</x>
              <y>30.0</y>
              <width>300.0</width>
              <height>200.0</height>
              <title>Node 1</title>
              <valueObject>
                <parentId>ROOT:4:0:1</parentId>
                <storage/>
              </valueObject>
              <vReq class="eu.mihosoft.vrl.workflow.VisualizationRequestImpl">
                <map class="com.sun.javafx.collections.ObservableMapWrapper">
                  <backingMap/>
                </map>
              </vReq>
              <id>ROOT:4:0:1</id>
              <connectors>
                <connector>
                  <type>data</type>
                  <localId>0</localId>
                  <input>true</input>
                  <output>false</output>
                  <passthru>false</passthru>
                  <maxNumConnections>2147483647</maxNumConnections>
                </connector>
                <connector>
                  <type>data</type>
                  <localId>1</localId>
                  <input>false</input>
                  <output>true</output>
                  <passthru>false</passthru>
                  <maxNumConnections>2147483647</maxNumConnections>
                </connector>
              </connectors>
              <mainInputs/>
              <mainOutputs/>
            </node>
            <flow>
              <x>690.0</x>
              <y>30.0</y>
              <width>300.0</width>
              <height>200.0</height>
              <title>Node 2</title>
              <valueObject>
                <parentId>ROOT:4:0:2</parentId>
                <storage/>
              </valueObject>
              <vReq class="eu.mihosoft.vrl.workflow.VisualizationRequestImpl">
                <map class="com.sun.javafx.collections.ObservableMapWrapper">
                  <backingMap/>
                </map>
              </vReq>
              <id>ROOT:4:0:2</id>
              <connectors>
                <connector>
                  <type>event</type>
                  <localId>0</localId>
                  <input>true</input>
                  <output>false</output>
                  <passthru>false</passthru>
                  <maxNumConnections>2147483647</maxNumConnections>
                </connector>
                <connector>
                  <type>event</type>
                  <localId>1</localId>
                  <input>false</input>
                  <output>true</output>
                  <passthru>false</passthru>
                  <maxNumConnections>2147483647</maxNumConnections>
                </connector>
              </connectors>
              <mainInputs/>
              <mainOutputs/>
              <connections>
                <connection>
                  <id>0</id>
                  <senderId>ROOT:4:0:2:1:c:1</senderId>
                  <receiverId>ROOT:4:0:2:4:c:0</receiverId>
                  <type>data</type>
                  <vReq class="eu.mihosoft.vrl.workflow.VisualizationRequestImpl">
                    <map class="com.sun.javafx.collections.ObservableMapWrapper">
                      <backingMap/>
                    </map>
                  </vReq>
                </connection>
                <connection>
                  <id>0</id>
                  <senderId>ROOT:4:0:2:0:c:1</senderId>
                  <receiverId>ROOT:4:0:2:3:c:0</receiverId>
                  <type>control</type>
                  <vReq class="eu.mihosoft.vrl.workflow.VisualizationRequestImpl">
                    <map class="com.sun.javafx.collections.ObservableMapWrapper">
                      <backingMap/>
                    </map>
                  </vReq>
                </connection>
              </connections>
              <nodes>
                <flow>
                  <x>30.0</x>
                  <y>30.0</y>
                  <width>300.0</width>
                  <height>200.0</height>
                  <title>Node 0</title>
                  <valueObject>
                    <parentId>ROOT:4:0:2:0</parentId>
                    <storage/>
                  </valueObject>
                  <vReq class="eu.mihosoft.vrl.workflow.VisualizationRequestImpl">
                    <map class="com.sun.javafx.collections.ObservableMapWrapper">
                      <backingMap/>
                    </map>
                  </vReq>
                  <id>ROOT:4:0:2:0</id>
                  <connectors>
                    <connector>
                      <type>control</type>
                      <localId>0</localId>
                      <input>true</input>
                      <output>false</output>
                      <passthru>false</passthru>
                      <maxNumConnections>2147483647</maxNumConnections>
                    </connector>
                    <connector>
                      <type>control</type>
                      <localId>1</localId>
                      <input>false</input>
                      <output>true</output>
                      <passthru>false</passthru>
                      <maxNumConnections>2147483647</maxNumConnections>
                    </connector>
                  </connectors>
                  <mainInputs/>
                  <mainOutputs/>
                  <connections>
                    <connection>
                      <id>0</id>
                      <senderId>ROOT:4:0:2:0:1:c:1</senderId>
                      <receiverId>ROOT:4:0:2:0:4:c:0</receiverId>
                      <type>data</type>
                      <vReq class="eu.mihosoft.vrl.workflow.VisualizationRequestImpl">
                        <map class="com.sun.javafx.collections.ObservableMapWrapper">
                          <backingMap/>
                        </map>
                      </vReq>
                    </connection>
                    <connection>
                      <id>0</id>
                      <senderId>ROOT:4:0:2:0:0:c:1</senderId>
                      <receiverId>ROOT:4:0:2:0:3:c:0</receiverId>
                      <type>control</type>
                      <vReq class="eu.mihosoft.vrl.workflow.VisualizationRequestImpl">
                        <map class="com.sun.javafx.collections.ObservableMapWrapper">
                          <backingMap/>
                        </map>
                      </vReq>
                    </connection>
                  </connections>
                  <nodes>
                    <flow>
                      <x>30.0</x>
                      <y>30.0</y>
                      <width>300.0</width>
                      <height>200.0</height>
                      <title>Node 0</title>
                      <valueObject>
                        <parentId>ROOT:4:0:2:0:0</parentId>
                        <storage/>
                      </valueObject>
                      <vReq class="eu.mihosoft.vrl.workflow.VisualizationRequestImpl">
                        <map class="com.sun.javafx.collections.ObservableMapWrapper">
                          <backingMap/>
                        </map>
                      </vReq>
                      <id>ROOT:4:0:2:0:0</id>
                      <connectors>
                        <connector>
                          <type>control</type>
                          <localId>0</localId>
                          <input>true</input>
                          <output>false</output>
                          <passthru>false</passthru>
                          <maxNumConnections>2147483647</maxNumConnections>
                        </connector>
                        <connector>
                          <type>control</type>
                          <localId>1</localId>
                          <input>false</input>
                          <output>true</output>
                          <passthru>false</passthru>
                          <maxNumConnections>2147483647</maxNumConnections>
                        </connector>
                      </connectors>
                      <mainInputs/>
                      <mainOutputs/>
                      <connections/>
                      <nodes/>
                      <parent reference="../../.."/>
                      <visible>false</visible>
                    </flow>
                    <node>
                      <x>360.0</x>
                      <y>30.0</y>
                      <width>300.0</width>
                      <height>200.0</height>
                      <title>Node 1</title>
                      <valueObject>
                        <parentId>ROOT:4:0:2:0:1</parentId>
                        <storage/>
                      </valueObject>
                      <vReq class="eu.mihosoft.vrl.workflow.VisualizationRequestImpl">
                        <map class="com.sun.javafx.collections.ObservableMapWrapper">
                          <backingMap/>
                        </map>
                      </vReq>
                      <id>ROOT:4:0:2:0:1</id>
                      <connectors>
                        <connector>
                          <type>data</type>
                          <localId>0</localId>
                          <input>true</input>
                          <output>false</output>
                          <passthru>false</passthru>
                          <maxNumConnections>2147483647</maxNumConnections>
                        </connector>
                        <connector>
                          <type>data</type>
                          <localId>1</localId>
                          <input>false</input>
                          <output>true</output>
                          <passthru>false</passthru>
                          <maxNumConnections>2147483647</maxNumConnections>
                        </connector>
                      </connectors>
                      <mainInputs/>
                      <mainOutputs/>
                    </node>
                    <flow>
                      <x>690.0</x>
                      <y>30.0</y>
                      <width>300.0</width>
                      <height>200.0</height>
                      <title>Node 2</title>
                      <valueObject>
                        <parentId>ROOT:4:0:2:0:2</parentId>
                        <storage/>
                      </valueObject>
                      <vReq class="eu.mihosoft.vrl.workflow.VisualizationRequestImpl">
                        <map class="com.sun.javafx.collections.ObservableMapWrapper">
                          <backingMap/>
                        </map>
                      </vReq>
                      <id>ROOT:4:0:2:0:2</id>
                      <connectors>
                        <connector>
                          <type>event</type>
                          <localId>0</localId>
                          <input>true</input>
                          <output>false</output>
                          <passthru>false</passthru>
                          <maxNumConnections>2147483647</maxNumConnections>
                        </connector>
                        <connector>
                          <type>event</type>
                          <localId>1</localId>
                          <input>false</input>
                          <output>true</output>
                          <passthru>false</passthru>
                          <maxNumConnections>2147483647</maxNumConnections>
                        </connector>
                      </connectors>
                      <mainInputs/>
                      <mainOutputs/>
                      <connections/>
                      <nodes/>
                      <parent reference="../../.."/>
                      <visible>false</visible>
                    </flow>
                    <node>
                      <x>30.0</x>
                      <y>260.0</y>
                      <width>300.0</width>
                      <height>200.0</height>
                      <title>Node 3</title>
                      <valueObject>
                        <parentId>ROOT:4:0:2:0:3</parentId>
                        <storage/>
                      </valueObject>
                      <vReq class="eu.mihosoft.vrl.workflow.VisualizationRequestImpl">
                        <map class="com.sun.javafx.collections.ObservableMapWrapper">
                          <backingMap/>
                        </map>
                      </vReq>
                      <id>ROOT:4:0:2:0:3</id>
                      <connectors>
                        <connector>
                          <type>control</type>
                          <localId>0</localId>
                          <input>true</input>
                          <output>false</output>
                          <passthru>false</passthru>
                          <maxNumConnections>2147483647</maxNumConnections>
                        </connector>
                        <connector>
                          <type>control</type>
                          <localId>1</localId>
                          <input>false</input>
                          <output>true</output>
                          <passthru>false</passthru>
                          <maxNumConnections>2147483647</maxNumConnections>
                        </connector>
                      </connectors>
                      <mainInputs/>
                      <mainOutputs/>
                    </node>
                    <flow>
                      <x>360.0</x>
                      <y>260.0</y>
                      <width>300.0</width>
                      <height>200.0</height>
                      <title>Node 4</title>
                      <valueObject>
                        <parentId>ROOT:4:0:2:0:4</parentId>
                        <storage/>
                      </valueObject>
                      <vReq class="eu.mihosoft.vrl.workflow.VisualizationRequestImpl">
                        <map class="com.sun.javafx.collections.ObservableMapWrapper">
                          <backingMap/>
                        </map>
                      </vReq>
                      <id>ROOT:4:0:2:0:4</id>
                      <connectors>
                        <connector>
                          <type>data</type>
                          <localId>0</localId>
                          <input>true</input>
                          <output>false</output>
                          <passthru>false</passthru>
                          <maxNumConnections>2147483647</maxNumConnections>
                        </connector>
                        <connector>
                          <type>data</type>
                          <localId>1</localId>
                          <input>false</input>
                          <output>true</output>
                          <passthru>false</passthru>
                          <maxNumConnections>2147483647</maxNumConnections>
                        </connector>
                      </connectors>
                      <mainInputs/>
                      <mainOutputs/>
                      <connections/>
                      <nodes/>
                      <parent reference="../../.."/>
                      <visible>false</visible>
                    </flow>
                  </nodes>
                  <parent reference="../../.."/>
                  <visible>false</visible>
                </flow>
                <node>
                  <x>360.0</x>
                  <y>30.0</y>
                  <width>300.0</width>
                  <height>200.0</height>
                  <title>Node 1</title>
                  <valueObject>
                    <parentId>ROOT:4:0:2:1</parentId>
                    <storage/>
                  </valueObject>
                  <vReq class="eu.mihosoft.vrl.workflow.VisualizationRequestImpl">
                    <map class="com.sun.javafx.collections.ObservableMapWrapper">
                      <backingMap/>
                    </map>
                  </vReq>
                  <id>ROOT:4:0:2:1</id>
                  <connectors>
                    <connector>
                      <type>data</type>
                      <localId>0</localId>
                      <input>true</input>
                      <output>false</output>
                      <passthru>false</passthru>
                      <maxNumConnections>2147483647</maxNumConnections>
                    </connector>
                    <connector>
                      <type>data</type>
                      <localId>1</localId>
                      <input>false</input>
                      <output>true</output>
                      <passthru>false</passthru>
                      <maxNumConnections>2147483647</maxNumConnections>
                    </connector>
                  </connectors>
                  <mainInputs/>
                  <mainOutputs/>
                </node>
                <flow>
                  <x>690.0</x>
                  <y>30.0</y>
                  <width>300.0</width>
                  <height>200.0</height>
                  <title>Node 2</title>
                  <valueObject>
                    <parentId>ROOT:4:0:2:2</parentId>
                    <storage/>
                  </valueObject>
                  <vReq class="eu.mihosoft.vrl.workflow.VisualizationRequestImpl">
                    <map class="com.sun.javafx.collections.ObservableMapWrapper">
                      <backingMap/>
                    </map>
                  </vReq>
                  <id>ROOT:4:0:2:2</id>
                  <connectors>
                    <connector>
                      <type>event</type>
                      <localId>0</localId>
                      <input>true</input>
                      <output>false</output>
                      <passthru>false</passthru>
                      <maxNumConnections>2147483647</maxNumConnections>
                    </connector>
                    <connector>
                      <type>event</type>
                      <localId>1</localId>
                      <input>false</input>
                      <output>true</output>
                      <passthru>false</passthru>
                      <maxNumConnections>2147483647</maxNumConnections>
                    </connector>
                  </connectors>
                  <mainInputs/>
                  <mainOutputs/>
                  <connections>
                    <connection>
                      <id>0</id>
                      <senderId>ROOT:4:0:2:2:1:c:1</senderId>
                      <receiverId>ROOT:4:0:2:2:4:c:0</receiverId>
                      <type>data</type>
                      <vReq class="eu.mihosoft.vrl.workflow.VisualizationRequestImpl">
                        <map class="com.sun.javafx.collections.ObservableMapWrapper">
                          <backingMap/>
                        </map>
                      </vReq>
                    </connection>
                    <connection>
                      <id>0</id>
                      <senderId>ROOT:4:0:2:2:0:c:1</senderId>
                      <receiverId>ROOT:4:0:2:2:3:c:0</receiverId>
                      <type>control</type>
                      <vReq class="eu.mihosoft.vrl.workflow.VisualizationRequestImpl">
                        <map class="com.sun.javafx.collections.ObservableMapWrapper">
                          <backingMap/>
                        </map>
                      </vReq>
                    </connection>
                  </connections>
                  <nodes>
                    <flow>
                      <x>30.0</x>
                      <y>30.0</y>
                      <width>300.0</width>
                      <height>200.0</height>
                      <title>Node 0</title>
                      <valueObject>
                        <parentId>ROOT:4:0:2:2:0</parentId>
                        <storage/>
                      </valueObject>
                      <vReq class="eu.mihosoft.vrl.workflow.VisualizationRequestImpl">
                        <map class="com.sun.javafx.collections.ObservableMapWrapper">
                          <backingMap/>
                        </map>
                      </vReq>
                      <id>ROOT:4:0:2:2:0</id>
                      <connectors>
                        <connector>
                          <type>control</type>
                          <localId>0</localId>
                          <input>true</input>
                          <output>false</output>
                          <passthru>false</passthru>
                          <maxNumConnections>2147483647</maxNumConnections>
                        </connector>
                        <connector>
                          <type>control</type>
                          <localId>1</localId>
                          <input>false</input>
                          <output>true</output>
                          <passthru>false</passthru>
                          <maxNumConnections>2147483647</maxNumConnections>
                        </connector>
                      </connectors>
                      <mainInputs/>
                      <mainOutputs/>
                      <connections/>
                      <nodes/>
                      <parent reference="../../.."/>
                      <visible>false</visible>
                    </flow>
                    <node>
                      <x>360.0</x>
                      <y>30.0</y>
                      <width>300.0</width>
                      <height>200.0</height>
                      <title>Node 1</title>
                      <valueObject>
                        <parentId>ROOT:4:0:2:2:1</parentId>
                        <storage/>
                      </valueObject>
                      <vReq class="eu.mihosoft.vrl.workflow.VisualizationRequestImpl">
                        <map class="com.sun.javafx.collections.ObservableMapWrapper">
                          <backingMap/>
                        </map>
                      </vReq>
                      <id>ROOT:4:0:2:2:1</id>
                      <connectors>
                        <connector>
                          <type>data</type>
                          <localId>0</localId>
                          <input>true</input>
                          <output>false</output>
                          <passthru>false</passthru>
                          <maxNumConnections>2147483647</maxNumConnections>
                        </connector>
                        <connector>
                          <type>data</type>
                          <localId>1</localId>
                          <input>false</input>
                          <output>true</output>
                          <passthru>false</passthru>
                          <maxNumConnections>2147483647</maxNumConnections>
                        </connector>
                      </connectors>
                      <mainInputs/>
                      <mainOutputs/>
                    </node>
                    <flow>
                      <x>690.0</x>
                      <y>30.0</y>
                      <width>300.0</width>
                      <height>200.0</height>
                      <title>Node 2</title>
                      <valueObject>
                        <parentId>ROOT:4:0:2:2:2</parentId>
                        <storage/>
                      </valueObject>
                      <vReq class="eu.mihosoft.vrl.workflow.VisualizationRequestImpl">
                        <map class="com.sun.javafx.collections.ObservableMapWrapper">
                          <backingMap/>
                        </map>
                      </vReq>
                      <id>ROOT:4:0:2:2:2</id>
                      <connectors>
                        <connector>
                          <type>event</type>
                          <localId>0</localId>
                          <input>true</input>
                          <output>false</output>
                          <passthru>false</passthru>
                          <maxNumConnections>2147483647</maxNumConnections>
                        </connector>
                        <connector>
                          <type>event</type>
                          <localId>1</localId>
                          <input>false</input>
                          <output>true</output>
                          <passthru>false</passthru>
                          <maxNumConnections>2147483647</maxNumConnections>
                        </connector>
                      </connectors>
                      <mainInputs/>
                      <mainOutputs/>
                      <connections/>
                      <nodes/>
                      <parent reference="../../.."/>
                      <visible>false</visible>
                    </flow>
                    <node>
                      <x>30.0</x>
                      <y>260.0</y>
                      <width>300.0</width>
                      <height>200.0</height>
                      <title>Node 3</title>
                      <valueObject>
                        <parentId>ROOT:4:0:2:2:3</parentId>
                        <storage/>
                      </valueObject>
                      <vReq class="eu.mihosoft.vrl.workflow.VisualizationRequestImpl">
                        <map class="com.sun.javafx.collections.ObservableMapWrapper">
                          <backingMap/>
                        </map>
                      </vReq>
                      <id>ROOT:4:0:2:2:3</id>
                      <connectors>
                        <connector>
                          <type>control</type>
                          <localId>0</localId>
                          <input>true</input>
                          <output>false</output>
                          <passthru>false</passthru>
                          <maxNumConnections>2147483647</maxNumConnections>
                        </connector>
                        <connector>
                          <type>control</type>
                          <localId>1</localId>
                          <input>false</input>
                          <output>true</output>
                          <passthru>false</passthru>
                          <maxNumConnections>2147483647</maxNumConnections>
                        </connector>
                      </connectors>
                      <mainInputs/>
                      <mainOutputs/>
                    </node>
                    <flow>
                      <x>360.0</x>
                      <y>260.0</y>
                      <width>300.0</width>
                      <height>200.0</height>
                      <title>Node 4</title>
                      <valueObject>
                        <parentId>ROOT:4:0:2:2:4</parentId>
                        <storage/>
                      </valueObject>
                      <vReq class="eu.mihosoft.vrl.workflow.VisualizationRequestImpl">
                        <map class="com.sun.javafx.collections.ObservableMapWrapper">
                          <backingMap/>
                        </map>
                      </vReq>
                      <id>ROOT:4:0:2:2:4</id>
                      <connectors>
                        <connector>
                          <type>data</type>
                          <localId>0</localId>
                          <input>true</input>
                          <output>false</output>
                          <passthru>false</passthru>
                          <maxNumConnections>2147483647</maxNumConnections>
                        </connector>
                        <connector>
                          <type>data</type>
                          <localId>1</localId>
                          <input>false</input>
                          <output>true</output>
                          <passthru>false</passthru>
                          <maxNumConnections>2147483647</maxNumConnections>
                        </connector>
                      </connectors>
                      <mainInputs/>
                      <mainOutputs/>
                      <connections/>
                      <nodes/>
                      <parent reference="../../.."/>
                      <visible>false</visible>
                    </flow>
                  </nodes>
                  <parent reference="../../.."/>
                  <visible>false</visible>
                </flow>
                <node>
                  <x>30.0</x>
                  <y>260.0</y>
                  <width>300.0</width>
                  <height>200.0</height>
                  <title>Node 3</title>
                  <valueObject>
                    <parentId>ROOT:4:0:2:3</parentId>
                    <storage/>
                  </valueObject>
                  <vReq class="eu.mihosoft.vrl.workflow.VisualizationRequestImpl">
                    <map class="com.sun.javafx.collections.ObservableMapWrapper">
                      <backingMap/>
                    </map>
                  </vReq>
                  <id>ROOT:4:0:2:3</id>
                  <connectors>
                    <connector>
                      <type>control</type>
                      <localId>0</localId>
                      <input>true</input>
                      <output>false</output>
                      <passthru>false</passthru>
                      <maxNumConnections>2147483647</maxNumConnections>
                    </connector>
                    <connector>
                      <type>control</type>
                      <localId>1</localId>
                      <input>false</input>
                      <output>true</output>
                      <passthru>false</passthru>
                      <maxNumConnections>2147483647</maxNumConnections>
                    </connector>
                  </connectors>
                  <mainInputs/>
                  <mainOutputs/>
                </node>
                <flow>
                  <x>360.0</x>
                  <y>260.0</y>
                  <width>300.0</width>
                  <height>200.0</height>
                  <title>Node 4</title>
                  <valueObject>
                    <parentId>ROOT:4:0:2:4</parentId>
                    <storage/>
                  </valueObject>
                  <vReq class="eu.mihosoft.vrl.workflow.VisualizationRequestImpl">
                    <map class="com.sun.javafx.collections.ObservableMapWrapper">
                      <backingMap/>
                    </map>
                  </vReq>
                  <id>ROOT:4:0:2:4</id>
                  <connectors>
                    <connector>
                      <type>data</type>
                      <localId>0</localId>
                      <input>true</input>
                      <output>false</output>
                      <passthru>false</passthru>
                      <maxNumConnections>2147483647</maxNumConnections>
                    </connector>
                    <connector>
                      <type>data</type>
                      <localId>1</localId>
                      <input>false</input>
                      <output>true</output>
                      <passthru>false</passthru>
                      <maxNumConnections>2147483647</maxNumConnections>
                    </connector>
                  </connectors>
                  <mainInputs/>
                  <mainOutputs/>
                  <connections>
                    <connection>
                      <id>0</id>
                      <senderId>ROOT:4:0:2:4:1:c:1</senderId>
                      <receiverId>ROOT:4:0:2:4:4:c:0</receiverId>
                      <type>data</type>
                      <vReq class="eu.mihosoft.vrl.workflow.VisualizationRequestImpl">
                        <map class="com.sun.javafx.collections.ObservableMapWrapper">
                          <backingMap/>
                        </map>
                      </vReq>
                    </connection>
                    <connection>
                      <id>0</id>
                      <senderId>ROOT:4:0:2:4:0:c:1</senderId>
                      <receiverId>ROOT:4:0:2:4:3:c:0</receiverId>
                      <type>control</type>
                      <vReq class="eu.mihosoft.vrl.workflow.VisualizationRequestImpl">
                        <map class="com.sun.javafx.collections.ObservableMapWrapper">
                          <backingMap/>
                        </map>
                      </vReq>
                    </connection>
                  </connections>
                  <nodes>
                    <flow>
                      <x>30.0</x>
                      <y>30.0</y>
                      <width>300.0</width>
                      <height>200.0</height>
                      <title>Node 0</title>
                      <valueObject>
                        <parentId>ROOT:4:0:2:4:0</parentId>
                        <storage/>
                      </valueObject>
                      <vReq class="eu.mihosoft.vrl.workflow.VisualizationRequestImpl">
                        <map class="com.sun.javafx.collections.ObservableMapWrapper">
                          <backingMap/>
                        </map>
                      </vReq>
                      <id>ROOT:4:0:2:4:0</id>
                      <connectors>
                        <connector>
                          <type>control</type>
                          <localId>0</localId>
                          <input>true</input>
                          <output>false</output>
                          <passthru>false</passthru>
                          <maxNumConnections>2147483647</maxNumConnections>
                        </connector>
                        <connector>
                          <type>control</type>
                          <localId>1</localId>
                          <input>false</input>
                          <output>true</output>
                          <passthru>false</passthru>
                          <maxNumConnections>2147483647</maxNumConnections>
                        </connector>
                      </connectors>
                      <mainInputs/>
                      <mainOutputs/>
                      <connections/>
                      <nodes/>
                      <parent reference="../../.."/>
                      <visible>false</visible>
                    </flow>
                    <node>
                      <x>360.0</x>
                      <y>30.0</y>
                      <width>300.0</width>
                      <height>200.0</height>
                      <title>Node 1</title>
                      <valueObject>
                        <parentId>ROOT:4:0:2:4:1</parentId>
                        <storage/>
                      </valueObject>
                      <vReq class="eu.mihosoft.vrl.workflow.VisualizationRequestImpl">
                        <map class="com.sun.javafx.collections.ObservableMapWrapper">
                          <backingMap/>
                        </map>
                      </vReq>
                      <id>ROOT:4:0:2:4:1</id>
                      <connectors>
                        <connector>
                          <type>data</type>
                          <localId>0</localId>
                          <input>true</input>
                          <output>false</output>
                          <passthru>false</passthru>
                          <maxNumConnections>2147483647</maxNumConnections>
                        </connector>
                        <connector>
                          <type>data</type>
                          <localId>1</localId>
                          <input>false</input>
                          <output>true</output>
                          <passthru>false</passthru>
                          <maxNumConnections>2147483647</maxNumConnections>
                        </connector>
                      </connectors>
                      <mainInputs/>
                      <mainOutputs/>
                    </node>
                    <flow>
                      <x>690.0</x>
                      <y>30.0</y>
                      <width>300.0</width>
                      <height>200.0</height>
                      <title>Node 2</title>
                      <valueObject>
                        <parentId>ROOT:4:0:2:4:2</parentId>
                        <storage/>
                      </valueObject>
                      <vReq class="eu.mihosoft.vrl.workflow.VisualizationRequestImpl">
                        <map class="com.sun.javafx.collections.ObservableMapWrapper">
                          <backingMap/>
                        </map>
                      </vReq>
                      <id>ROOT:4:0:2:4:2</id>
                      <connectors>
                        <connector>
                          <type>event</type>
                          <localId>0</localId>
                          <input>true</input>
                          <output>false</output>
                          <passthru>false</passthru>
                          <maxNumConnections>2147483647</maxNumConnections>
                        </connector>
                        <connector>
                          <type>event</type>
                          <localId>1</localId>
                          <input>false</input>
                          <output>true</output>
                          <passthru>false</passthru>
                          <maxNumConnections>2147483647</maxNumConnections>
                        </connector>
                      </connectors>
                      <mainInputs/>
                      <mainOutputs/>
                      <connections/>
                      <nodes/>
                      <parent reference="../../.."/>
                      <visible>false</visible>
                    </flow>
                    <node>
                      <x>30.0</x>
                      <y>260.0</y>
                      <width>300.0</width>
                      <height>200.0</height>
                      <title>Node 3</title>
                      <valueObject>
                        <parentId>ROOT:4:0:2:4:3</parentId>
                        <storage/>
                      </valueObject>
                      <vReq class="eu.mihosoft.vrl.workflow.VisualizationRequestImpl">
                        <map class="com.sun.javafx.collections.ObservableMapWrapper">
                          <backingMap/>
                        </map>
                      </vReq>
                      <id>ROOT:4:0:2:4:3</id>
                      <connectors>
                        <connector>
                          <type>control</type>
                          <localId>0</localId>
                          <input>true</input>
                          <output>false</output>
                          <passthru>false</passthru>
                          <maxNumConnections>2147483647</maxNumConnections>
                        </connector>
                        <connector>
                          <type>control</type>
                          <localId>1</localId>
                          <input>false</input>
                          <output>true</output>
                          <passthru>false</passthru>
                          <maxNumConnections>2147483647</maxNumConnections>
                        </connector>
                      </connectors>
                      <mainInputs/>
                      <mainOutputs/>
                    </node>
                    <flow>
                      <x>360.0</x>
                      <y>260.0</y>
                      <width>300.0</width>
                      <height>200.0</height>
                      <title>Node 4</title>
                      <valueObject>
                        <parentId>ROOT:4:0:2:4:4</parentId>
                        <storage/>
                      </valueObject>
                      <vReq class="eu.mihosoft.vrl.workflow.VisualizationRequestImpl">
                        <map class="com.sun.javafx.collections.ObservableMapWrapper">
                          <backingMap/>
                        </map>
                      </vReq>
                      <id>ROOT:4:0:2:4:4</id>
                      <connectors>
                        <connector>
                          <type>data</type>
                          <localId>0</localId>
                          <input>true</input>
                          <output>false</output>
                          <passthru>false</passthru>
                          <maxNumConnections>2147483647</maxNumConnections>
                        </connector>
                        <connector>
                          <type>data</type>
                          <localId>1</localId>
                          <input>false</input>
                          <output>true</output>
                          <passthru>false</passthru>
                          <maxNumConnections>2147483647</maxNumConnections>
                        </connector>
                      </connectors>
                      <mainInputs/>
                      <mainOutputs/>
                      <connections/>
                      <nodes/>
                      <parent reference="../../.."/>
                      <visible>false</visible>
                    </flow>
                  </nodes>
                  <parent reference="../../.."/>
                  <visible>false</visible>
                </flow>
              </nodes>
              <parent reference="../../.."/>
              <visible>false</visible>
            </flow>
            <node>
              <x>30.0</x>
              <y>260.0</y>
              <width>300.0</width>
              <height>200.0</height>
              <title>Node 3</title>
              <valueObject>
                <parentId>ROOT:4:0:3</parentId>
                <storage/>
              </valueObject>
              <vReq class="eu.mihosoft.vrl.workflow.VisualizationRequestImpl">
                <map class="com.sun.javafx.collections.ObservableMapWrapper">
                  <backingMap/>
                </map>
              </vReq>
              <id>ROOT:4:0:3</id>
              <connectors>
                <connector>
                  <type>control</type>
                  <localId>0</localId>
                  <input>true</input>
                  <output>false</output>
                  <passthru>false</passthru>
                  <maxNumConnections>2147483647</maxNumConnections>
                </connector>
                <connector>
                  <type>control</type>
                  <localId>1</localId>
                  <input>false</input>
                  <output>true</output>
                  <passthru>false</passthru>
                  <maxNumConnections>2147483647</maxNumConnections>
                </connector>
              </connectors>
              <mainInputs/>
              <mainOutputs/>
            </node>
            <flow>
              <x>360.0</x>
              <y>260.0</y>
              <width>300.0</width>
              <height>200.0</height>
              <title>Node 4</title>
              <valueObject>
                <parentId>ROOT:4:0:4</parentId>
                <storage/>
              </valueObject>
              <vReq class="eu.mihosoft.vrl.workflow.VisualizationRequestImpl">
                <map class="com.sun.javafx.collections.ObservableMapWrapper">
                  <backingMap/>
                </map>
              </vReq>
              <id>ROOT:4:0:4</id>
              <connectors>
                <connector>
                  <type>data</type>
                  <localId>0</localId>
                  <input>true</input>
                  <output>false</output>
                  <passthru>false</passthru>
                  <maxNumConnections>2147483647</maxNumConnections>
                </connector>
                <connector>
                  <type>data</type>
                  <localId>1</localId>
                  <input>false</input>
                  <output>true</output>
                  <passthru>false</passthru>
                  <maxNumConnections>2147483647</maxNumConnections>
                </connector>
              </connectors>
              <mainInputs/>
              <mainOutputs/>
              <connections>
                <connection>
                  <id>0</id>
                  <senderId>ROOT:4:0:4:1:c:1</senderId>
                  <receiverId>ROOT:4:0:4:4:c:0</receiverId>
                  <type>data</type>
                  <vReq class="eu.mihosoft.vrl.workflow.VisualizationRequestImpl">
                    <map class="com.sun.javafx.collections.ObservableMapWrapper">
                      <backingMap/>
                    </map>
                  </vReq>
                </connection>
                <connection>
                  <id>0</id>
                  <senderId>ROOT:4:0:4:0:c:1</senderId>
                  <receiverId>ROOT:4:0:4:3:c:0</receiverId>
                  <type>control</type>
                  <vReq class="eu.mihosoft.vrl.workflow.VisualizationRequestImpl">
                    <map class="com.sun.javafx.collections.ObservableMapWrapper">
                      <backingMap/>
                    </map>
                  </vReq>
                </connection>
              </connections>
              <nodes>
                <flow>
                  <x>30.0</x>
                  <y>30.0</y>
                  <width>300.0</width>
                  <height>200.0</height>
                  <title>Node 0</title>
                  <valueObject>
                    <parentId>ROOT:4:0:4:0</parentId>
                    <storage/>
                  </valueObject>
                  <vReq class="eu.mihosoft.vrl.workflow.VisualizationRequestImpl">
                    <map class="com.sun.javafx.collections.ObservableMapWrapper">
                      <backingMap/>
                    </map>
                  </vReq>
                  <id>ROOT:4:0:4:0</id>
                  <connectors>
                    <connector>
                      <type>control</type>
                      <localId>0</localId>
                      <input>true</input>
                      <output>false</output>
                      <passthru>false</passthru>
                      <maxNumConnections>2147483647</maxNumConnections>
                    </connector>
                    <connector>
                      <type>control</type>
                      <localId>1</localId>
                      <input>false</input>
                      <output>true</output>
                      <passthru>false</passthru>
                      <maxNumConnections>2147483647</maxNumConnections>
                    </connector>
                  </connectors>
                  <mainInputs/>
                  <mainOutputs/>
                  <connections>
                    <connection>
                      <id>0</id>
                      <senderId>ROOT:4:0:4:0:1:c:1</senderId>
                      <receiverId>ROOT:4:0:4:0:4:c:0</receiverId>
                      <type>data</type>
                      <vReq class="eu.mihosoft.vrl.workflow.VisualizationRequestImpl">
                        <map class="com.sun.javafx.collections.ObservableMapWrapper">
                          <backingMap/>
                        </map>
                      </vReq>
                    </connection>
                    <connection>
                      <id>0</id>
                      <senderId>ROOT:4:0:4:0:0:c:1</senderId>
                      <receiverId>ROOT:4:0:4:0:3:c:0</receiverId>
                      <type>control</type>
                      <vReq class="eu.mihosoft.vrl.workflow.VisualizationRequestImpl">
                        <map class="com.sun.javafx.collections.ObservableMapWrapper">
                          <backingMap/>
                        </map>
                      </vReq>
                    </connection>
                  </connections>
                  <nodes>
                    <flow>
                      <x>30.0</x>
                      <y>30.0</y>
                      <width>300.0</width>
                      <height>200.0</height>
                      <title>Node 0</title>
                      <valueObject>
                        <parentId>ROOT:4:0:4:0:0</parentId>
                        <storage/>
                      </valueObject>
                      <vReq class="eu.mihosoft.vrl.workflow.VisualizationRequestImpl">
                        <map class="com.sun.javafx.collections.ObservableMapWrapper">
                          <backingMap/>
                        </map>
                      </vReq>
                      <id>ROOT:4:0:4:0:0</id>
                      <connectors>
                        <connector>
                          <type>control</type>
                          <localId>0</localId>
                          <input>true</input>
                          <output>false</output>
                          <passthru>false</passthru>
                          <maxNumConnections>2147483647</maxNumConnections>
                        </connector>
                        <connector>
                          <type>control</type>
                          <localId>1</localId>
                          <input>false</input>
                          <output>true</output>
                          <passthru>false</passthru>
                          <maxNumConnections>2147483647</maxNumConnections>
                        </connector>
                      </connectors>
                      <mainInputs/>
                      <mainOutputs/>
                      <connections/>
                      <nodes/>
                      <parent reference="../../.."/>
                      <visible>false</visible>
                    </flow>
                    <node>
                      <x>360.0</x>
                      <y>30.0</y>
                      <width>300.0</width>
                      <height>200.0</height>
                      <title>Node 1</title>
                      <valueObject>
                        <parentId>ROOT:4:0:4:0:1</parentId>
                        <storage/>
                      </valueObject>
                      <vReq class="eu.mihosoft.vrl.workflow.VisualizationRequestImpl">
                        <map class="com.sun.javafx.collections.ObservableMapWrapper">
                          <backingMap/>
                        </map>
                      </vReq>
                      <id>ROOT:4:0:4:0:1</id>
                      <connectors>
                        <connector>
                          <type>data</type>
                          <localId>0</localId>
                          <input>true</input>
                          <output>false</output>
                          <passthru>false</passthru>
                          <maxNumConnections>2147483647</maxNumConnections>
                        </connector>
                        <connector>
                          <type>data</type>
                          <localId>1</localId>
                          <input>false</input>
                          <output>true</output>
                          <passthru>false</passthru>
                          <maxNumConnections>2147483647</maxNumConnections>
                        </connector>
                      </connectors>
                      <mainInputs/>
                      <mainOutputs/>
                    </node>
                    <flow>
                      <x>690.0</x>
                      <y>30.0</y>
                      <width>300.0</width>
                      <height>200.0</height>
                      <title>Node 2</title>
                      <valueObject>
                        <parentId>ROOT:4:0:4:0:2</parentId>
                        <storage/>
                      </valueObject>
                      <vReq class="eu.mihosoft.vrl.workflow.VisualizationRequestImpl">
                        <map class="com.sun.javafx.collections.ObservableMapWrapper">
                          <backingMap/>
                        </map>
                      </vReq>
                      <id>ROOT:4:0:4:0:2</id>
                      <connectors>
                        <connector>
                          <type>event</type>
                          <localId>0</localId>
                          <input>true</input>
                          <output>false</output>
                          <passthru>false</passthru>
                          <maxNumConnections>2147483647</maxNumConnections>
                        </connector>
                        <connector>
                          <type>event</type>
                          <localId>1</localId>
                          <input>false</input>
                          <output>true</output>
                          <passthru>false</passthru>
                          <maxNumConnections>2147483647</maxNumConnections>
                        </connector>
                      </connectors>
                      <mainInputs/>
                      <mainOutputs/>
                      <connections/>
                      <nodes/>
                      <parent reference="../../.."/>
                      <visible>false</visible>
                    </flow>
                    <node>
                      <x>30.0</x>
                      <y>260.0</y>
                      <width>300.0</width>
                      <height>200.0</height>
                      <title>Node 3</title>
                      <valueObject>
                        <parentId>ROOT:4:0:4:0:3</parentId>
                        <storage/>
                      </valueObject>
                      <vReq class="eu.mihosoft.vrl.workflow.VisualizationRequestImpl">
                        <map class="com.sun.javafx.collections.ObservableMapWrapper">
                          <backingMap/>
                        </map>
                      </vReq>
                      <id>ROOT:4:0:4:0:3</id>
                      <connectors>
                        <connector>
                          <type>control</type>
                          <localId>0</localId>
                          <input>true</input>
                          <output>false</output>
                          <passthru>false</passthru>
                          <maxNumConnections>2147483647</maxNumConnections>
                        </connector>
                        <connector>
                          <type>control</type>
                          <localId>1</localId>
                          <input>false</input>
                          <output>true</output>
                          <passthru>false</passthru>
                          <maxNumConnections>2147483647</maxNumConnections>
                        </connector>
                      </connectors>
                      <mainInputs/>
                      <mainOutputs/>
                    </node>
                    <flow>
                      <x>360.0</x>
                      <y>260.0</y>
                      <width>300.0</width>
                      <height>200.0</height>
                      <title>Node 4</title>
                      <valueObject>
                        <parentId>ROOT:4:0:4:0:4</parentId>
                        <storage/>
                      </valueObject>
                      <vReq class="eu.mihosoft.vrl.workflow.VisualizationRequestImpl">
                        <map class="com.sun.javafx.collections.ObservableMapWrapper">
                          <backingMap/>
                        </map>
                      </vReq>
                      <id>ROOT:4:0:4:0:4</id>
                      <connectors>
                        <connector>
                          <type>data</type>
                          <localId>0</localId>
                          <input>true</input>
                          <output>false</output>
                          <passthru>false</passthru>
                          <maxNumConnections>2147483647</maxNumConnections>
                        </connector>
                        <connector>
                          <type>data</type>
                          <localId>1</localId>
                          <input>false</input>
                          <output>true</output>
                          <passthru>false</passthru>
                          <maxNumConnections>2147483647</maxNumConnections>
                        </connector>
                      </connectors>
                      <mainInputs/>
                      <mainOutputs/>
                      <connections/>
                      <nodes/>
                      <parent reference="../../.."/>
                      <visible>false</visible>
                    </flow>
                  </nodes>
                  <parent reference="../../.."/>
                  <visible>false</visible>
                </flow>
                <node>
                  <x>360.0</x>
                  <y>30.0</y>
                  <width>300.0</width>
                  <height>200.0</height>
                  <title>Node 1</title>
                  <valueObject>
                    <parentId>ROOT:4:0:4:1</parentId>
                    <storage/>
                  </valueObject>
                  <vReq class="eu.mihosoft.vrl.workflow.VisualizationRequestImpl">
                    <map class="com.sun.javafx.collections.ObservableMapWrapper">
                      <backingMap/>
                    </map>
                  </vReq>
                  <id>ROOT:4:0:4:1</id>
                  <connectors>
                    <connector>
                      <type>data</type>
                      <localId>0</localId>
                      <input>true</input>
                      <output>false</output>
                      <passthru>false</passthru>
                      <maxNumConnections>2147483647</maxNumConnections>
                    </connector>
                    <connector>
                      <type>data</type>
                      <localId>1</localId>
                      <input>false</input>
                      <output>true</output>
                      <passthru>false</passthru>
                      <maxNumConnections>2147483647</maxNumConnections>
                    </connector>
                  </connectors>
                  <mainInputs/>
                  <mainOutputs/>
                </node>
                <flow>
                  <x>690.0</x>
                  <y>30.0</y>
                  <width>300.0</width>
                  <height>200.0</height>
                  <title>Node 2</title>
                  <valueObject>
                    <parentId>ROOT:4:0:4:2</parentId>
                    <storage/>
                  </valueObject>
                  <vReq class="eu.mihosoft.vrl.workflow.VisualizationRequestImpl">
                    <map class="com.sun.javafx.collections.ObservableMapWrapper">
                      <backingMap/>
                    </map>
                  </vReq>
                  <id>ROOT:4:0:4:2</id>
                  <connectors>
                    <connector>
                      <type>event</type>
                      <localId>0</localId>
                      <input>true</input>
                      <output>false</output>
                      <passthru>false</passthru>
                      <maxNumConnections>2147483647</maxNumConnections>
                    </connector>
                    <connector>
                      <type>event</type>
                      <localId>1</localId>
                      <input>false</input>
                      <output>true</output>
                      <passthru>false</passthru>
                      <maxNumConnections>2147483647</maxNumConnections>
                    </connector>
                  </connectors>
                  <mainInputs/>
                  <mainOutputs/>
                  <connections>
                    <connection>
                      <id>0</id>
                      <senderId>ROOT:4:0:4:2:1:c:1</senderId>
                      <receiverId>ROOT:4:0:4:2:4:c:0</receiverId>
                      <type>data</type>
                      <vReq class="eu.mihosoft.vrl.workflow.VisualizationRequestImpl">
                        <map class="com.sun.javafx.collections.ObservableMapWrapper">
                          <backingMap/>
                        </map>
                      </vReq>
                    </connection>
                    <connection>
                      <id>0</id>
                      <senderId>ROOT:4:0:4:2:0:c:1</senderId>
                      <receiverId>ROOT:4:0:4:2:3:c:0</receiverId>
                      <type>control</type>
                      <vReq class="eu.mihosoft.vrl.workflow.VisualizationRequestImpl">
                        <map class="com.sun.javafx.collections.ObservableMapWrapper">
                          <backingMap/>
                        </map>
                      </vReq>
                    </connection>
                  </connections>
                  <nodes>
                    <flow>
                      <x>30.0</x>
                      <y>30.0</y>
                      <width>300.0</width>
                      <height>200.0</height>
                      <title>Node 0</title>
                      <valueObject>
                        <parentId>ROOT:4:0:4:2:0</parentId>
                        <storage/>
                      </valueObject>
                      <vReq class="eu.mihosoft.vrl.workflow.VisualizationRequestImpl">
                        <map class="com.sun.javafx.collections.ObservableMapWrapper">
                          <backingMap/>
                        </map>
                      </vReq>
                      <id>ROOT:4:0:4:2:0</id>
                      <connectors>
                        <connector>
                          <type>control</type>
                          <localId>0</localId>
                          <input>true</input>
                          <output>false</output>
                          <passthru>false</passthru>
                          <maxNumConnections>2147483647</maxNumConnections>
                        </connector>
                        <connector>
                          <type>control</type>
                          <localId>1</localId>
                          <input>false</input>
                          <output>true</output>
                          <passthru>false</passthru>
                          <maxNumConnections>2147483647</maxNumConnections>
                        </connector>
                      </connectors>
                      <mainInputs/>
                      <mainOutputs/>
                      <connections/>
                      <nodes/>
                      <parent reference="../../.."/>
                      <visible>false</visible>
                    </flow>
                    <node>
                      <x>360.0</x>
                      <y>30.0</y>
                      <width>300.0</width>
                      <height>200.0</height>
                      <title>Node 1</title>
                      <valueObject>
                        <parentId>ROOT:4:0:4:2:1</parentId>
                        <storage/>
                      </valueObject>
                      <vReq class="eu.mihosoft.vrl.workflow.VisualizationRequestImpl">
                        <map class="com.sun.javafx.collections.ObservableMapWrapper">
                          <backingMap/>
                        </map>
                      </vReq>
                      <id>ROOT:4:0:4:2:1</id>
                      <connectors>
                        <connector>
                          <type>data</type>
                          <localId>0</localId>
                          <input>true</input>
                          <output>false</output>
                          <passthru>false</passthru>
                          <maxNumConnections>2147483647</maxNumConnections>
                        </connector>
                        <connector>
                          <type>data</type>
                          <localId>1</localId>
                          <input>false</input>
                          <output>true</output>
                          <passthru>false</passthru>
                          <maxNumConnections>2147483647</maxNumConnections>
                        </connector>
                      </connectors>
                      <mainInputs/>
                      <mainOutputs/>
                    </node>
                    <flow>
                      <x>690.0</x>
                      <y>30.0</y>
                      <width>300.0</width>
                      <height>200.0</height>
                      <title>Node 2</title>
                      <valueObject>
                        <parentId>ROOT:4:0:4:2:2</parentId>
                        <storage/>
                      </valueObject>
                      <vReq class="eu.mihosoft.vrl.workflow.VisualizationRequestImpl">
                        <map class="com.sun.javafx.collections.ObservableMapWrapper">
                          <backingMap/>
                        </map>
                      </vReq>
                      <id>ROOT:4:0:4:2:2</id>
                      <connectors>
                        <connector>
                          <type>event</type>
                          <localId>0</localId>
                          <input>true</input>
                          <output>false</output>
                          <passthru>false</passthru>
                          <maxNumConnections>2147483647</maxNumConnections>
                        </connector>
                        <connector>
                          <type>event</type>
                          <localId>1</localId>
                          <input>false</input>
                          <output>true</output>
                          <passthru>false</passthru>
                          <maxNumConnections>2147483647</maxNumConnections>
                        </connector>
                      </connectors>
                      <mainInputs/>
                      <mainOutputs/>
                      <connections/>
                      <nodes/>
                      <parent reference="../../.."/>
                      <visible>false</visible>
                    </flow>
                    <node>
                      <x>30.0</x>
                      <y>260.0</y>
                      <width>300.0</width>
                      <height>200.0</height>
                      <title>Node 3</title>
                      <valueObject>
                        <parentId>ROOT:4:0:4:2:3</parentId>
                        <storage/>
                      </valueObject>
                      <vReq class="eu.mihosoft.vrl.workflow.VisualizationRequestImpl">
                        <map class="com.sun.javafx.collections.ObservableMapWrapper">
                          <backingMap/>
                        </map>
                      </vReq>
                      <id>ROOT:4:0:4:2:3</id>
                      <connectors>
                        <connector>
                          <type>control</type>
                          <localId>0</localId>
                          <input>true</input>
                          <output>false</output>
                          <passthru>false</passthru>
                          <maxNumConnections>2147483647</maxNumConnections>
                        </connector>
                        <connector>
                          <type>control</type>
                          <localId>1</localId>
                          <input>false</input>
                          <output>true</output>
                          <passthru>false</passthru>
                          <maxNumConnections>2147483647</maxNumConnections>
                        </connector>
                      </connectors>
                      <mainInputs/>
                      <mainOutputs/>
                    </node>
                    <flow>
                      <x>360.0</x>
                      <y>260.0</y>
                      <width>300.0</width>
                      <height>200.0</height>
                      <title>Node 4</title>
                      <valueObject>
                        <parentId>ROOT:4:0:4:2:4</parentId>
                        <storage/>
                      </valueObject>
                      <vReq class="eu.mihosoft.vrl.workflow.VisualizationRequestImpl">
                        <map class="com.sun.javafx.collections.ObservableMapWrapper">
                          <backingMap/>
                        </map>
                      </vReq>
                      <id>ROOT:4:0:4:2:4</id>
                      <connectors>
                        <connector>
                          <type>data</type>
                          <localId>0</localId>
                          <input>true</input>
                          <output>false</output>
                          <passthru>false</passthru>
                          <maxNumConnections>2147483647</maxNumConnections>
                        </connector>
                        <connector>
                          <type>data</type>
                          <localId>1</localId>
                          <input>false</input>
                          <output>true</output>
                          <passthru>false</passthru>
                          <maxNumConnections>2147483647</maxNumConnections>
                        </connector>
                      </connectors>
                      <mainInputs/>
                      <mainOutputs/>
                      <connections/>
                      <nodes/>
                      <parent reference="../../.."/>
                      <visible>false</visible>
                    </flow>
                  </nodes>
                  <parent reference="../../.."/>
                  <visible>false</visible>
                </flow>
                <node>
                  <x>30.0</x>
                  <y>260.0</y>
                  <width>300.0</width>
                  <height>200.0</height>
                  <title>Node 3</title>
                  <valueObject>
                    <parentId>ROOT:4:0:4:3</parentId>
                    <storage/>
                  </valueObject>
                  <vReq class="eu.mihosoft.vrl.workflow.VisualizationRequestImpl">
                    <map class="com.sun.javafx.collections.ObservableMapWrapper">
                      <backingMap/>
                    </map>
                  </vReq>
                  <id>ROOT:4:0:4:3</id>
                  <connectors>
                    <connector>
                      <type>control</type>
                      <localId>0</localId>
                      <input>true</input>
                      <output>false</output>
                      <passthru>false</passthru>
                      <maxNumConnections>2147483647</maxNumConnections>
                    </connector>
                    <connector>
                      <type>control</type>
                      <localId>1</localId>
                      <input>false</input>
                      <output>true</output>
                      <passthru>false</passthru>
                      <maxNumConnections>2147483647</maxNumConnections>
                    </connector>
                  </connectors>
                  <mainInputs/>
                  <mainOutputs/>
                </node>
                <flow>
                  <x>360.0</x>
                  <y>260.0</y>
                  <width>300.0</width>
                  <height>200.0</height>
                  <title>Node 4</title>
                  <valueObject>
                    <parentId>ROOT:4:0:4:4</parentId>
                    <storage/>
                  </valueObject>
                  <vReq class="eu.mihosoft.vrl.workflow.VisualizationRequestImpl">
                    <map class="com.sun.javafx.collections.ObservableMapWrapper">
                      <backingMap/>
                    </map>
                  </vReq>
                  <id>ROOT:4:0:4:4</id>
                  <connectors>
                    <connector>
                      <type>data</type>
                      <localId>0</localId>
                      <input>true</input>
                      <output>false</output>
                      <passthru>false</passthru>
                      <maxNumConnections>2147483647</maxNumConnections>
                    </connector>
                    <connector>
                      <type>data</type>
                      <localId>1</localId>
                      <input>false</input>
                      <output>true</output>
                      <passthru>false</passthru>
                      <maxNumConnections>2147483647</maxNumConnections>
                    </connector>
                  </connectors>
                  <mainInputs/>
                  <mainOutputs/>
                  <connections>
                    <connection>
                      <id>0</id>
                      <senderId>ROOT:4:0:4:4:1:c:1</senderId>
                      <receiverId>ROOT:4:0:4:4:4:c:0</receiverId>
                      <type>data</type>
                      <vReq class="eu.mihosoft.vrl.workflow.VisualizationRequestImpl">
                        <map class="com.sun.javafx.collections.ObservableMapWrapper">
                          <backingMap/>
                        </map>
                      </vReq>
                    </connection>
                    <connection>
                      <id>0</id>
                      <senderId>ROOT:4:0:4:4:0:c:1</senderId>
                      <receiverId>ROOT:4:0:4:4:3:c:0</receiverId>
                      <type>control</type>
                      <vReq class="eu.mihosoft.vrl.workflow.VisualizationRequestImpl">
                        <map class="com.sun.javafx.collections.ObservableMapWrapper">
                          <backingMap/>
                        </map>
                      </vReq>
                    </connection>
                  </connections>
                  <nodes>
                    <flow>
                      <x>30.0</x>
                      <y>30.0</y>
                      <width>300.0</width>
                      <height>200.0</height>
                      <title>Node 0</title>
                      <valueObject>
                        <parentId>ROOT:4:0:4:4:0</parentId>
                        <storage/>
                      </valueObject>
                      <vReq class="eu.mihosoft.vrl.workflow.VisualizationRequestImpl">
                        <map class="com.sun.javafx.collections.ObservableMapWrapper">
                          <backingMap/>
                        </map>
                      </vReq>
                      <id>ROOT:4:0:4:4:0</id>
                      <connectors>
                        <connector>
                          <type>control</type>
                          <localId>0</localId>
                          <input>true</input>
                          <output>false</output>
                          <passthru>false</passthru>
                          <maxNumConnections>2147483647</maxNumConnections>
                        </connector>
                        <connector>
                          <type>control</type>
                          <localId>1</localId>
                          <input>false</input>
                          <output>true</output>
                          <passthru>false</passthru>
                          <maxNumConnections>2147483647</maxNumConnections>
                        </connector>
                      </connectors>
                      <mainInputs/>
                      <mainOutputs/>
                      <connections/>
                      <nodes/>
                      <parent reference="../../.."/>
                      <visible>false</visible>
                    </flow>
                    <node>
                      <x>360.0</x>
                      <y>30.0</y>
                      <width>300.0</width>
                      <height>200.0</height>
                      <title>Node 1</title>
                      <valueObject>
                        <parentId>ROOT:4:0:4:4:1</parentId>
                        <storage/>
                      </valueObject>
                      <vReq class="eu.mihosoft.vrl.workflow.VisualizationRequestImpl">
                        <map class="com.sun.javafx.collections.ObservableMapWrapper">
                          <backingMap/>
                        </map>
                      </vReq>
                      <id>ROOT:4:0:4:4:1</id>
                      <connectors>
                        <connector>
                          <type>data</type>
                          <localId>0</localId>
                          <input>true</input>
                          <output>false</output>
                          <passthru>false</passthru>
                          <maxNumConnections>2147483647</maxNumConnections>
                        </connector>
                        <connector>
                          <type>data</type>
                          <localId>1</localId>
                          <input>false</input>
                          <output>true</output>
                          <passthru>false</passthru>
                          <maxNumConnections>2147483647</maxNumConnections>
                        </connector>
                      </connectors>
                      <mainInputs/>
                      <mainOutputs/>
                    </node>
                    <flow>
                      <x>690.0</x>
                      <y>30.0</y>
                      <width>300.0</width>
                      <height>200.0</height>
                      <title>Node 2</title>
                      <valueObject>
                        <parentId>ROOT:4:0:4:4:2</parentId>
                        <storage/>
                      </valueObject>
                      <vReq class="eu.mihosoft.vrl.workflow.VisualizationRequestImpl">
                        <map class="com.sun.javafx.collections.ObservableMapWrapper">
                          <backingMap/>
                        </map>
                      </vReq>
                      <id>ROOT:4:0:4:4:2</id>
                      <connectors>
                        <connector>
                          <type>event</type>
                          <localId>0</localId>
                          <input>true</input>
                          <output>false</output>
                          <passthru>false</passthru>
                          <maxNumConnections>2147483647</maxNumConnections>
                        </connector>
                        <connector>
                          <type>event</type>
                          <localId>1</localId>
                          <input>false</input>
                          <output>true</output>
                          <passthru>false</passthru>
                          <maxNumConnections>2147483647</maxNumConnections>
                        </connector>
                      </connectors>
                      <mainInputs/>
                      <mainOutputs/>
                      <connections/>
                      <nodes/>
                      <parent reference="../../.."/>
                      <visible>false</visible>
                    </flow>
                    <node>
                      <x>30.0</x>
                      <y>260.0</y>
                      <width>300.0</width>
                      <height>200.0</height>
                      <title>Node 3</title>
                      <valueObject>
                        <parentId>ROOT:4:0:4:4:3</parentId>
                        <storage/>
                      </valueObject>
                      <vReq class="eu.mihosoft.vrl.workflow.VisualizationRequestImpl">
                        <map class="com.sun.javafx.collections.ObservableMapWrapper">
                          <backingMap/>
                        </map>
                      </vReq>
                      <id>ROOT:4:0:4:4:3</id>
                      <connectors>
                        <connector>
                          <type>control</type>
                          <localId>0</localId>
                          <input>true</input>
                          <output>false</output>
                          <passthru>false</passthru>
                          <maxNumConnections>2147483647</maxNumConnections>
                        </connector>
                        <connector>
                          <type>control</type>
                          <localId>1</localId>
                          <input>false</input>
                          <output>true</output>
                          <passthru>false</passthru>
                          <maxNumConnections>2147483647</maxNumConnections>
                        </connector>
                      </connectors>
                      <mainInputs/>
                      <mainOutputs/>
                    </node>
                    <flow>
                      <x>360.0</x>
                      <y>260.0</y>
                      <width>300.0</width>
                      <height>200.0</height>
                      <title>Node 4</title>
                      <valueObject>
                        <parentId>ROOT:4:0:4:4:4</parentId>
                        <storage/>
                      </valueObject>
                      <vReq class="eu.mihosoft.vrl.workflow.VisualizationRequestImpl">
                        <map class="com.sun.javafx.collections.ObservableMapWrapper">
                          <backingMap/>
                        </map>
                      </vReq>
                      <id>ROOT:4:0:4:4:4</id>
                      <connectors>
                        <connector>
                          <type>data</type>
                          <localId>0</localId>
                          <input>true</input>
                          <output>false</output>
                          <passthru>false</passthru>
                          <maxNumConnections>2147483647</maxNumConnections>
                        </connector>
                        <connector>
                          <type>data</type>
                          <localId>1</localId>
                          <input>false</input>
                          <output>true</output>
                          <passthru>false</passthru>
                          <maxNumConnections>2147483647</maxNumConnections>
                        </connector>
                      </connectors>
                      <mainInputs/>
                      <mainOutputs/>
                      <connections/>
                      <nodes/>
                      <parent reference="../../.."/>
                      <visible>false</visible>
                    </flow>
                  </nodes>
                  <parent reference="../../.."/>
                  <visible>false</visible>
                </flow>
              </nodes>
              <parent reference="../../.."/>
              <visible>false</visible>
            </flow>
          </nodes>
          <parent reference="../../.."/>
          <visible>false</visible>
        </flow>
        <node>
          <x>360.0</x>
          <y>30.0</y>
          <width>300.0</width>
          <height>200.0</height>
          <title>Node 1</title>
          <valueObject>
            <parentId>ROOT:4:1</parentId>
            <storage/>
          </valueObject>
          <vReq class="eu.mihosoft.vrl.workflow.VisualizationRequestImpl">
            <map class="com.sun.javafx.collections.ObservableMapWrapper">
              <backingMap/>
            </map>
          </vReq>
          <id>ROOT:4:1</id>
          <connectors>
            <connector>
              <type>data</type>
              <localId>0</localId>
              <input>true</input>
              <output>false</output>
              <passthru>false</passthru>
              <maxNumConnections>2147483647</maxNumConnections>
            </connector>
            <connector>
              <type>data</type>
              <localId>1</localId>
              <input>false</input>
              <output>true</output>
              <passthru>false</passthru>
              <maxNumConnections>2147483647</maxNumConnections>
            </connector>
          </connectors>
          <mainInputs/>
          <mainOutputs/>
        </node>
        <flow>
          <x>690.0</x>
          <y>30.0</y>
          <width>300.0</width>
          <height>200.0</height>
          <title>Node 2</title>
          <valueObject>
            <parentId>ROOT:4:2</parentId>
            <storage/>
          </valueObject>
          <vReq class="eu.mihosoft.vrl.workflow.VisualizationRequestImpl">
            <map class="com.sun.javafx.collections.ObservableMapWrapper">
              <backingMap/>
            </map>
          </vReq>
          <id>ROOT:4:2</id>
          <connectors>
            <connector>
              <type>event</type>
              <localId>0</localId>
              <input>true</input>
              <output>false</output>
              <passthru>false</passthru>
              <maxNumConnections>2147483647</maxNumConnections>
            </connector>
            <connector>
              <type>event</type>
              <localId>1</localId>
              <input>false</input>
              <output>true</output>
              <passthru>false</passthru>
              <maxNumConnections>2147483647</maxNumConnections>
            </connector>
          </connectors>
          <mainInputs/>
          <mainOutputs/>
          <connections>
            <connection>
              <id>0</id>
              <senderId>ROOT:4:2:1:c:1</senderId>
              <receiverId>ROOT:4:2:4:c:0</receiverId>
              <type>data</type>
              <vReq class="eu.mihosoft.vrl.workflow.VisualizationRequestImpl">
                <map class="com.sun.javafx.collections.ObservableMapWrapper">
                  <backingMap/>
                </map>
              </vReq>
            </connection>
            <connection>
              <id>0</id>
              <senderId>ROOT:4:2:0:c:1</senderId>
              <receiverId>ROOT:4:2:3:c:0</receiverId>
              <type>control</type>
              <vReq class="eu.mihosoft.vrl.workflow.VisualizationRequestImpl">
                <map class="com.sun.javafx.collections.ObservableMapWrapper">
                  <backingMap/>
                </map>
              </vReq>
            </connection>
          </connections>
          <nodes>
            <flow>
              <x>30.0</x>
              <y>30.0</y>
              <width>300.0</width>
              <height>200.0</height>
              <title>Node 0</title>
              <valueObject>
                <parentId>ROOT:4:2:0</parentId>
                <storage/>
              </valueObject>
              <vReq class="eu.mihosoft.vrl.workflow.VisualizationRequestImpl">
                <map class="com.sun.javafx.collections.ObservableMapWrapper">
                  <backingMap/>
                </map>
              </vReq>
              <id>ROOT:4:2:0</id>
              <connectors>
                <connector>
                  <type>control</type>
                  <localId>0</localId>
                  <input>true</input>
                  <output>false</output>
                  <passthru>false</passthru>
                  <maxNumConnections>2147483647</maxNumConnections>
                </connector>
                <connector>
                  <type>control</type>
                  <localId>1</localId>
                  <input>false</input>
                  <output>true</output>
                  <passthru>false</passthru>
                  <maxNumConnections>2147483647</maxNumConnections>
                </connector>
              </connectors>
              <mainInputs/>
              <mainOutputs/>
              <connections>
                <connection>
                  <id>0</id>
                  <senderId>ROOT:4:2:0:1:c:1</senderId>
                  <receiverId>ROOT:4:2:0:4:c:0</receiverId>
                  <type>data</type>
                  <vReq class="eu.mihosoft.vrl.workflow.VisualizationRequestImpl">
                    <map class="com.sun.javafx.collections.ObservableMapWrapper">
                      <backingMap/>
                    </map>
                  </vReq>
                </connection>
                <connection>
                  <id>0</id>
                  <senderId>ROOT:4:2:0:0:c:1</senderId>
                  <receiverId>ROOT:4:2:0:3:c:0</receiverId>
                  <type>control</type>
                  <vReq class="eu.mihosoft.vrl.workflow.VisualizationRequestImpl">
                    <map class="com.sun.javafx.collections.ObservableMapWrapper">
                      <backingMap/>
                    </map>
                  </vReq>
                </connection>
              </connections>
              <nodes>
                <flow>
                  <x>30.0</x>
                  <y>30.0</y>
                  <width>300.0</width>
                  <height>200.0</height>
                  <title>Node 0</title>
                  <valueObject>
                    <parentId>ROOT:4:2:0:0</parentId>
                    <storage/>
                  </valueObject>
                  <vReq class="eu.mihosoft.vrl.workflow.VisualizationRequestImpl">
                    <map class="com.sun.javafx.collections.ObservableMapWrapper">
                      <backingMap/>
                    </map>
                  </vReq>
                  <id>ROOT:4:2:0:0</id>
                  <connectors>
                    <connector>
                      <type>control</type>
                      <localId>0</localId>
                      <input>true</input>
                      <output>false</output>
                      <passthru>false</passthru>
                      <maxNumConnections>2147483647</maxNumConnections>
                    </connector>
                    <connector>
                      <type>control</type>
                      <localId>1</localId>
                      <input>false</input>
                      <output>true</output>
                      <passthru>false</passthru>
                      <maxNumConnections>2147483647</maxNumConnections>
                    </connector>
                  </connectors>
                  <mainInputs/>
                  <mainOutputs/>
                  <connections>
                    <connection>
                      <id>0</id>
                      <senderId>ROOT:4:2:0:0:1:c:1</senderId>
                      <receiverId>ROOT:4:2:0:0:4:c:0</receiverId>
                      <type>data</type>
                      <vReq class="eu.mihosoft.vrl.workflow.VisualizationRequestImpl">
                        <map class="com.sun.javafx.collections.ObservableMapWrapper">
                          <backingMap/>
                        </map>
                      </vReq>
                    </connection>
                    <connection>
                      <id>0</id>
                      <senderId>ROOT:4:2:0:0:0:c:1</senderId>
                      <receiverId>ROOT:4:2:0:0:3:c:0</receiverId>
                      <type>control</type>
                      <vReq class="eu.mihosoft.vrl.workflow.VisualizationRequestImpl">
                        <map class="com.sun.javafx.collections.ObservableMapWrapper">
                          <backingMap/>
                        </map>
                      </vReq>
                    </connection>
                  </connections>
                  <nodes>
                    <flow>
                      <x>30.0</x>
                      <y>30.0</y>
                      <width>300.0</width>
                      <height>200.0</height>
                      <title>Node 0</title>
                      <valueObject>
                        <parentId>ROOT:4:2:0:0:0</parentId>
                        <storage/>
                      </valueObject>
                      <vReq class="eu.mihosoft.vrl.workflow.VisualizationRequestImpl">
                        <map class="com.sun.javafx.collections.ObservableMapWrapper">
                          <backingMap/>
                        </map>
                      </vReq>
                      <id>ROOT:4:2:0:0:0</id>
                      <connectors>
                        <connector>
                          <type>control</type>
                          <localId>0</localId>
                          <input>true</input>
                          <output>false</output>
                          <passthru>false</passthru>
                          <maxNumConnections>2147483647</maxNumConnections>
                        </connector>
                        <connector>
                          <type>control</type>
                          <localId>1</localId>
                          <input>false</input>
                          <output>true</output>
                          <passthru>false</passthru>
                          <maxNumConnections>2147483647</maxNumConnections>
                        </connector>
                      </connectors>
                      <mainInputs/>
                      <mainOutputs/>
                      <connections/>
                      <nodes/>
                      <parent reference="../../.."/>
                      <visible>false</visible>
                    </flow>
                    <node>
                      <x>360.0</x>
                      <y>30.0</y>
                      <width>300.0</width>
                      <height>200.0</height>
                      <title>Node 1</title>
                      <valueObject>
                        <parentId>ROOT:4:2:0:0:1</parentId>
                        <storage/>
                      </valueObject>
                      <vReq class="eu.mihosoft.vrl.workflow.VisualizationRequestImpl">
                        <map class="com.sun.javafx.collections.ObservableMapWrapper">
                          <backingMap/>
                        </map>
                      </vReq>
                      <id>ROOT:4:2:0:0:1</id>
                      <connectors>
                        <connector>
                          <type>data</type>
                          <localId>0</localId>
                          <input>true</input>
                          <output>false</output>
                          <passthru>false</passthru>
                          <maxNumConnections>2147483647</maxNumConnections>
                        </connector>
                        <connector>
                          <type>data</type>
                          <localId>1</localId>
                          <input>false</input>
                          <output>true</output>
                          <passthru>false</passthru>
                          <maxNumConnections>2147483647</maxNumConnections>
                        </connector>
                      </connectors>
                      <mainInputs/>
                      <mainOutputs/>
                    </node>
                    <flow>
                      <x>690.0</x>
                      <y>30.0</y>
                      <width>300.0</width>
                      <height>200.0</height>
                      <title>Node 2</title>
                      <valueObject>
                        <parentId>ROOT:4:2:0:0:2</parentId>
                        <storage/>
                      </valueObject>
                      <vReq class="eu.mihosoft.vrl.workflow.VisualizationRequestImpl">
                        <map class="com.sun.javafx.collections.ObservableMapWrapper">
                          <backingMap/>
                        </map>
                      </vReq>
                      <id>ROOT:4:2:0:0:2</id>
                      <connectors>
                        <connector>
                          <type>event</type>
                          <localId>0</localId>
                          <input>true</input>
                          <output>false</output>
                          <passthru>false</passthru>
                          <maxNumConnections>2147483647</maxNumConnections>
                        </connector>
                        <connector>
                          <type>event</type>
                          <localId>1</localId>
                          <input>false</input>
                          <output>true</output>
                          <passthru>false</passthru>
                          <maxNumConnections>2147483647</maxNumConnections>
                        </connector>
                      </connectors>
                      <mainInputs/>
                      <mainOutputs/>
                      <connections/>
                      <nodes/>
                      <parent reference="../../.."/>
                      <visible>false</visible>
                    </flow>
                    <node>
                      <x>30.0</x>
                      <y>260.0</y>
                      <width>300.0</width>
                      <height>200.0</height>
                      <title>Node 3</title>
                      <valueObject>
                        <parentId>ROOT:4:2:0:0:3</parentId>
                        <storage/>
                      </valueObject>
                      <vReq class="eu.mihosoft.vrl.workflow.VisualizationRequestImpl">
                        <map class="com.sun.javafx.collections.ObservableMapWrapper">
                          <backingMap/>
                        </map>
                      </vReq>
                      <id>ROOT:4:2:0:0:3</id>
                      <connectors>
                        <connector>
                          <type>control</type>
                          <localId>0</localId>
                          <input>true</input>
                          <output>false</output>
                          <passthru>false</passthru>
                          <maxNumConnections>2147483647</maxNumConnections>
                        </connector>
                        <connector>
                          <type>control</type>
                          <localId>1</localId>
                          <input>false</input>
                          <output>true</output>
                          <passthru>false</passthru>
                          <maxNumConnections>2147483647</maxNumConnections>
                        </connector>
                      </connectors>
                      <mainInputs/>
                      <mainOutputs/>
                    </node>
                    <flow>
                      <x>360.0</x>
                      <y>260.0</y>
                      <width>300.0</width>
                      <height>200.0</height>
                      <title>Node 4</title>
                      <valueObject>
                        <parentId>ROOT:4:2:0:0:4</parentId>
                        <storage/>
                      </valueObject>
                      <vReq class="eu.mihosoft.vrl.workflow.VisualizationRequestImpl">
                        <map class="com.sun.javafx.collections.ObservableMapWrapper">
                          <backingMap/>
                        </map>
                      </vReq>
                      <id>ROOT:4:2:0:0:4</id>
                      <connectors>
                        <connector>
                          <type>data</type>
                          <localId>0</localId>
                          <input>true</input>
                          <output>false</output>
                          <passthru>false</passthru>
                          <maxNumConnections>2147483647</maxNumConnections>
                        </connector>
                        <connector>
                          <type>data</type>
                          <localId>1</localId>
                          <input>false</input>
                          <output>true</output>
                          <passthru>false</passthru>
                          <maxNumConnections>2147483647</maxNumConnections>
                        </connector>
                      </connectors>
                      <mainInputs/>
                      <mainOutputs/>
                      <connections/>
                      <nodes/>
                      <parent reference="../../.."/>
                      <visible>false</visible>
                    </flow>
                  </nodes>
                  <parent reference="../../.."/>
                  <visible>false</visible>
                </flow>
                <node>
                  <x>360.0</x>
                  <y>30.0</y>
                  <width>300.0</width>
                  <height>200.0</height>
                  <title>Node 1</title>
                  <valueObject>
                    <parentId>ROOT:4:2:0:1</parentId>
                    <storage/>
                  </valueObject>
                  <vReq class="eu.mihosoft.vrl.workflow.VisualizationRequestImpl">
                    <map class="com.sun.javafx.collections.ObservableMapWrapper">
                      <backingMap/>
                    </map>
                  </vReq>
                  <id>ROOT:4:2:0:1</id>
                  <connectors>
                    <connector>
                      <type>data</type>
                      <localId>0</localId>
                      <input>true</input>
                      <output>false</output>
                      <passthru>false</passthru>
                      <maxNumConnections>2147483647</maxNumConnections>
                    </connector>
                    <connector>
                      <type>data</type>
                      <localId>1</localId>
                      <input>false</input>
                      <output>true</output>
                      <passthru>false</passthru>
                      <maxNumConnections>2147483647</maxNumConnections>
                    </connector>
                  </connectors>
                  <mainInputs/>
                  <mainOutputs/>
                </node>
                <flow>
                  <x>690.0</x>
                  <y>30.0</y>
                  <width>300.0</width>
                  <height>200.0</height>
                  <title>Node 2</title>
                  <valueObject>
                    <parentId>ROOT:4:2:0:2</parentId>
                    <storage/>
                  </valueObject>
                  <vReq class="eu.mihosoft.vrl.workflow.VisualizationRequestImpl">
                    <map class="com.sun.javafx.collections.ObservableMapWrapper">
                      <backingMap/>
                    </map>
                  </vReq>
                  <id>ROOT:4:2:0:2</id>
                  <connectors>
                    <connector>
                      <type>event</type>
                      <localId>0</localId>
                      <input>true</input>
                      <output>false</output>
                      <passthru>false</passthru>
                      <maxNumConnections>2147483647</maxNumConnections>
                    </connector>
                    <connector>
                      <type>event</type>
                      <localId>1</localId>
                      <input>false</input>
                      <output>true</output>
                      <passthru>false</passthru>
                      <maxNumConnections>2147483647</maxNumConnections>
                    </connector>
                  </connectors>
                  <mainInputs/>
                  <mainOutputs/>
                  <connections>
                    <connection>
                      <id>0</id>
                      <senderId>ROOT:4:2:0:2:1:c:1</senderId>
                      <receiverId>ROOT:4:2:0:2:4:c:0</receiverId>
                      <type>data</type>
                      <vReq class="eu.mihosoft.vrl.workflow.VisualizationRequestImpl">
                        <map class="com.sun.javafx.collections.ObservableMapWrapper">
                          <backingMap/>
                        </map>
                      </vReq>
                    </connection>
                    <connection>
                      <id>0</id>
                      <senderId>ROOT:4:2:0:2:0:c:1</senderId>
                      <receiverId>ROOT:4:2:0:2:3:c:0</receiverId>
                      <type>control</type>
                      <vReq class="eu.mihosoft.vrl.workflow.VisualizationRequestImpl">
                        <map class="com.sun.javafx.collections.ObservableMapWrapper">
                          <backingMap/>
                        </map>
                      </vReq>
                    </connection>
                  </connections>
                  <nodes>
                    <flow>
                      <x>30.0</x>
                      <y>30.0</y>
                      <width>300.0</width>
                      <height>200.0</height>
                      <title>Node 0</title>
                      <valueObject>
                        <parentId>ROOT:4:2:0:2:0</parentId>
                        <storage/>
                      </valueObject>
                      <vReq class="eu.mihosoft.vrl.workflow.VisualizationRequestImpl">
                        <map class="com.sun.javafx.collections.ObservableMapWrapper">
                          <backingMap/>
                        </map>
                      </vReq>
                      <id>ROOT:4:2:0:2:0</id>
                      <connectors>
                        <connector>
                          <type>control</type>
                          <localId>0</localId>
                          <input>true</input>
                          <output>false</output>
                          <passthru>false</passthru>
                          <maxNumConnections>2147483647</maxNumConnections>
                        </connector>
                        <connector>
                          <type>control</type>
                          <localId>1</localId>
                          <input>false</input>
                          <output>true</output>
                          <passthru>false</passthru>
                          <maxNumConnections>2147483647</maxNumConnections>
                        </connector>
                      </connectors>
                      <mainInputs/>
                      <mainOutputs/>
                      <connections/>
                      <nodes/>
                      <parent reference="../../.."/>
                      <visible>false</visible>
                    </flow>
                    <node>
                      <x>360.0</x>
                      <y>30.0</y>
                      <width>300.0</width>
                      <height>200.0</height>
                      <title>Node 1</title>
                      <valueObject>
                        <parentId>ROOT:4:2:0:2:1</parentId>
                        <storage/>
                      </valueObject>
                      <vReq class="eu.mihosoft.vrl.workflow.VisualizationRequestImpl">
                        <map class="com.sun.javafx.collections.ObservableMapWrapper">
                          <backingMap/>
                        </map>
                      </vReq>
                      <id>ROOT:4:2:0:2:1</id>
                      <connectors>
                        <connector>
                          <type>data</type>
                          <localId>0</localId>
                          <input>true</input>
                          <output>false</output>
                          <passthru>false</passthru>
                          <maxNumConnections>2147483647</maxNumConnections>
                        </connector>
                        <connector>
                          <type>data</type>
                          <localId>1</localId>
                          <input>false</input>
                          <output>true</output>
                          <passthru>false</passthru>
                          <maxNumConnections>2147483647</maxNumConnections>
                        </connector>
                      </connectors>
                      <mainInputs/>
                      <mainOutputs/>
                    </node>
                    <flow>
                      <x>690.0</x>
                      <y>30.0</y>
                      <width>300.0</width>
                      <height>200.0</height>
                      <title>Node 2</title>
                      <valueObject>
                        <parentId>ROOT:4:2:0:2:2</parentId>
                        <storage/>
                      </valueObject>
                      <vReq class="eu.mihosoft.vrl.workflow.VisualizationRequestImpl">
                        <map class="com.sun.javafx.collections.ObservableMapWrapper">
                          <backingMap/>
                        </map>
                      </vReq>
                      <id>ROOT:4:2:0:2:2</id>
                      <connectors>
                        <connector>
                          <type>event</type>
                          <localId>0</localId>
                          <input>true</input>
                          <output>false</output>
                          <passthru>false</passthru>
                          <maxNumConnections>2147483647</maxNumConnections>
                        </connector>
                        <connector>
                          <type>event</type>
                          <localId>1</localId>
                          <input>false</input>
                          <output>true</output>
                          <passthru>false</passthru>
                          <maxNumConnections>2147483647</maxNumConnections>
                        </connector>
                      </connectors>
                      <mainInputs/>
                      <mainOutputs/>
                      <connections/>
                      <nodes/>
                      <parent reference="../../.."/>
                      <visible>false</visible>
                    </flow>
                    <node>
                      <x>30.0</x>
                      <y>260.0</y>
                      <width>300.0</width>
                      <height>200.0</height>
                      <title>Node 3</title>
                      <valueObject>
                        <parentId>ROOT:4:2:0:2:3</parentId>
                        <storage/>
                      </valueObject>
                      <vReq class="eu.mihosoft.vrl.workflow.VisualizationRequestImpl">
                        <map class="com.sun.javafx.collections.ObservableMapWrapper">
                          <backingMap/>
                        </map>
                      </vReq>
                      <id>ROOT:4:2:0:2:3</id>
                      <connectors>
                        <connector>
                          <type>control</type>
                          <localId>0</localId>
                          <input>true</input>
                          <output>false</output>
                          <passthru>false</passthru>
                          <maxNumConnections>2147483647</maxNumConnections>
                        </connector>
                        <connector>
                          <type>control</type>
                          <localId>1</localId>
                          <input>false</input>
                          <output>true</output>
                          <passthru>false</passthru>
                          <maxNumConnections>2147483647</maxNumConnections>
                        </connector>
                      </connectors>
                      <mainInputs/>
                      <mainOutputs/>
                    </node>
                    <flow>
                      <x>360.0</x>
                      <y>260.0</y>
                      <width>300.0</width>
                      <height>200.0</height>
                      <title>Node 4</title>
                      <valueObject>
                        <parentId>ROOT:4:2:0:2:4</parentId>
                        <storage/>
                      </valueObject>
                      <vReq class="eu.mihosoft.vrl.workflow.VisualizationRequestImpl">
                        <map class="com.sun.javafx.collections.ObservableMapWrapper">
                          <backingMap/>
                        </map>
                      </vReq>
                      <id>ROOT:4:2:0:2:4</id>
                      <connectors>
                        <connector>
                          <type>data</type>
                          <localId>0</localId>
                          <input>true</input>
                          <output>false</output>
                          <passthru>false</passthru>
                          <maxNumConnections>2147483647</maxNumConnections>
                        </connector>
                        <connector>
                          <type>data</type>
                          <localId>1</localId>
                          <input>false</input>
                          <output>true</output>
                          <passthru>false</passthru>
                          <maxNumConnections>2147483647</maxNumConnections>
                        </connector>
                      </connectors>
                      <mainInputs/>
                      <mainOutputs/>
                      <connections/>
                      <nodes/>
                      <parent reference="../../.."/>
                      <visible>false</visible>
                    </flow>
                  </nodes>
                  <parent reference="../../.."/>
                  <visible>false</visible>
                </flow>
                <node>
                  <x>30.0</x>
                  <y>260.0</y>
                  <width>300.0</width>
                  <height>200.0</height>
                  <title>Node 3</title>
                  <valueObject>
                    <parentId>ROOT:4:2:0:3</parentId>
                    <storage/>
                  </valueObject>
                  <vReq class="eu.mihosoft.vrl.workflow.VisualizationRequestImpl">
                    <map class="com.sun.javafx.collections.ObservableMapWrapper">
                      <backingMap/>
                    </map>
                  </vReq>
                  <id>ROOT:4:2:0:3</id>
                  <connectors>
                    <connector>
                      <type>control</type>
                      <localId>0</localId>
                      <input>true</input>
                      <output>false</output>
                      <passthru>false</passthru>
                      <maxNumConnections>2147483647</maxNumConnections>
                    </connector>
                    <connector>
                      <type>control</type>
                      <localId>1</localId>
                      <input>false</input>
                      <output>true</output>
                      <passthru>false</passthru>
                      <maxNumConnections>2147483647</maxNumConnections>
                    </connector>
                  </connectors>
                  <mainInputs/>
                  <mainOutputs/>
                </node>
                <flow>
                  <x>360.0</x>
                  <y>260.0</y>
                  <width>300.0</width>
                  <height>200.0</height>
                  <title>Node 4</title>
                  <valueObject>
                    <parentId>ROOT:4:2:0:4</parentId>
                    <storage/>
                  </valueObject>
                  <vReq class="eu.mihosoft.vrl.workflow.VisualizationRequestImpl">
                    <map class="com.sun.javafx.collections.ObservableMapWrapper">
                      <backingMap/>
                    </map>
                  </vReq>
                  <id>ROOT:4:2:0:4</id>
                  <connectors>
                    <connector>
                      <type>data</type>
                      <localId>0</localId>
                      <input>true</input>
                      <output>false</output>
                      <passthru>false</passthru>
                      <maxNumConnections>2147483647</maxNumConnections>
                    </connector>
                    <connector>
                      <type>data</type>
                      <localId>1</localId>
                      <input>false</input>
                      <output>true</output>
                      <passthru>false</passthru>
                      <maxNumConnections>2147483647</maxNumConnections>
                    </connector>
                  </connectors>
                  <mainInputs/>
                  <mainOutputs/>
                  <connections>
                    <connection>
                      <id>0</id>
                      <senderId>ROOT:4:2:0:4:1:c:1</senderId>
                      <receiverId>ROOT:4:2:0:4:4:c:0</receiverId>
                      <type>data</type>
                      <vReq class="eu.mihosoft.vrl.workflow.VisualizationRequestImpl">
                        <map class="com.sun.javafx.collections.ObservableMapWrapper">
                          <backingMap/>
                        </map>
                      </vReq>
                    </connection>
                    <connection>
                      <id>0</id>
                      <senderId>ROOT:4:2:0:4:0:c:1</senderId>
                      <receiverId>ROOT:4:2:0:4:3:c:0</receiverId>
                      <type>control</type>
                      <vReq class="eu.mihosoft.vrl.workflow.VisualizationRequestImpl">
                        <map class="com.sun.javafx.collections.ObservableMapWrapper">
                          <backingMap/>
                        </map>
                      </vReq>
                    </connection>
                  </connections>
                  <nodes>
                    <flow>
                      <x>30.0</x>
                      <y>30.0</y>
                      <width>300.0</width>
                      <height>200.0</height>
                      <title>Node 0</title>
                      <valueObject>
                        <parentId>ROOT:4:2:0:4:0</parentId>
                        <storage/>
                      </valueObject>
                      <vReq class="eu.mihosoft.vrl.workflow.VisualizationRequestImpl">
                        <map class="com.sun.javafx.collections.ObservableMapWrapper">
                          <backingMap/>
                        </map>
                      </vReq>
                      <id>ROOT:4:2:0:4:0</id>
                      <connectors>
                        <connector>
                          <type>control</type>
                          <localId>0</localId>
                          <input>true</input>
                          <output>false</output>
                          <passthru>false</passthru>
                          <maxNumConnections>2147483647</maxNumConnections>
                        </connector>
                        <connector>
                          <type>control</type>
                          <localId>1</localId>
                          <input>false</input>
                          <output>true</output>
                          <passthru>false</passthru>
                          <maxNumConnections>2147483647</maxNumConnections>
                        </connector>
                      </connectors>
                      <mainInputs/>
                      <mainOutputs/>
                      <connections/>
                      <nodes/>
                      <parent reference="../../.."/>
                      <visible>false</visible>
                    </flow>
                    <node>
                      <x>360.0</x>
                      <y>30.0</y>
                      <width>300.0</width>
                      <height>200.0</height>
                      <title>Node 1</title>
                      <valueObject>
                        <parentId>ROOT:4:2:0:4:1</parentId>
                        <storage/>
                      </valueObject>
                      <vReq class="eu.mihosoft.vrl.workflow.VisualizationRequestImpl">
                        <map class="com.sun.javafx.collections.ObservableMapWrapper">
                          <backingMap/>
                        </map>
                      </vReq>
                      <id>ROOT:4:2:0:4:1</id>
                      <connectors>
                        <connector>
                          <type>data</type>
                          <localId>0</localId>
                          <input>true</input>
                          <output>false</output>
                          <passthru>false</passthru>
                          <maxNumConnections>2147483647</maxNumConnections>
                        </connector>
                        <connector>
                          <type>data</type>
                          <localId>1</localId>
                          <input>false</input>
                          <output>true</output>
                          <passthru>false</passthru>
                          <maxNumConnections>2147483647</maxNumConnections>
                        </connector>
                      </connectors>
                      <mainInputs/>
                      <mainOutputs/>
                    </node>
                    <flow>
                      <x>690.0</x>
                      <y>30.0</y>
                      <width>300.0</width>
                      <height>200.0</height>
                      <title>Node 2</title>
                      <valueObject>
                        <parentId>ROOT:4:2:0:4:2</parentId>
                        <storage/>
                      </valueObject>
                      <vReq class="eu.mihosoft.vrl.workflow.VisualizationRequestImpl">
                        <map class="com.sun.javafx.collections.ObservableMapWrapper">
                          <backingMap/>
                        </map>
                      </vReq>
                      <id>ROOT:4:2:0:4:2</id>
                      <connectors>
                        <connector>
                          <type>event</type>
                          <localId>0</localId>
                          <input>true</input>
                          <output>false</output>
                          <passthru>false</passthru>
                          <maxNumConnections>2147483647</maxNumConnections>
                        </connector>
                        <connector>
                          <type>event</type>
                          <localId>1</localId>
                          <input>false</input>
                          <output>true</output>
                          <passthru>false</passthru>
                          <maxNumConnections>2147483647</maxNumConnections>
                        </connector>
                      </connectors>
                      <mainInputs/>
                      <mainOutputs/>
                      <connections/>
                      <nodes/>
                      <parent reference="../../.."/>
                      <visible>false</visible>
                    </flow>
                    <node>
                      <x>30.0</x>
                      <y>260.0</y>
                      <width>300.0</width>
                      <height>200.0</height>
                      <title>Node 3</title>
                      <valueObject>
                        <parentId>ROOT:4:2:0:4:3</parentId>
                        <storage/>
                      </valueObject>
                      <vReq class="eu.mihosoft.vrl.workflow.VisualizationRequestImpl">
                        <map class="com.sun.javafx.collections.ObservableMapWrapper">
                          <backingMap/>
                        </map>
                      </vReq>
                      <id>ROOT:4:2:0:4:3</id>
                      <connectors>
                        <connector>
                          <type>control</type>
                          <localId>0</localId>
                          <input>true</input>
                          <output>false</output>
                          <passthru>false</passthru>
                          <maxNumConnections>2147483647</maxNumConnections>
                        </connector>
                        <connector>
                          <type>control</type>
                          <localId>1</localId>
                          <input>false</input>
                          <output>true</output>
                          <passthru>false</passthru>
                          <maxNumConnections>2147483647</maxNumConnections>
                        </connector>
                      </connectors>
                      <mainInputs/>
                      <mainOutputs/>
                    </node>
                    <flow>
                      <x>360.0</x>
                      <y>260.0</y>
                      <width>300.0</width>
                      <height>200.0</height>
                      <title>Node 4</title>
                      <valueObject>
                        <parentId>ROOT:4:2:0:4:4</parentId>
                        <storage/>
                      </valueObject>
                      <vReq class="eu.mihosoft.vrl.workflow.VisualizationRequestImpl">
                        <map class="com.sun.javafx.collections.ObservableMapWrapper">
                          <backingMap/>
                        </map>
                      </vReq>
                      <id>ROOT:4:2:0:4:4</id>
                      <connectors>
                        <connector>
                          <type>data</type>
                          <localId>0</localId>
                          <input>true</input>
                          <output>false</output>
                          <passthru>false</passthru>
                          <maxNumConnections>2147483647</maxNumConnections>
                        </connector>
                        <connector>
                          <type>data</type>
                          <localId>1</localId>
                          <input>false</input>
                          <output>true</output>
                          <passthru>false</passthru>
                          <maxNumConnections>2147483647</maxNumConnections>
                        </connector>
                      </connectors>
                      <mainInputs/>
                      <mainOutputs/>
                      <connections/>
                      <nodes/>
                      <parent reference="../../.."/>
                      <visible>false</visible>
                    </flow>
                  </nodes>
                  <parent reference="../../.."/>
                  <visible>false</visible>
                </flow>
              </nodes>
              <parent reference="../../.."/>
              <visible>false</visible>
            </flow>
            <node>
              <x>360.0</x>
              <y>30.0</y>
              <width>300.0</width>
              <height>200.0</height>
              <title>Node 1</title>
              <valueObject>
                <parentId>ROOT:4:2:1</parentId>
                <storage/>
              </valueObject>
              <vReq class="eu.mihosoft.vrl.workflow.VisualizationRequestImpl">
                <map class="com.sun.javafx.collections.ObservableMapWrapper">
                  <backingMap/>
                </map>
              </vReq>
              <id>ROOT:4:2:1</id>
              <connectors>
                <connector>
                  <type>data</type>
                  <localId>0</localId>
                  <input>true</input>
                  <output>false</output>
                  <passthru>false</passthru>
                  <maxNumConnections>2147483647</maxNumConnections>
                </connector>
                <connector>
                  <type>data</type>
                  <localId>1</localId>
                  <input>false</input>
                  <output>true</output>
                  <passthru>false</passthru>
                  <maxNumConnections>2147483647</maxNumConnections>
                </connector>
              </connectors>
              <mainInputs/>
              <mainOutputs/>
            </node>
            <flow>
              <x>690.0</x>
              <y>30.0</y>
              <width>300.0</width>
              <height>200.0</height>
              <title>Node 2</title>
              <valueObject>
                <parentId>ROOT:4:2:2</parentId>
                <storage/>
              </valueObject>
              <vReq class="eu.mihosoft.vrl.workflow.VisualizationRequestImpl">
                <map class="com.sun.javafx.collections.ObservableMapWrapper">
                  <backingMap/>
                </map>
              </vReq>
              <id>ROOT:4:2:2</id>
              <connectors>
                <connector>
                  <type>event</type>
                  <localId>0</localId>
                  <input>true</input>
                  <output>false</output>
                  <passthru>false</passthru>
                  <maxNumConnections>2147483647</maxNumConnections>
                </connector>
                <connector>
                  <type>event</type>
                  <localId>1</localId>
                  <input>false</input>
                  <output>true</output>
                  <passthru>false</passthru>
                  <maxNumConnections>2147483647</maxNumConnections>
                </connector>
              </connectors>
              <mainInputs/>
              <mainOutputs/>
              <connections>
                <connection>
                  <id>0</id>
                  <senderId>ROOT:4:2:2:1:c:1</senderId>
                  <receiverId>ROOT:4:2:2:4:c:0</receiverId>
                  <type>data</type>
                  <vReq class="eu.mihosoft.vrl.workflow.VisualizationRequestImpl">
                    <map class="com.sun.javafx.collections.ObservableMapWrapper">
                      <backingMap/>
                    </map>
                  </vReq>
                </connection>
                <connection>
                  <id>0</id>
                  <senderId>ROOT:4:2:2:0:c:1</senderId>
                  <receiverId>ROOT:4:2:2:3:c:0</receiverId>
                  <type>control</type>
                  <vReq class="eu.mihosoft.vrl.workflow.VisualizationRequestImpl">
                    <map class="com.sun.javafx.collections.ObservableMapWrapper">
                      <backingMap/>
                    </map>
                  </vReq>
                </connection>
              </connections>
              <nodes>
                <flow>
                  <x>30.0</x>
                  <y>30.0</y>
                  <width>300.0</width>
                  <height>200.0</height>
                  <title>Node 0</title>
                  <valueObject>
                    <parentId>ROOT:4:2:2:0</parentId>
                    <storage/>
                  </valueObject>
                  <vReq class="eu.mihosoft.vrl.workflow.VisualizationRequestImpl">
                    <map class="com.sun.javafx.collections.ObservableMapWrapper">
                      <backingMap/>
                    </map>
                  </vReq>
                  <id>ROOT:4:2:2:0</id>
                  <connectors>
                    <connector>
                      <type>control</type>
                      <localId>0</localId>
                      <input>true</input>
                      <output>false</output>
                      <passthru>false</passthru>
                      <maxNumConnections>2147483647</maxNumConnections>
                    </connector>
                    <connector>
                      <type>control</type>
                      <localId>1</localId>
                      <input>false</input>
                      <output>true</output>
                      <passthru>false</passthru>
                      <maxNumConnections>2147483647</maxNumConnections>
                    </connector>
                  </connectors>
                  <mainInputs/>
                  <mainOutputs/>
                  <connections>
                    <connection>
                      <id>0</id>
                      <senderId>ROOT:4:2:2:0:1:c:1</senderId>
                      <receiverId>ROOT:4:2:2:0:4:c:0</receiverId>
                      <type>data</type>
                      <vReq class="eu.mihosoft.vrl.workflow.VisualizationRequestImpl">
                        <map class="com.sun.javafx.collections.ObservableMapWrapper">
                          <backingMap/>
                        </map>
                      </vReq>
                    </connection>
                    <connection>
                      <id>0</id>
                      <senderId>ROOT:4:2:2:0:0:c:1</senderId>
                      <receiverId>ROOT:4:2:2:0:3:c:0</receiverId>
                      <type>control</type>
                      <vReq class="eu.mihosoft.vrl.workflow.VisualizationRequestImpl">
                        <map class="com.sun.javafx.collections.ObservableMapWrapper">
                          <backingMap/>
                        </map>
                      </vReq>
                    </connection>
                  </connections>
                  <nodes>
                    <flow>
                      <x>30.0</x>
                      <y>30.0</y>
                      <width>300.0</width>
                      <height>200.0</height>
                      <title>Node 0</title>
                      <valueObject>
                        <parentId>ROOT:4:2:2:0:0</parentId>
                        <storage/>
                      </valueObject>
                      <vReq class="eu.mihosoft.vrl.workflow.VisualizationRequestImpl">
                        <map class="com.sun.javafx.collections.ObservableMapWrapper">
                          <backingMap/>
                        </map>
                      </vReq>
                      <id>ROOT:4:2:2:0:0</id>
                      <connectors>
                        <connector>
                          <type>control</type>
                          <localId>0</localId>
                          <input>true</input>
                          <output>false</output>
                          <passthru>false</passthru>
                          <maxNumConnections>2147483647</maxNumConnections>
                        </connector>
                        <connector>
                          <type>control</type>
                          <localId>1</localId>
                          <input>false</input>
                          <output>true</output>
                          <passthru>false</passthru>
                          <maxNumConnections>2147483647</maxNumConnections>
                        </connector>
                      </connectors>
                      <mainInputs/>
                      <mainOutputs/>
                      <connections/>
                      <nodes/>
                      <parent reference="../../.."/>
                      <visible>false</visible>
                    </flow>
                    <node>
                      <x>360.0</x>
                      <y>30.0</y>
                      <width>300.0</width>
                      <height>200.0</height>
                      <title>Node 1</title>
                      <valueObject>
                        <parentId>ROOT:4:2:2:0:1</parentId>
                        <storage/>
                      </valueObject>
                      <vReq class="eu.mihosoft.vrl.workflow.VisualizationRequestImpl">
                        <map class="com.sun.javafx.collections.ObservableMapWrapper">
                          <backingMap/>
                        </map>
                      </vReq>
                      <id>ROOT:4:2:2:0:1</id>
                      <connectors>
                        <connector>
                          <type>data</type>
                          <localId>0</localId>
                          <input>true</input>
                          <output>false</output>
                          <passthru>false</passthru>
                          <maxNumConnections>2147483647</maxNumConnections>
                        </connector>
                        <connector>
                          <type>data</type>
                          <localId>1</localId>
                          <input>false</input>
                          <output>true</output>
                          <passthru>false</passthru>
                          <maxNumConnections>2147483647</maxNumConnections>
                        </connector>
                      </connectors>
                      <mainInputs/>
                      <mainOutputs/>
                    </node>
                    <flow>
                      <x>690.0</x>
                      <y>30.0</y>
                      <width>300.0</width>
                      <height>200.0</height>
                      <title>Node 2</title>
                      <valueObject>
                        <parentId>ROOT:4:2:2:0:2</parentId>
                        <storage/>
                      </valueObject>
                      <vReq class="eu.mihosoft.vrl.workflow.VisualizationRequestImpl">
                        <map class="com.sun.javafx.collections.ObservableMapWrapper">
                          <backingMap/>
                        </map>
                      </vReq>
                      <id>ROOT:4:2:2:0:2</id>
                      <connectors>
                        <connector>
                          <type>event</type>
                          <localId>0</localId>
                          <input>true</input>
                          <output>false</output>
                          <passthru>false</passthru>
                          <maxNumConnections>2147483647</maxNumConnections>
                        </connector>
                        <connector>
                          <type>event</type>
                          <localId>1</localId>
                          <input>false</input>
                          <output>true</output>
                          <passthru>false</passthru>
                          <maxNumConnections>2147483647</maxNumConnections>
                        </connector>
                      </connectors>
                      <mainInputs/>
                      <mainOutputs/>
                      <connections/>
                      <nodes/>
                      <parent reference="../../.."/>
                      <visible>false</visible>
                    </flow>
                    <node>
                      <x>30.0</x>
                      <y>260.0</y>
                      <width>300.0</width>
                      <height>200.0</height>
                      <title>Node 3</title>
                      <valueObject>
                        <parentId>ROOT:4:2:2:0:3</parentId>
                        <storage/>
                      </valueObject>
                      <vReq class="eu.mihosoft.vrl.workflow.VisualizationRequestImpl">
                        <map class="com.sun.javafx.collections.ObservableMapWrapper">
                          <backingMap/>
                        </map>
                      </vReq>
                      <id>ROOT:4:2:2:0:3</id>
                      <connectors>
                        <connector>
                          <type>control</type>
                          <localId>0</localId>
                          <input>true</input>
                          <output>false</output>
                          <passthru>false</passthru>
                          <maxNumConnections>2147483647</maxNumConnections>
                        </connector>
                        <connector>
                          <type>control</type>
                          <localId>1</localId>
                          <input>false</input>
                          <output>true</output>
                          <passthru>false</passthru>
                          <maxNumConnections>2147483647</maxNumConnections>
                        </connector>
                      </connectors>
                      <mainInputs/>
                      <mainOutputs/>
                    </node>
                    <flow>
                      <x>360.0</x>
                      <y>260.0</y>
                      <width>300.0</width>
                      <height>200.0</height>
                      <title>Node 4</title>
                      <valueObject>
                        <parentId>ROOT:4:2:2:0:4</parentId>
                        <storage/>
                      </valueObject>
                      <vReq class="eu.mihosoft.vrl.workflow.VisualizationRequestImpl">
                        <map class="com.sun.javafx.collections.ObservableMapWrapper">
                          <backingMap/>
                        </map>
                      </vReq>
                      <id>ROOT:4:2:2:0:4</id>
                      <connectors>
                        <connector>
                          <type>data</type>
                          <localId>0</localId>
                          <input>true</input>
                          <output>false</output>
                          <passthru>false</passthru>
                          <maxNumConnections>2147483647</maxNumConnections>
                        </connector>
                        <connector>
                          <type>data</type>
                          <localId>1</localId>
                          <input>false</input>
                          <output>true</output>
                          <passthru>false</passthru>
                          <maxNumConnections>2147483647</maxNumConnections>
                        </connector>
                      </connectors>
                      <mainInputs/>
                      <mainOutputs/>
                      <connections/>
                      <nodes/>
                      <parent reference="../../.."/>
                      <visible>false</visible>
                    </flow>
                  </nodes>
                  <parent reference="../../.."/>
                  <visible>false</visible>
                </flow>
                <node>
                  <x>360.0</x>
                  <y>30.0</y>
                  <width>300.0</width>
                  <height>200.0</height>
                  <title>Node 1</title>
                  <valueObject>
                    <parentId>ROOT:4:2:2:1</parentId>
                    <storage/>
                  </valueObject>
                  <vReq class="eu.mihosoft.vrl.workflow.VisualizationRequestImpl">
                    <map class="com.sun.javafx.collections.ObservableMapWrapper">
                      <backingMap/>
                    </map>
                  </vReq>
                  <id>ROOT:4:2:2:1</id>
                  <connectors>
                    <connector>
                      <type>data</type>
                      <localId>0</localId>
                      <input>true</input>
                      <output>false</output>
                      <passthru>false</passthru>
                      <maxNumConnections>2147483647</maxNumConnections>
                    </connector>
                    <connector>
                      <type>data</type>
                      <localId>1</localId>
                      <input>false</input>
                      <output>true</output>
                      <passthru>false</passthru>
                      <maxNumConnections>2147483647</maxNumConnections>
                    </connector>
                  </connectors>
                  <mainInputs/>
                  <mainOutputs/>
                </node>
                <flow>
                  <x>690.0</x>
                  <y>30.0</y>
                  <width>300.0</width>
                  <height>200.0</height>
                  <title>Node 2</title>
                  <valueObject>
                    <parentId>ROOT:4:2:2:2</parentId>
                    <storage/>
                  </valueObject>
                  <vReq class="eu.mihosoft.vrl.workflow.VisualizationRequestImpl">
                    <map class="com.sun.javafx.collections.ObservableMapWrapper">
                      <backingMap/>
                    </map>
                  </vReq>
                  <id>ROOT:4:2:2:2</id>
                  <connectors>
                    <connector>
                      <type>event</type>
                      <localId>0</localId>
                      <input>true</input>
                      <output>false</output>
                      <passthru>false</passthru>
                      <maxNumConnections>2147483647</maxNumConnections>
                    </connector>
                    <connector>
                      <type>event</type>
                      <localId>1</localId>
                      <input>false</input>
                      <output>true</output>
                      <passthru>false</passthru>
                      <maxNumConnections>2147483647</maxNumConnections>
                    </connector>
                  </connectors>
                  <mainInputs/>
                  <mainOutputs/>
                  <connections>
                    <connection>
                      <id>0</id>
                      <senderId>ROOT:4:2:2:2:1:c:1</senderId>
                      <receiverId>ROOT:4:2:2:2:4:c:0</receiverId>
                      <type>data</type>
                      <vReq class="eu.mihosoft.vrl.workflow.VisualizationRequestImpl">
                        <map class="com.sun.javafx.collections.ObservableMapWrapper">
                          <backingMap/>
                        </map>
                      </vReq>
                    </connection>
                    <connection>
                      <id>0</id>
                      <senderId>ROOT:4:2:2:2:0:c:1</senderId>
                      <receiverId>ROOT:4:2:2:2:3:c:0</receiverId>
                      <type>control</type>
                      <vReq class="eu.mihosoft.vrl.workflow.VisualizationRequestImpl">
                        <map class="com.sun.javafx.collections.ObservableMapWrapper">
                          <backingMap/>
                        </map>
                      </vReq>
                    </connection>
                  </connections>
                  <nodes>
                    <flow>
                      <x>30.0</x>
                      <y>30.0</y>
                      <width>300.0</width>
                      <height>200.0</height>
                      <title>Node 0</title>
                      <valueObject>
                        <parentId>ROOT:4:2:2:2:0</parentId>
                        <storage/>
                      </valueObject>
                      <vReq class="eu.mihosoft.vrl.workflow.VisualizationRequestImpl">
                        <map class="com.sun.javafx.collections.ObservableMapWrapper">
                          <backingMap/>
                        </map>
                      </vReq>
                      <id>ROOT:4:2:2:2:0</id>
                      <connectors>
                        <connector>
                          <type>control</type>
                          <localId>0</localId>
                          <input>true</input>
                          <output>false</output>
                          <passthru>false</passthru>
                          <maxNumConnections>2147483647</maxNumConnections>
                        </connector>
                        <connector>
                          <type>control</type>
                          <localId>1</localId>
                          <input>false</input>
                          <output>true</output>
                          <passthru>false</passthru>
                          <maxNumConnections>2147483647</maxNumConnections>
                        </connector>
                      </connectors>
                      <mainInputs/>
                      <mainOutputs/>
                      <connections/>
                      <nodes/>
                      <parent reference="../../.."/>
                      <visible>false</visible>
                    </flow>
                    <node>
                      <x>360.0</x>
                      <y>30.0</y>
                      <width>300.0</width>
                      <height>200.0</height>
                      <title>Node 1</title>
                      <valueObject>
                        <parentId>ROOT:4:2:2:2:1</parentId>
                        <storage/>
                      </valueObject>
                      <vReq class="eu.mihosoft.vrl.workflow.VisualizationRequestImpl">
                        <map class="com.sun.javafx.collections.ObservableMapWrapper">
                          <backingMap/>
                        </map>
                      </vReq>
                      <id>ROOT:4:2:2:2:1</id>
                      <connectors>
                        <connector>
                          <type>data</type>
                          <localId>0</localId>
                          <input>true</input>
                          <output>false</output>
                          <passthru>false</passthru>
                          <maxNumConnections>2147483647</maxNumConnections>
                        </connector>
                        <connector>
                          <type>data</type>
                          <localId>1</localId>
                          <input>false</input>
                          <output>true</output>
                          <passthru>false</passthru>
                          <maxNumConnections>2147483647</maxNumConnections>
                        </connector>
                      </connectors>
                      <mainInputs/>
                      <mainOutputs/>
                    </node>
                    <flow>
                      <x>690.0</x>
                      <y>30.0</y>
                      <width>300.0</width>
                      <height>200.0</height>
                      <title>Node 2</title>
                      <valueObject>
                        <parentId>ROOT:4:2:2:2:2</parentId>
                        <storage/>
                      </valueObject>
                      <vReq class="eu.mihosoft.vrl.workflow.VisualizationRequestImpl">
                        <map class="com.sun.javafx.collections.ObservableMapWrapper">
                          <backingMap/>
                        </map>
                      </vReq>
                      <id>ROOT:4:2:2:2:2</id>
                      <connectors>
                        <connector>
                          <type>event</type>
                          <localId>0</localId>
                          <input>true</input>
                          <output>false</output>
                          <passthru>false</passthru>
                          <maxNumConnections>2147483647</maxNumConnections>
                        </connector>
                        <connector>
                          <type>event</type>
                          <localId>1</localId>
                          <input>false</input>
                          <output>true</output>
                          <passthru>false</passthru>
                          <maxNumConnections>2147483647</maxNumConnections>
                        </connector>
                      </connectors>
                      <mainInputs/>
                      <mainOutputs/>
                      <connections/>
                      <nodes/>
                      <parent reference="../../.."/>
                      <visible>false</visible>
                    </flow>
                    <node>
                      <x>30.0</x>
                      <y>260.0</y>
                      <width>300.0</width>
                      <height>200.0</height>
                      <title>Node 3</title>
                      <valueObject>
                        <parentId>ROOT:4:2:2:2:3</parentId>
                        <storage/>
                      </valueObject>
                      <vReq class="eu.mihosoft.vrl.workflow.VisualizationRequestImpl">
                        <map class="com.sun.javafx.collections.ObservableMapWrapper">
                          <backingMap/>
                        </map>
                      </vReq>
                      <id>ROOT:4:2:2:2:3</id>
                      <connectors>
                        <connector>
                          <type>control</type>
                          <localId>0</localId>
                          <input>true</input>
                          <output>false</output>
                          <passthru>false</passthru>
                          <maxNumConnections>2147483647</maxNumConnections>
                        </connector>
                        <connector>
                          <type>control</type>
                          <localId>1</localId>
                          <input>false</input>
                          <output>true</output>
                          <passthru>false</passthru>
                          <maxNumConnections>2147483647</maxNumConnections>
                        </connector>
                      </connectors>
                      <mainInputs/>
                      <mainOutputs/>
                    </node>
                    <flow>
                      <x>360.0</x>
                      <y>260.0</y>
                      <width>300.0</width>
                      <height>200.0</height>
                      <title>Node 4</title>
                      <valueObject>
                        <parentId>ROOT:4:2:2:2:4</parentId>
                        <storage/>
                      </valueObject>
                      <vReq class="eu.mihosoft.vrl.workflow.VisualizationRequestImpl">
                        <map class="com.sun.javafx.collections.ObservableMapWrapper">
                          <backingMap/>
                        </map>
                      </vReq>
                      <id>ROOT:4:2:2:2:4</id>
                      <connectors>
                        <connector>
                          <type>data</type>
                          <localId>0</localId>
                          <input>true</input>
                          <output>false</output>
                          <passthru>false</passthru>
                          <maxNumConnections>2147483647</maxNumConnections>
                        </connector>
                        <connector>
                          <type>data</type>
                          <localId>1</localId>
                          <input>false</input>
                          <output>true</output>
                          <passthru>false</passthru>
                          <maxNumConnections>2147483647</maxNumConnections>
                        </connector>
                      </connectors>
                      <mainInputs/>
                      <mainOutputs/>
                      <connections/>
                      <nodes/>
                      <parent reference="../../.."/>
                      <visible>false</visible>
                    </flow>
                  </nodes>
                  <parent reference="../../.."/>
                  <visible>false</visible>
                </flow>
                <node>
                  <x>30.0</x>
                  <y>260.0</y>
                  <width>300.0</width>
                  <height>200.0</height>
                  <title>Node 3</title>
                  <valueObject>
                    <parentId>ROOT:4:2:2:3</parentId>
                    <storage/>
                  </valueObject>
                  <vReq class="eu.mihosoft.vrl.workflow.VisualizationRequestImpl">
                    <map class="com.sun.javafx.collections.ObservableMapWrapper">
                      <backingMap/>
                    </map>
                  </vReq>
                  <id>ROOT:4:2:2:3</id>
                  <connectors>
                    <connector>
                      <type>control</type>
                      <localId>0</localId>
                      <input>true</input>
                      <output>false</output>
                      <passthru>false</passthru>
                      <maxNumConnections>2147483647</maxNumConnections>
                    </connector>
                    <connector>
                      <type>control</type>
                      <localId>1</localId>
                      <input>false</input>
                      <output>true</output>
                      <passthru>false</passthru>
                      <maxNumConnections>2147483647</maxNumConnections>
                    </connector>
                  </connectors>
                  <mainInputs/>
                  <mainOutputs/>
                </node>
                <flow>
                  <x>360.0</x>
                  <y>260.0</y>
                  <width>300.0</width>
                  <height>200.0</height>
                  <title>Node 4</title>
                  <valueObject>
                    <parentId>ROOT:4:2:2:4</parentId>
                    <storage/>
                  </valueObject>
                  <vReq class="eu.mihosoft.vrl.workflow.VisualizationRequestImpl">
                    <map class="com.sun.javafx.collections.ObservableMapWrapper">
                      <backingMap/>
                    </map>
                  </vReq>
                  <id>ROOT:4:2:2:4</id>
                  <connectors>
                    <connector>
                      <type>data</type>
                      <localId>0</localId>
                      <input>true</input>
                      <output>false</output>
                      <passthru>false</passthru>
                      <maxNumConnections>2147483647</maxNumConnections>
                    </connector>
                    <connector>
                      <type>data</type>
                      <localId>1</localId>
                      <input>false</input>
                      <output>true</output>
                      <passthru>false</passthru>
                      <maxNumConnections>2147483647</maxNumConnections>
                    </connector>
                  </connectors>
                  <mainInputs/>
                  <mainOutputs/>
                  <connections>
                    <connection>
                      <id>0</id>
                      <senderId>ROOT:4:2:2:4:1:c:1</senderId>
                      <receiverId>ROOT:4:2:2:4:4:c:0</receiverId>
                      <type>data</type>
                      <vReq class="eu.mihosoft.vrl.workflow.VisualizationRequestImpl">
                        <map class="com.sun.javafx.collections.ObservableMapWrapper">
                          <backingMap/>
                        </map>
                      </vReq>
                    </connection>
                    <connection>
                      <id>0</id>
                      <senderId>ROOT:4:2:2:4:0:c:1</senderId>
                      <receiverId>ROOT:4:2:2:4:3:c:0</receiverId>
                      <type>control</type>
                      <vReq class="eu.mihosoft.vrl.workflow.VisualizationRequestImpl">
                        <map class="com.sun.javafx.collections.ObservableMapWrapper">
                          <backingMap/>
                        </map>
                      </vReq>
                    </connection>
                  </connections>
                  <nodes>
                    <flow>
                      <x>30.0</x>
                      <y>30.0</y>
                      <width>300.0</width>
                      <height>200.0</height>
                      <title>Node 0</title>
                      <valueObject>
                        <parentId>ROOT:4:2:2:4:0</parentId>
                        <storage/>
                      </valueObject>
                      <vReq class="eu.mihosoft.vrl.workflow.VisualizationRequestImpl">
                        <map class="com.sun.javafx.collections.ObservableMapWrapper">
                          <backingMap/>
                        </map>
                      </vReq>
                      <id>ROOT:4:2:2:4:0</id>
                      <connectors>
                        <connector>
                          <type>control</type>
                          <localId>0</localId>
                          <input>true</input>
                          <output>false</output>
                          <passthru>false</passthru>
                          <maxNumConnections>2147483647</maxNumConnections>
                        </connector>
                        <connector>
                          <type>control</type>
                          <localId>1</localId>
                          <input>false</input>
                          <output>true</output>
                          <passthru>false</passthru>
                          <maxNumConnections>2147483647</maxNumConnections>
                        </connector>
                      </connectors>
                      <mainInputs/>
                      <mainOutputs/>
                      <connections/>
                      <nodes/>
                      <parent reference="../../.."/>
                      <visible>false</visible>
                    </flow>
                    <node>
                      <x>360.0</x>
                      <y>30.0</y>
                      <width>300.0</width>
                      <height>200.0</height>
                      <title>Node 1</title>
                      <valueObject>
                        <parentId>ROOT:4:2:2:4:1</parentId>
                        <storage/>
                      </valueObject>
                      <vReq class="eu.mihosoft.vrl.workflow.VisualizationRequestImpl">
                        <map class="com.sun.javafx.collections.ObservableMapWrapper">
                          <backingMap/>
                        </map>
                      </vReq>
                      <id>ROOT:4:2:2:4:1</id>
                      <connectors>
                        <connector>
                          <type>data</type>
                          <localId>0</localId>
                          <input>true</input>
                          <output>false</output>
                          <passthru>false</passthru>
                          <maxNumConnections>2147483647</maxNumConnections>
                        </connector>
                        <connector>
                          <type>data</type>
                          <localId>1</localId>
                          <input>false</input>
                          <output>true</output>
                          <passthru>false</passthru>
                          <maxNumConnections>2147483647</maxNumConnections>
                        </connector>
                      </connectors>
                      <mainInputs/>
                      <mainOutputs/>
                    </node>
                    <flow>
                      <x>690.0</x>
                      <y>30.0</y>
                      <width>300.0</width>
                      <height>200.0</height>
                      <title>Node 2</title>
                      <valueObject>
                        <parentId>ROOT:4:2:2:4:2</parentId>
                        <storage/>
                      </valueObject>
                      <vReq class="eu.mihosoft.vrl.workflow.VisualizationRequestImpl">
                        <map class="com.sun.javafx.collections.ObservableMapWrapper">
                          <backingMap/>
                        </map>
                      </vReq>
                      <id>ROOT:4:2:2:4:2</id>
                      <connectors>
                        <connector>
                          <type>event</type>
                          <localId>0</localId>
                          <input>true</input>
                          <output>false</output>
                          <passthru>false</passthru>
                          <maxNumConnections>2147483647</maxNumConnections>
                        </connector>
                        <connector>
                          <type>event</type>
                          <localId>1</localId>
                          <input>false</input>
                          <output>true</output>
                          <passthru>false</passthru>
                          <maxNumConnections>2147483647</maxNumConnections>
                        </connector>
                      </connectors>
                      <mainInputs/>
                      <mainOutputs/>
                      <connections/>
                      <nodes/>
                      <parent reference="../../.."/>
                      <visible>false</visible>
                    </flow>
                    <node>
                      <x>30.0</x>
                      <y>260.0</y>
                      <width>300.0</width>
                      <height>200.0</height>
                      <title>Node 3</title>
                      <valueObject>
                        <parentId>ROOT:4:2:2:4:3</parentId>
                        <storage/>
                      </valueObject>
                      <vReq class="eu.mihosoft.vrl.workflow.VisualizationRequestImpl">
                        <map class="com.sun.javafx.collections.ObservableMapWrapper">
                          <backingMap/>
                        </map>
                      </vReq>
                      <id>ROOT:4:2:2:4:3</id>
                      <connectors>
                        <connector>
                          <type>control</type>
                          <localId>0</localId>
                          <input>true</input>
                          <output>false</output>
                          <passthru>false</passthru>
                          <maxNumConnections>2147483647</maxNumConnections>
                        </connector>
                        <connector>
                          <type>control</type>
                          <localId>1</localId>
                          <input>false</input>
                          <output>true</output>
                          <passthru>false</passthru>
                          <maxNumConnections>2147483647</maxNumConnections>
                        </connector>
                      </connectors>
                      <mainInputs/>
                      <mainOutputs/>
                    </node>
                    <flow>
                      <x>360.0</x>
                      <y>260.0</y>
                      <width>300.0</width>
                      <height>200.0</height>
                      <title>Node 4</title>
                      <valueObject>
                        <parentId>ROOT:4:2:2:4:4</parentId>
                        <storage/>
                      </valueObject>
                      <vReq class="eu.mihosoft.vrl.workflow.VisualizationRequestImpl">
                        <map class="com.sun.javafx.collections.ObservableMapWrapper">
                          <backingMap/>
                        </map>
                      </vReq>
                      <id>ROOT:4:2:2:4:4</id>
                      <connectors>
                        <connector>
                          <type>data</type>
                          <localId>0</localId>
                          <input>true</input>
                          <output>false</output>
                          <passthru>false</passthru>
                          <maxNumConnections>2147483647</maxNumConnections>
                        </connector>
                        <connector>
                          <type>data</type>
                          <localId>1</localId>
                          <input>false</input>
                          <output>true</output>
                          <passthru>false</passthru>
                          <maxNumConnections>2147483647</maxNumConnections>
                        </connector>
                      </connectors>
                      <mainInputs/>
                      <mainOutputs/>
                      <connections/>
                      <nodes/>
                      <parent reference="../../.."/>
                      <visible>false</visible>
                    </flow>
                  </nodes>
                  <parent reference="../../.."/>
                  <visible>false</visible>
                </flow>
              </nodes>
              <parent reference="../../.."/>
              <visible>false</visible>
            </flow>
            <node>
              <x>30.0</x>
              <y>260.0</y>
              <width>300.0</width>
              <height>200.0</height>
              <title>Node 3</title>
              <valueObject>
                <parentId>ROOT:4:2:3</parentId>
                <storage/>
              </valueObject>
              <vReq class="eu.mihosoft.vrl.workflow.VisualizationRequestImpl">
                <map class="com.sun.javafx.collections.ObservableMapWrapper">
                  <backingMap/>
                </map>
              </vReq>
              <id>ROOT:4:2:3</id>
              <connectors>
                <connector>
                  <type>control</type>
                  <localId>0</localId>
                  <input>true</input>
                  <output>false</output>
                  <passthru>false</passthru>
                  <maxNumConnections>2147483647</maxNumConnections>
                </connector>
                <connector>
                  <type>control</type>
                  <localId>1</localId>
                  <input>false</input>
                  <output>true</output>
                  <passthru>false</passthru>
                  <maxNumConnections>2147483647</maxNumConnections>
                </connector>
              </connectors>
              <mainInputs/>
              <mainOutputs/>
            </node>
            <flow>
              <x>360.0</x>
              <y>260.0</y>
              <width>300.0</width>
              <height>200.0</height>
              <title>Node 4</title>
              <valueObject>
                <parentId>ROOT:4:2:4</parentId>
                <storage/>
              </valueObject>
              <vReq class="eu.mihosoft.vrl.workflow.VisualizationRequestImpl">
                <map class="com.sun.javafx.collections.ObservableMapWrapper">
                  <backingMap/>
                </map>
              </vReq>
              <id>ROOT:4:2:4</id>
              <connectors>
                <connector>
                  <type>data</type>
                  <localId>0</localId>
                  <input>true</input>
                  <output>false</output>
                  <passthru>false</passthru>
                  <maxNumConnections>2147483647</maxNumConnections>
                </connector>
                <connector>
                  <type>data</type>
                  <localId>1</localId>
                  <input>false</input>
                  <output>true</output>
                  <passthru>false</passthru>
                  <maxNumConnections>2147483647</maxNumConnections>
                </connector>
              </connectors>
              <mainInputs/>
              <mainOutputs/>
              <connections>
                <connection>
                  <id>0</id>
                  <senderId>ROOT:4:2:4:1:c:1</senderId>
                  <receiverId>ROOT:4:2:4:4:c:0</receiverId>
                  <type>data</type>
                  <vReq class="eu.mihosoft.vrl.workflow.VisualizationRequestImpl">
                    <map class="com.sun.javafx.collections.ObservableMapWrapper">
                      <backingMap/>
                    </map>
                  </vReq>
                </connection>
                <connection>
                  <id>0</id>
                  <senderId>ROOT:4:2:4:0:c:1</senderId>
                  <receiverId>ROOT:4:2:4:3:c:0</receiverId>
                  <type>control</type>
                  <vReq class="eu.mihosoft.vrl.workflow.VisualizationRequestImpl">
                    <map class="com.sun.javafx.collections.ObservableMapWrapper">
                      <backingMap/>
                    </map>
                  </vReq>
                </connection>
              </connections>
              <nodes>
                <flow>
                  <x>30.0</x>
                  <y>30.0</y>
                  <width>300.0</width>
                  <height>200.0</height>
                  <title>Node 0</title>
                  <valueObject>
                    <parentId>ROOT:4:2:4:0</parentId>
                    <storage/>
                  </valueObject>
                  <vReq class="eu.mihosoft.vrl.workflow.VisualizationRequestImpl">
                    <map class="com.sun.javafx.collections.ObservableMapWrapper">
                      <backingMap/>
                    </map>
                  </vReq>
                  <id>ROOT:4:2:4:0</id>
                  <connectors>
                    <connector>
                      <type>control</type>
                      <localId>0</localId>
                      <input>true</input>
                      <output>false</output>
                      <passthru>false</passthru>
                      <maxNumConnections>2147483647</maxNumConnections>
                    </connector>
                    <connector>
                      <type>control</type>
                      <localId>1</localId>
                      <input>false</input>
                      <output>true</output>
                      <passthru>false</passthru>
                      <maxNumConnections>2147483647</maxNumConnections>
                    </connector>
                  </connectors>
                  <mainInputs/>
                  <mainOutputs/>
                  <connections>
                    <connection>
                      <id>0</id>
                      <senderId>ROOT:4:2:4:0:1:c:1</senderId>
                      <receiverId>ROOT:4:2:4:0:4:c:0</receiverId>
                      <type>data</type>
                      <vReq class="eu.mihosoft.vrl.workflow.VisualizationRequestImpl">
                        <map class="com.sun.javafx.collections.ObservableMapWrapper">
                          <backingMap/>
                        </map>
                      </vReq>
                    </connection>
                    <connection>
                      <id>0</id>
                      <senderId>ROOT:4:2:4:0:0:c:1</senderId>
                      <receiverId>ROOT:4:2:4:0:3:c:0</receiverId>
                      <type>control</type>
                      <vReq class="eu.mihosoft.vrl.workflow.VisualizationRequestImpl">
                        <map class="com.sun.javafx.collections.ObservableMapWrapper">
                          <backingMap/>
                        </map>
                      </vReq>
                    </connection>
                  </connections>
                  <nodes>
                    <flow>
                      <x>30.0</x>
                      <y>30.0</y>
                      <width>300.0</width>
                      <height>200.0</height>
                      <title>Node 0</title>
                      <valueObject>
                        <parentId>ROOT:4:2:4:0:0</parentId>
                        <storage/>
                      </valueObject>
                      <vReq class="eu.mihosoft.vrl.workflow.VisualizationRequestImpl">
                        <map class="com.sun.javafx.collections.ObservableMapWrapper">
                          <backingMap/>
                        </map>
                      </vReq>
                      <id>ROOT:4:2:4:0:0</id>
                      <connectors>
                        <connector>
                          <type>control</type>
                          <localId>0</localId>
                          <input>true</input>
                          <output>false</output>
                          <passthru>false</passthru>
                          <maxNumConnections>2147483647</maxNumConnections>
                        </connector>
                        <connector>
                          <type>control</type>
                          <localId>1</localId>
                          <input>false</input>
                          <output>true</output>
                          <passthru>false</passthru>
                          <maxNumConnections>2147483647</maxNumConnections>
                        </connector>
                      </connectors>
                      <mainInputs/>
                      <mainOutputs/>
                      <connections/>
                      <nodes/>
                      <parent reference="../../.."/>
                      <visible>false</visible>
                    </flow>
                    <node>
                      <x>360.0</x>
                      <y>30.0</y>
                      <width>300.0</width>
                      <height>200.0</height>
                      <title>Node 1</title>
                      <valueObject>
                        <parentId>ROOT:4:2:4:0:1</parentId>
                        <storage/>
                      </valueObject>
                      <vReq class="eu.mihosoft.vrl.workflow.VisualizationRequestImpl">
                        <map class="com.sun.javafx.collections.ObservableMapWrapper">
                          <backingMap/>
                        </map>
                      </vReq>
                      <id>ROOT:4:2:4:0:1</id>
                      <connectors>
                        <connector>
                          <type>data</type>
                          <localId>0</localId>
                          <input>true</input>
                          <output>false</output>
                          <passthru>false</passthru>
                          <maxNumConnections>2147483647</maxNumConnections>
                        </connector>
                        <connector>
                          <type>data</type>
                          <localId>1</localId>
                          <input>false</input>
                          <output>true</output>
                          <passthru>false</passthru>
                          <maxNumConnections>2147483647</maxNumConnections>
                        </connector>
                      </connectors>
                      <mainInputs/>
                      <mainOutputs/>
                    </node>
                    <flow>
                      <x>690.0</x>
                      <y>30.0</y>
                      <width>300.0</width>
                      <height>200.0</height>
                      <title>Node 2</title>
                      <valueObject>
                        <parentId>ROOT:4:2:4:0:2</parentId>
                        <storage/>
                      </valueObject>
                      <vReq class="eu.mihosoft.vrl.workflow.VisualizationRequestImpl">
                        <map class="com.sun.javafx.collections.ObservableMapWrapper">
                          <backingMap/>
                        </map>
                      </vReq>
                      <id>ROOT:4:2:4:0:2</id>
                      <connectors>
                        <connector>
                          <type>event</type>
                          <localId>0</localId>
                          <input>true</input>
                          <output>false</output>
                          <passthru>false</passthru>
                          <maxNumConnections>2147483647</maxNumConnections>
                        </connector>
                        <connector>
                          <type>event</type>
                          <localId>1</localId>
                          <input>false</input>
                          <output>true</output>
                          <passthru>false</passthru>
                          <maxNumConnections>2147483647</maxNumConnections>
                        </connector>
                      </connectors>
                      <mainInputs/>
                      <mainOutputs/>
                      <connections/>
                      <nodes/>
                      <parent reference="../../.."/>
                      <visible>false</visible>
                    </flow>
                    <node>
                      <x>30.0</x>
                      <y>260.0</y>
                      <width>300.0</width>
                      <height>200.0</height>
                      <title>Node 3</title>
                      <valueObject>
                        <parentId>ROOT:4:2:4:0:3</parentId>
                        <storage/>
                      </valueObject>
                      <vReq class="eu.mihosoft.vrl.workflow.VisualizationRequestImpl">
                        <map class="com.sun.javafx.collections.ObservableMapWrapper">
                          <backingMap/>
                        </map>
                      </vReq>
                      <id>ROOT:4:2:4:0:3</id>
                      <connectors>
                        <connector>
                          <type>control</type>
                          <localId>0</localId>
                          <input>true</input>
                          <output>false</output>
                          <passthru>false</passthru>
                          <maxNumConnections>2147483647</maxNumConnections>
                        </connector>
                        <connector>
                          <type>control</type>
                          <localId>1</localId>
                          <input>false</input>
                          <output>true</output>
                          <passthru>false</passthru>
                          <maxNumConnections>2147483647</maxNumConnections>
                        </connector>
                      </connectors>
                      <mainInputs/>
                      <mainOutputs/>
                    </node>
                    <flow>
                      <x>360.0</x>
                      <y>260.0</y>
                      <width>300.0</width>
                      <height>200.0</height>
                      <title>Node 4</title>
                      <valueObject>
                        <parentId>ROOT:4:2:4:0:4</parentId>
                        <storage/>
                      </valueObject>
                      <vReq class="eu.mihosoft.vrl.workflow.VisualizationRequestImpl">
                        <map class="com.sun.javafx.collections.ObservableMapWrapper">
                          <backingMap/>
                        </map>
                      </vReq>
                      <id>ROOT:4:2:4:0:4</id>
                      <connectors>
                        <connector>
                          <type>data</type>
                          <localId>0</localId>
                          <input>true</input>
                          <output>false</output>
                          <passthru>false</passthru>
                          <maxNumConnections>2147483647</maxNumConnections>
                        </connector>
                        <connector>
                          <type>data</type>
                          <localId>1</localId>
                          <input>false</input>
                          <output>true</output>
                          <passthru>false</passthru>
                          <maxNumConnections>2147483647</maxNumConnections>
                        </connector>
                      </connectors>
                      <mainInputs/>
                      <mainOutputs/>
                      <connections/>
                      <nodes/>
                      <parent reference="../../.."/>
                      <visible>false</visible>
                    </flow>
                  </nodes>
                  <parent reference="../../.."/>
                  <visible>false</visible>
                </flow>
                <node>
                  <x>360.0</x>
                  <y>30.0</y>
                  <width>300.0</width>
                  <height>200.0</height>
                  <title>Node 1</title>
                  <valueObject>
                    <parentId>ROOT:4:2:4:1</parentId>
                    <storage/>
                  </valueObject>
                  <vReq class="eu.mihosoft.vrl.workflow.VisualizationRequestImpl">
                    <map class="com.sun.javafx.collections.ObservableMapWrapper">
                      <backingMap/>
                    </map>
                  </vReq>
                  <id>ROOT:4:2:4:1</id>
                  <connectors>
                    <connector>
                      <type>data</type>
                      <localId>0</localId>
                      <input>true</input>
                      <output>false</output>
                      <passthru>false</passthru>
                      <maxNumConnections>2147483647</maxNumConnections>
                    </connector>
                    <connector>
                      <type>data</type>
                      <localId>1</localId>
                      <input>false</input>
                      <output>true</output>
                      <passthru>false</passthru>
                      <maxNumConnections>2147483647</maxNumConnections>
                    </connector>
                  </connectors>
                  <mainInputs/>
                  <mainOutputs/>
                </node>
                <flow>
                  <x>690.0</x>
                  <y>30.0</y>
                  <width>300.0</width>
                  <height>200.0</height>
                  <title>Node 2</title>
                  <valueObject>
                    <parentId>ROOT:4:2:4:2</parentId>
                    <storage/>
                  </valueObject>
                  <vReq class="eu.mihosoft.vrl.workflow.VisualizationRequestImpl">
                    <map class="com.sun.javafx.collections.ObservableMapWrapper">
                      <backingMap/>
                    </map>
                  </vReq>
                  <id>ROOT:4:2:4:2</id>
                  <connectors>
                    <connector>
                      <type>event</type>
                      <localId>0</localId>
                      <input>true</input>
                      <output>false</output>
                      <passthru>false</passthru>
                      <maxNumConnections>2147483647</maxNumConnections>
                    </connector>
                    <connector>
                      <type>event</type>
                      <localId>1</localId>
                      <input>false</input>
                      <output>true</output>
                      <passthru>false</passthru>
                      <maxNumConnections>2147483647</maxNumConnections>
                    </connector>
                  </connectors>
                  <mainInputs/>
                  <mainOutputs/>
                  <connections>
                    <connection>
                      <id>0</id>
                      <senderId>ROOT:4:2:4:2:1:c:1</senderId>
                      <receiverId>ROOT:4:2:4:2:4:c:0</receiverId>
                      <type>data</type>
                      <vReq class="eu.mihosoft.vrl.workflow.VisualizationRequestImpl">
                        <map class="com.sun.javafx.collections.ObservableMapWrapper">
                          <backingMap/>
                        </map>
                      </vReq>
                    </connection>
                    <connection>
                      <id>0</id>
                      <senderId>ROOT:4:2:4:2:0:c:1</senderId>
                      <receiverId>ROOT:4:2:4:2:3:c:0</receiverId>
                      <type>control</type>
                      <vReq class="eu.mihosoft.vrl.workflow.VisualizationRequestImpl">
                        <map class="com.sun.javafx.collections.ObservableMapWrapper">
                          <backingMap/>
                        </map>
                      </vReq>
                    </connection>
                  </connections>
                  <nodes>
                    <flow>
                      <x>30.0</x>
                      <y>30.0</y>
                      <width>300.0</width>
                      <height>200.0</height>
                      <title>Node 0</title>
                      <valueObject>
                        <parentId>ROOT:4:2:4:2:0</parentId>
                        <storage/>
                      </valueObject>
                      <vReq class="eu.mihosoft.vrl.workflow.VisualizationRequestImpl">
                        <map class="com.sun.javafx.collections.ObservableMapWrapper">
                          <backingMap/>
                        </map>
                      </vReq>
                      <id>ROOT:4:2:4:2:0</id>
                      <connectors>
                        <connector>
                          <type>control</type>
                          <localId>0</localId>
                          <input>true</input>
                          <output>false</output>
                          <passthru>false</passthru>
                          <maxNumConnections>2147483647</maxNumConnections>
                        </connector>
                        <connector>
                          <type>control</type>
                          <localId>1</localId>
                          <input>false</input>
                          <output>true</output>
                          <passthru>false</passthru>
                          <maxNumConnections>2147483647</maxNumConnections>
                        </connector>
                      </connectors>
                      <mainInputs/>
                      <mainOutputs/>
                      <connections/>
                      <nodes/>
                      <parent reference="../../.."/>
                      <visible>false</visible>
                    </flow>
                    <node>
                      <x>360.0</x>
                      <y>30.0</y>
                      <width>300.0</width>
                      <height>200.0</height>
                      <title>Node 1</title>
                      <valueObject>
                        <parentId>ROOT:4:2:4:2:1</parentId>
                        <storage/>
                      </valueObject>
                      <vReq class="eu.mihosoft.vrl.workflow.VisualizationRequestImpl">
                        <map class="com.sun.javafx.collections.ObservableMapWrapper">
                          <backingMap/>
                        </map>
                      </vReq>
                      <id>ROOT:4:2:4:2:1</id>
                      <connectors>
                        <connector>
                          <type>data</type>
                          <localId>0</localId>
                          <input>true</input>
                          <output>false</output>
                          <passthru>false</passthru>
                          <maxNumConnections>2147483647</maxNumConnections>
                        </connector>
                        <connector>
                          <type>data</type>
                          <localId>1</localId>
                          <input>false</input>
                          <output>true</output>
                          <passthru>false</passthru>
                          <maxNumConnections>2147483647</maxNumConnections>
                        </connector>
                      </connectors>
                      <mainInputs/>
                      <mainOutputs/>
                    </node>
                    <flow>
                      <x>690.0</x>
                      <y>30.0</y>
                      <width>300.0</width>
                      <height>200.0</height>
                      <title>Node 2</title>
                      <valueObject>
                        <parentId>ROOT:4:2:4:2:2</parentId>
                        <storage/>
                      </valueObject>
                      <vReq class="eu.mihosoft.vrl.workflow.VisualizationRequestImpl">
                        <map class="com.sun.javafx.collections.ObservableMapWrapper">
                          <backingMap/>
                        </map>
                      </vReq>
                      <id>ROOT:4:2:4:2:2</id>
                      <connectors>
                        <connector>
                          <type>event</type>
                          <localId>0</localId>
                          <input>true</input>
                          <output>false</output>
                          <passthru>false</passthru>
                          <maxNumConnections>2147483647</maxNumConnections>
                        </connector>
                        <connector>
                          <type>event</type>
                          <localId>1</localId>
                          <input>false</input>
                          <output>true</output>
                          <passthru>false</passthru>
                          <maxNumConnections>2147483647</maxNumConnections>
                        </connector>
                      </connectors>
                      <mainInputs/>
                      <mainOutputs/>
                      <connections/>
                      <nodes/>
                      <parent reference="../../.."/>
                      <visible>false</visible>
                    </flow>
                    <node>
                      <x>30.0</x>
                      <y>260.0</y>
                      <width>300.0</width>
                      <height>200.0</height>
                      <title>Node 3</title>
                      <valueObject>
                        <parentId>ROOT:4:2:4:2:3</parentId>
                        <storage/>
                      </valueObject>
                      <vReq class="eu.mihosoft.vrl.workflow.VisualizationRequestImpl">
                        <map class="com.sun.javafx.collections.ObservableMapWrapper">
                          <backingMap/>
                        </map>
                      </vReq>
                      <id>ROOT:4:2:4:2:3</id>
                      <connectors>
                        <connector>
                          <type>control</type>
                          <localId>0</localId>
                          <input>true</input>
                          <output>false</output>
                          <passthru>false</passthru>
                          <maxNumConnections>2147483647</maxNumConnections>
                        </connector>
                        <connector>
                          <type>control</type>
                          <localId>1</localId>
                          <input>false</input>
                          <output>true</output>
                          <passthru>false</passthru>
                          <maxNumConnections>2147483647</maxNumConnections>
                        </connector>
                      </connectors>
                      <mainInputs/>
                      <mainOutputs/>
                    </node>
                    <flow>
                      <x>360.0</x>
                      <y>260.0</y>
                      <width>300.0</width>
                      <height>200.0</height>
                      <title>Node 4</title>
                      <valueObject>
                        <parentId>ROOT:4:2:4:2:4</parentId>
                        <storage/>
                      </valueObject>
                      <vReq class="eu.mihosoft.vrl.workflow.VisualizationRequestImpl">
                        <map class="com.sun.javafx.collections.ObservableMapWrapper">
                          <backingMap/>
                        </map>
                      </vReq>
                      <id>ROOT:4:2:4:2:4</id>
                      <connectors>
                        <connector>
                          <type>data</type>
                          <localId>0</localId>
                          <input>true</input>
                          <output>false</output>
                          <passthru>false</passthru>
                          <maxNumConnections>2147483647</maxNumConnections>
                        </connector>
                        <connector>
                          <type>data</type>
                          <localId>1</localId>
                          <input>false</input>
                          <output>true</output>
                          <passthru>false</passthru>
                          <maxNumConnections>2147483647</maxNumConnections>
                        </connector>
                      </connectors>
                      <mainInputs/>
                      <mainOutputs/>
                      <connections/>
                      <nodes/>
                      <parent reference="../../.."/>
                      <visible>false</visible>
                    </flow>
                  </nodes>
                  <parent reference="../../.."/>
                  <visible>false</visible>
                </flow>
                <node>
                  <x>30.0</x>
                  <y>260.0</y>
                  <width>300.0</width>
                  <height>200.0</height>
                  <title>Node 3</title>
                  <valueObject>
                    <parentId>ROOT:4:2:4:3</parentId>
                    <storage/>
                  </valueObject>
                  <vReq class="eu.mihosoft.vrl.workflow.VisualizationRequestImpl">
                    <map class="com.sun.javafx.collections.ObservableMapWrapper">
                      <backingMap/>
                    </map>
                  </vReq>
                  <id>ROOT:4:2:4:3</id>
                  <connectors>
                    <connector>
                      <type>control</type>
                      <localId>0</localId>
                      <input>true</input>
                      <output>false</output>
                      <passthru>false</passthru>
                      <maxNumConnections>2147483647</maxNumConnections>
                    </connector>
                    <connector>
                      <type>control</type>
                      <localId>1</localId>
                      <input>false</input>
                      <output>true</output>
                      <passthru>false</passthru>
                      <maxNumConnections>2147483647</maxNumConnections>
                    </connector>
                  </connectors>
                  <mainInputs/>
                  <mainOutputs/>
                </node>
                <flow>
                  <x>360.0</x>
                  <y>260.0</y>
                  <width>300.0</width>
                  <height>200.0</height>
                  <title>Node 4</title>
                  <valueObject>
                    <parentId>ROOT:4:2:4:4</parentId>
                    <storage/>
                  </valueObject>
                  <vReq class="eu.mihosoft.vrl.workflow.VisualizationRequestImpl">
                    <map class="com.sun.javafx.collections.ObservableMapWrapper">
                      <backingMap/>
                    </map>
                  </vReq>
                  <id>ROOT:4:2:4:4</id>
                  <connectors>
                    <connector>
                      <type>data</type>
                      <localId>0</localId>
                      <input>true</input>
                      <output>false</output>
                      <passthru>false</passthru>
                      <maxNumConnections>2147483647</maxNumConnections>
                    </connector>
                    <connector>
                      <type>data</type>
                      <localId>1</localId>
                      <input>false</input>
                      <output>true</output>
                      <passthru>false</passthru>
                      <maxNumConnections>2147483647</maxNumConnections>
                    </connector>
                  </connectors>
                  <mainInputs/>
                  <mainOutputs/>
                  <connections>
                    <connection>
                      <id>0</id>
                      <senderId>ROOT:4:2:4:4:1:c:1</senderId>
                      <receiverId>ROOT:4:2:4:4:4:c:0</receiverId>
                      <type>data</type>
                      <vReq class="eu.mihosoft.vrl.workflow.VisualizationRequestImpl">
                        <map class="com.sun.javafx.collections.ObservableMapWrapper">
                          <backingMap/>
                        </map>
                      </vReq>
                    </connection>
                    <connection>
                      <id>0</id>
                      <senderId>ROOT:4:2:4:4:0:c:1</senderId>
                      <receiverId>ROOT:4:2:4:4:3:c:0</receiverId>
                      <type>control</type>
                      <vReq class="eu.mihosoft.vrl.workflow.VisualizationRequestImpl">
                        <map class="com.sun.javafx.collections.ObservableMapWrapper">
                          <backingMap/>
                        </map>
                      </vReq>
                    </connection>
                  </connections>
                  <nodes>
                    <flow>
                      <x>30.0</x>
                      <y>30.0</y>
                      <width>300.0</width>
                      <height>200.0</height>
                      <title>Node 0</title>
                      <valueObject>
                        <parentId>ROOT:4:2:4:4:0</parentId>
                        <storage/>
                      </valueObject>
                      <vReq class="eu.mihosoft.vrl.workflow.VisualizationRequestImpl">
                        <map class="com.sun.javafx.collections.ObservableMapWrapper">
                          <backingMap/>
                        </map>
                      </vReq>
                      <id>ROOT:4:2:4:4:0</id>
                      <connectors>
                        <connector>
                          <type>control</type>
                          <localId>0</localId>
                          <input>true</input>
                          <output>false</output>
                          <passthru>false</passthru>
                          <maxNumConnections>2147483647</maxNumConnections>
                        </connector>
                        <connector>
                          <type>control</type>
                          <localId>1</localId>
                          <input>false</input>
                          <output>true</output>
                          <passthru>false</passthru>
                          <maxNumConnections>2147483647</maxNumConnections>
                        </connector>
                      </connectors>
                      <mainInputs/>
                      <mainOutputs/>
                      <connections/>
                      <nodes/>
                      <parent reference="../../.."/>
                      <visible>false</visible>
                    </flow>
                    <node>
                      <x>360.0</x>
                      <y>30.0</y>
                      <width>300.0</width>
                      <height>200.0</height>
                      <title>Node 1</title>
                      <valueObject>
                        <parentId>ROOT:4:2:4:4:1</parentId>
                        <storage/>
                      </valueObject>
                      <vReq class="eu.mihosoft.vrl.workflow.VisualizationRequestImpl">
                        <map class="com.sun.javafx.collections.ObservableMapWrapper">
                          <backingMap/>
                        </map>
                      </vReq>
                      <id>ROOT:4:2:4:4:1</id>
                      <connectors>
                        <connector>
                          <type>data</type>
                          <localId>0</localId>
                          <input>true</input>
                          <output>false</output>
                          <passthru>false</passthru>
                          <maxNumConnections>2147483647</maxNumConnections>
                        </connector>
                        <connector>
                          <type>data</type>
                          <localId>1</localId>
                          <input>false</input>
                          <output>true</output>
                          <passthru>false</passthru>
                          <maxNumConnections>2147483647</maxNumConnections>
                        </connector>
                      </connectors>
                      <mainInputs/>
                      <mainOutputs/>
                    </node>
                    <flow>
                      <x>690.0</x>
                      <y>30.0</y>
                      <width>300.0</width>
                      <height>200.0</height>
                      <title>Node 2</title>
                      <valueObject>
                        <parentId>ROOT:4:2:4:4:2</parentId>
                        <storage/>
                      </valueObject>
                      <vReq class="eu.mihosoft.vrl.workflow.VisualizationRequestImpl">
                        <map class="com.sun.javafx.collections.ObservableMapWrapper">
                          <backingMap/>
                        </map>
                      </vReq>
                      <id>ROOT:4:2:4:4:2</id>
                      <connectors>
                        <connector>
                          <type>event</type>
                          <localId>0</localId>
                          <input>true</input>
                          <output>false</output>
                          <passthru>false</passthru>
                          <maxNumConnections>2147483647</maxNumConnections>
                        </connector>
                        <connector>
                          <type>event</type>
                          <localId>1</localId>
                          <input>false</input>
                          <output>true</output>
                          <passthru>false</passthru>
                          <maxNumConnections>2147483647</maxNumConnections>
                        </connector>
                      </connectors>
                      <mainInputs/>
                      <mainOutputs/>
                      <connections/>
                      <nodes/>
                      <parent reference="../../.."/>
                      <visible>false</visible>
                    </flow>
                    <node>
                      <x>30.0</x>
                      <y>260.0</y>
                      <width>300.0</width>
                      <height>200.0</height>
                      <title>Node 3</title>
                      <valueObject>
                        <parentId>ROOT:4:2:4:4:3</parentId>
                        <storage/>
                      </valueObject>
                      <vReq class="eu.mihosoft.vrl.workflow.VisualizationRequestImpl">
                        <map class="com.sun.javafx.collections.ObservableMapWrapper">
                          <backingMap/>
                        </map>
                      </vReq>
                      <id>ROOT:4:2:4:4:3</id>
                      <connectors>
                        <connector>
                          <type>control</type>
                          <localId>0</localId>
                          <input>true</input>
                          <output>false</output>
                          <passthru>false</passthru>
                          <maxNumConnections>2147483647</maxNumConnections>
                        </connector>
                        <connector>
                          <type>control</type>
                          <localId>1</localId>
                          <input>false</input>
                          <output>true</output>
                          <passthru>false</passthru>
                          <maxNumConnections>2147483647</maxNumConnections>
                        </connector>
                      </connectors>
                      <mainInputs/>
                      <mainOutputs/>
                    </node>
                    <flow>
                      <x>360.0</x>
                      <y>260.0</y>
                      <width>300.0</width>
                      <height>200.0</height>
                      <title>Node 4</title>
                      <valueObject>
                        <parentId>ROOT:4:2:4:4:4</parentId>
                        <storage/>
                      </valueObject>
                      <vReq class="eu.mihosoft.vrl.workflow.VisualizationRequestImpl">
                        <map class="com.sun.javafx.collections.ObservableMapWrapper">
                          <backingMap/>
                        </map>
                      </vReq>
                      <id>ROOT:4:2:4:4:4</id>
                      <connectors>
                        <connector>
                          <type>data</type>
                          <localId>0</localId>
                          <input>true</input>
                          <output>false</output>
                          <passthru>false</passthru>
                          <maxNumConnections>2147483647</maxNumConnections>
                        </connector>
                        <connector>
                          <type>data</type>
                          <localId>1</localId>
                          <input>false</input>
                          <output>true</output>
                          <passthru>false</passthru>
                          <maxNumConnections>2147483647</maxNumConnections>
                        </connector>
                      </connectors>
                      <mainInputs/>
                      <mainOutputs/>
                      <connections/>
                      <nodes/>
                      <parent reference="../../.."/>
                      <visible>false</visible>
                    </flow>
                  </nodes>
                  <parent reference="../../.."/>
                  <visible>false</visible>
                </flow>
              </nodes>
              <parent reference="../../.."/>
              <visible>false</visible>
            </flow>
          </nodes>
          <parent reference="../../.."/>
          <visible>false</visible>
        </flow>
        <node>
          <x>30.0</x>
          <y>260.0</y>
          <width>300.0</width>
          <height>200.0</height>
          <title>Node 3</title>
          <valueObject>
            <parentId>ROOT:4:3</parentId>
            <storage/>
          </valueObject>
          <vReq class="eu.mihosoft.vrl.workflow.VisualizationRequestImpl">
            <map class="com.sun.javafx.collections.ObservableMapWrapper">
              <backingMap/>
            </map>
          </vReq>
          <id>ROOT:4:3</id>
          <connectors>
            <connector>
              <type>control</type>
              <localId>0</localId>
              <input>true</input>
              <output>false</output>
              <passthru>false</passthru>
              <maxNumConnections>2147483647</maxNumConnections>
            </connector>
            <connector>
              <type>control</type>
              <localId>1</localId>
              <input>false</input>
              <output>true</output>
              <passthru>false</passthru>
              <maxNumConnections>2147483647</maxNumConnections>
            </connector>
          </connectors>
          <mainInputs/>
          <mainOutputs/>
        </node>
        <flow>
          <x>360.0</x>
          <y>260.0</y>
          <width>300.0</width>
          <height>200.0</height>
          <title>Node 4</title>
          <valueObject>
            <parentId>ROOT:4:4</parentId>
            <storage/>
          </valueObject>
          <vReq class="eu.mihosoft.vrl.workflow.VisualizationRequestImpl">
            <map class="com.sun.javafx.collections.ObservableMapWrapper">
              <backingMap/>
            </map>
          </vReq>
          <id>ROOT:4:4</id>
          <connectors>
            <connector>
              <type>data</type>
              <localId>0</localId>
              <input>true</input>
              <output>false</output>
              <passthru>false</passthru>
              <maxNumConnections>2147483647</maxNumConnections>
            </connector>
            <connector>
              <type>data</type>
              <localId>1</localId>
              <input>false</input>
              <output>true</output>
              <passthru>false</passthru>
              <maxNumConnections>2147483647</maxNumConnections>
            </connector>
          </connectors>
          <mainInputs/>
          <mainOutputs/>
          <connections>
            <connection>
              <id>0</id>
              <senderId>ROOT:4:4:1:c:1</senderId>
              <receiverId>ROOT:4:4:4:c:0</receiverId>
              <type>data</type>
              <vReq class="eu.mihosoft.vrl.workflow.VisualizationRequestImpl">
                <map class="com.sun.javafx.collections.ObservableMapWrapper">
                  <backingMap/>
                </map>
              </vReq>
            </connection>
            <connection>
              <id>0</id>
              <senderId>ROOT:4:4:0:c:1</senderId>
              <receiverId>ROOT:4:4:3:c:0</receiverId>
              <type>control</type>
              <vReq class="eu.mihosoft.vrl.workflow.VisualizationRequestImpl">
                <map class="com.sun.javafx.collections.ObservableMapWrapper">
                  <backingMap/>
                </map>
              </vReq>
            </connection>
          </connections>
          <nodes>
            <flow>
              <x>30.0</x>
              <y>30.0</y>
              <width>300.0</width>
              <height>200.0</height>
              <title>Node 0</title>
              <valueObject>
                <parentId>ROOT:4:4:0</parentId>
                <storage/>
              </valueObject>
              <vReq class="eu.mihosoft.vrl.workflow.VisualizationRequestImpl">
                <map class="com.sun.javafx.collections.ObservableMapWrapper">
                  <backingMap/>
                </map>
              </vReq>
              <id>ROOT:4:4:0</id>
              <connectors>
                <connector>
                  <type>control</type>
                  <localId>0</localId>
                  <input>true</input>
                  <output>false</output>
                  <passthru>false</passthru>
                  <maxNumConnections>2147483647</maxNumConnections>
                </connector>
                <connector>
                  <type>control</type>
                  <localId>1</localId>
                  <input>false</input>
                  <output>true</output>
                  <passthru>false</passthru>
                  <maxNumConnections>2147483647</maxNumConnections>
                </connector>
              </connectors>
              <mainInputs/>
              <mainOutputs/>
              <connections>
                <connection>
                  <id>0</id>
                  <senderId>ROOT:4:4:0:1:c:1</senderId>
                  <receiverId>ROOT:4:4:0:4:c:0</receiverId>
                  <type>data</type>
                  <vReq class="eu.mihosoft.vrl.workflow.VisualizationRequestImpl">
                    <map class="com.sun.javafx.collections.ObservableMapWrapper">
                      <backingMap/>
                    </map>
                  </vReq>
                </connection>
                <connection>
                  <id>0</id>
                  <senderId>ROOT:4:4:0:0:c:1</senderId>
                  <receiverId>ROOT:4:4:0:3:c:0</receiverId>
                  <type>control</type>
                  <vReq class="eu.mihosoft.vrl.workflow.VisualizationRequestImpl">
                    <map class="com.sun.javafx.collections.ObservableMapWrapper">
                      <backingMap/>
                    </map>
                  </vReq>
                </connection>
              </connections>
              <nodes>
                <flow>
                  <x>30.0</x>
                  <y>30.0</y>
                  <width>300.0</width>
                  <height>200.0</height>
                  <title>Node 0</title>
                  <valueObject>
                    <parentId>ROOT:4:4:0:0</parentId>
                    <storage/>
                  </valueObject>
                  <vReq class="eu.mihosoft.vrl.workflow.VisualizationRequestImpl">
                    <map class="com.sun.javafx.collections.ObservableMapWrapper">
                      <backingMap/>
                    </map>
                  </vReq>
                  <id>ROOT:4:4:0:0</id>
                  <connectors>
                    <connector>
                      <type>control</type>
                      <localId>0</localId>
                      <input>true</input>
                      <output>false</output>
                      <passthru>false</passthru>
                      <maxNumConnections>2147483647</maxNumConnections>
                    </connector>
                    <connector>
                      <type>control</type>
                      <localId>1</localId>
                      <input>false</input>
                      <output>true</output>
                      <passthru>false</passthru>
                      <maxNumConnections>2147483647</maxNumConnections>
                    </connector>
                  </connectors>
                  <mainInputs/>
                  <mainOutputs/>
                  <connections>
                    <connection>
                      <id>0</id>
                      <senderId>ROOT:4:4:0:0:1:c:1</senderId>
                      <receiverId>ROOT:4:4:0:0:4:c:0</receiverId>
                      <type>data</type>
                      <vReq class="eu.mihosoft.vrl.workflow.VisualizationRequestImpl">
                        <map class="com.sun.javafx.collections.ObservableMapWrapper">
                          <backingMap/>
                        </map>
                      </vReq>
                    </connection>
                    <connection>
                      <id>0</id>
                      <senderId>ROOT:4:4:0:0:0:c:1</senderId>
                      <receiverId>ROOT:4:4:0:0:3:c:0</receiverId>
                      <type>control</type>
                      <vReq class="eu.mihosoft.vrl.workflow.VisualizationRequestImpl">
                        <map class="com.sun.javafx.collections.ObservableMapWrapper">
                          <backingMap/>
                        </map>
                      </vReq>
                    </connection>
                  </connections>
                  <nodes>
                    <flow>
                      <x>30.0</x>
                      <y>30.0</y>
                      <width>300.0</width>
                      <height>200.0</height>
                      <title>Node 0</title>
                      <valueObject>
                        <parentId>ROOT:4:4:0:0:0</parentId>
                        <storage/>
                      </valueObject>
                      <vReq class="eu.mihosoft.vrl.workflow.VisualizationRequestImpl">
                        <map class="com.sun.javafx.collections.ObservableMapWrapper">
                          <backingMap/>
                        </map>
                      </vReq>
                      <id>ROOT:4:4:0:0:0</id>
                      <connectors>
                        <connector>
                          <type>control</type>
                          <localId>0</localId>
                          <input>true</input>
                          <output>false</output>
                          <passthru>false</passthru>
                          <maxNumConnections>2147483647</maxNumConnections>
                        </connector>
                        <connector>
                          <type>control</type>
                          <localId>1</localId>
                          <input>false</input>
                          <output>true</output>
                          <passthru>false</passthru>
                          <maxNumConnections>2147483647</maxNumConnections>
                        </connector>
                      </connectors>
                      <mainInputs/>
                      <mainOutputs/>
                      <connections/>
                      <nodes/>
                      <parent reference="../../.."/>
                      <visible>false</visible>
                    </flow>
                    <node>
                      <x>360.0</x>
                      <y>30.0</y>
                      <width>300.0</width>
                      <height>200.0</height>
                      <title>Node 1</title>
                      <valueObject>
                        <parentId>ROOT:4:4:0:0:1</parentId>
                        <storage/>
                      </valueObject>
                      <vReq class="eu.mihosoft.vrl.workflow.VisualizationRequestImpl">
                        <map class="com.sun.javafx.collections.ObservableMapWrapper">
                          <backingMap/>
                        </map>
                      </vReq>
                      <id>ROOT:4:4:0:0:1</id>
                      <connectors>
                        <connector>
                          <type>data</type>
                          <localId>0</localId>
                          <input>true</input>
                          <output>false</output>
                          <passthru>false</passthru>
                          <maxNumConnections>2147483647</maxNumConnections>
                        </connector>
                        <connector>
                          <type>data</type>
                          <localId>1</localId>
                          <input>false</input>
                          <output>true</output>
                          <passthru>false</passthru>
                          <maxNumConnections>2147483647</maxNumConnections>
                        </connector>
                      </connectors>
                      <mainInputs/>
                      <mainOutputs/>
                    </node>
                    <flow>
                      <x>690.0</x>
                      <y>30.0</y>
                      <width>300.0</width>
                      <height>200.0</height>
                      <title>Node 2</title>
                      <valueObject>
                        <parentId>ROOT:4:4:0:0:2</parentId>
                        <storage/>
                      </valueObject>
                      <vReq class="eu.mihosoft.vrl.workflow.VisualizationRequestImpl">
                        <map class="com.sun.javafx.collections.ObservableMapWrapper">
                          <backingMap/>
                        </map>
                      </vReq>
                      <id>ROOT:4:4:0:0:2</id>
                      <connectors>
                        <connector>
                          <type>event</type>
                          <localId>0</localId>
                          <input>true</input>
                          <output>false</output>
                          <passthru>false</passthru>
                          <maxNumConnections>2147483647</maxNumConnections>
                        </connector>
                        <connector>
                          <type>event</type>
                          <localId>1</localId>
                          <input>false</input>
                          <output>true</output>
                          <passthru>false</passthru>
                          <maxNumConnections>2147483647</maxNumConnections>
                        </connector>
                      </connectors>
                      <mainInputs/>
                      <mainOutputs/>
                      <connections/>
                      <nodes/>
                      <parent reference="../../.."/>
                      <visible>false</visible>
                    </flow>
                    <node>
                      <x>30.0</x>
                      <y>260.0</y>
                      <width>300.0</width>
                      <height>200.0</height>
                      <title>Node 3</title>
                      <valueObject>
                        <parentId>ROOT:4:4:0:0:3</parentId>
                        <storage/>
                      </valueObject>
                      <vReq class="eu.mihosoft.vrl.workflow.VisualizationRequestImpl">
                        <map class="com.sun.javafx.collections.ObservableMapWrapper">
                          <backingMap/>
                        </map>
                      </vReq>
                      <id>ROOT:4:4:0:0:3</id>
                      <connectors>
                        <connector>
                          <type>control</type>
                          <localId>0</localId>
                          <input>true</input>
                          <output>false</output>
                          <passthru>false</passthru>
                          <maxNumConnections>2147483647</maxNumConnections>
                        </connector>
                        <connector>
                          <type>control</type>
                          <localId>1</localId>
                          <input>false</input>
                          <output>true</output>
                          <passthru>false</passthru>
                          <maxNumConnections>2147483647</maxNumConnections>
                        </connector>
                      </connectors>
                      <mainInputs/>
                      <mainOutputs/>
                    </node>
                    <flow>
                      <x>360.0</x>
                      <y>260.0</y>
                      <width>300.0</width>
                      <height>200.0</height>
                      <title>Node 4</title>
                      <valueObject>
                        <parentId>ROOT:4:4:0:0:4</parentId>
                        <storage/>
                      </valueObject>
                      <vReq class="eu.mihosoft.vrl.workflow.VisualizationRequestImpl">
                        <map class="com.sun.javafx.collections.ObservableMapWrapper">
                          <backingMap/>
                        </map>
                      </vReq>
                      <id>ROOT:4:4:0:0:4</id>
                      <connectors>
                        <connector>
                          <type>data</type>
                          <localId>0</localId>
                          <input>true</input>
                          <output>false</output>
                          <passthru>false</passthru>
                          <maxNumConnections>2147483647</maxNumConnections>
                        </connector>
                        <connector>
                          <type>data</type>
                          <localId>1</localId>
                          <input>false</input>
                          <output>true</output>
                          <passthru>false</passthru>
                          <maxNumConnections>2147483647</maxNumConnections>
                        </connector>
                      </connectors>
                      <mainInputs/>
                      <mainOutputs/>
                      <connections/>
                      <nodes/>
                      <parent reference="../../.."/>
                      <visible>false</visible>
                    </flow>
                  </nodes>
                  <parent reference="../../.."/>
                  <visible>false</visible>
                </flow>
                <node>
                  <x>360.0</x>
                  <y>30.0</y>
                  <width>300.0</width>
                  <height>200.0</height>
                  <title>Node 1</title>
                  <valueObject>
                    <parentId>ROOT:4:4:0:1</parentId>
                    <storage/>
                  </valueObject>
                  <vReq class="eu.mihosoft.vrl.workflow.VisualizationRequestImpl">
                    <map class="com.sun.javafx.collections.ObservableMapWrapper">
                      <backingMap/>
                    </map>
                  </vReq>
                  <id>ROOT:4:4:0:1</id>
                  <connectors>
                    <connector>
                      <type>data</type>
                      <localId>0</localId>
                      <input>true</input>
                      <output>false</output>
                      <passthru>false</passthru>
                      <maxNumConnections>2147483647</maxNumConnections>
                    </connector>
                    <connector>
                      <type>data</type>
                      <localId>1</localId>
                      <input>false</input>
                      <output>true</output>
                      <passthru>false</passthru>
                      <maxNumConnections>2147483647</maxNumConnections>
                    </connector>
                  </connectors>
                  <mainInputs/>
                  <mainOutputs/>
                </node>
                <flow>
                  <x>690.0</x>
                  <y>30.0</y>
                  <width>300.0</width>
                  <height>200.0</height>
                  <title>Node 2</title>
                  <valueObject>
                    <parentId>ROOT:4:4:0:2</parentId>
                    <storage/>
                  </valueObject>
                  <vReq class="eu.mihosoft.vrl.workflow.VisualizationRequestImpl">
                    <map class="com.sun.javafx.collections.ObservableMapWrapper">
                      <backingMap/>
                    </map>
                  </vReq>
                  <id>ROOT:4:4:0:2</id>
                  <connectors>
                    <connector>
                      <type>event</type>
                      <localId>0</localId>
                      <input>true</input>
                      <output>false</output>
                      <passthru>false</passthru>
                      <maxNumConnections>2147483647</maxNumConnections>
                    </connector>
                    <connector>
                      <type>event</type>
                      <localId>1</localId>
                      <input>false</input>
                      <output>true</output>
                      <passthru>false</passthru>
                      <maxNumConnections>2147483647</maxNumConnections>
                    </connector>
                  </connectors>
                  <mainInputs/>
                  <mainOutputs/>
                  <connections>
                    <connection>
                      <id>0</id>
                      <senderId>ROOT:4:4:0:2:1:c:1</senderId>
                      <receiverId>ROOT:4:4:0:2:4:c:0</receiverId>
                      <type>data</type>
                      <vReq class="eu.mihosoft.vrl.workflow.VisualizationRequestImpl">
                        <map class="com.sun.javafx.collections.ObservableMapWrapper">
                          <backingMap/>
                        </map>
                      </vReq>
                    </connection>
                    <connection>
                      <id>0</id>
                      <senderId>ROOT:4:4:0:2:0:c:1</senderId>
                      <receiverId>ROOT:4:4:0:2:3:c:0</receiverId>
                      <type>control</type>
                      <vReq class="eu.mihosoft.vrl.workflow.VisualizationRequestImpl">
                        <map class="com.sun.javafx.collections.ObservableMapWrapper">
                          <backingMap/>
                        </map>
                      </vReq>
                    </connection>
                  </connections>
                  <nodes>
                    <flow>
                      <x>30.0</x>
                      <y>30.0</y>
                      <width>300.0</width>
                      <height>200.0</height>
                      <title>Node 0</title>
                      <valueObject>
                        <parentId>ROOT:4:4:0:2:0</parentId>
                        <storage/>
                      </valueObject>
                      <vReq class="eu.mihosoft.vrl.workflow.VisualizationRequestImpl">
                        <map class="com.sun.javafx.collections.ObservableMapWrapper">
                          <backingMap/>
                        </map>
                      </vReq>
                      <id>ROOT:4:4:0:2:0</id>
                      <connectors>
                        <connector>
                          <type>control</type>
                          <localId>0</localId>
                          <input>true</input>
                          <output>false</output>
                          <passthru>false</passthru>
                          <maxNumConnections>2147483647</maxNumConnections>
                        </connector>
                        <connector>
                          <type>control</type>
                          <localId>1</localId>
                          <input>false</input>
                          <output>true</output>
                          <passthru>false</passthru>
                          <maxNumConnections>2147483647</maxNumConnections>
                        </connector>
                      </connectors>
                      <mainInputs/>
                      <mainOutputs/>
                      <connections/>
                      <nodes/>
                      <parent reference="../../.."/>
                      <visible>false</visible>
                    </flow>
                    <node>
                      <x>360.0</x>
                      <y>30.0</y>
                      <width>300.0</width>
                      <height>200.0</height>
                      <title>Node 1</title>
                      <valueObject>
                        <parentId>ROOT:4:4:0:2:1</parentId>
                        <storage/>
                      </valueObject>
                      <vReq class="eu.mihosoft.vrl.workflow.VisualizationRequestImpl">
                        <map class="com.sun.javafx.collections.ObservableMapWrapper">
                          <backingMap/>
                        </map>
                      </vReq>
                      <id>ROOT:4:4:0:2:1</id>
                      <connectors>
                        <connector>
                          <type>data</type>
                          <localId>0</localId>
                          <input>true</input>
                          <output>false</output>
                          <passthru>false</passthru>
                          <maxNumConnections>2147483647</maxNumConnections>
                        </connector>
                        <connector>
                          <type>data</type>
                          <localId>1</localId>
                          <input>false</input>
                          <output>true</output>
                          <passthru>false</passthru>
                          <maxNumConnections>2147483647</maxNumConnections>
                        </connector>
                      </connectors>
                      <mainInputs/>
                      <mainOutputs/>
                    </node>
                    <flow>
                      <x>690.0</x>
                      <y>30.0</y>
                      <width>300.0</width>
                      <height>200.0</height>
                      <title>Node 2</title>
                      <valueObject>
                        <parentId>ROOT:4:4:0:2:2</parentId>
                        <storage/>
                      </valueObject>
                      <vReq class="eu.mihosoft.vrl.workflow.VisualizationRequestImpl">
                        <map class="com.sun.javafx.collections.ObservableMapWrapper">
                          <backingMap/>
                        </map>
                      </vReq>
                      <id>ROOT:4:4:0:2:2</id>
                      <connectors>
                        <connector>
                          <type>event</type>
                          <localId>0</localId>
                          <input>true</input>
                          <output>false</output>
                          <passthru>false</passthru>
                          <maxNumConnections>2147483647</maxNumConnections>
                        </connector>
                        <connector>
                          <type>event</type>
                          <localId>1</localId>
                          <input>false</input>
                          <output>true</output>
                          <passthru>false</passthru>
                          <maxNumConnections>2147483647</maxNumConnections>
                        </connector>
                      </connectors>
                      <mainInputs/>
                      <mainOutputs/>
                      <connections/>
                      <nodes/>
                      <parent reference="../../.."/>
                      <visible>false</visible>
                    </flow>
                    <node>
                      <x>30.0</x>
                      <y>260.0</y>
                      <width>300.0</width>
                      <height>200.0</height>
                      <title>Node 3</title>
                      <valueObject>
                        <parentId>ROOT:4:4:0:2:3</parentId>
                        <storage/>
                      </valueObject>
                      <vReq class="eu.mihosoft.vrl.workflow.VisualizationRequestImpl">
                        <map class="com.sun.javafx.collections.ObservableMapWrapper">
                          <backingMap/>
                        </map>
                      </vReq>
                      <id>ROOT:4:4:0:2:3</id>
                      <connectors>
                        <connector>
                          <type>control</type>
                          <localId>0</localId>
                          <input>true</input>
                          <output>false</output>
                          <passthru>false</passthru>
                          <maxNumConnections>2147483647</maxNumConnections>
                        </connector>
                        <connector>
                          <type>control</type>
                          <localId>1</localId>
                          <input>false</input>
                          <output>true</output>
                          <passthru>false</passthru>
                          <maxNumConnections>2147483647</maxNumConnections>
                        </connector>
                      </connectors>
                      <mainInputs/>
                      <mainOutputs/>
                    </node>
                    <flow>
                      <x>360.0</x>
                      <y>260.0</y>
                      <width>300.0</width>
                      <height>200.0</height>
                      <title>Node 4</title>
                      <valueObject>
                        <parentId>ROOT:4:4:0:2:4</parentId>
                        <storage/>
                      </valueObject>
                      <vReq class="eu.mihosoft.vrl.workflow.VisualizationRequestImpl">
                        <map class="com.sun.javafx.collections.ObservableMapWrapper">
                          <backingMap/>
                        </map>
                      </vReq>
                      <id>ROOT:4:4:0:2:4</id>
                      <connectors>
                        <connector>
                          <type>data</type>
                          <localId>0</localId>
                          <input>true</input>
                          <output>false</output>
                          <passthru>false</passthru>
                          <maxNumConnections>2147483647</maxNumConnections>
                        </connector>
                        <connector>
                          <type>data</type>
                          <localId>1</localId>
                          <input>false</input>
                          <output>true</output>
                          <passthru>false</passthru>
                          <maxNumConnections>2147483647</maxNumConnections>
                        </connector>
                      </connectors>
                      <mainInputs/>
                      <mainOutputs/>
                      <connections/>
                      <nodes/>
                      <parent reference="../../.."/>
                      <visible>false</visible>
                    </flow>
                  </nodes>
                  <parent reference="../../.."/>
                  <visible>false</visible>
                </flow>
                <node>
                  <x>30.0</x>
                  <y>260.0</y>
                  <width>300.0</width>
                  <height>200.0</height>
                  <title>Node 3</title>
                  <valueObject>
                    <parentId>ROOT:4:4:0:3</parentId>
                    <storage/>
                  </valueObject>
                  <vReq class="eu.mihosoft.vrl.workflow.VisualizationRequestImpl">
                    <map class="com.sun.javafx.collections.ObservableMapWrapper">
                      <backingMap/>
                    </map>
                  </vReq>
                  <id>ROOT:4:4:0:3</id>
                  <connectors>
                    <connector>
                      <type>control</type>
                      <localId>0</localId>
                      <input>true</input>
                      <output>false</output>
                      <passthru>false</passthru>
                      <maxNumConnections>2147483647</maxNumConnections>
                    </connector>
                    <connector>
                      <type>control</type>
                      <localId>1</localId>
                      <input>false</input>
                      <output>true</output>
                      <passthru>false</passthru>
                      <maxNumConnections>2147483647</maxNumConnections>
                    </connector>
                  </connectors>
                  <mainInputs/>
                  <mainOutputs/>
                </node>
                <flow>
                  <x>360.0</x>
                  <y>260.0</y>
                  <width>300.0</width>
                  <height>200.0</height>
                  <title>Node 4</title>
                  <valueObject>
                    <parentId>ROOT:4:4:0:4</parentId>
                    <storage/>
                  </valueObject>
                  <vReq class="eu.mihosoft.vrl.workflow.VisualizationRequestImpl">
                    <map class="com.sun.javafx.collections.ObservableMapWrapper">
                      <backingMap/>
                    </map>
                  </vReq>
                  <id>ROOT:4:4:0:4</id>
                  <connectors>
                    <connector>
                      <type>data</type>
                      <localId>0</localId>
                      <input>true</input>
                      <output>false</output>
                      <passthru>false</passthru>
                      <maxNumConnections>2147483647</maxNumConnections>
                    </connector>
                    <connector>
                      <type>data</type>
                      <localId>1</localId>
                      <input>false</input>
                      <output>true</output>
                      <passthru>false</passthru>
                      <maxNumConnections>2147483647</maxNumConnections>
                    </connector>
                  </connectors>
                  <mainInputs/>
                  <mainOutputs/>
                  <connections>
                    <connection>
                      <id>0</id>
                      <senderId>ROOT:4:4:0:4:1:c:1</senderId>
                      <receiverId>ROOT:4:4:0:4:4:c:0</receiverId>
                      <type>data</type>
                      <vReq class="eu.mihosoft.vrl.workflow.VisualizationRequestImpl">
                        <map class="com.sun.javafx.collections.ObservableMapWrapper">
                          <backingMap/>
                        </map>
                      </vReq>
                    </connection>
                    <connection>
                      <id>0</id>
                      <senderId>ROOT:4:4:0:4:0:c:1</senderId>
                      <receiverId>ROOT:4:4:0:4:3:c:0</receiverId>
                      <type>control</type>
                      <vReq class="eu.mihosoft.vrl.workflow.VisualizationRequestImpl">
                        <map class="com.sun.javafx.collections.ObservableMapWrapper">
                          <backingMap/>
                        </map>
                      </vReq>
                    </connection>
                  </connections>
                  <nodes>
                    <flow>
                      <x>30.0</x>
                      <y>30.0</y>
                      <width>300.0</width>
                      <height>200.0</height>
                      <title>Node 0</title>
                      <valueObject>
                        <parentId>ROOT:4:4:0:4:0</parentId>
                        <storage/>
                      </valueObject>
                      <vReq class="eu.mihosoft.vrl.workflow.VisualizationRequestImpl">
                        <map class="com.sun.javafx.collections.ObservableMapWrapper">
                          <backingMap/>
                        </map>
                      </vReq>
                      <id>ROOT:4:4:0:4:0</id>
                      <connectors>
                        <connector>
                          <type>control</type>
                          <localId>0</localId>
                          <input>true</input>
                          <output>false</output>
                          <passthru>false</passthru>
                          <maxNumConnections>2147483647</maxNumConnections>
                        </connector>
                        <connector>
                          <type>control</type>
                          <localId>1</localId>
                          <input>false</input>
                          <output>true</output>
                          <passthru>false</passthru>
                          <maxNumConnections>2147483647</maxNumConnections>
                        </connector>
                      </connectors>
                      <mainInputs/>
                      <mainOutputs/>
                      <connections/>
                      <nodes/>
                      <parent reference="../../.."/>
                      <visible>false</visible>
                    </flow>
                    <node>
                      <x>360.0</x>
                      <y>30.0</y>
                      <width>300.0</width>
                      <height>200.0</height>
                      <title>Node 1</title>
                      <valueObject>
                        <parentId>ROOT:4:4:0:4:1</parentId>
                        <storage/>
                      </valueObject>
                      <vReq class="eu.mihosoft.vrl.workflow.VisualizationRequestImpl">
                        <map class="com.sun.javafx.collections.ObservableMapWrapper">
                          <backingMap/>
                        </map>
                      </vReq>
                      <id>ROOT:4:4:0:4:1</id>
                      <connectors>
                        <connector>
                          <type>data</type>
                          <localId>0</localId>
                          <input>true</input>
                          <output>false</output>
                          <passthru>false</passthru>
                          <maxNumConnections>2147483647</maxNumConnections>
                        </connector>
                        <connector>
                          <type>data</type>
                          <localId>1</localId>
                          <input>false</input>
                          <output>true</output>
                          <passthru>false</passthru>
                          <maxNumConnections>2147483647</maxNumConnections>
                        </connector>
                      </connectors>
                      <mainInputs/>
                      <mainOutputs/>
                    </node>
                    <flow>
                      <x>690.0</x>
                      <y>30.0</y>
                      <width>300.0</width>
                      <height>200.0</height>
                      <title>Node 2</title>
                      <valueObject>
                        <parentId>ROOT:4:4:0:4:2</parentId>
                        <storage/>
                      </valueObject>
                      <vReq class="eu.mihosoft.vrl.workflow.VisualizationRequestImpl">
                        <map class="com.sun.javafx.collections.ObservableMapWrapper">
                          <backingMap/>
                        </map>
                      </vReq>
                      <id>ROOT:4:4:0:4:2</id>
                      <connectors>
                        <connector>
                          <type>event</type>
                          <localId>0</localId>
                          <input>true</input>
                          <output>false</output>
                          <passthru>false</passthru>
                          <maxNumConnections>2147483647</maxNumConnections>
                        </connector>
                        <connector>
                          <type>event</type>
                          <localId>1</localId>
                          <input>false</input>
                          <output>true</output>
                          <passthru>false</passthru>
                          <maxNumConnections>2147483647</maxNumConnections>
                        </connector>
                      </connectors>
                      <mainInputs/>
                      <mainOutputs/>
                      <connections/>
                      <nodes/>
                      <parent reference="../../.."/>
                      <visible>false</visible>
                    </flow>
                    <node>
                      <x>30.0</x>
                      <y>260.0</y>
                      <width>300.0</width>
                      <height>200.0</height>
                      <title>Node 3</title>
                      <valueObject>
                        <parentId>ROOT:4:4:0:4:3</parentId>
                        <storage/>
                      </valueObject>
                      <vReq class="eu.mihosoft.vrl.workflow.VisualizationRequestImpl">
                        <map class="com.sun.javafx.collections.ObservableMapWrapper">
                          <backingMap/>
                        </map>
                      </vReq>
                      <id>ROOT:4:4:0:4:3</id>
                      <connectors>
                        <connector>
                          <type>control</type>
                          <localId>0</localId>
                          <input>true</input>
                          <output>false</output>
                          <passthru>false</passthru>
                          <maxNumConnections>2147483647</maxNumConnections>
                        </connector>
                        <connector>
                          <type>control</type>
                          <localId>1</localId>
                          <input>false</input>
                          <output>true</output>
                          <passthru>false</passthru>
                          <maxNumConnections>2147483647</maxNumConnections>
                        </connector>
                      </connectors>
                      <mainInputs/>
                      <mainOutputs/>
                    </node>
                    <flow>
                      <x>360.0</x>
                      <y>260.0</y>
                      <width>300.0</width>
                      <height>200.0</height>
                      <title>Node 4</title>
                      <valueObject>
                        <parentId>ROOT:4:4:0:4:4</parentId>
                        <storage/>
                      </valueObject>
                      <vReq class="eu.mihosoft.vrl.workflow.VisualizationRequestImpl">
                        <map class="com.sun.javafx.collections.ObservableMapWrapper">
                          <backingMap/>
                        </map>
                      </vReq>
                      <id>ROOT:4:4:0:4:4</id>
                      <connectors>
                        <connector>
                          <type>data</type>
                          <localId>0</localId>
                          <input>true</input>
                          <output>false</output>
                          <passthru>false</passthru>
                          <maxNumConnections>2147483647</maxNumConnections>
                        </connector>
                        <connector>
                          <type>data</type>
                          <localId>1</localId>
                          <input>false</input>
                          <output>true</output>
                          <passthru>false</passthru>
                          <maxNumConnections>2147483647</maxNumConnections>
                        </connector>
                      </connectors>
                      <mainInputs/>
                      <mainOutputs/>
                      <connections/>
                      <nodes/>
                      <parent reference="../../.."/>
                      <visible>false</visible>
                    </flow>
                  </nodes>
                  <parent reference="../../.."/>
                  <visible>false</visible>
                </flow>
              </nodes>
              <parent reference="../../.."/>
              <visible>false</visible>
            </flow>
            <node>
              <x>360.0</x>
              <y>30.0</y>
              <width>300.0</width>
              <height>200.0</height>
              <title>Node 1</title>
              <valueObject>
                <parentId>ROOT:4:4:1</parentId>
                <storage/>
              </valueObject>
              <vReq class="eu.mihosoft.vrl.workflow.VisualizationRequestImpl">
                <map class="com.sun.javafx.collections.ObservableMapWrapper">
                  <backingMap/>
                </map>
              </vReq>
              <id>ROOT:4:4:1</id>
              <connectors>
                <connector>
                  <type>data</type>
                  <localId>0</localId>
                  <input>true</input>
                  <output>false</output>
                  <passthru>false</passthru>
                  <maxNumConnections>2147483647</maxNumConnections>
                </connector>
                <connector>
                  <type>data</type>
                  <localId>1</localId>
                  <input>false</input>
                  <output>true</output>
                  <passthru>false</passthru>
                  <maxNumConnections>2147483647</maxNumConnections>
                </connector>
              </connectors>
              <mainInputs/>
              <mainOutputs/>
            </node>
            <flow>
              <x>690.0</x>
              <y>30.0</y>
              <width>300.0</width>
              <height>200.0</height>
              <title>Node 2</title>
              <valueObject>
                <parentId>ROOT:4:4:2</parentId>
                <storage/>
              </valueObject>
              <vReq class="eu.mihosoft.vrl.workflow.VisualizationRequestImpl">
                <map class="com.sun.javafx.collections.ObservableMapWrapper">
                  <backingMap/>
                </map>
              </vReq>
              <id>ROOT:4:4:2</id>
              <connectors>
                <connector>
                  <type>event</type>
                  <localId>0</localId>
                  <input>true</input>
                  <output>false</output>
                  <passthru>false</passthru>
                  <maxNumConnections>2147483647</maxNumConnections>
                </connector>
                <connector>
                  <type>event</type>
                  <localId>1</localId>
                  <input>false</input>
                  <output>true</output>
                  <passthru>false</passthru>
                  <maxNumConnections>2147483647</maxNumConnections>
                </connector>
              </connectors>
              <mainInputs/>
              <mainOutputs/>
              <connections>
                <connection>
                  <id>0</id>
                  <senderId>ROOT:4:4:2:1:c:1</senderId>
                  <receiverId>ROOT:4:4:2:4:c:0</receiverId>
                  <type>data</type>
                  <vReq class="eu.mihosoft.vrl.workflow.VisualizationRequestImpl">
                    <map class="com.sun.javafx.collections.ObservableMapWrapper">
                      <backingMap/>
                    </map>
                  </vReq>
                </connection>
                <connection>
                  <id>0</id>
                  <senderId>ROOT:4:4:2:0:c:1</senderId>
                  <receiverId>ROOT:4:4:2:3:c:0</receiverId>
                  <type>control</type>
                  <vReq class="eu.mihosoft.vrl.workflow.VisualizationRequestImpl">
                    <map class="com.sun.javafx.collections.ObservableMapWrapper">
                      <backingMap/>
                    </map>
                  </vReq>
                </connection>
              </connections>
              <nodes>
                <flow>
                  <x>30.0</x>
                  <y>30.0</y>
                  <width>300.0</width>
                  <height>200.0</height>
                  <title>Node 0</title>
                  <valueObject>
                    <parentId>ROOT:4:4:2:0</parentId>
                    <storage/>
                  </valueObject>
                  <vReq class="eu.mihosoft.vrl.workflow.VisualizationRequestImpl">
                    <map class="com.sun.javafx.collections.ObservableMapWrapper">
                      <backingMap/>
                    </map>
                  </vReq>
                  <id>ROOT:4:4:2:0</id>
                  <connectors>
                    <connector>
                      <type>control</type>
                      <localId>0</localId>
                      <input>true</input>
                      <output>false</output>
                      <passthru>false</passthru>
                      <maxNumConnections>2147483647</maxNumConnections>
                    </connector>
                    <connector>
                      <type>control</type>
                      <localId>1</localId>
                      <input>false</input>
                      <output>true</output>
                      <passthru>false</passthru>
                      <maxNumConnections>2147483647</maxNumConnections>
                    </connector>
                  </connectors>
                  <mainInputs/>
                  <mainOutputs/>
                  <connections>
                    <connection>
                      <id>0</id>
                      <senderId>ROOT:4:4:2:0:1:c:1</senderId>
                      <receiverId>ROOT:4:4:2:0:4:c:0</receiverId>
                      <type>data</type>
                      <vReq class="eu.mihosoft.vrl.workflow.VisualizationRequestImpl">
                        <map class="com.sun.javafx.collections.ObservableMapWrapper">
                          <backingMap/>
                        </map>
                      </vReq>
                    </connection>
                    <connection>
                      <id>0</id>
                      <senderId>ROOT:4:4:2:0:0:c:1</senderId>
                      <receiverId>ROOT:4:4:2:0:3:c:0</receiverId>
                      <type>control</type>
                      <vReq class="eu.mihosoft.vrl.workflow.VisualizationRequestImpl">
                        <map class="com.sun.javafx.collections.ObservableMapWrapper">
                          <backingMap/>
                        </map>
                      </vReq>
                    </connection>
                  </connections>
                  <nodes>
                    <flow>
                      <x>30.0</x>
                      <y>30.0</y>
                      <width>300.0</width>
                      <height>200.0</height>
                      <title>Node 0</title>
                      <valueObject>
                        <parentId>ROOT:4:4:2:0:0</parentId>
                        <storage/>
                      </valueObject>
                      <vReq class="eu.mihosoft.vrl.workflow.VisualizationRequestImpl">
                        <map class="com.sun.javafx.collections.ObservableMapWrapper">
                          <backingMap/>
                        </map>
                      </vReq>
                      <id>ROOT:4:4:2:0:0</id>
                      <connectors>
                        <connector>
                          <type>control</type>
                          <localId>0</localId>
                          <input>true</input>
                          <output>false</output>
                          <passthru>false</passthru>
                          <maxNumConnections>2147483647</maxNumConnections>
                        </connector>
                        <connector>
                          <type>control</type>
                          <localId>1</localId>
                          <input>false</input>
                          <output>true</output>
                          <passthru>false</passthru>
                          <maxNumConnections>2147483647</maxNumConnections>
                        </connector>
                      </connectors>
                      <mainInputs/>
                      <mainOutputs/>
                      <connections/>
                      <nodes/>
                      <parent reference="../../.."/>
                      <visible>false</visible>
                    </flow>
                    <node>
                      <x>360.0</x>
                      <y>30.0</y>
                      <width>300.0</width>
                      <height>200.0</height>
                      <title>Node 1</title>
                      <valueObject>
                        <parentId>ROOT:4:4:2:0:1</parentId>
                        <storage/>
                      </valueObject>
                      <vReq class="eu.mihosoft.vrl.workflow.VisualizationRequestImpl">
                        <map class="com.sun.javafx.collections.ObservableMapWrapper">
                          <backingMap/>
                        </map>
                      </vReq>
                      <id>ROOT:4:4:2:0:1</id>
                      <connectors>
                        <connector>
                          <type>data</type>
                          <localId>0</localId>
                          <input>true</input>
                          <output>false</output>
                          <passthru>false</passthru>
                          <maxNumConnections>2147483647</maxNumConnections>
                        </connector>
                        <connector>
                          <type>data</type>
                          <localId>1</localId>
                          <input>false</input>
                          <output>true</output>
                          <passthru>false</passthru>
                          <maxNumConnections>2147483647</maxNumConnections>
                        </connector>
                      </connectors>
                      <mainInputs/>
                      <mainOutputs/>
                    </node>
                    <flow>
                      <x>690.0</x>
                      <y>30.0</y>
                      <width>300.0</width>
                      <height>200.0</height>
                      <title>Node 2</title>
                      <valueObject>
                        <parentId>ROOT:4:4:2:0:2</parentId>
                        <storage/>
                      </valueObject>
                      <vReq class="eu.mihosoft.vrl.workflow.VisualizationRequestImpl">
                        <map class="com.sun.javafx.collections.ObservableMapWrapper">
                          <backingMap/>
                        </map>
                      </vReq>
                      <id>ROOT:4:4:2:0:2</id>
                      <connectors>
                        <connector>
                          <type>event</type>
                          <localId>0</localId>
                          <input>true</input>
                          <output>false</output>
                          <passthru>false</passthru>
                          <maxNumConnections>2147483647</maxNumConnections>
                        </connector>
                        <connector>
                          <type>event</type>
                          <localId>1</localId>
                          <input>false</input>
                          <output>true</output>
                          <passthru>false</passthru>
                          <maxNumConnections>2147483647</maxNumConnections>
                        </connector>
                      </connectors>
                      <mainInputs/>
                      <mainOutputs/>
                      <connections/>
                      <nodes/>
                      <parent reference="../../.."/>
                      <visible>false</visible>
                    </flow>
                    <node>
                      <x>30.0</x>
                      <y>260.0</y>
                      <width>300.0</width>
                      <height>200.0</height>
                      <title>Node 3</title>
                      <valueObject>
                        <parentId>ROOT:4:4:2:0:3</parentId>
                        <storage/>
                      </valueObject>
                      <vReq class="eu.mihosoft.vrl.workflow.VisualizationRequestImpl">
                        <map class="com.sun.javafx.collections.ObservableMapWrapper">
                          <backingMap/>
                        </map>
                      </vReq>
                      <id>ROOT:4:4:2:0:3</id>
                      <connectors>
                        <connector>
                          <type>control</type>
                          <localId>0</localId>
                          <input>true</input>
                          <output>false</output>
                          <passthru>false</passthru>
                          <maxNumConnections>2147483647</maxNumConnections>
                        </connector>
                        <connector>
                          <type>control</type>
                          <localId>1</localId>
                          <input>false</input>
                          <output>true</output>
                          <passthru>false</passthru>
                          <maxNumConnections>2147483647</maxNumConnections>
                        </connector>
                      </connectors>
                      <mainInputs/>
                      <mainOutputs/>
                    </node>
                    <flow>
                      <x>360.0</x>
                      <y>260.0</y>
                      <width>300.0</width>
                      <height>200.0</height>
                      <title>Node 4</title>
                      <valueObject>
                        <parentId>ROOT:4:4:2:0:4</parentId>
                        <storage/>
                      </valueObject>
                      <vReq class="eu.mihosoft.vrl.workflow.VisualizationRequestImpl">
                        <map class="com.sun.javafx.collections.ObservableMapWrapper">
                          <backingMap/>
                        </map>
                      </vReq>
                      <id>ROOT:4:4:2:0:4</id>
                      <connectors>
                        <connector>
                          <type>data</type>
                          <localId>0</localId>
                          <input>true</input>
                          <output>false</output>
                          <passthru>false</passthru>
                          <maxNumConnections>2147483647</maxNumConnections>
                        </connector>
                        <connector>
                          <type>data</type>
                          <localId>1</localId>
                          <input>false</input>
                          <output>true</output>
                          <passthru>false</passthru>
                          <maxNumConnections>2147483647</maxNumConnections>
                        </connector>
                      </connectors>
                      <mainInputs/>
                      <mainOutputs/>
                      <connections/>
                      <nodes/>
                      <parent reference="../../.."/>
                      <visible>false</visible>
                    </flow>
                  </nodes>
                  <parent reference="../../.."/>
                  <visible>false</visible>
                </flow>
                <node>
                  <x>360.0</x>
                  <y>30.0</y>
                  <width>300.0</width>
                  <height>200.0</height>
                  <title>Node 1</title>
                  <valueObject>
                    <parentId>ROOT:4:4:2:1</parentId>
                    <storage/>
                  </valueObject>
                  <vReq class="eu.mihosoft.vrl.workflow.VisualizationRequestImpl">
                    <map class="com.sun.javafx.collections.ObservableMapWrapper">
                      <backingMap/>
                    </map>
                  </vReq>
                  <id>ROOT:4:4:2:1</id>
                  <connectors>
                    <connector>
                      <type>data</type>
                      <localId>0</localId>
                      <input>true</input>
                      <output>false</output>
                      <passthru>false</passthru>
                      <maxNumConnections>2147483647</maxNumConnections>
                    </connector>
                    <connector>
                      <type>data</type>
                      <localId>1</localId>
                      <input>false</input>
                      <output>true</output>
                      <passthru>false</passthru>
                      <maxNumConnections>2147483647</maxNumConnections>
                    </connector>
                  </connectors>
                  <mainInputs/>
                  <mainOutputs/>
                </node>
                <flow>
                  <x>690.0</x>
                  <y>30.0</y>
                  <width>300.0</width>
                  <height>200.0</height>
                  <title>Node 2</title>
                  <valueObject>
                    <parentId>ROOT:4:4:2:2</parentId>
                    <storage/>
                  </valueObject>
                  <vReq class="eu.mihosoft.vrl.workflow.VisualizationRequestImpl">
                    <map class="com.sun.javafx.collections.ObservableMapWrapper">
                      <backingMap/>
                    </map>
                  </vReq>
                  <id>ROOT:4:4:2:2</id>
                  <connectors>
                    <connector>
                      <type>event</type>
                      <localId>0</localId>
                      <input>true</input>
                      <output>false</output>
                      <passthru>false</passthru>
                      <maxNumConnections>2147483647</maxNumConnections>
                    </connector>
                    <connector>
                      <type>event</type>
                      <localId>1</localId>
                      <input>false</input>
                      <output>true</output>
                      <passthru>false</passthru>
                      <maxNumConnections>2147483647</maxNumConnections>
                    </connector>
                  </connectors>
                  <mainInputs/>
                  <mainOutputs/>
                  <connections>
                    <connection>
                      <id>0</id>
                      <senderId>ROOT:4:4:2:2:1:c:1</senderId>
                      <receiverId>ROOT:4:4:2:2:4:c:0</receiverId>
                      <type>data</type>
                      <vReq class="eu.mihosoft.vrl.workflow.VisualizationRequestImpl">
                        <map class="com.sun.javafx.collections.ObservableMapWrapper">
                          <backingMap/>
                        </map>
                      </vReq>
                    </connection>
                    <connection>
                      <id>0</id>
                      <senderId>ROOT:4:4:2:2:0:c:1</senderId>
                      <receiverId>ROOT:4:4:2:2:3:c:0</receiverId>
                      <type>control</type>
                      <vReq class="eu.mihosoft.vrl.workflow.VisualizationRequestImpl">
                        <map class="com.sun.javafx.collections.ObservableMapWrapper">
                          <backingMap/>
                        </map>
                      </vReq>
                    </connection>
                  </connections>
                  <nodes>
                    <flow>
                      <x>30.0</x>
                      <y>30.0</y>
                      <width>300.0</width>
                      <height>200.0</height>
                      <title>Node 0</title>
                      <valueObject>
                        <parentId>ROOT:4:4:2:2:0</parentId>
                        <storage/>
                      </valueObject>
                      <vReq class="eu.mihosoft.vrl.workflow.VisualizationRequestImpl">
                        <map class="com.sun.javafx.collections.ObservableMapWrapper">
                          <backingMap/>
                        </map>
                      </vReq>
                      <id>ROOT:4:4:2:2:0</id>
                      <connectors>
                        <connector>
                          <type>control</type>
                          <localId>0</localId>
                          <input>true</input>
                          <output>false</output>
                          <passthru>false</passthru>
                          <maxNumConnections>2147483647</maxNumConnections>
                        </connector>
                        <connector>
                          <type>control</type>
                          <localId>1</localId>
                          <input>false</input>
                          <output>true</output>
                          <passthru>false</passthru>
                          <maxNumConnections>2147483647</maxNumConnections>
                        </connector>
                      </connectors>
                      <mainInputs/>
                      <mainOutputs/>
                      <connections/>
                      <nodes/>
                      <parent reference="../../.."/>
                      <visible>false</visible>
                    </flow>
                    <node>
                      <x>360.0</x>
                      <y>30.0</y>
                      <width>300.0</width>
                      <height>200.0</height>
                      <title>Node 1</title>
                      <valueObject>
                        <parentId>ROOT:4:4:2:2:1</parentId>
                        <storage/>
                      </valueObject>
                      <vReq class="eu.mihosoft.vrl.workflow.VisualizationRequestImpl">
                        <map class="com.sun.javafx.collections.ObservableMapWrapper">
                          <backingMap/>
                        </map>
                      </vReq>
                      <id>ROOT:4:4:2:2:1</id>
                      <connectors>
                        <connector>
                          <type>data</type>
                          <localId>0</localId>
                          <input>true</input>
                          <output>false</output>
                          <passthru>false</passthru>
                          <maxNumConnections>2147483647</maxNumConnections>
                        </connector>
                        <connector>
                          <type>data</type>
                          <localId>1</localId>
                          <input>false</input>
                          <output>true</output>
                          <passthru>false</passthru>
                          <maxNumConnections>2147483647</maxNumConnections>
                        </connector>
                      </connectors>
                      <mainInputs/>
                      <mainOutputs/>
                    </node>
                    <flow>
                      <x>690.0</x>
                      <y>30.0</y>
                      <width>300.0</width>
                      <height>200.0</height>
                      <title>Node 2</title>
                      <valueObject>
                        <parentId>ROOT:4:4:2:2:2</parentId>
                        <storage/>
                      </valueObject>
                      <vReq class="eu.mihosoft.vrl.workflow.VisualizationRequestImpl">
                        <map class="com.sun.javafx.collections.ObservableMapWrapper">
                          <backingMap/>
                        </map>
                      </vReq>
                      <id>ROOT:4:4:2:2:2</id>
                      <connectors>
                        <connector>
                          <type>event</type>
                          <localId>0</localId>
                          <input>true</input>
                          <output>false</output>
                          <passthru>false</passthru>
                          <maxNumConnections>2147483647</maxNumConnections>
                        </connector>
                        <connector>
                          <type>event</type>
                          <localId>1</localId>
                          <input>false</input>
                          <output>true</output>
                          <passthru>false</passthru>
                          <maxNumConnections>2147483647</maxNumConnections>
                        </connector>
                      </connectors>
                      <mainInputs/>
                      <mainOutputs/>
                      <connections/>
                      <nodes/>
                      <parent reference="../../.."/>
                      <visible>false</visible>
                    </flow>
                    <node>
                      <x>30.0</x>
                      <y>260.0</y>
                      <width>300.0</width>
                      <height>200.0</height>
                      <title>Node 3</title>
                      <valueObject>
                        <parentId>ROOT:4:4:2:2:3</parentId>
                        <storage/>
                      </valueObject>
                      <vReq class="eu.mihosoft.vrl.workflow.VisualizationRequestImpl">
                        <map class="com.sun.javafx.collections.ObservableMapWrapper">
                          <backingMap/>
                        </map>
                      </vReq>
                      <id>ROOT:4:4:2:2:3</id>
                      <connectors>
                        <connector>
                          <type>control</type>
                          <localId>0</localId>
                          <input>true</input>
                          <output>false</output>
                          <passthru>false</passthru>
                          <maxNumConnections>2147483647</maxNumConnections>
                        </connector>
                        <connector>
                          <type>control</type>
                          <localId>1</localId>
                          <input>false</input>
                          <output>true</output>
                          <passthru>false</passthru>
                          <maxNumConnections>2147483647</maxNumConnections>
                        </connector>
                      </connectors>
                      <mainInputs/>
                      <mainOutputs/>
                    </node>
                    <flow>
                      <x>360.0</x>
                      <y>260.0</y>
                      <width>300.0</width>
                      <height>200.0</height>
                      <title>Node 4</title>
                      <valueObject>
                        <parentId>ROOT:4:4:2:2:4</parentId>
                        <storage/>
                      </valueObject>
                      <vReq class="eu.mihosoft.vrl.workflow.VisualizationRequestImpl">
                        <map class="com.sun.javafx.collections.ObservableMapWrapper">
                          <backingMap/>
                        </map>
                      </vReq>
                      <id>ROOT:4:4:2:2:4</id>
                      <connectors>
                        <connector>
                          <type>data</type>
                          <localId>0</localId>
                          <input>true</input>
                          <output>false</output>
                          <passthru>false</passthru>
                          <maxNumConnections>2147483647</maxNumConnections>
                        </connector>
                        <connector>
                          <type>data</type>
                          <localId>1</localId>
                          <input>false</input>
                          <output>true</output>
                          <passthru>false</passthru>
                          <maxNumConnections>2147483647</maxNumConnections>
                        </connector>
                      </connectors>
                      <mainInputs/>
                      <mainOutputs/>
                      <connections/>
                      <nodes/>
                      <parent reference="../../.."/>
                      <visible>false</visible>
                    </flow>
                  </nodes>
                  <parent reference="../../.."/>
                  <visible>false</visible>
                </flow>
                <node>
                  <x>30.0</x>
                  <y>260.0</y>
                  <width>300.0</width>
                  <height>200.0</height>
                  <title>Node 3</title>
                  <valueObject>
                    <parentId>ROOT:4:4:2:3</parentId>
                    <storage/>
                  </valueObject>
                  <vReq class="eu.mihosoft.vrl.workflow.VisualizationRequestImpl">
                    <map class="com.sun.javafx.collections.ObservableMapWrapper">
                      <backingMap/>
                    </map>
                  </vReq>
                  <id>ROOT:4:4:2:3</id>
                  <connectors>
                    <connector>
                      <type>control</type>
                      <localId>0</localId>
                      <input>true</input>
                      <output>false</output>
                      <passthru>false</passthru>
                      <maxNumConnections>2147483647</maxNumConnections>
                    </connector>
                    <connector>
                      <type>control</type>
                      <localId>1</localId>
                      <input>false</input>
                      <output>true</output>
                      <passthru>false</passthru>
                      <maxNumConnections>2147483647</maxNumConnections>
                    </connector>
                  </connectors>
                  <mainInputs/>
                  <mainOutputs/>
                </node>
                <flow>
                  <x>360.0</x>
                  <y>260.0</y>
                  <width>300.0</width>
                  <height>200.0</height>
                  <title>Node 4</title>
                  <valueObject>
                    <parentId>ROOT:4:4:2:4</parentId>
                    <storage/>
                  </valueObject>
                  <vReq class="eu.mihosoft.vrl.workflow.VisualizationRequestImpl">
                    <map class="com.sun.javafx.collections.ObservableMapWrapper">
                      <backingMap/>
                    </map>
                  </vReq>
                  <id>ROOT:4:4:2:4</id>
                  <connectors>
                    <connector>
                      <type>data</type>
                      <localId>0</localId>
                      <input>true</input>
                      <output>false</output>
                      <passthru>false</passthru>
                      <maxNumConnections>2147483647</maxNumConnections>
                    </connector>
                    <connector>
                      <type>data</type>
                      <localId>1</localId>
                      <input>false</input>
                      <output>true</output>
                      <passthru>false</passthru>
                      <maxNumConnections>2147483647</maxNumConnections>
                    </connector>
                  </connectors>
                  <mainInputs/>
                  <mainOutputs/>
                  <connections>
                    <connection>
                      <id>0</id>
                      <senderId>ROOT:4:4:2:4:1:c:1</senderId>
                      <receiverId>ROOT:4:4:2:4:4:c:0</receiverId>
                      <type>data</type>
                      <vReq class="eu.mihosoft.vrl.workflow.VisualizationRequestImpl">
                        <map class="com.sun.javafx.collections.ObservableMapWrapper">
                          <backingMap/>
                        </map>
                      </vReq>
                    </connection>
                    <connection>
                      <id>0</id>
                      <senderId>ROOT:4:4:2:4:0:c:1</senderId>
                      <receiverId>ROOT:4:4:2:4:3:c:0</receiverId>
                      <type>control</type>
                      <vReq class="eu.mihosoft.vrl.workflow.VisualizationRequestImpl">
                        <map class="com.sun.javafx.collections.ObservableMapWrapper">
                          <backingMap/>
                        </map>
                      </vReq>
                    </connection>
                  </connections>
                  <nodes>
                    <flow>
                      <x>30.0</x>
                      <y>30.0</y>
                      <width>300.0</width>
                      <height>200.0</height>
                      <title>Node 0</title>
                      <valueObject>
                        <parentId>ROOT:4:4:2:4:0</parentId>
                        <storage/>
                      </valueObject>
                      <vReq class="eu.mihosoft.vrl.workflow.VisualizationRequestImpl">
                        <map class="com.sun.javafx.collections.ObservableMapWrapper">
                          <backingMap/>
                        </map>
                      </vReq>
                      <id>ROOT:4:4:2:4:0</id>
                      <connectors>
                        <connector>
                          <type>control</type>
                          <localId>0</localId>
                          <input>true</input>
                          <output>false</output>
                          <passthru>false</passthru>
                          <maxNumConnections>2147483647</maxNumConnections>
                        </connector>
                        <connector>
                          <type>control</type>
                          <localId>1</localId>
                          <input>false</input>
                          <output>true</output>
                          <passthru>false</passthru>
                          <maxNumConnections>2147483647</maxNumConnections>
                        </connector>
                      </connectors>
                      <mainInputs/>
                      <mainOutputs/>
                      <connections/>
                      <nodes/>
                      <parent reference="../../.."/>
                      <visible>false</visible>
                    </flow>
                    <node>
                      <x>360.0</x>
                      <y>30.0</y>
                      <width>300.0</width>
                      <height>200.0</height>
                      <title>Node 1</title>
                      <valueObject>
                        <parentId>ROOT:4:4:2:4:1</parentId>
                        <storage/>
                      </valueObject>
                      <vReq class="eu.mihosoft.vrl.workflow.VisualizationRequestImpl">
                        <map class="com.sun.javafx.collections.ObservableMapWrapper">
                          <backingMap/>
                        </map>
                      </vReq>
                      <id>ROOT:4:4:2:4:1</id>
                      <connectors>
                        <connector>
                          <type>data</type>
                          <localId>0</localId>
                          <input>true</input>
                          <output>false</output>
                          <passthru>false</passthru>
                          <maxNumConnections>2147483647</maxNumConnections>
                        </connector>
                        <connector>
                          <type>data</type>
                          <localId>1</localId>
                          <input>false</input>
                          <output>true</output>
                          <passthru>false</passthru>
                          <maxNumConnections>2147483647</maxNumConnections>
                        </connector>
                      </connectors>
                      <mainInputs/>
                      <mainOutputs/>
                    </node>
                    <flow>
                      <x>690.0</x>
                      <y>30.0</y>
                      <width>300.0</width>
                      <height>200.0</height>
                      <title>Node 2</title>
                      <valueObject>
                        <parentId>ROOT:4:4:2:4:2</parentId>
                        <storage/>
                      </valueObject>
                      <vReq class="eu.mihosoft.vrl.workflow.VisualizationRequestImpl">
                        <map class="com.sun.javafx.collections.ObservableMapWrapper">
                          <backingMap/>
                        </map>
                      </vReq>
                      <id>ROOT:4:4:2:4:2</id>
                      <connectors>
                        <connector>
                          <type>event</type>
                          <localId>0</localId>
                          <input>true</input>
                          <output>false</output>
                          <passthru>false</passthru>
                          <maxNumConnections>2147483647</maxNumConnections>
                        </connector>
                        <connector>
                          <type>event</type>
                          <localId>1</localId>
                          <input>false</input>
                          <output>true</output>
                          <passthru>false</passthru>
                          <maxNumConnections>2147483647</maxNumConnections>
                        </connector>
                      </connectors>
                      <mainInputs/>
                      <mainOutputs/>
                      <connections/>
                      <nodes/>
                      <parent reference="../../.."/>
                      <visible>false</visible>
                    </flow>
                    <node>
                      <x>30.0</x>
                      <y>260.0</y>
                      <width>300.0</width>
                      <height>200.0</height>
                      <title>Node 3</title>
                      <valueObject>
                        <parentId>ROOT:4:4:2:4:3</parentId>
                        <storage/>
                      </valueObject>
                      <vReq class="eu.mihosoft.vrl.workflow.VisualizationRequestImpl">
                        <map class="com.sun.javafx.collections.ObservableMapWrapper">
                          <backingMap/>
                        </map>
                      </vReq>
                      <id>ROOT:4:4:2:4:3</id>
                      <connectors>
                        <connector>
                          <type>control</type>
                          <localId>0</localId>
                          <input>true</input>
                          <output>false</output>
                          <passthru>false</passthru>
                          <maxNumConnections>2147483647</maxNumConnections>
                        </connector>
                        <connector>
                          <type>control</type>
                          <localId>1</localId>
                          <input>false</input>
                          <output>true</output>
                          <passthru>false</passthru>
                          <maxNumConnections>2147483647</maxNumConnections>
                        </connector>
                      </connectors>
                      <mainInputs/>
                      <mainOutputs/>
                    </node>
                    <flow>
                      <x>360.0</x>
                      <y>260.0</y>
                      <width>300.0</width>
                      <height>200.0</height>
                      <title>Node 4</title>
                      <valueObject>
                        <parentId>ROOT:4:4:2:4:4</parentId>
                        <storage/>
                      </valueObject>
                      <vReq class="eu.mihosoft.vrl.workflow.VisualizationRequestImpl">
                        <map class="com.sun.javafx.collections.ObservableMapWrapper">
                          <backingMap/>
                        </map>
                      </vReq>
                      <id>ROOT:4:4:2:4:4</id>
                      <connectors>
                        <connector>
                          <type>data</type>
                          <localId>0</localId>
                          <input>true</input>
                          <output>false</output>
                          <passthru>false</passthru>
                          <maxNumConnections>2147483647</maxNumConnections>
                        </connector>
                        <connector>
                          <type>data</type>
                          <localId>1</localId>
                          <input>false</input>
                          <output>true</output>
                          <passthru>false</passthru>
                          <maxNumConnections>2147483647</maxNumConnections>
                        </connector>
                      </connectors>
                      <mainInputs/>
                      <mainOutputs/>
                      <connections/>
                      <nodes/>
                      <parent reference="../../.."/>
                      <visible>false</visible>
                    </flow>
                  </nodes>
                  <parent reference="../../.."/>
                  <visible>false</visible>
                </flow>
              </nodes>
              <parent reference="../../.."/>
              <visible>false</visible>
            </flow>
            <node>
              <x>30.0</x>
              <y>260.0</y>
              <width>300.0</width>
              <height>200.0</height>
              <title>Node 3</title>
              <valueObject>
                <parentId>ROOT:4:4:3</parentId>
                <storage/>
              </valueObject>
              <vReq class="eu.mihosoft.vrl.workflow.VisualizationRequestImpl">
                <map class="com.sun.javafx.collections.ObservableMapWrapper">
                  <backingMap/>
                </map>
              </vReq>
              <id>ROOT:4:4:3</id>
              <connectors>
                <connector>
                  <type>control</type>
                  <localId>0</localId>
                  <input>true</input>
                  <output>false</output>
                  <passthru>false</passthru>
                  <maxNumConnections>2147483647</maxNumConnections>
                </connector>
                <connector>
                  <type>control</type>
                  <localId>1</localId>
                  <input>false</input>
                  <output>true</output>
                  <passthru>false</passthru>
                  <maxNumConnections>2147483647</maxNumConnections>
                </connector>
              </connectors>
              <mainInputs/>
              <mainOutputs/>
            </node>
            <flow>
              <x>360.0</x>
              <y>260.0</y>
              <width>300.0</width>
              <height>200.0</height>
              <title>Node 4</title>
              <valueObject>
                <parentId>ROOT:4:4:4</parentId>
                <storage/>
              </valueObject>
              <vReq class="eu.mihosoft.vrl.workflow.VisualizationRequestImpl">
                <map class="com.sun.javafx.collections.ObservableMapWrapper">
                  <backingMap/>
                </map>
              </vReq>
              <id>ROOT:4:4:4</id>
              <connectors>
                <connector>
                  <type>data</type>
                  <localId>0</localId>
                  <input>true</input>
                  <output>false</output>
                  <passthru>false</passthru>
                  <maxNumConnections>2147483647</maxNumConnections>
                </connector>
                <connector>
                  <type>data</type>
                  <localId>1</localId>
                  <input>false</input>
                  <output>true</output>
                  <passthru>false</passthru>
                  <maxNumConnections>2147483647</maxNumConnections>
                </connector>
              </connectors>
              <mainInputs/>
              <mainOutputs/>
              <connections>
                <connection>
                  <id>0</id>
                  <senderId>ROOT:4:4:4:1:c:1</senderId>
                  <receiverId>ROOT:4:4:4:4:c:0</receiverId>
                  <type>data</type>
                  <vReq class="eu.mihosoft.vrl.workflow.VisualizationRequestImpl">
                    <map class="com.sun.javafx.collections.ObservableMapWrapper">
                      <backingMap/>
                    </map>
                  </vReq>
                </connection>
                <connection>
                  <id>0</id>
                  <senderId>ROOT:4:4:4:0:c:1</senderId>
                  <receiverId>ROOT:4:4:4:3:c:0</receiverId>
                  <type>control</type>
                  <vReq class="eu.mihosoft.vrl.workflow.VisualizationRequestImpl">
                    <map class="com.sun.javafx.collections.ObservableMapWrapper">
                      <backingMap/>
                    </map>
                  </vReq>
                </connection>
              </connections>
              <nodes>
                <flow>
                  <x>30.0</x>
                  <y>30.0</y>
                  <width>300.0</width>
                  <height>200.0</height>
                  <title>Node 0</title>
                  <valueObject>
                    <parentId>ROOT:4:4:4:0</parentId>
                    <storage/>
                  </valueObject>
                  <vReq class="eu.mihosoft.vrl.workflow.VisualizationRequestImpl">
                    <map class="com.sun.javafx.collections.ObservableMapWrapper">
                      <backingMap/>
                    </map>
                  </vReq>
                  <id>ROOT:4:4:4:0</id>
                  <connectors>
                    <connector>
                      <type>control</type>
                      <localId>0</localId>
                      <input>true</input>
                      <output>false</output>
                      <passthru>false</passthru>
                      <maxNumConnections>2147483647</maxNumConnections>
                    </connector>
                    <connector>
                      <type>control</type>
                      <localId>1</localId>
                      <input>false</input>
                      <output>true</output>
                      <passthru>false</passthru>
                      <maxNumConnections>2147483647</maxNumConnections>
                    </connector>
                  </connectors>
                  <mainInputs/>
                  <mainOutputs/>
                  <connections>
                    <connection>
                      <id>0</id>
                      <senderId>ROOT:4:4:4:0:1:c:1</senderId>
                      <receiverId>ROOT:4:4:4:0:4:c:0</receiverId>
                      <type>data</type>
                      <vReq class="eu.mihosoft.vrl.workflow.VisualizationRequestImpl">
                        <map class="com.sun.javafx.collections.ObservableMapWrapper">
                          <backingMap/>
                        </map>
                      </vReq>
                    </connection>
                    <connection>
                      <id>0</id>
                      <senderId>ROOT:4:4:4:0:0:c:1</senderId>
                      <receiverId>ROOT:4:4:4:0:3:c:0</receiverId>
                      <type>control</type>
                      <vReq class="eu.mihosoft.vrl.workflow.VisualizationRequestImpl">
                        <map class="com.sun.javafx.collections.ObservableMapWrapper">
                          <backingMap/>
                        </map>
                      </vReq>
                    </connection>
                  </connections>
                  <nodes>
                    <flow>
                      <x>30.0</x>
                      <y>30.0</y>
                      <width>300.0</width>
                      <height>200.0</height>
                      <title>Node 0</title>
                      <valueObject>
                        <parentId>ROOT:4:4:4:0:0</parentId>
                        <storage/>
                      </valueObject>
                      <vReq class="eu.mihosoft.vrl.workflow.VisualizationRequestImpl">
                        <map class="com.sun.javafx.collections.ObservableMapWrapper">
                          <backingMap/>
                        </map>
                      </vReq>
                      <id>ROOT:4:4:4:0:0</id>
                      <connectors>
                        <connector>
                          <type>control</type>
                          <localId>0</localId>
                          <input>true</input>
                          <output>false</output>
                          <passthru>false</passthru>
                          <maxNumConnections>2147483647</maxNumConnections>
                        </connector>
                        <connector>
                          <type>control</type>
                          <localId>1</localId>
                          <input>false</input>
                          <output>true</output>
                          <passthru>false</passthru>
                          <maxNumConnections>2147483647</maxNumConnections>
                        </connector>
                      </connectors>
                      <mainInputs/>
                      <mainOutputs/>
                      <connections/>
                      <nodes/>
                      <parent reference="../../.."/>
                      <visible>false</visible>
                    </flow>
                    <node>
                      <x>360.0</x>
                      <y>30.0</y>
                      <width>300.0</width>
                      <height>200.0</height>
                      <title>Node 1</title>
                      <valueObject>
                        <parentId>ROOT:4:4:4:0:1</parentId>
                        <storage/>
                      </valueObject>
                      <vReq class="eu.mihosoft.vrl.workflow.VisualizationRequestImpl">
                        <map class="com.sun.javafx.collections.ObservableMapWrapper">
                          <backingMap/>
                        </map>
                      </vReq>
                      <id>ROOT:4:4:4:0:1</id>
                      <connectors>
                        <connector>
                          <type>data</type>
                          <localId>0</localId>
                          <input>true</input>
                          <output>false</output>
                          <passthru>false</passthru>
                          <maxNumConnections>2147483647</maxNumConnections>
                        </connector>
                        <connector>
                          <type>data</type>
                          <localId>1</localId>
                          <input>false</input>
                          <output>true</output>
                          <passthru>false</passthru>
                          <maxNumConnections>2147483647</maxNumConnections>
                        </connector>
                      </connectors>
                      <mainInputs/>
                      <mainOutputs/>
                    </node>
                    <flow>
                      <x>690.0</x>
                      <y>30.0</y>
                      <width>300.0</width>
                      <height>200.0</height>
                      <title>Node 2</title>
                      <valueObject>
                        <parentId>ROOT:4:4:4:0:2</parentId>
                        <storage/>
                      </valueObject>
                      <vReq class="eu.mihosoft.vrl.workflow.VisualizationRequestImpl">
                        <map class="com.sun.javafx.collections.ObservableMapWrapper">
                          <backingMap/>
                        </map>
                      </vReq>
                      <id>ROOT:4:4:4:0:2</id>
                      <connectors>
                        <connector>
                          <type>event</type>
                          <localId>0</localId>
                          <input>true</input>
                          <output>false</output>
                          <passthru>false</passthru>
                          <maxNumConnections>2147483647</maxNumConnections>
                        </connector>
                        <connector>
                          <type>event</type>
                          <localId>1</localId>
                          <input>false</input>
                          <output>true</output>
                          <passthru>false</passthru>
                          <maxNumConnections>2147483647</maxNumConnections>
                        </connector>
                      </connectors>
                      <mainInputs/>
                      <mainOutputs/>
                      <connections/>
                      <nodes/>
                      <parent reference="../../.."/>
                      <visible>false</visible>
                    </flow>
                    <node>
                      <x>30.0</x>
                      <y>260.0</y>
                      <width>300.0</width>
                      <height>200.0</height>
                      <title>Node 3</title>
                      <valueObject>
                        <parentId>ROOT:4:4:4:0:3</parentId>
                        <storage/>
                      </valueObject>
                      <vReq class="eu.mihosoft.vrl.workflow.VisualizationRequestImpl">
                        <map class="com.sun.javafx.collections.ObservableMapWrapper">
                          <backingMap/>
                        </map>
                      </vReq>
                      <id>ROOT:4:4:4:0:3</id>
                      <connectors>
                        <connector>
                          <type>control</type>
                          <localId>0</localId>
                          <input>true</input>
                          <output>false</output>
                          <passthru>false</passthru>
                          <maxNumConnections>2147483647</maxNumConnections>
                        </connector>
                        <connector>
                          <type>control</type>
                          <localId>1</localId>
                          <input>false</input>
                          <output>true</output>
                          <passthru>false</passthru>
                          <maxNumConnections>2147483647</maxNumConnections>
                        </connector>
                      </connectors>
                      <mainInputs/>
                      <mainOutputs/>
                    </node>
                    <flow>
                      <x>360.0</x>
                      <y>260.0</y>
                      <width>300.0</width>
                      <height>200.0</height>
                      <title>Node 4</title>
                      <valueObject>
                        <parentId>ROOT:4:4:4:0:4</parentId>
                        <storage/>
                      </valueObject>
                      <vReq class="eu.mihosoft.vrl.workflow.VisualizationRequestImpl">
                        <map class="com.sun.javafx.collections.ObservableMapWrapper">
                          <backingMap/>
                        </map>
                      </vReq>
                      <id>ROOT:4:4:4:0:4</id>
                      <connectors>
                        <connector>
                          <type>data</type>
                          <localId>0</localId>
                          <input>true</input>
                          <output>false</output>
                          <passthru>false</passthru>
                          <maxNumConnections>2147483647</maxNumConnections>
                        </connector>
                        <connector>
                          <type>data</type>
                          <localId>1</localId>
                          <input>false</input>
                          <output>true</output>
                          <passthru>false</passthru>
                          <maxNumConnections>2147483647</maxNumConnections>
                        </connector>
                      </connectors>
                      <mainInputs/>
                      <mainOutputs/>
                      <connections/>
                      <nodes/>
                      <parent reference="../../.."/>
                      <visible>false</visible>
                    </flow>
                  </nodes>
                  <parent reference="../../.."/>
                  <visible>false</visible>
                </flow>
                <node>
                  <x>360.0</x>
                  <y>30.0</y>
                  <width>300.0</width>
                  <height>200.0</height>
                  <title>Node 1</title>
                  <valueObject>
                    <parentId>ROOT:4:4:4:1</parentId>
                    <storage/>
                  </valueObject>
                  <vReq class="eu.mihosoft.vrl.workflow.VisualizationRequestImpl">
                    <map class="com.sun.javafx.collections.ObservableMapWrapper">
                      <backingMap/>
                    </map>
                  </vReq>
                  <id>ROOT:4:4:4:1</id>
                  <connectors>
                    <connector>
                      <type>data</type>
                      <localId>0</localId>
                      <input>true</input>
                      <output>false</output>
                      <passthru>false</passthru>
                      <maxNumConnections>2147483647</maxNumConnections>
                    </connector>
                    <connector>
                      <type>data</type>
                      <localId>1</localId>
                      <input>false</input>
                      <output>true</output>
                      <passthru>false</passthru>
                      <maxNumConnections>2147483647</maxNumConnections>
                    </connector>
                  </connectors>
                  <mainInputs/>
                  <mainOutputs/>
                </node>
                <flow>
                  <x>690.0</x>
                  <y>30.0</y>
                  <width>300.0</width>
                  <height>200.0</height>
                  <title>Node 2</title>
                  <valueObject>
                    <parentId>ROOT:4:4:4:2</parentId>
                    <storage/>
                  </valueObject>
                  <vReq class="eu.mihosoft.vrl.workflow.VisualizationRequestImpl">
                    <map class="com.sun.javafx.collections.ObservableMapWrapper">
                      <backingMap/>
                    </map>
                  </vReq>
                  <id>ROOT:4:4:4:2</id>
                  <connectors>
                    <connector>
                      <type>event</type>
                      <localId>0</localId>
                      <input>true</input>
                      <output>false</output>
                      <passthru>false</passthru>
                      <maxNumConnections>2147483647</maxNumConnections>
                    </connector>
                    <connector>
                      <type>event</type>
                      <localId>1</localId>
                      <input>false</input>
                      <output>true</output>
                      <passthru>false</passthru>
                      <maxNumConnections>2147483647</maxNumConnections>
                    </connector>
                  </connectors>
                  <mainInputs/>
                  <mainOutputs/>
                  <connections>
                    <connection>
                      <id>0</id>
                      <senderId>ROOT:4:4:4:2:1:c:1</senderId>
                      <receiverId>ROOT:4:4:4:2:4:c:0</receiverId>
                      <type>data</type>
                      <vReq class="eu.mihosoft.vrl.workflow.VisualizationRequestImpl">
                        <map class="com.sun.javafx.collections.ObservableMapWrapper">
                          <backingMap/>
                        </map>
                      </vReq>
                    </connection>
                    <connection>
                      <id>0</id>
                      <senderId>ROOT:4:4:4:2:0:c:1</senderId>
                      <receiverId>ROOT:4:4:4:2:3:c:0</receiverId>
                      <type>control</type>
                      <vReq class="eu.mihosoft.vrl.workflow.VisualizationRequestImpl">
                        <map class="com.sun.javafx.collections.ObservableMapWrapper">
                          <backingMap/>
                        </map>
                      </vReq>
                    </connection>
                  </connections>
                  <nodes>
                    <flow>
                      <x>30.0</x>
                      <y>30.0</y>
                      <width>300.0</width>
                      <height>200.0</height>
                      <title>Node 0</title>
                      <valueObject>
                        <parentId>ROOT:4:4:4:2:0</parentId>
                        <storage/>
                      </valueObject>
                      <vReq class="eu.mihosoft.vrl.workflow.VisualizationRequestImpl">
                        <map class="com.sun.javafx.collections.ObservableMapWrapper">
                          <backingMap/>
                        </map>
                      </vReq>
                      <id>ROOT:4:4:4:2:0</id>
                      <connectors>
                        <connector>
                          <type>control</type>
                          <localId>0</localId>
                          <input>true</input>
                          <output>false</output>
                          <passthru>false</passthru>
                          <maxNumConnections>2147483647</maxNumConnections>
                        </connector>
                        <connector>
                          <type>control</type>
                          <localId>1</localId>
                          <input>false</input>
                          <output>true</output>
                          <passthru>false</passthru>
                          <maxNumConnections>2147483647</maxNumConnections>
                        </connector>
                      </connectors>
                      <mainInputs/>
                      <mainOutputs/>
                      <connections/>
                      <nodes/>
                      <parent reference="../../.."/>
                      <visible>false</visible>
                    </flow>
                    <node>
                      <x>360.0</x>
                      <y>30.0</y>
                      <width>300.0</width>
                      <height>200.0</height>
                      <title>Node 1</title>
                      <valueObject>
                        <parentId>ROOT:4:4:4:2:1</parentId>
                        <storage/>
                      </valueObject>
                      <vReq class="eu.mihosoft.vrl.workflow.VisualizationRequestImpl">
                        <map class="com.sun.javafx.collections.ObservableMapWrapper">
                          <backingMap/>
                        </map>
                      </vReq>
                      <id>ROOT:4:4:4:2:1</id>
                      <connectors>
                        <connector>
                          <type>data</type>
                          <localId>0</localId>
                          <input>true</input>
                          <output>false</output>
                          <passthru>false</passthru>
                          <maxNumConnections>2147483647</maxNumConnections>
                        </connector>
                        <connector>
                          <type>data</type>
                          <localId>1</localId>
                          <input>false</input>
                          <output>true</output>
                          <passthru>false</passthru>
                          <maxNumConnections>2147483647</maxNumConnections>
                        </connector>
                      </connectors>
                      <mainInputs/>
                      <mainOutputs/>
                    </node>
                    <flow>
                      <x>690.0</x>
                      <y>30.0</y>
                      <width>300.0</width>
                      <height>200.0</height>
                      <title>Node 2</title>
                      <valueObject>
                        <parentId>ROOT:4:4:4:2:2</parentId>
                        <storage/>
                      </valueObject>
                      <vReq class="eu.mihosoft.vrl.workflow.VisualizationRequestImpl">
                        <map class="com.sun.javafx.collections.ObservableMapWrapper">
                          <backingMap/>
                        </map>
                      </vReq>
                      <id>ROOT:4:4:4:2:2</id>
                      <connectors>
                        <connector>
                          <type>event</type>
                          <localId>0</localId>
                          <input>true</input>
                          <output>false</output>
                          <passthru>false</passthru>
                          <maxNumConnections>2147483647</maxNumConnections>
                        </connector>
                        <connector>
                          <type>event</type>
                          <localId>1</localId>
                          <input>false</input>
                          <output>true</output>
                          <passthru>false</passthru>
                          <maxNumConnections>2147483647</maxNumConnections>
                        </connector>
                      </connectors>
                      <mainInputs/>
                      <mainOutputs/>
                      <connections/>
                      <nodes/>
                      <parent reference="../../.."/>
                      <visible>false</visible>
                    </flow>
                    <node>
                      <x>30.0</x>
                      <y>260.0</y>
                      <width>300.0</width>
                      <height>200.0</height>
                      <title>Node 3</title>
                      <valueObject>
                        <parentId>ROOT:4:4:4:2:3</parentId>
                        <storage/>
                      </valueObject>
                      <vReq class="eu.mihosoft.vrl.workflow.VisualizationRequestImpl">
                        <map class="com.sun.javafx.collections.ObservableMapWrapper">
                          <backingMap/>
                        </map>
                      </vReq>
                      <id>ROOT:4:4:4:2:3</id>
                      <connectors>
                        <connector>
                          <type>control</type>
                          <localId>0</localId>
                          <input>true</input>
                          <output>false</output>
                          <passthru>false</passthru>
                          <maxNumConnections>2147483647</maxNumConnections>
                        </connector>
                        <connector>
                          <type>control</type>
                          <localId>1</localId>
                          <input>false</input>
                          <output>true</output>
                          <passthru>false</passthru>
                          <maxNumConnections>2147483647</maxNumConnections>
                        </connector>
                      </connectors>
                      <mainInputs/>
                      <mainOutputs/>
                    </node>
                    <flow>
                      <x>360.0</x>
                      <y>260.0</y>
                      <width>300.0</width>
                      <height>200.0</height>
                      <title>Node 4</title>
                      <valueObject>
                        <parentId>ROOT:4:4:4:2:4</parentId>
                        <storage/>
                      </valueObject>
                      <vReq class="eu.mihosoft.vrl.workflow.VisualizationRequestImpl">
                        <map class="com.sun.javafx.collections.ObservableMapWrapper">
                          <backingMap/>
                        </map>
                      </vReq>
                      <id>ROOT:4:4:4:2:4</id>
                      <connectors>
                        <connector>
                          <type>data</type>
                          <localId>0</localId>
                          <input>true</input>
                          <output>false</output>
                          <passthru>false</passthru>
                          <maxNumConnections>2147483647</maxNumConnections>
                        </connector>
                        <connector>
                          <type>data</type>
                          <localId>1</localId>
                          <input>false</input>
                          <output>true</output>
                          <passthru>false</passthru>
                          <maxNumConnections>2147483647</maxNumConnections>
                        </connector>
                      </connectors>
                      <mainInputs/>
                      <mainOutputs/>
                      <connections/>
                      <nodes/>
                      <parent reference="../../.."/>
                      <visible>false</visible>
                    </flow>
                  </nodes>
                  <parent reference="../../.."/>
                  <visible>false</visible>
                </flow>
                <node>
                  <x>30.0</x>
                  <y>260.0</y>
                  <width>300.0</width>
                  <height>200.0</height>
                  <title>Node 3</title>
                  <valueObject>
                    <parentId>ROOT:4:4:4:3</parentId>
                    <storage/>
                  </valueObject>
                  <vReq class="eu.mihosoft.vrl.workflow.VisualizationRequestImpl">
                    <map class="com.sun.javafx.collections.ObservableMapWrapper">
                      <backingMap/>
                    </map>
                  </vReq>
                  <id>ROOT:4:4:4:3</id>
                  <connectors>
                    <connector>
                      <type>control</type>
                      <localId>0</localId>
                      <input>true</input>
                      <output>false</output>
                      <passthru>false</passthru>
                      <maxNumConnections>2147483647</maxNumConnections>
                    </connector>
                    <connector>
                      <type>control</type>
                      <localId>1</localId>
                      <input>false</input>
                      <output>true</output>
                      <passthru>false</passthru>
                      <maxNumConnections>2147483647</maxNumConnections>
                    </connector>
                  </connectors>
                  <mainInputs/>
                  <mainOutputs/>
                </node>
                <flow>
                  <x>360.0</x>
                  <y>260.0</y>
                  <width>300.0</width>
                  <height>200.0</height>
                  <title>Node 4</title>
                  <valueObject>
                    <parentId>ROOT:4:4:4:4</parentId>
                    <storage/>
                  </valueObject>
                  <vReq class="eu.mihosoft.vrl.workflow.VisualizationRequestImpl">
                    <map class="com.sun.javafx.collections.ObservableMapWrapper">
                      <backingMap/>
                    </map>
                  </vReq>
                  <id>ROOT:4:4:4:4</id>
                  <connectors>
                    <connector>
                      <type>data</type>
                      <localId>0</localId>
                      <input>true</input>
                      <output>false</output>
                      <passthru>false</passthru>
                      <maxNumConnections>2147483647</maxNumConnections>
                    </connector>
                    <connector>
                      <type>data</type>
                      <localId>1</localId>
                      <input>false</input>
                      <output>true</output>
                      <passthru>false</passthru>
                      <maxNumConnections>2147483647</maxNumConnections>
                    </connector>
                  </connectors>
                  <mainInputs/>
                  <mainOutputs/>
                  <connections>
                    <connection>
                      <id>0</id>
                      <senderId>ROOT:4:4:4:4:1:c:1</senderId>
                      <receiverId>ROOT:4:4:4:4:4:c:0</receiverId>
                      <type>data</type>
                      <vReq class="eu.mihosoft.vrl.workflow.VisualizationRequestImpl">
                        <map class="com.sun.javafx.collections.ObservableMapWrapper">
                          <backingMap/>
                        </map>
                      </vReq>
                    </connection>
                    <connection>
                      <id>0</id>
                      <senderId>ROOT:4:4:4:4:0:c:1</senderId>
                      <receiverId>ROOT:4:4:4:4:3:c:0</receiverId>
                      <type>control</type>
                      <vReq class="eu.mihosoft.vrl.workflow.VisualizationRequestImpl">
                        <map class="com.sun.javafx.collections.ObservableMapWrapper">
                          <backingMap/>
                        </map>
                      </vReq>
                    </connection>
                  </connections>
                  <nodes>
                    <flow>
                      <x>30.0</x>
                      <y>30.0</y>
                      <width>300.0</width>
                      <height>200.0</height>
                      <title>Node 0</title>
                      <valueObject>
                        <parentId>ROOT:4:4:4:4:0</parentId>
                        <storage/>
                      </valueObject>
                      <vReq class="eu.mihosoft.vrl.workflow.VisualizationRequestImpl">
                        <map class="com.sun.javafx.collections.ObservableMapWrapper">
                          <backingMap/>
                        </map>
                      </vReq>
                      <id>ROOT:4:4:4:4:0</id>
                      <connectors>
                        <connector>
                          <type>control</type>
                          <localId>0</localId>
                          <input>true</input>
                          <output>false</output>
                          <passthru>false</passthru>
                          <maxNumConnections>2147483647</maxNumConnections>
                        </connector>
                        <connector>
                          <type>control</type>
                          <localId>1</localId>
                          <input>false</input>
                          <output>true</output>
                          <passthru>false</passthru>
                          <maxNumConnections>2147483647</maxNumConnections>
                        </connector>
                      </connectors>
                      <mainInputs/>
                      <mainOutputs/>
                      <connections/>
                      <nodes/>
                      <parent reference="../../.."/>
                      <visible>false</visible>
                    </flow>
                    <node>
                      <x>360.0</x>
                      <y>30.0</y>
                      <width>300.0</width>
                      <height>200.0</height>
                      <title>Node 1</title>
                      <valueObject>
                        <parentId>ROOT:4:4:4:4:1</parentId>
                        <storage/>
                      </valueObject>
                      <vReq class="eu.mihosoft.vrl.workflow.VisualizationRequestImpl">
                        <map class="com.sun.javafx.collections.ObservableMapWrapper">
                          <backingMap/>
                        </map>
                      </vReq>
                      <id>ROOT:4:4:4:4:1</id>
                      <connectors>
                        <connector>
                          <type>data</type>
                          <localId>0</localId>
                          <input>true</input>
                          <output>false</output>
                          <passthru>false</passthru>
                          <maxNumConnections>2147483647</maxNumConnections>
                        </connector>
                        <connector>
                          <type>data</type>
                          <localId>1</localId>
                          <input>false</input>
                          <output>true</output>
                          <passthru>false</passthru>
                          <maxNumConnections>2147483647</maxNumConnections>
                        </connector>
                      </connectors>
                      <mainInputs/>
                      <mainOutputs/>
                    </node>
                    <flow>
                      <x>690.0</x>
                      <y>30.0</y>
                      <width>300.0</width>
                      <height>200.0</height>
                      <title>Node 2</title>
                      <valueObject>
                        <parentId>ROOT:4:4:4:4:2</parentId>
                        <storage/>
                      </valueObject>
                      <vReq class="eu.mihosoft.vrl.workflow.VisualizationRequestImpl">
                        <map class="com.sun.javafx.collections.ObservableMapWrapper">
                          <backingMap/>
                        </map>
                      </vReq>
                      <id>ROOT:4:4:4:4:2</id>
                      <connectors>
                        <connector>
                          <type>event</type>
                          <localId>0</localId>
                          <input>true</input>
                          <output>false</output>
                          <passthru>false</passthru>
                          <maxNumConnections>2147483647</maxNumConnections>
                        </connector>
                        <connector>
                          <type>event</type>
                          <localId>1</localId>
                          <input>false</input>
                          <output>true</output>
                          <passthru>false</passthru>
                          <maxNumConnections>2147483647</maxNumConnections>
                        </connector>
                      </connectors>
                      <mainInputs/>
                      <mainOutputs/>
                      <connections/>
                      <nodes/>
                      <parent reference="../../.."/>
                      <visible>false</visible>
                    </flow>
                    <node>
                      <x>30.0</x>
                      <y>260.0</y>
                      <width>300.0</width>
                      <height>200.0</height>
                      <title>Node 3</title>
                      <valueObject>
                        <parentId>ROOT:4:4:4:4:3</parentId>
                        <storage/>
                      </valueObject>
                      <vReq class="eu.mihosoft.vrl.workflow.VisualizationRequestImpl">
                        <map class="com.sun.javafx.collections.ObservableMapWrapper">
                          <backingMap/>
                        </map>
                      </vReq>
                      <id>ROOT:4:4:4:4:3</id>
                      <connectors>
                        <connector>
                          <type>control</type>
                          <localId>0</localId>
                          <input>true</input>
                          <output>false</output>
                          <passthru>false</passthru>
                          <maxNumConnections>2147483647</maxNumConnections>
                        </connector>
                        <connector>
                          <type>control</type>
                          <localId>1</localId>
                          <input>false</input>
                          <output>true</output>
                          <passthru>false</passthru>
                          <maxNumConnections>2147483647</maxNumConnections>
                        </connector>
                      </connectors>
                      <mainInputs/>
                      <mainOutputs/>
                    </node>
                    <flow>
                      <x>360.0</x>
                      <y>260.0</y>
                      <width>300.0</width>
                      <height>200.0</height>
                      <title>Node 4</title>
                      <valueObject>
                        <parentId>ROOT:4:4:4:4:4</parentId>
                        <storage/>
                      </valueObject>
                      <vReq class="eu.mihosoft.vrl.workflow.VisualizationRequestImpl">
                        <map class="com.sun.javafx.collections.ObservableMapWrapper">
                          <backingMap/>
                        </map>
                      </vReq>
                      <id>ROOT:4:4:4:4:4</id>
                      <connectors>
                        <connector>
                          <type>data</type>
                          <localId>0</localId>
                          <input>true</input>
                          <output>false</output>
                          <passthru>false</passthru>
                          <maxNumConnections>2147483647</maxNumConnections>
                        </connector>
                        <connector>
                          <type>data</type>
                          <localId>1</localId>
                          <input>false</input>
                          <output>true</output>
                          <passthru>false</passthru>
                          <maxNumConnections>2147483647</maxNumConnections>
                        </connector>
                      </connectors>
                      <mainInputs/>
                      <mainOutputs/>
                      <connections/>
                      <nodes/>
                      <parent reference="../../.."/>
                      <visible>false</visible>
                    </flow>
                  </nodes>
                  <parent reference="../../.."/>
                  <visible>false</visible>
                </flow>
              </nodes>
              <parent reference="../../.."/>
              <visible>false</visible>
            </flow>
          </nodes>
          <parent reference="../../.."/>
          <visible>false</visible>
        </flow>
      </nodes>
      <parent reference="../../.."/>
      <visible>false</visible>
    </flow>
  </nodes>
  <visible>false</visible>
</flow>